[1.389s] Invoking command in '/home/neo/Documents/ros2_ws/src/map_right_hand': PYTHONPATH=/home/neo/Documents/ros2_ws/src/build/map_right_hand/prefix_override:/usr/lib/python3/dist-packages/colcon_core/task/python/colcon_distutils_commands:/home/neo/Documents/ros2_ws/src/install/map_right_hand/lib/python3.10/site-packages:${PYTHONPATH} /usr/bin/python3 -W ignore:setup.py install is deprecated -W ignore:easy_install command is deprecated setup.py egg_info --egg-base ../build/map_right_hand build --build-base /home/neo/Documents/ros2_ws/src/build/map_right_hand/build install --record /home/neo/Documents/ros2_ws/src/build/map_right_hand/install.log --single-version-externally-managed install_data
[1.504s] /home/neo/.local/lib/python3.10/site-packages/setuptools/_distutils/dist.py:289: UserWarning: Unknown distribution option: 'tests_require'
[1.505s]   warnings.warn(msg)
[1.588s] running egg_info
[1.602s] writing ../build/map_right_hand/map_right_hand.egg-info/PKG-INFO
[1.602s] writing dependency_links to ../build/map_right_hand/map_right_hand.egg-info/dependency_links.txt
[1.602s] writing entry points to ../build/map_right_hand/map_right_hand.egg-info/entry_points.txt
[1.603s] writing requirements to ../build/map_right_hand/map_right_hand.egg-info/requires.txt
[1.603s] writing top-level names to ../build/map_right_hand/map_right_hand.egg-info/top_level.txt
[1.632s] reading manifest file '../build/map_right_hand/map_right_hand.egg-info/SOURCES.txt'
[1.633s] adding license file 'LICENSE'
[1.633s] writing manifest file '../build/map_right_hand/map_right_hand.egg-info/SOURCES.txt'
[1.634s] running build
[1.634s] running build_py
[1.634s] copying map_right_hand/__init__.py -> /home/neo/Documents/ros2_ws/src/build/map_right_hand/build/lib/map_right_hand
[1.634s] copying map_right_hand/right_hand.py -> /home/neo/Documents/ros2_ws/src/build/map_right_hand/build/lib/map_right_hand
[1.634s] running install
[1.637s] running install_lib
[1.652s] running install_data
[1.652s] copying resource/map_right_hand -> /home/neo/Documents/ros2_ws/src/install/map_right_hand/share/ament_index/resource_index/packages
[1.652s] copying package.xml -> /home/neo/Documents/ros2_ws/src/install/map_right_hand/share/map_right_hand
[1.653s] running install_egg_info
[1.668s] removing '/home/neo/Documents/ros2_ws/src/install/map_right_hand/lib/python3.10/site-packages/map_right_hand-0.0.0-py3.10.egg-info' (and everything under it)
[1.668s] Copying ../build/map_right_hand/map_right_hand.egg-info to /home/neo/Documents/ros2_ws/src/install/map_right_hand/lib/python3.10/site-packages/map_right_hand-0.0.0-py3.10.egg-info
[1.669s] running install_scripts
[1.781s] Installing right_hand script to /home/neo/Documents/ros2_ws/src/install/map_right_hand/lib/map_right_hand
[1.781s] writing list of installed files to '/home/neo/Documents/ros2_ws/src/build/map_right_hand/install.log'
[1.806s] Invoked command in '/home/neo/Documents/ros2_ws/src/map_right_hand' returned '0': PYTHONPATH=/home/neo/Documents/ros2_ws/src/build/map_right_hand/prefix_override:/usr/lib/python3/dist-packages/colcon_core/task/python/colcon_distutils_commands:/home/neo/Documents/ros2_ws/src/install/map_right_hand/lib/python3.10/site-packages:${PYTHONPATH} /usr/bin/python3 -W ignore:setup.py install is deprecated -W ignore:easy_install command is deprecated setup.py egg_info --egg-base ../build/map_right_hand build --build-base /home/neo/Documents/ros2_ws/src/build/map_right_hand/build install --record /home/neo/Documents/ros2_ws/src/build/map_right_hand/install.log --single-version-externally-managed install_data
