[1.426s] Invoking command in '/home/neo/Documents/ros2_ws/src/my_package': PYTHONPATH=/home/neo/Documents/ros2_ws/build/my_package/prefix_override:/usr/lib/python3/dist-packages/colcon_core/task/python/colcon_distutils_commands:/home/neo/Documents/ros2_ws/install/my_package/lib/python3.10/site-packages:${PYTHONPATH} /usr/bin/python3 -W ignore:setup.py install is deprecated -W ignore:easy_install command is deprecated setup.py egg_info --egg-base ../../build/my_package build --build-base /home/neo/Documents/ros2_ws/build/my_package/build install --record /home/neo/Documents/ros2_ws/build/my_package/install.log --single-version-externally-managed install_data
[1.546s] /home/neo/.local/lib/python3.10/site-packages/setuptools/_distutils/dist.py:289: UserWarning: Unknown distribution option: 'tests_require'
[1.546s]   warnings.warn(msg)
[1.624s] running egg_info
[1.637s] writing ../../build/my_package/my_package.egg-info/PKG-INFO
[1.637s] writing dependency_links to ../../build/my_package/my_package.egg-info/dependency_links.txt
[1.638s] writing entry points to ../../build/my_package/my_package.egg-info/entry_points.txt
[1.638s] writing requirements to ../../build/my_package/my_package.egg-info/requires.txt
[1.638s] writing top-level names to ../../build/my_package/my_package.egg-info/top_level.txt
[1.666s] reading manifest file '../../build/my_package/my_package.egg-info/SOURCES.txt'
[1.666s] adding license file 'LICENSE'
[1.667s] writing manifest file '../../build/my_package/my_package.egg-info/SOURCES.txt'
[1.667s] running build
[1.668s] running build_py
[1.668s] copying my_package/my_node.py -> /home/neo/Documents/ros2_ws/build/my_package/build/lib/my_package
[1.668s] copying my_package/__init__.py -> /home/neo/Documents/ros2_ws/build/my_package/build/lib/my_package
[1.668s] running install
[1.670s] running install_lib
[1.684s] running install_data
[1.684s] copying resource/my_package -> /home/neo/Documents/ros2_ws/install/my_package/share/ament_index/resource_index/packages
[1.685s] copying package.xml -> /home/neo/Documents/ros2_ws/install/my_package/share/my_package
[1.685s] running install_egg_info
[1.698s] removing '/home/neo/Documents/ros2_ws/install/my_package/lib/python3.10/site-packages/my_package-0.0.0-py3.10.egg-info' (and everything under it)
[1.699s] Copying ../../build/my_package/my_package.egg-info to /home/neo/Documents/ros2_ws/install/my_package/lib/python3.10/site-packages/my_package-0.0.0-py3.10.egg-info
[1.699s] running install_scripts
[1.806s] Installing my_node script to /home/neo/Documents/ros2_ws/install/my_package/lib/my_package
[1.806s] writing list of installed files to '/home/neo/Documents/ros2_ws/build/my_package/install.log'
[1.837s] Invoked command in '/home/neo/Documents/ros2_ws/src/my_package' returned '0': PYTHONPATH=/home/neo/Documents/ros2_ws/build/my_package/prefix_override:/usr/lib/python3/dist-packages/colcon_core/task/python/colcon_distutils_commands:/home/neo/Documents/ros2_ws/install/my_package/lib/python3.10/site-packages:${PYTHONPATH} /usr/bin/python3 -W ignore:setup.py install is deprecated -W ignore:easy_install command is deprecated setup.py egg_info --egg-base ../../build/my_package build --build-base /home/neo/Documents/ros2_ws/build/my_package/build install --record /home/neo/Documents/ros2_ws/build/my_package/install.log --single-version-externally-managed install_data
