/home/neo/.local/lib/python3.10/site-packages/setuptools/_distutils/dist.py:289: UserWarning: Unknown distribution option: 'tests_require'
  warnings.warn(msg)
running egg_info
creating ../../build/editing_map/editing_map.egg-info
writing ../../build/editing_map/editing_map.egg-info/PKG-INFO
writing dependency_links to ../../build/editing_map/editing_map.egg-info/dependency_links.txt
writing requirements to ../../build/editing_map/editing_map.egg-info/requires.txt
writing top-level names to ../../build/editing_map/editing_map.egg-info/top_level.txt
writing manifest file '../../build/editing_map/editing_map.egg-info/SOURCES.txt'
reading manifest file '../../build/editing_map/editing_map.egg-info/SOURCES.txt'
adding license file 'LICENSE'
writing manifest file '../../build/editing_map/editing_map.egg-info/SOURCES.txt'
running build
running build_py
creating /home/neo/Documents/ros2_ws/build/editing_map/build/lib/editing_map
copying editing_map/__init__.py -> /home/neo/Documents/ros2_ws/build/editing_map/build/lib/editing_map
running install
running install_lib
creating /home/neo/Documents/ros2_ws/install/editing_map/lib/python3.10/site-packages/editing_map
copying /home/neo/Documents/ros2_ws/build/editing_map/build/lib/editing_map/__init__.py -> /home/neo/Documents/ros2_ws/install/editing_map/lib/python3.10/site-packages/editing_map
byte-compiling /home/neo/Documents/ros2_ws/install/editing_map/lib/python3.10/site-packages/editing_map/__init__.py to __init__.cpython-310.pyc
running install_data
creating /home/neo/Documents/ros2_ws/install/editing_map/share/ament_index/resource_index/packages
copying resource/editing_map -> /home/neo/Documents/ros2_ws/install/editing_map/share/ament_index/resource_index/packages
copying package.xml -> /home/neo/Documents/ros2_ws/install/editing_map/share/editing_map
running install_egg_info
Copying ../../build/editing_map/editing_map.egg-info to /home/neo/Documents/ros2_ws/install/editing_map/lib/python3.10/site-packages/editing_map-0.0.0-py3.10.egg-info
running install_scripts
writing list of installed files to '/home/neo/Documents/ros2_ws/build/editing_map/install.log'
