[0.735s] Invoking command in '/home/neo/Documents/ros2_ws/src/editing_map': PYTHONPATH=/home/neo/Documents/ros2_ws/build/editing_map/prefix_override:/usr/lib/python3/dist-packages/colcon_core/task/python/colcon_distutils_commands:/home/neo/Documents/ros2_ws/install/editing_map/lib/python3.10/site-packages:${PYTHONPATH} /usr/bin/python3 -W ignore:setup.py install is deprecated -W ignore:easy_install command is deprecated setup.py egg_info --egg-base ../../build/editing_map build --build-base /home/neo/Documents/ros2_ws/build/editing_map/build install --record /home/neo/Documents/ros2_ws/build/editing_map/install.log --single-version-externally-managed install_data
[0.832s] /home/neo/.local/lib/python3.10/site-packages/setuptools/_distutils/dist.py:289: UserWarning: Unknown distribution option: 'tests_require'
[0.832s]   warnings.warn(msg)
[0.902s] running egg_info
[0.914s] creating ../../build/editing_map/editing_map.egg-info
[0.914s] writing ../../build/editing_map/editing_map.egg-info/PKG-INFO
[0.914s] writing dependency_links to ../../build/editing_map/editing_map.egg-info/dependency_links.txt
[0.914s] writing requirements to ../../build/editing_map/editing_map.egg-info/requires.txt
[0.914s] writing top-level names to ../../build/editing_map/editing_map.egg-info/top_level.txt
[0.915s] writing manifest file '../../build/editing_map/editing_map.egg-info/SOURCES.txt'
[0.939s] reading manifest file '../../build/editing_map/editing_map.egg-info/SOURCES.txt'
[0.939s] adding license file 'LICENSE'
[0.939s] writing manifest file '../../build/editing_map/editing_map.egg-info/SOURCES.txt'
[0.940s] running build
[0.940s] running build_py
[0.940s] creating /home/neo/Documents/ros2_ws/build/editing_map/build/lib/editing_map
[0.940s] copying editing_map/__init__.py -> /home/neo/Documents/ros2_ws/build/editing_map/build/lib/editing_map
[0.940s] running install
[0.943s] running install_lib
[0.955s] creating /home/neo/Documents/ros2_ws/install/editing_map/lib/python3.10/site-packages/editing_map
[0.955s] copying /home/neo/Documents/ros2_ws/build/editing_map/build/lib/editing_map/__init__.py -> /home/neo/Documents/ros2_ws/install/editing_map/lib/python3.10/site-packages/editing_map
[0.955s] byte-compiling /home/neo/Documents/ros2_ws/install/editing_map/lib/python3.10/site-packages/editing_map/__init__.py to __init__.cpython-310.pyc
[0.955s] running install_data
[0.955s] creating /home/neo/Documents/ros2_ws/install/editing_map/share/ament_index/resource_index/packages
[0.955s] copying resource/editing_map -> /home/neo/Documents/ros2_ws/install/editing_map/share/ament_index/resource_index/packages
[0.956s] copying package.xml -> /home/neo/Documents/ros2_ws/install/editing_map/share/editing_map
[0.956s] running install_egg_info
[0.968s] Copying ../../build/editing_map/editing_map.egg-info to /home/neo/Documents/ros2_ws/install/editing_map/lib/python3.10/site-packages/editing_map-0.0.0-py3.10.egg-info
[0.969s] running install_scripts
[1.063s] writing list of installed files to '/home/neo/Documents/ros2_ws/build/editing_map/install.log'
[1.084s] Invoked command in '/home/neo/Documents/ros2_ws/src/editing_map' returned '0': PYTHONPATH=/home/neo/Documents/ros2_ws/build/editing_map/prefix_override:/usr/lib/python3/dist-packages/colcon_core/task/python/colcon_distutils_commands:/home/neo/Documents/ros2_ws/install/editing_map/lib/python3.10/site-packages:${PYTHONPATH} /usr/bin/python3 -W ignore:setup.py install is deprecated -W ignore:easy_install command is deprecated setup.py egg_info --egg-base ../../build/editing_map build --build-base /home/neo/Documents/ros2_ws/build/editing_map/build install --record /home/neo/Documents/ros2_ws/build/editing_map/install.log --single-version-externally-managed install_data
