[1.542s] Invoking command in '/home/neo/Documents/ros2_ws/src/my_package': PYTHONPATH=/home/neo/Documents/ros2_ws/src/build/my_package/prefix_override:/usr/lib/python3/dist-packages/colcon_core/task/python/colcon_distutils_commands:/home/neo/Documents/ros2_ws/src/install/my_package/lib/python3.10/site-packages:${PYTHONPATH} /usr/bin/python3 -W ignore:setup.py install is deprecated -W ignore:easy_install command is deprecated setup.py egg_info --egg-base ../build/my_package build --build-base /home/neo/Documents/ros2_ws/src/build/my_package/build install --record /home/neo/Documents/ros2_ws/src/build/my_package/install.log --single-version-externally-managed install_data
[1.806s] /home/neo/.local/lib/python3.10/site-packages/setuptools/_distutils/dist.py:289: UserWarning: Unknown distribution option: 'tests_require'
[1.806s]   warnings.warn(msg)
[2.055s] running egg_info
[2.094s] writing ../build/my_package/my_package.egg-info/PKG-INFO
[2.095s] writing dependency_links to ../build/my_package/my_package.egg-info/dependency_links.txt
[2.095s] writing entry points to ../build/my_package/my_package.egg-info/entry_points.txt
[2.096s] writing requirements to ../build/my_package/my_package.egg-info/requires.txt
[2.096s] writing top-level names to ../build/my_package/my_package.egg-info/top_level.txt
[2.156s] reading manifest file '../build/my_package/my_package.egg-info/SOURCES.txt'
[2.156s] adding license file 'LICENSE'
[2.157s] writing manifest file '../build/my_package/my_package.egg-info/SOURCES.txt'
[2.158s] running build
[2.158s] running build_py
[2.158s] copying my_package/my_node.py -> /home/neo/Documents/ros2_ws/src/build/my_package/build/lib/my_package
[2.158s] copying my_package/__init__.py -> /home/neo/Documents/ros2_ws/src/build/my_package/build/lib/my_package
[2.158s] running install
[2.162s] running install_lib
[2.185s] running install_data
[2.185s] copying resource/my_package -> /home/neo/Documents/ros2_ws/src/install/my_package/share/ament_index/resource_index/packages
[2.186s] copying package.xml -> /home/neo/Documents/ros2_ws/src/install/my_package/share/my_package
[2.186s] running install_egg_info
[2.208s] removing '/home/neo/Documents/ros2_ws/src/install/my_package/lib/python3.10/site-packages/my_package-0.0.0-py3.10.egg-info' (and everything under it)
[2.208s] Copying ../build/my_package/my_package.egg-info to /home/neo/Documents/ros2_ws/src/install/my_package/lib/python3.10/site-packages/my_package-0.0.0-py3.10.egg-info
[2.209s] running install_scripts
[2.369s] Installing my_node script to /home/neo/Documents/ros2_ws/src/install/my_package/lib/my_package
[2.369s] writing list of installed files to '/home/neo/Documents/ros2_ws/src/build/my_package/install.log'
[2.398s] Invoked command in '/home/neo/Documents/ros2_ws/src/my_package' returned '0': PYTHONPATH=/home/neo/Documents/ros2_ws/src/build/my_package/prefix_override:/usr/lib/python3/dist-packages/colcon_core/task/python/colcon_distutils_commands:/home/neo/Documents/ros2_ws/src/install/my_package/lib/python3.10/site-packages:${PYTHONPATH} /usr/bin/python3 -W ignore:setup.py install is deprecated -W ignore:easy_install command is deprecated setup.py egg_info --egg-base ../build/my_package build --build-base /home/neo/Documents/ros2_ws/src/build/my_package/build install --record /home/neo/Documents/ros2_ws/src/build/my_package/install.log --single-version-externally-managed install_data
