[0.586s] Invoking command in '/home/neo/Documents/ros2_ws/src/Potential_field': PYTHONPATH=/home/neo/Documents/ros2_ws/src/build/Potential_field/prefix_override:/usr/lib/python3/dist-packages/colcon_core/task/python/colcon_distutils_commands:/home/neo/Documents/ros2_ws/src/install/Potential_field/lib/python3.10/site-packages:${PYTHONPATH} /usr/bin/python3 -W ignore:setup.py install is deprecated -W ignore:easy_install command is deprecated setup.py egg_info --egg-base ../build/Potential_field build --build-base /home/neo/Documents/ros2_ws/src/build/Potential_field/build install --record /home/neo/Documents/ros2_ws/src/build/Potential_field/install.log --single-version-externally-managed install_data
[0.692s] /home/neo/.local/lib/python3.10/site-packages/setuptools/_distutils/dist.py:289: UserWarning: Unknown distribution option: 'tests_require'
[0.692s]   warnings.warn(msg)
[0.763s] running egg_info
[0.774s] writing ../build/Potential_field/Potential_field.egg-info/PKG-INFO
[0.774s] writing dependency_links to ../build/Potential_field/Potential_field.egg-info/dependency_links.txt
[0.774s] writing entry points to ../build/Potential_field/Potential_field.egg-info/entry_points.txt
[0.774s] writing requirements to ../build/Potential_field/Potential_field.egg-info/requires.txt
[0.774s] writing top-level names to ../build/Potential_field/Potential_field.egg-info/top_level.txt
[0.799s] reading manifest file '../build/Potential_field/Potential_field.egg-info/SOURCES.txt'
[0.799s] adding license file 'LICENSE'
[0.800s] writing manifest file '../build/Potential_field/Potential_field.egg-info/SOURCES.txt'
[0.800s] running build
[0.800s] running build_py
[0.800s] copying Potential_field/Reguluator.py -> /home/neo/Documents/ros2_ws/src/build/Potential_field/build/lib/Potential_field
[0.800s] copying Potential_field/__init__.py -> /home/neo/Documents/ros2_ws/src/build/Potential_field/build/lib/Potential_field
[0.800s] copying Potential_field/Markov_solutions.py -> /home/neo/Documents/ros2_ws/src/build/Potential_field/build/lib/Potential_field
[0.800s] copying Potential_field/Traectory.py -> /home/neo/Documents/ros2_ws/src/build/Potential_field/build/lib/Potential_field
[0.800s] copying Potential_field/Instantaneous_center.py -> /home/neo/Documents/ros2_ws/src/build/Potential_field/build/lib/Potential_field
[0.800s] copying Potential_field/A_star.py -> /home/neo/Documents/ros2_ws/src/build/Potential_field/build/lib/Potential_field
[0.800s] copying Potential_field/Kinimatica.py -> /home/neo/Documents/ros2_ws/src/build/Potential_field/build/lib/Potential_field
[0.801s] running install
[0.803s] running install_lib
[0.815s] copying /home/neo/Documents/ros2_ws/src/build/Potential_field/build/lib/Potential_field/Reguluator.py -> /home/neo/Documents/ros2_ws/src/install/Potential_field/lib/python3.10/site-packages/Potential_field
[0.816s] byte-compiling /home/neo/Documents/ros2_ws/src/install/Potential_field/lib/python3.10/site-packages/Potential_field/Reguluator.py to Reguluator.cpython-310.pyc
[0.817s] running install_data
[0.817s] copying resource/Potential_field -> /home/neo/Documents/ros2_ws/src/install/Potential_field/share/ament_index/resource_index/packages
[0.817s] copying package.xml -> /home/neo/Documents/ros2_ws/src/install/Potential_field/share/Potential_field
[0.817s] running install_egg_info
[0.835s] removing '/home/neo/Documents/ros2_ws/src/install/Potential_field/lib/python3.10/site-packages/Potential_field-0.0.0-py3.10.egg-info' (and everything under it)
[0.835s] Copying ../build/Potential_field/Potential_field.egg-info to /home/neo/Documents/ros2_ws/src/install/Potential_field/lib/python3.10/site-packages/Potential_field-0.0.0-py3.10.egg-info
[0.835s] running install_scripts
[0.941s] Installing A_start script to /home/neo/Documents/ros2_ws/src/install/Potential_field/lib/Potential_field
[0.941s] Installing Mark script to /home/neo/Documents/ros2_ws/src/install/Potential_field/lib/Potential_field
[0.941s] Installing Reguluator script to /home/neo/Documents/ros2_ws/src/install/Potential_field/lib/Potential_field
[0.941s] Installing Trac script to /home/neo/Documents/ros2_ws/src/install/Potential_field/lib/Potential_field
[0.941s] writing list of installed files to '/home/neo/Documents/ros2_ws/src/build/Potential_field/install.log'
[0.959s] Invoked command in '/home/neo/Documents/ros2_ws/src/Potential_field' returned '0': PYTHONPATH=/home/neo/Documents/ros2_ws/src/build/Potential_field/prefix_override:/usr/lib/python3/dist-packages/colcon_core/task/python/colcon_distutils_commands:/home/neo/Documents/ros2_ws/src/install/Potential_field/lib/python3.10/site-packages:${PYTHONPATH} /usr/bin/python3 -W ignore:setup.py install is deprecated -W ignore:easy_install command is deprecated setup.py egg_info --egg-base ../build/Potential_field build --build-base /home/neo/Documents/ros2_ws/src/build/Potential_field/build install --record /home/neo/Documents/ros2_ws/src/build/Potential_field/install.log --single-version-externally-managed install_data
