[0.817s] Invoking command in '/home/neo/Documents/ros2_ws/src/my_robot': PYTHONPATH=/home/neo/Documents/ros2_ws/build/my_robot/prefix_override:/usr/lib/python3/dist-packages/colcon_core/task/python/colcon_distutils_commands:/home/neo/Documents/ros2_ws/install/my_robot/lib/python3.10/site-packages:${PYTHONPATH} /usr/bin/python3 -W ignore:setup.py install is deprecated -W ignore:easy_install command is deprecated setup.py egg_info --egg-base ../../build/my_robot build --build-base /home/neo/Documents/ros2_ws/build/my_robot/build install --record /home/neo/Documents/ros2_ws/build/my_robot/install.log --single-version-externally-managed install_data
[1.018s] /home/neo/.local/lib/python3.10/site-packages/setuptools/_distutils/dist.py:289: UserWarning: Unknown distribution option: 'tests_require'
[1.018s]   warnings.warn(msg)
[1.090s] running egg_info
[1.102s] creating ../../build/my_robot/my_robot.egg-info
[1.102s] writing ../../build/my_robot/my_robot.egg-info/PKG-INFO
[1.102s] writing dependency_links to ../../build/my_robot/my_robot.egg-info/dependency_links.txt
[1.102s] writing requirements to ../../build/my_robot/my_robot.egg-info/requires.txt
[1.102s] writing top-level names to ../../build/my_robot/my_robot.egg-info/top_level.txt
[1.102s] writing manifest file '../../build/my_robot/my_robot.egg-info/SOURCES.txt'
[1.129s] reading manifest file '../../build/my_robot/my_robot.egg-info/SOURCES.txt'
[1.130s] writing manifest file '../../build/my_robot/my_robot.egg-info/SOURCES.txt'
[1.130s] running build
[1.130s] running build_py
[1.130s] creating /home/neo/Documents/ros2_ws/build/my_robot/build/lib/my_robot
[1.130s] copying my_robot/__init__.py -> /home/neo/Documents/ros2_ws/build/my_robot/build/lib/my_robot
[1.130s] running install
[1.133s] running install_lib
[1.146s] creating /home/neo/Documents/ros2_ws/install/my_robot/lib/python3.10/site-packages/my_robot
[1.146s] copying /home/neo/Documents/ros2_ws/build/my_robot/build/lib/my_robot/__init__.py -> /home/neo/Documents/ros2_ws/install/my_robot/lib/python3.10/site-packages/my_robot
[1.147s] byte-compiling /home/neo/Documents/ros2_ws/install/my_robot/lib/python3.10/site-packages/my_robot/__init__.py to __init__.cpython-310.pyc
[1.147s] running install_data
[1.147s] creating /home/neo/Documents/ros2_ws/install/my_robot/share/ament_index/resource_index/packages
[1.147s] copying resource/my_robot -> /home/neo/Documents/ros2_ws/install/my_robot/share/ament_index/resource_index/packages
[1.147s] copying package.xml -> /home/neo/Documents/ros2_ws/install/my_robot/share/my_robot
[1.147s] creating /home/neo/Documents/ros2_ws/install/my_robot/share/my_robot/launch
[1.147s] copying launch/launch_robot.launch.py -> /home/neo/Documents/ros2_ws/install/my_robot/share/my_robot/launch
[1.148s] copying launch/launch_sim.launch.py -> /home/neo/Documents/ros2_ws/install/my_robot/share/my_robot/launch
[1.148s] creating /home/neo/Documents/ros2_ws/install/my_robot/share/my_robot/urdf
[1.148s] copying urdf/robot.urdf.xacro -> /home/neo/Documents/ros2_ws/install/my_robot/share/my_robot/urdf
[1.148s] creating /home/neo/Documents/ros2_ws/install/my_robot/share/my_robot/worlds
[1.148s] copying world/WareHouseV2.world -> /home/neo/Documents/ros2_ws/install/my_robot/share/my_robot/worlds
[1.148s] creating /home/neo/Documents/ros2_ws/install/my_robot/share/my_robot/config
[1.148s] copying config/my_controllers.yaml -> /home/neo/Documents/ros2_ws/install/my_robot/share/my_robot/config
[1.148s] running install_egg_info
[1.162s] Copying ../../build/my_robot/my_robot.egg-info to /home/neo/Documents/ros2_ws/install/my_robot/lib/python3.10/site-packages/my_robot-0.0.0-py3.10.egg-info
[1.162s] running install_scripts
[1.264s] writing list of installed files to '/home/neo/Documents/ros2_ws/build/my_robot/install.log'
[1.295s] Invoked command in '/home/neo/Documents/ros2_ws/src/my_robot' returned '0': PYTHONPATH=/home/neo/Documents/ros2_ws/build/my_robot/prefix_override:/usr/lib/python3/dist-packages/colcon_core/task/python/colcon_distutils_commands:/home/neo/Documents/ros2_ws/install/my_robot/lib/python3.10/site-packages:${PYTHONPATH} /usr/bin/python3 -W ignore:setup.py install is deprecated -W ignore:easy_install command is deprecated setup.py egg_info --egg-base ../../build/my_robot build --build-base /home/neo/Documents/ros2_ws/build/my_robot/build install --record /home/neo/Documents/ros2_ws/build/my_robot/install.log --single-version-externally-managed install_data
