[1.795s] Invoking command in '/home/neo/Documents/ros2_ws/src/Potential_field': PYTHONPATH=/home/neo/Documents/ros2_ws/build/Potential_field/prefix_override:/usr/lib/python3/dist-packages/colcon_core/task/python/colcon_distutils_commands:/home/neo/Documents/ros2_ws/install/Potential_field/lib/python3.10/site-packages:${PYTHONPATH} /usr/bin/python3 -W ignore:setup.py install is deprecated -W ignore:easy_install command is deprecated setup.py egg_info --egg-base ../../build/Potential_field build --build-base /home/neo/Documents/ros2_ws/build/Potential_field/build install --record /home/neo/Documents/ros2_ws/build/Potential_field/install.log --single-version-externally-managed install_data
[1.944s] /home/neo/.local/lib/python3.10/site-packages/setuptools/_distutils/dist.py:289: UserWarning: Unknown distribution option: 'tests_require'
[1.945s]   warnings.warn(msg)
[2.047s] running egg_info
[2.063s] writing ../../build/Potential_field/Potential_field.egg-info/PKG-INFO
[2.064s] writing dependency_links to ../../build/Potential_field/Potential_field.egg-info/dependency_links.txt
[2.064s] writing entry points to ../../build/Potential_field/Potential_field.egg-info/entry_points.txt
[2.064s] writing requirements to ../../build/Potential_field/Potential_field.egg-info/requires.txt
[2.064s] writing top-level names to ../../build/Potential_field/Potential_field.egg-info/top_level.txt
[2.099s] reading manifest file '../../build/Potential_field/Potential_field.egg-info/SOURCES.txt'
[2.100s] adding license file 'LICENSE'
[2.101s] writing manifest file '../../build/Potential_field/Potential_field.egg-info/SOURCES.txt'
[2.102s] running build
[2.102s] running build_py
[2.102s] copying Potential_field/Reguluator.py -> /home/neo/Documents/ros2_ws/build/Potential_field/build/lib/Potential_field
[2.102s] copying Potential_field/__init__.py -> /home/neo/Documents/ros2_ws/build/Potential_field/build/lib/Potential_field
[2.102s] copying Potential_field/Markov_solutions.py -> /home/neo/Documents/ros2_ws/build/Potential_field/build/lib/Potential_field
[2.103s] copying Potential_field/Traectory.py -> /home/neo/Documents/ros2_ws/build/Potential_field/build/lib/Potential_field
[2.103s] copying Potential_field/Instantaneous_center.py -> /home/neo/Documents/ros2_ws/build/Potential_field/build/lib/Potential_field
[2.103s] copying Potential_field/A_star.py -> /home/neo/Documents/ros2_ws/build/Potential_field/build/lib/Potential_field
[2.103s] copying Potential_field/Kinimatica.py -> /home/neo/Documents/ros2_ws/build/Potential_field/build/lib/Potential_field
[2.104s] running install
[2.107s] running install_lib
[2.126s] copying /home/neo/Documents/ros2_ws/build/Potential_field/build/lib/Potential_field/Reguluator.py -> /home/neo/Documents/ros2_ws/install/Potential_field/lib/python3.10/site-packages/Potential_field
[2.126s] copying /home/neo/Documents/ros2_ws/build/Potential_field/build/lib/Potential_field/Markov_solutions.py -> /home/neo/Documents/ros2_ws/install/Potential_field/lib/python3.10/site-packages/Potential_field
[2.126s] copying /home/neo/Documents/ros2_ws/build/Potential_field/build/lib/Potential_field/Traectory.py -> /home/neo/Documents/ros2_ws/install/Potential_field/lib/python3.10/site-packages/Potential_field
[2.126s] copying /home/neo/Documents/ros2_ws/build/Potential_field/build/lib/Potential_field/A_star.py -> /home/neo/Documents/ros2_ws/install/Potential_field/lib/python3.10/site-packages/Potential_field
[2.127s] byte-compiling /home/neo/Documents/ros2_ws/install/Potential_field/lib/python3.10/site-packages/Potential_field/Reguluator.py to Reguluator.cpython-310.pyc
[2.128s] byte-compiling /home/neo/Documents/ros2_ws/install/Potential_field/lib/python3.10/site-packages/Potential_field/Markov_solutions.py to Markov_solutions.cpython-310.pyc
[2.131s] byte-compiling /home/neo/Documents/ros2_ws/install/Potential_field/lib/python3.10/site-packages/Potential_field/Traectory.py to Traectory.cpython-310.pyc
[2.132s] byte-compiling /home/neo/Documents/ros2_ws/install/Potential_field/lib/python3.10/site-packages/Potential_field/A_star.py to A_star.cpython-310.pyc
[2.135s] running install_data
[2.135s] copying resource/Potential_field -> /home/neo/Documents/ros2_ws/install/Potential_field/share/ament_index/resource_index/packages
[2.136s] copying package.xml -> /home/neo/Documents/ros2_ws/install/Potential_field/share/Potential_field
[2.136s] running install_egg_info
[2.154s] removing '/home/neo/Documents/ros2_ws/install/Potential_field/lib/python3.10/site-packages/Potential_field-0.0.0-py3.10.egg-info' (and everything under it)
[2.155s] Copying ../../build/Potential_field/Potential_field.egg-info to /home/neo/Documents/ros2_ws/install/Potential_field/lib/python3.10/site-packages/Potential_field-0.0.0-py3.10.egg-info
[2.157s] running install_scripts
[2.391s] Installing Reguluator script to /home/neo/Documents/ros2_ws/install/Potential_field/lib/Potential_field
[2.392s] writing list of installed files to '/home/neo/Documents/ros2_ws/build/Potential_field/install.log'
[2.451s] Invoked command in '/home/neo/Documents/ros2_ws/src/Potential_field' returned '0': PYTHONPATH=/home/neo/Documents/ros2_ws/build/Potential_field/prefix_override:/usr/lib/python3/dist-packages/colcon_core/task/python/colcon_distutils_commands:/home/neo/Documents/ros2_ws/install/Potential_field/lib/python3.10/site-packages:${PYTHONPATH} /usr/bin/python3 -W ignore:setup.py install is deprecated -W ignore:easy_install command is deprecated setup.py egg_info --egg-base ../../build/Potential_field build --build-base /home/neo/Documents/ros2_ws/build/Potential_field/build install --record /home/neo/Documents/ros2_ws/build/Potential_field/install.log --single-version-externally-managed install_data
