[0.822s] Invoking command in '/home/neo/Documents/ros2_ws/src/Potential_field': PYTHONPATH=/home/neo/Documents/ros2_ws/build/Potential_field/prefix_override:/usr/lib/python3/dist-packages/colcon_core/task/python/colcon_distutils_commands:/home/neo/Documents/ros2_ws/install/Potential_field/lib/python3.10/site-packages:${PYTHONPATH} /usr/bin/python3 -W ignore:setup.py install is deprecated -W ignore:easy_install command is deprecated setup.py egg_info --egg-base ../../build/Potential_field build --build-base /home/neo/Documents/ros2_ws/build/Potential_field/build install --record /home/neo/Documents/ros2_ws/build/Potential_field/install.log --single-version-externally-managed install_data
[0.953s] /home/neo/.local/lib/python3.10/site-packages/setuptools/_distutils/dist.py:289: UserWarning: Unknown distribution option: 'tests_require'
[0.953s]   warnings.warn(msg)
[1.034s] running egg_info
[1.047s] writing ../../build/Potential_field/Potential_field.egg-info/PKG-INFO
[1.047s] writing dependency_links to ../../build/Potential_field/Potential_field.egg-info/dependency_links.txt
[1.047s] writing entry points to ../../build/Potential_field/Potential_field.egg-info/entry_points.txt
[1.047s] writing requirements to ../../build/Potential_field/Potential_field.egg-info/requires.txt
[1.047s] writing top-level names to ../../build/Potential_field/Potential_field.egg-info/top_level.txt
[1.075s] reading manifest file '../../build/Potential_field/Potential_field.egg-info/SOURCES.txt'
[1.075s] adding license file 'LICENSE'
[1.076s] writing manifest file '../../build/Potential_field/Potential_field.egg-info/SOURCES.txt'
[1.076s] running build
[1.076s] running build_py
[1.076s] copying Potential_field/Reguluator.py -> /home/neo/Documents/ros2_ws/build/Potential_field/build/lib/Potential_field
[1.076s] copying Potential_field/__init__.py -> /home/neo/Documents/ros2_ws/build/Potential_field/build/lib/Potential_field
[1.076s] copying Potential_field/Markov_solutions.py -> /home/neo/Documents/ros2_ws/build/Potential_field/build/lib/Potential_field
[1.076s] copying Potential_field/Traectory.py -> /home/neo/Documents/ros2_ws/build/Potential_field/build/lib/Potential_field
[1.076s] copying Potential_field/Instantaneous_center.py -> /home/neo/Documents/ros2_ws/build/Potential_field/build/lib/Potential_field
[1.077s] copying Potential_field/A_star.py -> /home/neo/Documents/ros2_ws/build/Potential_field/build/lib/Potential_field
[1.077s] copying Potential_field/Kinimatica.py -> /home/neo/Documents/ros2_ws/build/Potential_field/build/lib/Potential_field
[1.077s] running install
[1.081s] running install_lib
[1.095s] copying /home/neo/Documents/ros2_ws/build/Potential_field/build/lib/Potential_field/A_star.py -> /home/neo/Documents/ros2_ws/install/Potential_field/lib/python3.10/site-packages/Potential_field
[1.095s] byte-compiling /home/neo/Documents/ros2_ws/install/Potential_field/lib/python3.10/site-packages/Potential_field/Markov_solutions.py to Markov_solutions.cpython-310.pyc
[1.095s]   File "/home/neo/Documents/ros2_ws/install/Potential_field/lib/python3.10/site-packages/Potential_field/Markov_solutions.py", line 39
[1.095s]     int((pose.pose.position.y - self.origin[1]) / self.resolution)]
[1.095s]                                                                   ^
[1.095s] SyntaxError: closing parenthesis ']' does not match opening parenthesis '(' on line 38
[1.095s] 
[1.095s] byte-compiling /home/neo/Documents/ros2_ws/install/Potential_field/lib/python3.10/site-packages/Potential_field/A_star.py to A_star.cpython-310.pyc
[1.098s] running install_data
[1.098s] copying resource/Potential_field -> /home/neo/Documents/ros2_ws/install/Potential_field/share/ament_index/resource_index/packages
[1.098s] copying package.xml -> /home/neo/Documents/ros2_ws/install/Potential_field/share/Potential_field
[1.099s] running install_egg_info
[1.114s] removing '/home/neo/Documents/ros2_ws/install/Potential_field/lib/python3.10/site-packages/Potential_field-0.0.0-py3.10.egg-info' (and everything under it)
[1.114s] Copying ../../build/Potential_field/Potential_field.egg-info to /home/neo/Documents/ros2_ws/install/Potential_field/lib/python3.10/site-packages/Potential_field-0.0.0-py3.10.egg-info
[1.115s] running install_scripts
[1.228s] Installing Reguluator script to /home/neo/Documents/ros2_ws/install/Potential_field/lib/Potential_field
[1.229s] writing list of installed files to '/home/neo/Documents/ros2_ws/build/Potential_field/install.log'
[1.267s] Invoked command in '/home/neo/Documents/ros2_ws/src/Potential_field' returned '0': PYTHONPATH=/home/neo/Documents/ros2_ws/build/Potential_field/prefix_override:/usr/lib/python3/dist-packages/colcon_core/task/python/colcon_distutils_commands:/home/neo/Documents/ros2_ws/install/Potential_field/lib/python3.10/site-packages:${PYTHONPATH} /usr/bin/python3 -W ignore:setup.py install is deprecated -W ignore:easy_install command is deprecated setup.py egg_info --egg-base ../../build/Potential_field build --build-base /home/neo/Documents/ros2_ws/build/Potential_field/build install --record /home/neo/Documents/ros2_ws/build/Potential_field/install.log --single-version-externally-managed install_data
