[2.727s] Invoking command in '/home/neo/Documents/ros2_ws/src/my_package': PYTHONPATH=/home/neo/Documents/ros2_ws/build/my_package/prefix_override:/usr/lib/python3/dist-packages/colcon_core/task/python/colcon_distutils_commands:/home/neo/Documents/ros2_ws/install/my_package/lib/python3.10/site-packages:${PYTHONPATH} /usr/bin/python3 -W ignore:setup.py install is deprecated -W ignore:easy_install command is deprecated setup.py egg_info --egg-base ../../build/my_package build --build-base /home/neo/Documents/ros2_ws/build/my_package/build install --record /home/neo/Documents/ros2_ws/build/my_package/install.log --single-version-externally-managed install_data
[2.904s] /home/neo/.local/lib/python3.10/site-packages/setuptools/_distutils/dist.py:289: UserWarning: Unknown distribution option: 'tests_require'
[2.904s]   warnings.warn(msg)
[3.033s] running egg_info
[3.055s] writing ../../build/my_package/my_package.egg-info/PKG-INFO
[3.056s] writing dependency_links to ../../build/my_package/my_package.egg-info/dependency_links.txt
[3.056s] writing entry points to ../../build/my_package/my_package.egg-info/entry_points.txt
[3.056s] writing requirements to ../../build/my_package/my_package.egg-info/requires.txt
[3.057s] writing top-level names to ../../build/my_package/my_package.egg-info/top_level.txt
[3.103s] reading manifest file '../../build/my_package/my_package.egg-info/SOURCES.txt'
[3.103s] adding license file 'LICENSE'
[3.104s] writing manifest file '../../build/my_package/my_package.egg-info/SOURCES.txt'
[3.105s] running build
[3.105s] running build_py
[3.105s] copying my_package/my_node.py -> /home/neo/Documents/ros2_ws/build/my_package/build/lib/my_package
[3.105s] copying my_package/__init__.py -> /home/neo/Documents/ros2_ws/build/my_package/build/lib/my_package
[3.106s] running install
[3.110s] running install_lib
[3.134s] running install_data
[3.134s] copying resource/my_package -> /home/neo/Documents/ros2_ws/install/my_package/share/ament_index/resource_index/packages
[3.134s] copying package.xml -> /home/neo/Documents/ros2_ws/install/my_package/share/my_package
[3.135s] running install_egg_info
[3.159s] removing '/home/neo/Documents/ros2_ws/install/my_package/lib/python3.10/site-packages/my_package-0.0.0-py3.10.egg-info' (and everything under it)
[3.164s] Copying ../../build/my_package/my_package.egg-info to /home/neo/Documents/ros2_ws/install/my_package/lib/python3.10/site-packages/my_package-0.0.0-py3.10.egg-info
[3.166s] running install_scripts
[3.331s] Installing my_node script to /home/neo/Documents/ros2_ws/install/my_package/lib/my_package
[3.332s] writing list of installed files to '/home/neo/Documents/ros2_ws/build/my_package/install.log'
[3.389s] Invoked command in '/home/neo/Documents/ros2_ws/src/my_package' returned '0': PYTHONPATH=/home/neo/Documents/ros2_ws/build/my_package/prefix_override:/usr/lib/python3/dist-packages/colcon_core/task/python/colcon_distutils_commands:/home/neo/Documents/ros2_ws/install/my_package/lib/python3.10/site-packages:${PYTHONPATH} /usr/bin/python3 -W ignore:setup.py install is deprecated -W ignore:easy_install command is deprecated setup.py egg_info --egg-base ../../build/my_package build --build-base /home/neo/Documents/ros2_ws/build/my_package/build install --record /home/neo/Documents/ros2_ws/build/my_package/install.log --single-version-externally-managed install_data
