[1.753s] Invoking command in '/home/neo/Documents/ros2_ws/src/editing_map': PYTHONPATH=/home/neo/Documents/ros2_ws/build/editing_map/prefix_override:/usr/lib/python3/dist-packages/colcon_core/task/python/colcon_distutils_commands:/home/neo/Documents/ros2_ws/install/editing_map/lib/python3.10/site-packages:${PYTHONPATH} /usr/bin/python3 -W ignore:setup.py install is deprecated -W ignore:easy_install command is deprecated setup.py egg_info --egg-base ../../build/editing_map build --build-base /home/neo/Documents/ros2_ws/build/editing_map/build install --record /home/neo/Documents/ros2_ws/build/editing_map/install.log --single-version-externally-managed install_data
[1.885s] /home/neo/.local/lib/python3.10/site-packages/setuptools/_distutils/dist.py:289: UserWarning: Unknown distribution option: 'tests_require'
[1.885s]   warnings.warn(msg)
[1.971s] running egg_info
[1.984s] writing ../../build/editing_map/editing_map.egg-info/PKG-INFO
[1.985s] writing dependency_links to ../../build/editing_map/editing_map.egg-info/dependency_links.txt
[1.985s] writing entry points to ../../build/editing_map/editing_map.egg-info/entry_points.txt
[1.985s] writing requirements to ../../build/editing_map/editing_map.egg-info/requires.txt
[1.985s] writing top-level names to ../../build/editing_map/editing_map.egg-info/top_level.txt
[2.014s] reading manifest file '../../build/editing_map/editing_map.egg-info/SOURCES.txt'
[2.014s] adding license file 'LICENSE'
[2.015s] writing manifest file '../../build/editing_map/editing_map.egg-info/SOURCES.txt'
[2.015s] running build
[2.015s] running build_py
[2.015s] copying editing_map/listener.py -> /home/neo/Documents/ros2_ws/build/editing_map/build/lib/editing_map
[2.015s] copying editing_map/__init__.py -> /home/neo/Documents/ros2_ws/build/editing_map/build/lib/editing_map
[2.016s] copying editing_map/talker.py -> /home/neo/Documents/ros2_ws/build/editing_map/build/lib/editing_map
[2.016s] running install
[2.018s] running install_lib
[2.034s] running install_data
[2.034s] copying resource/editing_map -> /home/neo/Documents/ros2_ws/install/editing_map/share/ament_index/resource_index/packages
[2.034s] copying package.xml -> /home/neo/Documents/ros2_ws/install/editing_map/share/editing_map
[2.034s] running install_egg_info
[2.049s] removing '/home/neo/Documents/ros2_ws/install/editing_map/lib/python3.10/site-packages/editing_map-0.0.0-py3.10.egg-info' (and everything under it)
[2.050s] Copying ../../build/editing_map/editing_map.egg-info to /home/neo/Documents/ros2_ws/install/editing_map/lib/python3.10/site-packages/editing_map-0.0.0-py3.10.egg-info
[2.050s] running install_scripts
[2.159s] Installing listener script to /home/neo/Documents/ros2_ws/install/editing_map/lib/editing_map
[2.160s] Installing talker script to /home/neo/Documents/ros2_ws/install/editing_map/lib/editing_map
[2.160s] writing list of installed files to '/home/neo/Documents/ros2_ws/build/editing_map/install.log'
[2.183s] Invoked command in '/home/neo/Documents/ros2_ws/src/editing_map' returned '0': PYTHONPATH=/home/neo/Documents/ros2_ws/build/editing_map/prefix_override:/usr/lib/python3/dist-packages/colcon_core/task/python/colcon_distutils_commands:/home/neo/Documents/ros2_ws/install/editing_map/lib/python3.10/site-packages:${PYTHONPATH} /usr/bin/python3 -W ignore:setup.py install is deprecated -W ignore:easy_install command is deprecated setup.py egg_info --egg-base ../../build/editing_map build --build-base /home/neo/Documents/ros2_ws/build/editing_map/build install --record /home/neo/Documents/ros2_ws/build/editing_map/install.log --single-version-externally-managed install_data
