[1.705s] Invoking command in '/home/neo/Documents/ros2_ws/src/editing_map': PYTHONPATH=/home/neo/Documents/ros2_ws/src/build/editing_map/prefix_override:/usr/lib/python3/dist-packages/colcon_core/task/python/colcon_distutils_commands:/home/neo/Documents/ros2_ws/src/install/editing_map/lib/python3.10/site-packages:${PYTHONPATH} /usr/bin/python3 -W ignore:setup.py install is deprecated -W ignore:easy_install command is deprecated setup.py egg_info --egg-base ../build/editing_map build --build-base /home/neo/Documents/ros2_ws/src/build/editing_map/build install --record /home/neo/Documents/ros2_ws/src/build/editing_map/install.log --single-version-externally-managed install_data
[1.857s] /home/neo/.local/lib/python3.10/site-packages/setuptools/_distutils/dist.py:289: UserWarning: Unknown distribution option: 'tests_require'
[1.857s]   warnings.warn(msg)
[1.967s] running egg_info
[1.985s] creating ../build/editing_map/editing_map.egg-info
[1.985s] writing ../build/editing_map/editing_map.egg-info/PKG-INFO
[1.986s] writing dependency_links to ../build/editing_map/editing_map.egg-info/dependency_links.txt
[1.986s] writing entry points to ../build/editing_map/editing_map.egg-info/entry_points.txt
[1.986s] writing requirements to ../build/editing_map/editing_map.egg-info/requires.txt
[1.986s] writing top-level names to ../build/editing_map/editing_map.egg-info/top_level.txt
[1.986s] writing manifest file '../build/editing_map/editing_map.egg-info/SOURCES.txt'
[2.026s] reading manifest file '../build/editing_map/editing_map.egg-info/SOURCES.txt'
[2.027s] adding license file 'LICENSE'
[2.028s] writing manifest file '../build/editing_map/editing_map.egg-info/SOURCES.txt'
[2.028s] running build
[2.029s] running build_py
[2.029s] creating /home/neo/Documents/ros2_ws/src/build/editing_map/build/lib/editing_map
[2.029s] copying editing_map/listener.py -> /home/neo/Documents/ros2_ws/src/build/editing_map/build/lib/editing_map
[2.029s] copying editing_map/__init__.py -> /home/neo/Documents/ros2_ws/src/build/editing_map/build/lib/editing_map
[2.029s] copying editing_map/talker.py -> /home/neo/Documents/ros2_ws/src/build/editing_map/build/lib/editing_map
[2.029s] running install
[2.032s] running install_lib
[2.052s] creating /home/neo/Documents/ros2_ws/src/install/editing_map/lib/python3.10/site-packages/editing_map
[2.052s] copying /home/neo/Documents/ros2_ws/src/build/editing_map/build/lib/editing_map/listener.py -> /home/neo/Documents/ros2_ws/src/install/editing_map/lib/python3.10/site-packages/editing_map
[2.052s] copying /home/neo/Documents/ros2_ws/src/build/editing_map/build/lib/editing_map/__init__.py -> /home/neo/Documents/ros2_ws/src/install/editing_map/lib/python3.10/site-packages/editing_map
[2.052s] copying /home/neo/Documents/ros2_ws/src/build/editing_map/build/lib/editing_map/talker.py -> /home/neo/Documents/ros2_ws/src/install/editing_map/lib/python3.10/site-packages/editing_map
[2.052s] byte-compiling /home/neo/Documents/ros2_ws/src/install/editing_map/lib/python3.10/site-packages/editing_map/listener.py to listener.cpython-310.pyc
[2.053s] byte-compiling /home/neo/Documents/ros2_ws/src/install/editing_map/lib/python3.10/site-packages/editing_map/__init__.py to __init__.cpython-310.pyc
[2.054s] byte-compiling /home/neo/Documents/ros2_ws/src/install/editing_map/lib/python3.10/site-packages/editing_map/talker.py to talker.cpython-310.pyc
[2.054s] running install_data
[2.054s] creating /home/neo/Documents/ros2_ws/src/install/editing_map/share/ament_index/resource_index/packages
[2.054s] copying resource/editing_map -> /home/neo/Documents/ros2_ws/src/install/editing_map/share/ament_index/resource_index/packages
[2.055s] copying package.xml -> /home/neo/Documents/ros2_ws/src/install/editing_map/share/editing_map
[2.055s] running install_egg_info
[2.075s] Copying ../build/editing_map/editing_map.egg-info to /home/neo/Documents/ros2_ws/src/install/editing_map/lib/python3.10/site-packages/editing_map-0.0.0-py3.10.egg-info
[2.076s] running install_scripts
[2.228s] Installing listener script to /home/neo/Documents/ros2_ws/src/install/editing_map/lib/editing_map
[2.228s] Installing talker script to /home/neo/Documents/ros2_ws/src/install/editing_map/lib/editing_map
[2.228s] writing list of installed files to '/home/neo/Documents/ros2_ws/src/build/editing_map/install.log'
[2.262s] Invoked command in '/home/neo/Documents/ros2_ws/src/editing_map' returned '0': PYTHONPATH=/home/neo/Documents/ros2_ws/src/build/editing_map/prefix_override:/usr/lib/python3/dist-packages/colcon_core/task/python/colcon_distutils_commands:/home/neo/Documents/ros2_ws/src/install/editing_map/lib/python3.10/site-packages:${PYTHONPATH} /usr/bin/python3 -W ignore:setup.py install is deprecated -W ignore:easy_install command is deprecated setup.py egg_info --egg-base ../build/editing_map build --build-base /home/neo/Documents/ros2_ws/src/build/editing_map/build install --record /home/neo/Documents/ros2_ws/src/build/editing_map/install.log --single-version-externally-managed install_data
