/home/neo/.local/lib/python3.10/site-packages/setuptools/_distutils/dist.py:289: UserWarning: Unknown distribution option: 'tests_require'
  warnings.warn(msg)
running egg_info
writing ../../build/my_robot/my_robot.egg-info/PKG-INFO
writing dependency_links to ../../build/my_robot/my_robot.egg-info/dependency_links.txt
writing requirements to ../../build/my_robot/my_robot.egg-info/requires.txt
writing top-level names to ../../build/my_robot/my_robot.egg-info/top_level.txt
reading manifest file '../../build/my_robot/my_robot.egg-info/SOURCES.txt'
writing manifest file '../../build/my_robot/my_robot.egg-info/SOURCES.txt'
running build
running build_py
copying my_robot/__init__.py -> /home/neo/Documents/ros2_ws/build/my_robot/build/lib/my_robot
running install
running install_lib
running install_data
copying resource/my_robot -> /home/neo/Documents/ros2_ws/install/my_robot/share/ament_index/resource_index/packages
copying package.xml -> /home/neo/Documents/ros2_ws/install/my_robot/share/my_robot
copying launch/launch_robot.launch.py -> /home/neo/Documents/ros2_ws/install/my_robot/share/my_robot/launch
copying launch/launch_sim.launch.py -> /home/neo/Documents/ros2_ws/install/my_robot/share/my_robot/launch
copying launch/rsp.launch.py -> /home/neo/Documents/ros2_ws/install/my_robot/share/my_robot/launch
copying description/robot.urdf.xacro -> /home/neo/Documents/ros2_ws/install/my_robot/share/my_robot/description
copying description/robot_core.xacro -> /home/neo/Documents/ros2_ws/install/my_robot/share/my_robot/description
copying description/lidar.xacro -> /home/neo/Documents/ros2_ws/install/my_robot/share/my_robot/description
copying description/inertial_macros.xacro -> /home/neo/Documents/ros2_ws/install/my_robot/share/my_robot/description
copying description/gazebo_control.xacro -> /home/neo/Documents/ros2_ws/install/my_robot/share/my_robot/description
copying description/ros2_control.xacro -> /home/neo/Documents/ros2_ws/install/my_robot/share/my_robot/description
copying world/WareHouseV2.world -> /home/neo/Documents/ros2_ws/install/my_robot/share/my_robot/worlds
copying config/my_controllers.yaml -> /home/neo/Documents/ros2_ws/install/my_robot/share/my_robot/config
running install_egg_info
removing '/home/neo/Documents/ros2_ws/install/my_robot/lib/python3.10/site-packages/my_robot-0.0.0-py3.10.egg-info' (and everything under it)
Copying ../../build/my_robot/my_robot.egg-info to /home/neo/Documents/ros2_ws/install/my_robot/lib/python3.10/site-packages/my_robot-0.0.0-py3.10.egg-info
running install_scripts
writing list of installed files to '/home/neo/Documents/ros2_ws/build/my_robot/install.log'
