[0.751s] Invoking command in '/home/neo/Documents/ros2_ws/src/editing_map': PYTHONPATH=/home/neo/Documents/ros2_ws/build/editing_map/prefix_override:/usr/lib/python3/dist-packages/colcon_core/task/python/colcon_distutils_commands:/home/neo/Documents/ros2_ws/install/editing_map/lib/python3.10/site-packages:${PYTHONPATH} /usr/bin/python3 -W ignore:setup.py install is deprecated -W ignore:easy_install command is deprecated setup.py egg_info --egg-base ../../build/editing_map build --build-base /home/neo/Documents/ros2_ws/build/editing_map/build install --record /home/neo/Documents/ros2_ws/build/editing_map/install.log --single-version-externally-managed install_data
[0.934s] /home/neo/.local/lib/python3.10/site-packages/setuptools/_distutils/dist.py:289: UserWarning: Unknown distribution option: 'tests_require'
[0.934s]   warnings.warn(msg)
[1.004s] running egg_info
[1.016s] writing ../../build/editing_map/editing_map.egg-info/PKG-INFO
[1.016s] writing dependency_links to ../../build/editing_map/editing_map.egg-info/dependency_links.txt
[1.016s] writing entry points to ../../build/editing_map/editing_map.egg-info/entry_points.txt
[1.016s] writing requirements to ../../build/editing_map/editing_map.egg-info/requires.txt
[1.016s] writing top-level names to ../../build/editing_map/editing_map.egg-info/top_level.txt
[1.042s] reading manifest file '../../build/editing_map/editing_map.egg-info/SOURCES.txt'
[1.042s] adding license file 'LICENSE'
[1.042s] writing manifest file '../../build/editing_map/editing_map.egg-info/SOURCES.txt'
[1.042s] running build
[1.043s] running build_py
[1.043s] copying editing_map/listener.py -> /home/neo/Documents/ros2_ws/build/editing_map/build/lib/editing_map
[1.043s] copying editing_map/__init__.py -> /home/neo/Documents/ros2_ws/build/editing_map/build/lib/editing_map
[1.043s] copying editing_map/talker.py -> /home/neo/Documents/ros2_ws/build/editing_map/build/lib/editing_map
[1.043s] running install
[1.046s] running install_lib
[1.058s] copying /home/neo/Documents/ros2_ws/build/editing_map/build/lib/editing_map/listener.py -> /home/neo/Documents/ros2_ws/install/editing_map/lib/python3.10/site-packages/editing_map
[1.058s] byte-compiling /home/neo/Documents/ros2_ws/install/editing_map/lib/python3.10/site-packages/editing_map/listener.py to listener.cpython-310.pyc
[1.058s] running install_data
[1.059s] copying resource/editing_map -> /home/neo/Documents/ros2_ws/install/editing_map/share/ament_index/resource_index/packages
[1.059s] copying package.xml -> /home/neo/Documents/ros2_ws/install/editing_map/share/editing_map
[1.059s] running install_egg_info
[1.072s] removing '/home/neo/Documents/ros2_ws/install/editing_map/lib/python3.10/site-packages/editing_map-0.0.0-py3.10.egg-info' (and everything under it)
[1.072s] Copying ../../build/editing_map/editing_map.egg-info to /home/neo/Documents/ros2_ws/install/editing_map/lib/python3.10/site-packages/editing_map-0.0.0-py3.10.egg-info
[1.072s] running install_scripts
[1.169s] Installing listener script to /home/neo/Documents/ros2_ws/install/editing_map/lib/editing_map
[1.169s] Installing talker script to /home/neo/Documents/ros2_ws/install/editing_map/lib/editing_map
[1.169s] writing list of installed files to '/home/neo/Documents/ros2_ws/build/editing_map/install.log'
[1.191s] Invoked command in '/home/neo/Documents/ros2_ws/src/editing_map' returned '0': PYTHONPATH=/home/neo/Documents/ros2_ws/build/editing_map/prefix_override:/usr/lib/python3/dist-packages/colcon_core/task/python/colcon_distutils_commands:/home/neo/Documents/ros2_ws/install/editing_map/lib/python3.10/site-packages:${PYTHONPATH} /usr/bin/python3 -W ignore:setup.py install is deprecated -W ignore:easy_install command is deprecated setup.py egg_info --egg-base ../../build/editing_map build --build-base /home/neo/Documents/ros2_ws/build/editing_map/build install --record /home/neo/Documents/ros2_ws/build/editing_map/install.log --single-version-externally-managed install_data
