/home/neo/.local/lib/python3.10/site-packages/setuptools/_distutils/dist.py:289: UserWarning: Unknown distribution option: 'tests_require'
  warnings.warn(msg)
running egg_info
creating ../../build/my_robot/my_robot.egg-info
writing ../../build/my_robot/my_robot.egg-info/PKG-INFO
writing dependency_links to ../../build/my_robot/my_robot.egg-info/dependency_links.txt
writing requirements to ../../build/my_robot/my_robot.egg-info/requires.txt
writing top-level names to ../../build/my_robot/my_robot.egg-info/top_level.txt
writing manifest file '../../build/my_robot/my_robot.egg-info/SOURCES.txt'
reading manifest file '../../build/my_robot/my_robot.egg-info/SOURCES.txt'
writing manifest file '../../build/my_robot/my_robot.egg-info/SOURCES.txt'
running build
running build_py
creating /home/neo/Documents/ros2_ws/build/my_robot/build/lib/my_robot
copying my_robot/__init__.py -> /home/neo/Documents/ros2_ws/build/my_robot/build/lib/my_robot
running install
running install_lib
creating /home/neo/Documents/ros2_ws/install/my_robot/lib/python3.10/site-packages/my_robot
copying /home/neo/Documents/ros2_ws/build/my_robot/build/lib/my_robot/__init__.py -> /home/neo/Documents/ros2_ws/install/my_robot/lib/python3.10/site-packages/my_robot
byte-compiling /home/neo/Documents/ros2_ws/install/my_robot/lib/python3.10/site-packages/my_robot/__init__.py to __init__.cpython-310.pyc
running install_data
creating /home/neo/Documents/ros2_ws/install/my_robot/share/ament_index/resource_index/packages
copying resource/my_robot -> /home/neo/Documents/ros2_ws/install/my_robot/share/ament_index/resource_index/packages
copying package.xml -> /home/neo/Documents/ros2_ws/install/my_robot/share/my_robot
creating /home/neo/Documents/ros2_ws/install/my_robot/share/my_robot/launch
error: can't copy 'launch/robot_spawn.launch.py': doesn't exist or not a regular file
