[1.658s] Invoking command in '/home/neo/Documents/ros2_ws/src/my_robot': PYTHONPATH=/home/neo/Documents/ros2_ws/src/build/my_robot/prefix_override:/usr/lib/python3/dist-packages/colcon_core/task/python/colcon_distutils_commands:/home/neo/Documents/ros2_ws/src/install/my_robot/lib/python3.10/site-packages:${PYTHONPATH} /usr/bin/python3 -W ignore:setup.py install is deprecated -W ignore:easy_install command is deprecated setup.py egg_info --egg-base ../build/my_robot build --build-base /home/neo/Documents/ros2_ws/src/build/my_robot/build install --record /home/neo/Documents/ros2_ws/src/build/my_robot/install.log --single-version-externally-managed install_data
[1.806s] /home/neo/.local/lib/python3.10/site-packages/setuptools/_distutils/dist.py:289: UserWarning: Unknown distribution option: 'tests_require'
[1.806s]   warnings.warn(msg)
[1.917s] running egg_info
[1.935s] creating ../build/my_robot/my_robot.egg-info
[1.935s] writing ../build/my_robot/my_robot.egg-info/PKG-INFO
[1.936s] writing dependency_links to ../build/my_robot/my_robot.egg-info/dependency_links.txt
[1.936s] writing requirements to ../build/my_robot/my_robot.egg-info/requires.txt
[1.936s] writing top-level names to ../build/my_robot/my_robot.egg-info/top_level.txt
[1.936s] writing manifest file '../build/my_robot/my_robot.egg-info/SOURCES.txt'
[1.974s] reading manifest file '../build/my_robot/my_robot.egg-info/SOURCES.txt'
[1.975s] writing manifest file '../build/my_robot/my_robot.egg-info/SOURCES.txt'
[1.975s] running build
[1.975s] running build_py
[1.976s] creating /home/neo/Documents/ros2_ws/src/build/my_robot/build/lib/my_robot
[1.976s] copying my_robot/__init__.py -> /home/neo/Documents/ros2_ws/src/build/my_robot/build/lib/my_robot
[1.976s] running install
[1.980s] running install_lib
[1.999s] creating /home/neo/Documents/ros2_ws/src/install/my_robot/lib/python3.10/site-packages/my_robot
[1.999s] copying /home/neo/Documents/ros2_ws/src/build/my_robot/build/lib/my_robot/__init__.py -> /home/neo/Documents/ros2_ws/src/install/my_robot/lib/python3.10/site-packages/my_robot
[1.999s] byte-compiling /home/neo/Documents/ros2_ws/src/install/my_robot/lib/python3.10/site-packages/my_robot/__init__.py to __init__.cpython-310.pyc
[1.999s] running install_data
[2.000s] creating /home/neo/Documents/ros2_ws/src/install/my_robot/share/ament_index/resource_index/packages
[2.000s] copying resource/my_robot -> /home/neo/Documents/ros2_ws/src/install/my_robot/share/ament_index/resource_index/packages
[2.000s] copying package.xml -> /home/neo/Documents/ros2_ws/src/install/my_robot/share/my_robot
[2.000s] creating /home/neo/Documents/ros2_ws/src/install/my_robot/share/my_robot/launch
[2.000s] copying launch/launch_robot.launch.py -> /home/neo/Documents/ros2_ws/src/install/my_robot/share/my_robot/launch
[2.000s] copying launch/launch_sim.launch.py -> /home/neo/Documents/ros2_ws/src/install/my_robot/share/my_robot/launch
[2.001s] copying launch/rsp.launch.py -> /home/neo/Documents/ros2_ws/src/install/my_robot/share/my_robot/launch
[2.001s] creating /home/neo/Documents/ros2_ws/src/install/my_robot/share/my_robot/description
[2.001s] copying description/robot.urdf.xacro -> /home/neo/Documents/ros2_ws/src/install/my_robot/share/my_robot/description
[2.001s] copying description/robot_core.xacro -> /home/neo/Documents/ros2_ws/src/install/my_robot/share/my_robot/description
[2.001s] copying description/lidar.xacro -> /home/neo/Documents/ros2_ws/src/install/my_robot/share/my_robot/description
[2.002s] copying description/inertial_macros.xacro -> /home/neo/Documents/ros2_ws/src/install/my_robot/share/my_robot/description
[2.002s] copying description/gazebo_control.xacro -> /home/neo/Documents/ros2_ws/src/install/my_robot/share/my_robot/description
[2.002s] copying description/ros2_control.xacro -> /home/neo/Documents/ros2_ws/src/install/my_robot/share/my_robot/description
[2.002s] creating /home/neo/Documents/ros2_ws/src/install/my_robot/share/my_robot/worlds
[2.003s] copying world/WareHouseV2.world -> /home/neo/Documents/ros2_ws/src/install/my_robot/share/my_robot/worlds
[2.003s] creating /home/neo/Documents/ros2_ws/src/install/my_robot/share/my_robot/config
[2.003s] copying config/my_controllers.yaml -> /home/neo/Documents/ros2_ws/src/install/my_robot/share/my_robot/config
[2.003s] running install_egg_info
[2.024s] Copying ../build/my_robot/my_robot.egg-info to /home/neo/Documents/ros2_ws/src/install/my_robot/lib/python3.10/site-packages/my_robot-0.0.0-py3.10.egg-info
[2.024s] running install_scripts
[2.280s] writing list of installed files to '/home/neo/Documents/ros2_ws/src/build/my_robot/install.log'
[2.311s] Invoked command in '/home/neo/Documents/ros2_ws/src/my_robot' returned '0': PYTHONPATH=/home/neo/Documents/ros2_ws/src/build/my_robot/prefix_override:/usr/lib/python3/dist-packages/colcon_core/task/python/colcon_distutils_commands:/home/neo/Documents/ros2_ws/src/install/my_robot/lib/python3.10/site-packages:${PYTHONPATH} /usr/bin/python3 -W ignore:setup.py install is deprecated -W ignore:easy_install command is deprecated setup.py egg_info --egg-base ../build/my_robot build --build-base /home/neo/Documents/ros2_ws/src/build/my_robot/build install --record /home/neo/Documents/ros2_ws/src/build/my_robot/install.log --single-version-externally-managed install_data
