/home/neo/Documents/ros2_ws/install/Potential_field/lib/python3.10/site-packages/Potential_field/Reguluator.py
/home/neo/Documents/ros2_ws/install/Potential_field/lib/python3.10/site-packages/Potential_field/__init__.py
/home/neo/Documents/ros2_ws/install/Potential_field/lib/python3.10/site-packages/Potential_field/Markov_solutions.py
/home/neo/Documents/ros2_ws/install/Potential_field/lib/python3.10/site-packages/Potential_field/Traectory.py
/home/neo/Documents/ros2_ws/install/Potential_field/lib/python3.10/site-packages/Potential_field/Instantaneous_center.py
/home/neo/Documents/ros2_ws/install/Potential_field/lib/python3.10/site-packages/Potential_field/A_star.py
/home/neo/Documents/ros2_ws/install/Potential_field/lib/python3.10/site-packages/Potential_field/Kinimatica.py
/home/neo/Documents/ros2_ws/install/Potential_field/lib/python3.10/site-packages/Potential_field/__pycache__/Reguluator.cpython-310.pyc
/home/neo/Documents/ros2_ws/install/Potential_field/lib/python3.10/site-packages/Potential_field/__pycache__/__init__.cpython-310.pyc
/home/neo/Documents/ros2_ws/install/Potential_field/lib/python3.10/site-packages/Potential_field/__pycache__/Markov_solutions.cpython-310.pyc
/home/neo/Documents/ros2_ws/install/Potential_field/lib/python3.10/site-packages/Potential_field/__pycache__/Traectory.cpython-310.pyc
/home/neo/Documents/ros2_ws/install/Potential_field/lib/python3.10/site-packages/Potential_field/__pycache__/Instantaneous_center.cpython-310.pyc
/home/neo/Documents/ros2_ws/install/Potential_field/lib/python3.10/site-packages/Potential_field/__pycache__/A_star.cpython-310.pyc
/home/neo/Documents/ros2_ws/install/Potential_field/lib/python3.10/site-packages/Potential_field/__pycache__/Kinimatica.cpython-310.pyc
/home/neo/Documents/ros2_ws/install/Potential_field/share/ament_index/resource_index/packages/Potential_field
/home/neo/Documents/ros2_ws/install/Potential_field/share/Potential_field/package.xml
/home/neo/Documents/ros2_ws/install/Potential_field/lib/python3.10/site-packages/Potential_field-0.0.0-py3.10.egg-info/PKG-INFO
/home/neo/Documents/ros2_ws/install/Potential_field/lib/python3.10/site-packages/Potential_field-0.0.0-py3.10.egg-info/top_level.txt
/home/neo/Documents/ros2_ws/install/Potential_field/lib/python3.10/site-packages/Potential_field-0.0.0-py3.10.egg-info/zip-safe
/home/neo/Documents/ros2_ws/install/Potential_field/lib/python3.10/site-packages/Potential_field-0.0.0-py3.10.egg-info/entry_points.txt
/home/neo/Documents/ros2_ws/install/Potential_field/lib/python3.10/site-packages/Potential_field-0.0.0-py3.10.egg-info/requires.txt
/home/neo/Documents/ros2_ws/install/Potential_field/lib/python3.10/site-packages/Potential_field-0.0.0-py3.10.egg-info/SOURCES.txt
/home/neo/Documents/ros2_ws/install/Potential_field/lib/python3.10/site-packages/Potential_field-0.0.0-py3.10.egg-info/dependency_links.txt
/home/neo/Documents/ros2_ws/install/Potential_field/lib/Potential_field/Reguluator
