[0.657s] Invoking command in '/home/neo/Documents/ros2_ws/src/Potential_field': PYTHONPATH=/home/neo/Documents/ros2_ws/src/build/Potential_field/prefix_override:/usr/lib/python3/dist-packages/colcon_core/task/python/colcon_distutils_commands:/home/neo/Documents/ros2_ws/src/install/Potential_field/lib/python3.10/site-packages:${PYTHONPATH} /usr/bin/python3 -W ignore:setup.py install is deprecated -W ignore:easy_install command is deprecated setup.py egg_info --egg-base ../build/Potential_field build --build-base /home/neo/Documents/ros2_ws/src/build/Potential_field/build install --record /home/neo/Documents/ros2_ws/src/build/Potential_field/install.log --single-version-externally-managed install_data
[0.758s] /home/neo/.local/lib/python3.10/site-packages/setuptools/_distutils/dist.py:289: UserWarning: Unknown distribution option: 'tests_require'
[0.758s]   warnings.warn(msg)
[0.827s] running egg_info
[0.840s] writing ../build/Potential_field/Potential_field.egg-info/PKG-INFO
[0.840s] writing dependency_links to ../build/Potential_field/Potential_field.egg-info/dependency_links.txt
[0.840s] writing entry points to ../build/Potential_field/Potential_field.egg-info/entry_points.txt
[0.840s] writing requirements to ../build/Potential_field/Potential_field.egg-info/requires.txt
[0.840s] writing top-level names to ../build/Potential_field/Potential_field.egg-info/top_level.txt
[0.865s] reading manifest file '../build/Potential_field/Potential_field.egg-info/SOURCES.txt'
[0.866s] adding license file 'LICENSE'
[0.867s] writing manifest file '../build/Potential_field/Potential_field.egg-info/SOURCES.txt'
[0.867s] running build
[0.867s] running build_py
[0.867s] copying Potential_field/Markov_test.py -> /home/neo/Documents/ros2_ws/src/build/Potential_field/build/lib/Potential_field
[0.867s] copying Potential_field/Reguluator.py -> /home/neo/Documents/ros2_ws/src/build/Potential_field/build/lib/Potential_field
[0.867s] copying Potential_field/Finding_obstacles.py -> /home/neo/Documents/ros2_ws/src/build/Potential_field/build/lib/Potential_field
[0.867s] copying Potential_field/__init__.py -> /home/neo/Documents/ros2_ws/src/build/Potential_field/build/lib/Potential_field
[0.867s] copying Potential_field/Markov_solutions.py -> /home/neo/Documents/ros2_ws/src/build/Potential_field/build/lib/Potential_field
[0.867s] copying Potential_field/Traectory.py -> /home/neo/Documents/ros2_ws/src/build/Potential_field/build/lib/Potential_field
[0.867s] copying Potential_field/Update_map.py -> /home/neo/Documents/ros2_ws/src/build/Potential_field/build/lib/Potential_field
[0.867s] copying Potential_field/Update_map (copy).py -> /home/neo/Documents/ros2_ws/src/build/Potential_field/build/lib/Potential_field
[0.867s] copying Potential_field/Instantaneous_center.py -> /home/neo/Documents/ros2_ws/src/build/Potential_field/build/lib/Potential_field
[0.867s] copying Potential_field/A_star.py -> /home/neo/Documents/ros2_ws/src/build/Potential_field/build/lib/Potential_field
[0.867s] copying Potential_field/Kinimatica.py -> /home/neo/Documents/ros2_ws/src/build/Potential_field/build/lib/Potential_field
[0.868s] running install
[0.870s] running install_lib
[0.882s] copying /home/neo/Documents/ros2_ws/src/build/Potential_field/build/lib/Potential_field/Markov_test.py -> /home/neo/Documents/ros2_ws/src/install/Potential_field/lib/python3.10/site-packages/Potential_field
[0.882s] copying /home/neo/Documents/ros2_ws/src/build/Potential_field/build/lib/Potential_field/A_star.py -> /home/neo/Documents/ros2_ws/src/install/Potential_field/lib/python3.10/site-packages/Potential_field
[0.883s] byte-compiling /home/neo/Documents/ros2_ws/src/install/Potential_field/lib/python3.10/site-packages/Potential_field/Markov_test.py to Markov_test.cpython-310.pyc
[0.884s] byte-compiling /home/neo/Documents/ros2_ws/src/install/Potential_field/lib/python3.10/site-packages/Potential_field/A_star.py to A_star.cpython-310.pyc
[0.887s] running install_data
[0.887s] copying resource/Potential_field -> /home/neo/Documents/ros2_ws/src/install/Potential_field/share/ament_index/resource_index/packages
[0.887s] copying package.xml -> /home/neo/Documents/ros2_ws/src/install/Potential_field/share/Potential_field
[0.887s] running install_egg_info
[0.900s] removing '/home/neo/Documents/ros2_ws/src/install/Potential_field/lib/python3.10/site-packages/Potential_field-0.0.0-py3.10.egg-info' (and everything under it)
[0.900s] Copying ../build/Potential_field/Potential_field.egg-info to /home/neo/Documents/ros2_ws/src/install/Potential_field/lib/python3.10/site-packages/Potential_field-0.0.0-py3.10.egg-info
[0.900s] running install_scripts
[0.996s] Installing A_start script to /home/neo/Documents/ros2_ws/src/install/Potential_field/lib/Potential_field
[0.996s] Installing Find script to /home/neo/Documents/ros2_ws/src/install/Potential_field/lib/Potential_field
[0.996s] Installing Mark script to /home/neo/Documents/ros2_ws/src/install/Potential_field/lib/Potential_field
[0.996s] Installing Reguluator script to /home/neo/Documents/ros2_ws/src/install/Potential_field/lib/Potential_field
[0.996s] Installing Trac script to /home/neo/Documents/ros2_ws/src/install/Potential_field/lib/Potential_field
[0.996s] Installing Update_map script to /home/neo/Documents/ros2_ws/src/install/Potential_field/lib/Potential_field
[0.996s] writing list of installed files to '/home/neo/Documents/ros2_ws/src/build/Potential_field/install.log'
[1.015s] Invoked command in '/home/neo/Documents/ros2_ws/src/Potential_field' returned '0': PYTHONPATH=/home/neo/Documents/ros2_ws/src/build/Potential_field/prefix_override:/usr/lib/python3/dist-packages/colcon_core/task/python/colcon_distutils_commands:/home/neo/Documents/ros2_ws/src/install/Potential_field/lib/python3.10/site-packages:${PYTHONPATH} /usr/bin/python3 -W ignore:setup.py install is deprecated -W ignore:easy_install command is deprecated setup.py egg_info --egg-base ../build/Potential_field build --build-base /home/neo/Documents/ros2_ws/src/build/Potential_field/build install --record /home/neo/Documents/ros2_ws/src/build/Potential_field/install.log --single-version-externally-managed install_data
