[1.598s] Invoking command in '/home/neo/Documents/ros2_ws/src/map_right_hand': PYTHONPATH=/home/neo/Documents/ros2_ws/src/build/map_right_hand/prefix_override:/usr/lib/python3/dist-packages/colcon_core/task/python/colcon_distutils_commands:/home/neo/Documents/ros2_ws/src/install/map_right_hand/lib/python3.10/site-packages:${PYTHONPATH} /usr/bin/python3 -W ignore:setup.py install is deprecated -W ignore:easy_install command is deprecated setup.py egg_info --egg-base ../build/map_right_hand build --build-base /home/neo/Documents/ros2_ws/src/build/map_right_hand/build install --record /home/neo/Documents/ros2_ws/src/build/map_right_hand/install.log --single-version-externally-managed install_data
[1.712s] /home/neo/.local/lib/python3.10/site-packages/setuptools/_distutils/dist.py:289: UserWarning: Unknown distribution option: 'tests_require'
[1.712s]   warnings.warn(msg)
[1.790s] running egg_info
[1.803s] writing ../build/map_right_hand/map_right_hand.egg-info/PKG-INFO
[1.803s] writing dependency_links to ../build/map_right_hand/map_right_hand.egg-info/dependency_links.txt
[1.804s] writing entry points to ../build/map_right_hand/map_right_hand.egg-info/entry_points.txt
[1.804s] writing requirements to ../build/map_right_hand/map_right_hand.egg-info/requires.txt
[1.804s] writing top-level names to ../build/map_right_hand/map_right_hand.egg-info/top_level.txt
[1.831s] reading manifest file '../build/map_right_hand/map_right_hand.egg-info/SOURCES.txt'
[1.831s] adding license file 'LICENSE'
[1.832s] writing manifest file '../build/map_right_hand/map_right_hand.egg-info/SOURCES.txt'
[1.832s] running build
[1.832s] running build_py
[1.832s] copying map_right_hand/__init__.py -> /home/neo/Documents/ros2_ws/src/build/map_right_hand/build/lib/map_right_hand
[1.832s] copying map_right_hand/right_hand.py -> /home/neo/Documents/ros2_ws/src/build/map_right_hand/build/lib/map_right_hand
[1.833s] running install
[1.835s] running install_lib
[1.849s] running install_data
[1.849s] copying resource/map_right_hand -> /home/neo/Documents/ros2_ws/src/install/map_right_hand/share/ament_index/resource_index/packages
[1.849s] copying package.xml -> /home/neo/Documents/ros2_ws/src/install/map_right_hand/share/map_right_hand
[1.849s] running install_egg_info
[1.864s] removing '/home/neo/Documents/ros2_ws/src/install/map_right_hand/lib/python3.10/site-packages/map_right_hand-0.0.0-py3.10.egg-info' (and everything under it)
[1.864s] Copying ../build/map_right_hand/map_right_hand.egg-info to /home/neo/Documents/ros2_ws/src/install/map_right_hand/lib/python3.10/site-packages/map_right_hand-0.0.0-py3.10.egg-info
[1.865s] running install_scripts
[1.975s] Installing right_hand script to /home/neo/Documents/ros2_ws/src/install/map_right_hand/lib/map_right_hand
[1.975s] writing list of installed files to '/home/neo/Documents/ros2_ws/src/build/map_right_hand/install.log'
[1.995s] Invoked command in '/home/neo/Documents/ros2_ws/src/map_right_hand' returned '0': PYTHONPATH=/home/neo/Documents/ros2_ws/src/build/map_right_hand/prefix_override:/usr/lib/python3/dist-packages/colcon_core/task/python/colcon_distutils_commands:/home/neo/Documents/ros2_ws/src/install/map_right_hand/lib/python3.10/site-packages:${PYTHONPATH} /usr/bin/python3 -W ignore:setup.py install is deprecated -W ignore:easy_install command is deprecated setup.py egg_info --egg-base ../build/map_right_hand build --build-base /home/neo/Documents/ros2_ws/src/build/map_right_hand/build install --record /home/neo/Documents/ros2_ws/src/build/map_right_hand/install.log --single-version-externally-managed install_data
