[3.551s] Invoking command in '/home/neo/Documents/ros2_ws/src/my_package': PYTHONPATH=/home/neo/Documents/ros2_ws/src/build/my_package/prefix_override:/usr/lib/python3/dist-packages/colcon_core/task/python/colcon_distutils_commands:/home/neo/Documents/ros2_ws/src/install/my_package/lib/python3.10/site-packages:${PYTHONPATH} /usr/bin/python3 -W ignore:setup.py install is deprecated -W ignore:easy_install command is deprecated setup.py egg_info --egg-base ../build/my_package build --build-base /home/neo/Documents/ros2_ws/src/build/my_package/build install --record /home/neo/Documents/ros2_ws/src/build/my_package/install.log --single-version-externally-managed install_data
[3.968s] /home/neo/.local/lib/python3.10/site-packages/setuptools/_distutils/dist.py:289: UserWarning: Unknown distribution option: 'tests_require'
[3.968s]   warnings.warn(msg)
[4.172s] running egg_info
[4.197s] writing ../build/my_package/my_package.egg-info/PKG-INFO
[4.198s] writing dependency_links to ../build/my_package/my_package.egg-info/dependency_links.txt
[4.198s] writing entry points to ../build/my_package/my_package.egg-info/entry_points.txt
[4.199s] writing requirements to ../build/my_package/my_package.egg-info/requires.txt
[4.199s] writing top-level names to ../build/my_package/my_package.egg-info/top_level.txt
[4.256s] reading manifest file '../build/my_package/my_package.egg-info/SOURCES.txt'
[4.256s] adding license file 'LICENSE'
[4.258s] writing manifest file '../build/my_package/my_package.egg-info/SOURCES.txt'
[4.258s] running build
[4.258s] running build_py
[4.258s] copying my_package/my_node.py -> /home/neo/Documents/ros2_ws/src/build/my_package/build/lib/my_package
[4.259s] copying my_package/__init__.py -> /home/neo/Documents/ros2_ws/src/build/my_package/build/lib/my_package
[4.259s] running install
[4.265s] running install_lib
[4.302s] running install_data
[4.302s] copying resource/my_package -> /home/neo/Documents/ros2_ws/src/install/my_package/share/ament_index/resource_index/packages
[4.302s] copying package.xml -> /home/neo/Documents/ros2_ws/src/install/my_package/share/my_package
[4.303s] running install_egg_info
[4.334s] removing '/home/neo/Documents/ros2_ws/src/install/my_package/lib/python3.10/site-packages/my_package-0.0.0-py3.10.egg-info' (and everything under it)
[4.334s] Copying ../build/my_package/my_package.egg-info to /home/neo/Documents/ros2_ws/src/install/my_package/lib/python3.10/site-packages/my_package-0.0.0-py3.10.egg-info
[4.335s] running install_scripts
[4.556s] Installing my_node script to /home/neo/Documents/ros2_ws/src/install/my_package/lib/my_package
[4.557s] writing list of installed files to '/home/neo/Documents/ros2_ws/src/build/my_package/install.log'
[4.588s] Invoked command in '/home/neo/Documents/ros2_ws/src/my_package' returned '0': PYTHONPATH=/home/neo/Documents/ros2_ws/src/build/my_package/prefix_override:/usr/lib/python3/dist-packages/colcon_core/task/python/colcon_distutils_commands:/home/neo/Documents/ros2_ws/src/install/my_package/lib/python3.10/site-packages:${PYTHONPATH} /usr/bin/python3 -W ignore:setup.py install is deprecated -W ignore:easy_install command is deprecated setup.py egg_info --egg-base ../build/my_package build --build-base /home/neo/Documents/ros2_ws/src/build/my_package/build install --record /home/neo/Documents/ros2_ws/src/build/my_package/install.log --single-version-externally-managed install_data
