/home/neo/.local/lib/python3.10/site-packages/setuptools/_distutils/dist.py:289: UserWarning: Unknown distribution option: 'tests_require'
  warnings.warn(msg)
running egg_info
creating ../../build/map_right_hand/map_right_hand.egg-info
writing ../../build/map_right_hand/map_right_hand.egg-info/PKG-INFO
writing dependency_links to ../../build/map_right_hand/map_right_hand.egg-info/dependency_links.txt
writing entry points to ../../build/map_right_hand/map_right_hand.egg-info/entry_points.txt
writing requirements to ../../build/map_right_hand/map_right_hand.egg-info/requires.txt
writing top-level names to ../../build/map_right_hand/map_right_hand.egg-info/top_level.txt
writing manifest file '../../build/map_right_hand/map_right_hand.egg-info/SOURCES.txt'
reading manifest file '../../build/map_right_hand/map_right_hand.egg-info/SOURCES.txt'
adding license file 'LICENSE'
writing manifest file '../../build/map_right_hand/map_right_hand.egg-info/SOURCES.txt'
running build
running build_py
creating /home/neo/Documents/ros2_ws/build/map_right_hand/build/lib/map_right_hand
copying map_right_hand/__init__.py -> /home/neo/Documents/ros2_ws/build/map_right_hand/build/lib/map_right_hand
copying map_right_hand/right_hand.py -> /home/neo/Documents/ros2_ws/build/map_right_hand/build/lib/map_right_hand
running install
running install_lib
creating /home/neo/Documents/ros2_ws/install/map_right_hand/lib/python3.10/site-packages/map_right_hand
copying /home/neo/Documents/ros2_ws/build/map_right_hand/build/lib/map_right_hand/__init__.py -> /home/neo/Documents/ros2_ws/install/map_right_hand/lib/python3.10/site-packages/map_right_hand
copying /home/neo/Documents/ros2_ws/build/map_right_hand/build/lib/map_right_hand/right_hand.py -> /home/neo/Documents/ros2_ws/install/map_right_hand/lib/python3.10/site-packages/map_right_hand
byte-compiling /home/neo/Documents/ros2_ws/install/map_right_hand/lib/python3.10/site-packages/map_right_hand/__init__.py to __init__.cpython-310.pyc
byte-compiling /home/neo/Documents/ros2_ws/install/map_right_hand/lib/python3.10/site-packages/map_right_hand/right_hand.py to right_hand.cpython-310.pyc
running install_data
creating /home/neo/Documents/ros2_ws/install/map_right_hand/share/ament_index/resource_index/packages
copying resource/map_right_hand -> /home/neo/Documents/ros2_ws/install/map_right_hand/share/ament_index/resource_index/packages
copying package.xml -> /home/neo/Documents/ros2_ws/install/map_right_hand/share/map_right_hand
running install_egg_info
Copying ../../build/map_right_hand/map_right_hand.egg-info to /home/neo/Documents/ros2_ws/install/map_right_hand/lib/python3.10/site-packages/map_right_hand-0.0.0-py3.10.egg-info
running install_scripts
Installing listener script to /home/neo/Documents/ros2_ws/install/map_right_hand/lib/map_right_hand
writing list of installed files to '/home/neo/Documents/ros2_ws/build/map_right_hand/install.log'
