[1.727s] Invoking command in '/home/neo/Documents/ros2_ws/src/map_right_hand': PYTHONPATH=/home/neo/Documents/ros2_ws/build/map_right_hand/prefix_override:/usr/lib/python3/dist-packages/colcon_core/task/python/colcon_distutils_commands:/home/neo/Documents/ros2_ws/install/map_right_hand/lib/python3.10/site-packages:${PYTHONPATH} /usr/bin/python3 -W ignore:setup.py install is deprecated -W ignore:easy_install command is deprecated setup.py egg_info --egg-base ../../build/map_right_hand build --build-base /home/neo/Documents/ros2_ws/build/map_right_hand/build install --record /home/neo/Documents/ros2_ws/build/map_right_hand/install.log --single-version-externally-managed install_data
[1.925s] /home/neo/.local/lib/python3.10/site-packages/setuptools/_distutils/dist.py:289: UserWarning: Unknown distribution option: 'tests_require'
[1.925s]   warnings.warn(msg)
[2.009s] running egg_info
[2.023s] writing ../../build/map_right_hand/map_right_hand.egg-info/PKG-INFO
[2.024s] writing dependency_links to ../../build/map_right_hand/map_right_hand.egg-info/dependency_links.txt
[2.024s] writing entry points to ../../build/map_right_hand/map_right_hand.egg-info/entry_points.txt
[2.024s] writing requirements to ../../build/map_right_hand/map_right_hand.egg-info/requires.txt
[2.024s] writing top-level names to ../../build/map_right_hand/map_right_hand.egg-info/top_level.txt
[2.054s] reading manifest file '../../build/map_right_hand/map_right_hand.egg-info/SOURCES.txt'
[2.054s] adding license file 'LICENSE'
[2.055s] writing manifest file '../../build/map_right_hand/map_right_hand.egg-info/SOURCES.txt'
[2.055s] running build
[2.055s] running build_py
[2.055s] copying map_right_hand/__init__.py -> /home/neo/Documents/ros2_ws/build/map_right_hand/build/lib/map_right_hand
[2.055s] copying map_right_hand/right_hand.py -> /home/neo/Documents/ros2_ws/build/map_right_hand/build/lib/map_right_hand
[2.056s] running install
[2.058s] running install_lib
[2.075s] running install_data
[2.075s] copying resource/map_right_hand -> /home/neo/Documents/ros2_ws/install/map_right_hand/share/ament_index/resource_index/packages
[2.075s] copying package.xml -> /home/neo/Documents/ros2_ws/install/map_right_hand/share/map_right_hand
[2.075s] running install_egg_info
[2.092s] removing '/home/neo/Documents/ros2_ws/install/map_right_hand/lib/python3.10/site-packages/map_right_hand-0.0.0-py3.10.egg-info' (and everything under it)
[2.092s] Copying ../../build/map_right_hand/map_right_hand.egg-info to /home/neo/Documents/ros2_ws/install/map_right_hand/lib/python3.10/site-packages/map_right_hand-0.0.0-py3.10.egg-info
[2.093s] running install_scripts
[2.222s] Installing right_hand script to /home/neo/Documents/ros2_ws/install/map_right_hand/lib/map_right_hand
[2.222s] writing list of installed files to '/home/neo/Documents/ros2_ws/build/map_right_hand/install.log'
[2.251s] Invoked command in '/home/neo/Documents/ros2_ws/src/map_right_hand' returned '0': PYTHONPATH=/home/neo/Documents/ros2_ws/build/map_right_hand/prefix_override:/usr/lib/python3/dist-packages/colcon_core/task/python/colcon_distutils_commands:/home/neo/Documents/ros2_ws/install/map_right_hand/lib/python3.10/site-packages:${PYTHONPATH} /usr/bin/python3 -W ignore:setup.py install is deprecated -W ignore:easy_install command is deprecated setup.py egg_info --egg-base ../../build/map_right_hand build --build-base /home/neo/Documents/ros2_ws/build/map_right_hand/build install --record /home/neo/Documents/ros2_ws/build/map_right_hand/install.log --single-version-externally-managed install_data
