[0.087s] DEBUG:colcon:Command line arguments: ['/usr/bin/colcon', 'build']
[0.087s] DEBUG:colcon:Parsed command line arguments: Namespace(log_base=None, log_level=None, verb_name='build', build_base='build', install_base='install', merge_install=False, symlink_install=False, test_result_base=None, continue_on_error=False, executor='parallel', parallel_workers=12, event_handlers=None, ignore_user_meta=False, metas=['./colcon.meta'], base_paths=['.'], packages_ignore=None, packages_ignore_regex=None, paths=None, packages_up_to=None, packages_up_to_regex=None, packages_above=None, packages_above_and_dependencies=None, packages_above_depth=None, packages_select_by_dep=None, packages_skip_by_dep=None, packages_skip_up_to=None, packages_select_build_failed=False, packages_skip_build_finished=False, packages_select_test_failures=False, packages_skip_test_passed=False, packages_select=None, packages_skip=None, packages_select_regex=None, packages_skip_regex=None, packages_start=None, packages_end=None, allow_overriding=[], cmake_args=None, cmake_target=None, cmake_target_skip_unavailable=False, cmake_clean_cache=False, cmake_clean_first=False, cmake_force_configure=False, ament_cmake_args=None, catkin_cmake_args=None, catkin_skip_building_tests=False, verb_parser=<colcon_defaults.argument_parser.defaults.DefaultArgumentsDecorator object at 0x7b0fef973d60>, verb_extension=<colcon_core.verb.build.BuildVerb object at 0x7b0fef973760>, main=<bound method BuildVerb.main of <colcon_core.verb.build.BuildVerb object at 0x7b0fef973760>>)
[0.122s] Level 1:colcon.colcon_core.package_discovery:discover_packages(colcon_meta) check parameters
[0.122s] Level 1:colcon.colcon_core.package_discovery:discover_packages(recursive) check parameters
[0.122s] Level 1:colcon.colcon_core.package_discovery:discover_packages(ignore) check parameters
[0.122s] Level 1:colcon.colcon_core.package_discovery:discover_packages(path) check parameters
[0.122s] Level 1:colcon.colcon_core.package_discovery:discover_packages(colcon_meta) discover
[0.122s] Level 1:colcon.colcon_core.package_discovery:discover_packages(recursive) discover
[0.122s] INFO:colcon.colcon_core.package_discovery:Crawling recursively for packages in '/home/neo/Documents/ros2_ws/src'
[0.122s] Level 1:colcon.colcon_core.package_identification:_identify(.) by extensions ['ignore', 'ignore_ament_install']
[0.122s] Level 1:colcon.colcon_core.package_identification:_identify(.) by extension 'ignore'
[0.122s] Level 1:colcon.colcon_core.package_identification:_identify(.) by extension 'ignore_ament_install'
[0.122s] Level 1:colcon.colcon_core.package_identification:_identify(.) by extensions ['colcon_pkg']
[0.122s] Level 1:colcon.colcon_core.package_identification:_identify(.) by extension 'colcon_pkg'
[0.122s] Level 1:colcon.colcon_core.package_identification:_identify(.) by extensions ['colcon_meta']
[0.122s] Level 1:colcon.colcon_core.package_identification:_identify(.) by extension 'colcon_meta'
[0.122s] Level 1:colcon.colcon_core.package_identification:_identify(.) by extensions ['ros']
[0.122s] Level 1:colcon.colcon_core.package_identification:_identify(.) by extension 'ros'
[0.131s] Level 1:colcon.colcon_core.package_identification:_identify(.) by extensions ['cmake', 'python']
[0.131s] Level 1:colcon.colcon_core.package_identification:_identify(.) by extension 'cmake'
[0.131s] Level 1:colcon.colcon_core.package_identification:_identify(.) by extension 'python'
[0.131s] Level 1:colcon.colcon_core.package_identification:_identify(.) by extensions ['python_setup_py']
[0.131s] Level 1:colcon.colcon_core.package_identification:_identify(.) by extension 'python_setup_py'
[0.131s] Level 1:colcon.colcon_core.package_identification:_identify(Potential_field) by extensions ['ignore', 'ignore_ament_install']
[0.131s] Level 1:colcon.colcon_core.package_identification:_identify(Potential_field) by extension 'ignore'
[0.131s] Level 1:colcon.colcon_core.package_identification:_identify(Potential_field) by extension 'ignore_ament_install'
[0.131s] Level 1:colcon.colcon_core.package_identification:_identify(Potential_field) by extensions ['colcon_pkg']
[0.131s] Level 1:colcon.colcon_core.package_identification:_identify(Potential_field) by extension 'colcon_pkg'
[0.131s] Level 1:colcon.colcon_core.package_identification:_identify(Potential_field) by extensions ['colcon_meta']
[0.131s] Level 1:colcon.colcon_core.package_identification:_identify(Potential_field) by extension 'colcon_meta'
[0.131s] Level 1:colcon.colcon_core.package_identification:_identify(Potential_field) by extensions ['ros']
[0.131s] Level 1:colcon.colcon_core.package_identification:_identify(Potential_field) by extension 'ros'
[0.133s] DEBUG:colcon.colcon_core.package_identification:Package 'Potential_field' with type 'ros.ament_python' and name 'Potential_field'
[0.133s] Level 1:colcon.colcon_core.package_identification:_identify(build) by extensions ['ignore', 'ignore_ament_install']
[0.133s] Level 1:colcon.colcon_core.package_identification:_identify(build) by extension 'ignore'
[0.133s] Level 1:colcon.colcon_core.package_identification:_identify(build) ignored
[0.134s] Level 1:colcon.colcon_core.package_identification:_identify(description) by extensions ['ignore', 'ignore_ament_install']
[0.134s] Level 1:colcon.colcon_core.package_identification:_identify(description) by extension 'ignore'
[0.134s] Level 1:colcon.colcon_core.package_identification:_identify(description) by extension 'ignore_ament_install'
[0.134s] Level 1:colcon.colcon_core.package_identification:_identify(description) by extensions ['colcon_pkg']
[0.134s] Level 1:colcon.colcon_core.package_identification:_identify(description) by extension 'colcon_pkg'
[0.134s] Level 1:colcon.colcon_core.package_identification:_identify(description) by extensions ['colcon_meta']
[0.134s] Level 1:colcon.colcon_core.package_identification:_identify(description) by extension 'colcon_meta'
[0.134s] Level 1:colcon.colcon_core.package_identification:_identify(description) by extensions ['ros']
[0.134s] Level 1:colcon.colcon_core.package_identification:_identify(description) by extension 'ros'
[0.134s] Level 1:colcon.colcon_core.package_identification:_identify(description) by extensions ['cmake', 'python']
[0.134s] Level 1:colcon.colcon_core.package_identification:_identify(description) by extension 'cmake'
[0.134s] Level 1:colcon.colcon_core.package_identification:_identify(description) by extension 'python'
[0.134s] Level 1:colcon.colcon_core.package_identification:_identify(description) by extensions ['python_setup_py']
[0.134s] Level 1:colcon.colcon_core.package_identification:_identify(description) by extension 'python_setup_py'
[0.134s] Level 1:colcon.colcon_core.package_identification:_identify(editing_map) by extensions ['ignore', 'ignore_ament_install']
[0.134s] Level 1:colcon.colcon_core.package_identification:_identify(editing_map) by extension 'ignore'
[0.134s] Level 1:colcon.colcon_core.package_identification:_identify(editing_map) by extension 'ignore_ament_install'
[0.134s] Level 1:colcon.colcon_core.package_identification:_identify(editing_map) by extensions ['colcon_pkg']
[0.134s] Level 1:colcon.colcon_core.package_identification:_identify(editing_map) by extension 'colcon_pkg'
[0.134s] Level 1:colcon.colcon_core.package_identification:_identify(editing_map) by extensions ['colcon_meta']
[0.134s] Level 1:colcon.colcon_core.package_identification:_identify(editing_map) by extension 'colcon_meta'
[0.134s] Level 1:colcon.colcon_core.package_identification:_identify(editing_map) by extensions ['ros']
[0.134s] Level 1:colcon.colcon_core.package_identification:_identify(editing_map) by extension 'ros'
[0.134s] DEBUG:colcon.colcon_core.package_identification:Package 'editing_map' with type 'ros.ament_python' and name 'editing_map'
[0.135s] Level 1:colcon.colcon_core.package_identification:_identify(install) by extensions ['ignore', 'ignore_ament_install']
[0.135s] Level 1:colcon.colcon_core.package_identification:_identify(install) by extension 'ignore'
[0.135s] Level 1:colcon.colcon_core.package_identification:_identify(install) ignored
[0.135s] Level 1:colcon.colcon_core.package_identification:_identify(launch) by extensions ['ignore', 'ignore_ament_install']
[0.135s] Level 1:colcon.colcon_core.package_identification:_identify(launch) by extension 'ignore'
[0.135s] Level 1:colcon.colcon_core.package_identification:_identify(launch) by extension 'ignore_ament_install'
[0.135s] Level 1:colcon.colcon_core.package_identification:_identify(launch) by extensions ['colcon_pkg']
[0.135s] Level 1:colcon.colcon_core.package_identification:_identify(launch) by extension 'colcon_pkg'
[0.135s] Level 1:colcon.colcon_core.package_identification:_identify(launch) by extensions ['colcon_meta']
[0.135s] Level 1:colcon.colcon_core.package_identification:_identify(launch) by extension 'colcon_meta'
[0.135s] Level 1:colcon.colcon_core.package_identification:_identify(launch) by extensions ['ros']
[0.135s] Level 1:colcon.colcon_core.package_identification:_identify(launch) by extension 'ros'
[0.135s] Level 1:colcon.colcon_core.package_identification:_identify(launch) by extensions ['cmake', 'python']
[0.135s] Level 1:colcon.colcon_core.package_identification:_identify(launch) by extension 'cmake'
[0.135s] Level 1:colcon.colcon_core.package_identification:_identify(launch) by extension 'python'
[0.135s] Level 1:colcon.colcon_core.package_identification:_identify(launch) by extensions ['python_setup_py']
[0.135s] Level 1:colcon.colcon_core.package_identification:_identify(launch) by extension 'python_setup_py'
[0.135s] Level 1:colcon.colcon_core.package_identification:_identify(log) by extensions ['ignore', 'ignore_ament_install']
[0.135s] Level 1:colcon.colcon_core.package_identification:_identify(log) by extension 'ignore'
[0.135s] Level 1:colcon.colcon_core.package_identification:_identify(log) ignored
[0.135s] Level 1:colcon.colcon_core.package_identification:_identify(map_right_hand) by extensions ['ignore', 'ignore_ament_install']
[0.135s] Level 1:colcon.colcon_core.package_identification:_identify(map_right_hand) by extension 'ignore'
[0.135s] Level 1:colcon.colcon_core.package_identification:_identify(map_right_hand) by extension 'ignore_ament_install'
[0.135s] Level 1:colcon.colcon_core.package_identification:_identify(map_right_hand) by extensions ['colcon_pkg']
[0.135s] Level 1:colcon.colcon_core.package_identification:_identify(map_right_hand) by extension 'colcon_pkg'
[0.135s] Level 1:colcon.colcon_core.package_identification:_identify(map_right_hand) by extensions ['colcon_meta']
[0.135s] Level 1:colcon.colcon_core.package_identification:_identify(map_right_hand) by extension 'colcon_meta'
[0.135s] Level 1:colcon.colcon_core.package_identification:_identify(map_right_hand) by extensions ['ros']
[0.135s] Level 1:colcon.colcon_core.package_identification:_identify(map_right_hand) by extension 'ros'
[0.136s] DEBUG:colcon.colcon_core.package_identification:Package 'map_right_hand' with type 'ros.ament_python' and name 'map_right_hand'
[0.136s] Level 1:colcon.colcon_core.package_identification:_identify(map_test) by extensions ['ignore', 'ignore_ament_install']
[0.136s] Level 1:colcon.colcon_core.package_identification:_identify(map_test) by extension 'ignore'
[0.136s] Level 1:colcon.colcon_core.package_identification:_identify(map_test) by extension 'ignore_ament_install'
[0.136s] Level 1:colcon.colcon_core.package_identification:_identify(map_test) by extensions ['colcon_pkg']
[0.136s] Level 1:colcon.colcon_core.package_identification:_identify(map_test) by extension 'colcon_pkg'
[0.136s] Level 1:colcon.colcon_core.package_identification:_identify(map_test) by extensions ['colcon_meta']
[0.136s] Level 1:colcon.colcon_core.package_identification:_identify(map_test) by extension 'colcon_meta'
[0.136s] Level 1:colcon.colcon_core.package_identification:_identify(map_test) by extensions ['ros']
[0.136s] Level 1:colcon.colcon_core.package_identification:_identify(map_test) by extension 'ros'
[0.136s] DEBUG:colcon.colcon_core.package_identification:Package 'map_test' with type 'ros.ament_python' and name 'map_test'
[0.136s] Level 1:colcon.colcon_core.package_identification:_identify(my_package) by extensions ['ignore', 'ignore_ament_install']
[0.136s] Level 1:colcon.colcon_core.package_identification:_identify(my_package) by extension 'ignore'
[0.136s] Level 1:colcon.colcon_core.package_identification:_identify(my_package) by extension 'ignore_ament_install'
[0.136s] Level 1:colcon.colcon_core.package_identification:_identify(my_package) by extensions ['colcon_pkg']
[0.136s] Level 1:colcon.colcon_core.package_identification:_identify(my_package) by extension 'colcon_pkg'
[0.137s] Level 1:colcon.colcon_core.package_identification:_identify(my_package) by extensions ['colcon_meta']
[0.137s] Level 1:colcon.colcon_core.package_identification:_identify(my_package) by extension 'colcon_meta'
[0.137s] Level 1:colcon.colcon_core.package_identification:_identify(my_package) by extensions ['ros']
[0.137s] Level 1:colcon.colcon_core.package_identification:_identify(my_package) by extension 'ros'
[0.137s] DEBUG:colcon.colcon_core.package_identification:Package 'my_package' with type 'ros.ament_python' and name 'my_package'
[0.137s] Level 1:colcon.colcon_core.package_identification:_identify(my_robot) by extensions ['ignore', 'ignore_ament_install']
[0.137s] Level 1:colcon.colcon_core.package_identification:_identify(my_robot) by extension 'ignore'
[0.137s] Level 1:colcon.colcon_core.package_identification:_identify(my_robot) by extension 'ignore_ament_install'
[0.137s] Level 1:colcon.colcon_core.package_identification:_identify(my_robot) by extensions ['colcon_pkg']
[0.137s] Level 1:colcon.colcon_core.package_identification:_identify(my_robot) by extension 'colcon_pkg'
[0.137s] Level 1:colcon.colcon_core.package_identification:_identify(my_robot) by extensions ['colcon_meta']
[0.137s] Level 1:colcon.colcon_core.package_identification:_identify(my_robot) by extension 'colcon_meta'
[0.137s] Level 1:colcon.colcon_core.package_identification:_identify(my_robot) by extensions ['ros']
[0.137s] Level 1:colcon.colcon_core.package_identification:_identify(my_robot) by extension 'ros'
[0.138s] DEBUG:colcon.colcon_core.package_identification:Package 'my_robot' with type 'ros.ament_python' and name 'my_robot'
[0.138s] Level 1:colcon.colcon_core.package_discovery:discover_packages(recursive) using defaults
[0.138s] Level 1:colcon.colcon_core.package_discovery:discover_packages(ignore) discover
[0.138s] Level 1:colcon.colcon_core.package_discovery:discover_packages(ignore) using defaults
[0.138s] Level 1:colcon.colcon_core.package_discovery:discover_packages(path) discover
[0.138s] Level 1:colcon.colcon_core.package_discovery:discover_packages(path) using defaults
[0.158s] Level 1:colcon.colcon_core.package_discovery:discover_packages(prefix_path) check parameters
[0.158s] Level 1:colcon.colcon_core.package_discovery:discover_packages(prefix_path) discover
[0.160s] DEBUG:colcon.colcon_installed_package_information.package_discovery:Found 7 installed packages in /home/neo/Documents/ros2_ws/src/install
[0.161s] DEBUG:colcon.colcon_installed_package_information.package_discovery:Found 369 installed packages in /opt/ros/humble
[0.162s] Level 1:colcon.colcon_core.package_discovery:discover_packages(prefix_path) using defaults
[0.186s] Level 5:colcon.colcon_core.verb:set package 'Potential_field' build argument 'cmake_args' from command line to 'None'
[0.187s] Level 5:colcon.colcon_core.verb:set package 'Potential_field' build argument 'cmake_target' from command line to 'None'
[0.187s] Level 5:colcon.colcon_core.verb:set package 'Potential_field' build argument 'cmake_target_skip_unavailable' from command line to 'False'
[0.187s] Level 5:colcon.colcon_core.verb:set package 'Potential_field' build argument 'cmake_clean_cache' from command line to 'False'
[0.187s] Level 5:colcon.colcon_core.verb:set package 'Potential_field' build argument 'cmake_clean_first' from command line to 'False'
[0.187s] Level 5:colcon.colcon_core.verb:set package 'Potential_field' build argument 'cmake_force_configure' from command line to 'False'
[0.187s] Level 5:colcon.colcon_core.verb:set package 'Potential_field' build argument 'ament_cmake_args' from command line to 'None'
[0.187s] Level 5:colcon.colcon_core.verb:set package 'Potential_field' build argument 'catkin_cmake_args' from command line to 'None'
[0.187s] Level 5:colcon.colcon_core.verb:set package 'Potential_field' build argument 'catkin_skip_building_tests' from command line to 'False'
[0.187s] DEBUG:colcon.colcon_core.verb:Building package 'Potential_field' with the following arguments: {'ament_cmake_args': None, 'build_base': '/home/neo/Documents/ros2_ws/src/build/Potential_field', 'catkin_cmake_args': None, 'catkin_skip_building_tests': False, 'cmake_args': None, 'cmake_clean_cache': False, 'cmake_clean_first': False, 'cmake_force_configure': False, 'cmake_target': None, 'cmake_target_skip_unavailable': False, 'install_base': '/home/neo/Documents/ros2_ws/src/install/Potential_field', 'merge_install': False, 'path': '/home/neo/Documents/ros2_ws/src/Potential_field', 'symlink_install': False, 'test_result_base': None}
[0.187s] Level 5:colcon.colcon_core.verb:set package 'editing_map' build argument 'cmake_args' from command line to 'None'
[0.187s] Level 5:colcon.colcon_core.verb:set package 'editing_map' build argument 'cmake_target' from command line to 'None'
[0.187s] Level 5:colcon.colcon_core.verb:set package 'editing_map' build argument 'cmake_target_skip_unavailable' from command line to 'False'
[0.187s] Level 5:colcon.colcon_core.verb:set package 'editing_map' build argument 'cmake_clean_cache' from command line to 'False'
[0.187s] Level 5:colcon.colcon_core.verb:set package 'editing_map' build argument 'cmake_clean_first' from command line to 'False'
[0.187s] Level 5:colcon.colcon_core.verb:set package 'editing_map' build argument 'cmake_force_configure' from command line to 'False'
[0.187s] Level 5:colcon.colcon_core.verb:set package 'editing_map' build argument 'ament_cmake_args' from command line to 'None'
[0.187s] Level 5:colcon.colcon_core.verb:set package 'editing_map' build argument 'catkin_cmake_args' from command line to 'None'
[0.187s] Level 5:colcon.colcon_core.verb:set package 'editing_map' build argument 'catkin_skip_building_tests' from command line to 'False'
[0.187s] DEBUG:colcon.colcon_core.verb:Building package 'editing_map' with the following arguments: {'ament_cmake_args': None, 'build_base': '/home/neo/Documents/ros2_ws/src/build/editing_map', 'catkin_cmake_args': None, 'catkin_skip_building_tests': False, 'cmake_args': None, 'cmake_clean_cache': False, 'cmake_clean_first': False, 'cmake_force_configure': False, 'cmake_target': None, 'cmake_target_skip_unavailable': False, 'install_base': '/home/neo/Documents/ros2_ws/src/install/editing_map', 'merge_install': False, 'path': '/home/neo/Documents/ros2_ws/src/editing_map', 'symlink_install': False, 'test_result_base': None}
[0.187s] Level 5:colcon.colcon_core.verb:set package 'map_right_hand' build argument 'cmake_args' from command line to 'None'
[0.187s] Level 5:colcon.colcon_core.verb:set package 'map_right_hand' build argument 'cmake_target' from command line to 'None'
[0.187s] Level 5:colcon.colcon_core.verb:set package 'map_right_hand' build argument 'cmake_target_skip_unavailable' from command line to 'False'
[0.187s] Level 5:colcon.colcon_core.verb:set package 'map_right_hand' build argument 'cmake_clean_cache' from command line to 'False'
[0.187s] Level 5:colcon.colcon_core.verb:set package 'map_right_hand' build argument 'cmake_clean_first' from command line to 'False'
[0.187s] Level 5:colcon.colcon_core.verb:set package 'map_right_hand' build argument 'cmake_force_configure' from command line to 'False'
[0.187s] Level 5:colcon.colcon_core.verb:set package 'map_right_hand' build argument 'ament_cmake_args' from command line to 'None'
[0.187s] Level 5:colcon.colcon_core.verb:set package 'map_right_hand' build argument 'catkin_cmake_args' from command line to 'None'
[0.187s] Level 5:colcon.colcon_core.verb:set package 'map_right_hand' build argument 'catkin_skip_building_tests' from command line to 'False'
[0.187s] DEBUG:colcon.colcon_core.verb:Building package 'map_right_hand' with the following arguments: {'ament_cmake_args': None, 'build_base': '/home/neo/Documents/ros2_ws/src/build/map_right_hand', 'catkin_cmake_args': None, 'catkin_skip_building_tests': False, 'cmake_args': None, 'cmake_clean_cache': False, 'cmake_clean_first': False, 'cmake_force_configure': False, 'cmake_target': None, 'cmake_target_skip_unavailable': False, 'install_base': '/home/neo/Documents/ros2_ws/src/install/map_right_hand', 'merge_install': False, 'path': '/home/neo/Documents/ros2_ws/src/map_right_hand', 'symlink_install': False, 'test_result_base': None}
[0.188s] Level 5:colcon.colcon_core.verb:set package 'map_test' build argument 'cmake_args' from command line to 'None'
[0.188s] Level 5:colcon.colcon_core.verb:set package 'map_test' build argument 'cmake_target' from command line to 'None'
[0.188s] Level 5:colcon.colcon_core.verb:set package 'map_test' build argument 'cmake_target_skip_unavailable' from command line to 'False'
[0.188s] Level 5:colcon.colcon_core.verb:set package 'map_test' build argument 'cmake_clean_cache' from command line to 'False'
[0.188s] Level 5:colcon.colcon_core.verb:set package 'map_test' build argument 'cmake_clean_first' from command line to 'False'
[0.188s] Level 5:colcon.colcon_core.verb:set package 'map_test' build argument 'cmake_force_configure' from command line to 'False'
[0.188s] Level 5:colcon.colcon_core.verb:set package 'map_test' build argument 'ament_cmake_args' from command line to 'None'
[0.188s] Level 5:colcon.colcon_core.verb:set package 'map_test' build argument 'catkin_cmake_args' from command line to 'None'
[0.188s] Level 5:colcon.colcon_core.verb:set package 'map_test' build argument 'catkin_skip_building_tests' from command line to 'False'
[0.188s] DEBUG:colcon.colcon_core.verb:Building package 'map_test' with the following arguments: {'ament_cmake_args': None, 'build_base': '/home/neo/Documents/ros2_ws/src/build/map_test', 'catkin_cmake_args': None, 'catkin_skip_building_tests': False, 'cmake_args': None, 'cmake_clean_cache': False, 'cmake_clean_first': False, 'cmake_force_configure': False, 'cmake_target': None, 'cmake_target_skip_unavailable': False, 'install_base': '/home/neo/Documents/ros2_ws/src/install/map_test', 'merge_install': False, 'path': '/home/neo/Documents/ros2_ws/src/map_test', 'symlink_install': False, 'test_result_base': None}
[0.188s] Level 5:colcon.colcon_core.verb:set package 'my_package' build argument 'cmake_args' from command line to 'None'
[0.188s] Level 5:colcon.colcon_core.verb:set package 'my_package' build argument 'cmake_target' from command line to 'None'
[0.188s] Level 5:colcon.colcon_core.verb:set package 'my_package' build argument 'cmake_target_skip_unavailable' from command line to 'False'
[0.188s] Level 5:colcon.colcon_core.verb:set package 'my_package' build argument 'cmake_clean_cache' from command line to 'False'
[0.188s] Level 5:colcon.colcon_core.verb:set package 'my_package' build argument 'cmake_clean_first' from command line to 'False'
[0.188s] Level 5:colcon.colcon_core.verb:set package 'my_package' build argument 'cmake_force_configure' from command line to 'False'
[0.188s] Level 5:colcon.colcon_core.verb:set package 'my_package' build argument 'ament_cmake_args' from command line to 'None'
[0.188s] Level 5:colcon.colcon_core.verb:set package 'my_package' build argument 'catkin_cmake_args' from command line to 'None'
[0.188s] Level 5:colcon.colcon_core.verb:set package 'my_package' build argument 'catkin_skip_building_tests' from command line to 'False'
[0.188s] DEBUG:colcon.colcon_core.verb:Building package 'my_package' with the following arguments: {'ament_cmake_args': None, 'build_base': '/home/neo/Documents/ros2_ws/src/build/my_package', 'catkin_cmake_args': None, 'catkin_skip_building_tests': False, 'cmake_args': None, 'cmake_clean_cache': False, 'cmake_clean_first': False, 'cmake_force_configure': False, 'cmake_target': None, 'cmake_target_skip_unavailable': False, 'install_base': '/home/neo/Documents/ros2_ws/src/install/my_package', 'merge_install': False, 'path': '/home/neo/Documents/ros2_ws/src/my_package', 'symlink_install': False, 'test_result_base': None}
[0.188s] Level 5:colcon.colcon_core.verb:set package 'my_robot' build argument 'cmake_args' from command line to 'None'
[0.188s] Level 5:colcon.colcon_core.verb:set package 'my_robot' build argument 'cmake_target' from command line to 'None'
[0.188s] Level 5:colcon.colcon_core.verb:set package 'my_robot' build argument 'cmake_target_skip_unavailable' from command line to 'False'
[0.188s] Level 5:colcon.colcon_core.verb:set package 'my_robot' build argument 'cmake_clean_cache' from command line to 'False'
[0.188s] Level 5:colcon.colcon_core.verb:set package 'my_robot' build argument 'cmake_clean_first' from command line to 'False'
[0.188s] Level 5:colcon.colcon_core.verb:set package 'my_robot' build argument 'cmake_force_configure' from command line to 'False'
[0.188s] Level 5:colcon.colcon_core.verb:set package 'my_robot' build argument 'ament_cmake_args' from command line to 'None'
[0.188s] Level 5:colcon.colcon_core.verb:set package 'my_robot' build argument 'catkin_cmake_args' from command line to 'None'
[0.188s] Level 5:colcon.colcon_core.verb:set package 'my_robot' build argument 'catkin_skip_building_tests' from command line to 'False'
[0.188s] DEBUG:colcon.colcon_core.verb:Building package 'my_robot' with the following arguments: {'ament_cmake_args': None, 'build_base': '/home/neo/Documents/ros2_ws/src/build/my_robot', 'catkin_cmake_args': None, 'catkin_skip_building_tests': False, 'cmake_args': None, 'cmake_clean_cache': False, 'cmake_clean_first': False, 'cmake_force_configure': False, 'cmake_target': None, 'cmake_target_skip_unavailable': False, 'install_base': '/home/neo/Documents/ros2_ws/src/install/my_robot', 'merge_install': False, 'path': '/home/neo/Documents/ros2_ws/src/my_robot', 'symlink_install': False, 'test_result_base': None}
[0.188s] INFO:colcon.colcon_core.executor:Executing jobs using 'parallel' executor
[0.189s] DEBUG:colcon.colcon_parallel_executor.executor.parallel:run_until_complete
[0.189s] INFO:colcon.colcon_ros.task.ament_python.build:Building ROS package in '/home/neo/Documents/ros2_ws/src/Potential_field' with build type 'ament_python'
[0.189s] Level 1:colcon.colcon_core.shell:create_environment_hook('Potential_field', 'ament_prefix_path')
[0.192s] INFO:colcon.colcon_core.plugin_system:Skipping extension 'colcon_core.shell.bat': Not used on non-Windows systems
[0.192s] INFO:colcon.colcon_core.shell:Creating environment hook '/home/neo/Documents/ros2_ws/src/install/Potential_field/share/Potential_field/hook/ament_prefix_path.ps1'
[0.193s] INFO:colcon.colcon_core.shell:Creating environment descriptor '/home/neo/Documents/ros2_ws/src/install/Potential_field/share/Potential_field/hook/ament_prefix_path.dsv'
[0.193s] INFO:colcon.colcon_core.shell:Creating environment hook '/home/neo/Documents/ros2_ws/src/install/Potential_field/share/Potential_field/hook/ament_prefix_path.sh'
[0.194s] INFO:colcon.colcon_core.shell:Skip shell extension 'powershell' for command environment: Not usable outside of PowerShell
[0.194s] DEBUG:colcon.colcon_core.shell:Skip shell extension 'dsv' for command environment
[0.196s] INFO:colcon.colcon_ros.task.ament_python.build:Building ROS package in '/home/neo/Documents/ros2_ws/src/editing_map' with build type 'ament_python'
[0.196s] Level 1:colcon.colcon_core.shell:create_environment_hook('editing_map', 'ament_prefix_path')
[0.197s] INFO:colcon.colcon_core.shell:Creating environment hook '/home/neo/Documents/ros2_ws/src/install/editing_map/share/editing_map/hook/ament_prefix_path.ps1'
[0.197s] INFO:colcon.colcon_core.shell:Creating environment descriptor '/home/neo/Documents/ros2_ws/src/install/editing_map/share/editing_map/hook/ament_prefix_path.dsv'
[0.197s] INFO:colcon.colcon_core.shell:Creating environment hook '/home/neo/Documents/ros2_ws/src/install/editing_map/share/editing_map/hook/ament_prefix_path.sh'
[0.197s] INFO:colcon.colcon_core.shell:Skip shell extension 'powershell' for command environment: Not usable outside of PowerShell
[0.197s] DEBUG:colcon.colcon_core.shell:Skip shell extension 'dsv' for command environment
[0.199s] INFO:colcon.colcon_ros.task.ament_python.build:Building ROS package in '/home/neo/Documents/ros2_ws/src/map_right_hand' with build type 'ament_python'
[0.199s] Level 1:colcon.colcon_core.shell:create_environment_hook('map_right_hand', 'ament_prefix_path')
[0.199s] INFO:colcon.colcon_core.shell:Creating environment hook '/home/neo/Documents/ros2_ws/src/install/map_right_hand/share/map_right_hand/hook/ament_prefix_path.ps1'
[0.200s] INFO:colcon.colcon_core.shell:Creating environment descriptor '/home/neo/Documents/ros2_ws/src/install/map_right_hand/share/map_right_hand/hook/ament_prefix_path.dsv'
[0.200s] INFO:colcon.colcon_core.shell:Creating environment hook '/home/neo/Documents/ros2_ws/src/install/map_right_hand/share/map_right_hand/hook/ament_prefix_path.sh'
[0.200s] INFO:colcon.colcon_core.shell:Skip shell extension 'powershell' for command environment: Not usable outside of PowerShell
[0.200s] DEBUG:colcon.colcon_core.shell:Skip shell extension 'dsv' for command environment
[0.202s] INFO:colcon.colcon_ros.task.ament_python.build:Building ROS package in '/home/neo/Documents/ros2_ws/src/map_test' with build type 'ament_python'
[0.202s] Level 1:colcon.colcon_core.shell:create_environment_hook('map_test', 'ament_prefix_path')
[0.203s] INFO:colcon.colcon_core.shell:Creating environment hook '/home/neo/Documents/ros2_ws/src/install/map_test/share/map_test/hook/ament_prefix_path.ps1'
[0.203s] INFO:colcon.colcon_core.shell:Creating environment descriptor '/home/neo/Documents/ros2_ws/src/install/map_test/share/map_test/hook/ament_prefix_path.dsv'
[0.203s] INFO:colcon.colcon_core.shell:Creating environment hook '/home/neo/Documents/ros2_ws/src/install/map_test/share/map_test/hook/ament_prefix_path.sh'
[0.203s] INFO:colcon.colcon_core.shell:Skip shell extension 'powershell' for command environment: Not usable outside of PowerShell
[0.203s] DEBUG:colcon.colcon_core.shell:Skip shell extension 'dsv' for command environment
[0.205s] INFO:colcon.colcon_ros.task.ament_python.build:Building ROS package in '/home/neo/Documents/ros2_ws/src/my_package' with build type 'ament_python'
[0.206s] Level 1:colcon.colcon_core.shell:create_environment_hook('my_package', 'ament_prefix_path')
[0.206s] INFO:colcon.colcon_core.shell:Creating environment hook '/home/neo/Documents/ros2_ws/src/install/my_package/share/my_package/hook/ament_prefix_path.ps1'
[0.206s] INFO:colcon.colcon_core.shell:Creating environment descriptor '/home/neo/Documents/ros2_ws/src/install/my_package/share/my_package/hook/ament_prefix_path.dsv'
[0.206s] INFO:colcon.colcon_core.shell:Creating environment hook '/home/neo/Documents/ros2_ws/src/install/my_package/share/my_package/hook/ament_prefix_path.sh'
[0.207s] INFO:colcon.colcon_core.shell:Skip shell extension 'powershell' for command environment: Not usable outside of PowerShell
[0.207s] DEBUG:colcon.colcon_core.shell:Skip shell extension 'dsv' for command environment
[0.208s] INFO:colcon.colcon_ros.task.ament_python.build:Building ROS package in '/home/neo/Documents/ros2_ws/src/my_robot' with build type 'ament_python'
[0.209s] Level 1:colcon.colcon_core.shell:create_environment_hook('my_robot', 'ament_prefix_path')
[0.209s] INFO:colcon.colcon_core.shell:Creating environment hook '/home/neo/Documents/ros2_ws/src/install/my_robot/share/my_robot/hook/ament_prefix_path.ps1'
[0.209s] INFO:colcon.colcon_core.shell:Creating environment descriptor '/home/neo/Documents/ros2_ws/src/install/my_robot/share/my_robot/hook/ament_prefix_path.dsv'
[0.209s] INFO:colcon.colcon_core.shell:Creating environment hook '/home/neo/Documents/ros2_ws/src/install/my_robot/share/my_robot/hook/ament_prefix_path.sh'
[0.209s] INFO:colcon.colcon_core.shell:Skip shell extension 'powershell' for command environment: Not usable outside of PowerShell
[0.210s] DEBUG:colcon.colcon_core.shell:Skip shell extension 'dsv' for command environment
[0.363s] INFO:colcon.colcon_core.task.python.build:Building Python package in '/home/neo/Documents/ros2_ws/src/Potential_field'
[0.363s] INFO:colcon.colcon_core.shell:Skip shell extension 'powershell' for command environment: Not usable outside of PowerShell
[0.363s] DEBUG:colcon.colcon_core.shell:Skip shell extension 'dsv' for command environment
[0.506s] INFO:colcon.colcon_core.task.python.build:Building Python package in '/home/neo/Documents/ros2_ws/src/editing_map'
[0.507s] INFO:colcon.colcon_core.shell:Skip shell extension 'powershell' for command environment: Not usable outside of PowerShell
[0.507s] DEBUG:colcon.colcon_core.shell:Skip shell extension 'dsv' for command environment
[0.650s] INFO:colcon.colcon_core.task.python.build:Building Python package in '/home/neo/Documents/ros2_ws/src/map_right_hand'
[0.650s] INFO:colcon.colcon_core.shell:Skip shell extension 'powershell' for command environment: Not usable outside of PowerShell
[0.650s] DEBUG:colcon.colcon_core.shell:Skip shell extension 'dsv' for command environment
[0.809s] INFO:colcon.colcon_core.task.python.build:Building Python package in '/home/neo/Documents/ros2_ws/src/map_test'
[0.810s] INFO:colcon.colcon_core.shell:Skip shell extension 'powershell' for command environment: Not usable outside of PowerShell
[0.810s] DEBUG:colcon.colcon_core.shell:Skip shell extension 'dsv' for command environment
[0.952s] INFO:colcon.colcon_core.task.python.build:Building Python package in '/home/neo/Documents/ros2_ws/src/my_package'
[0.952s] INFO:colcon.colcon_core.shell:Skip shell extension 'powershell' for command environment: Not usable outside of PowerShell
[0.952s] DEBUG:colcon.colcon_core.shell:Skip shell extension 'dsv' for command environment
[1.098s] INFO:colcon.colcon_core.task.python.build:Building Python package in '/home/neo/Documents/ros2_ws/src/my_robot'
[1.098s] INFO:colcon.colcon_core.shell:Skip shell extension 'powershell' for command environment: Not usable outside of PowerShell
[1.098s] DEBUG:colcon.colcon_core.shell:Skip shell extension 'dsv' for command environment
[1.706s] DEBUG:colcon.colcon_core.event_handler.log_command:Invoking command in '/home/neo/Documents/ros2_ws/src/Potential_field': PYTHONPATH=/home/neo/Documents/ros2_ws/src/build/Potential_field/prefix_override:/usr/lib/python3/dist-packages/colcon_core/task/python/colcon_distutils_commands:/home/neo/Documents/ros2_ws/src/install/Potential_field/lib/python3.10/site-packages:${PYTHONPATH} /usr/bin/python3 -W ignore:setup.py install is deprecated -W ignore:easy_install command is deprecated setup.py egg_info --egg-base ../build/Potential_field build --build-base /home/neo/Documents/ros2_ws/src/build/Potential_field/build install --record /home/neo/Documents/ros2_ws/src/build/Potential_field/install.log --single-version-externally-managed install_data
[1.717s] DEBUG:colcon.colcon_core.event_handler.log_command:Invoking command in '/home/neo/Documents/ros2_ws/src/my_package': PYTHONPATH=/home/neo/Documents/ros2_ws/src/build/my_package/prefix_override:/usr/lib/python3/dist-packages/colcon_core/task/python/colcon_distutils_commands:/home/neo/Documents/ros2_ws/src/install/my_package/lib/python3.10/site-packages:${PYTHONPATH} /usr/bin/python3 -W ignore:setup.py install is deprecated -W ignore:easy_install command is deprecated setup.py egg_info --egg-base ../build/my_package build --build-base /home/neo/Documents/ros2_ws/src/build/my_package/build install --record /home/neo/Documents/ros2_ws/src/build/my_package/install.log --single-version-externally-managed install_data
[1.720s] DEBUG:colcon.colcon_core.event_handler.log_command:Invoking command in '/home/neo/Documents/ros2_ws/src/editing_map': PYTHONPATH=/home/neo/Documents/ros2_ws/src/build/editing_map/prefix_override:/usr/lib/python3/dist-packages/colcon_core/task/python/colcon_distutils_commands:/home/neo/Documents/ros2_ws/src/install/editing_map/lib/python3.10/site-packages:${PYTHONPATH} /usr/bin/python3 -W ignore:setup.py install is deprecated -W ignore:easy_install command is deprecated setup.py egg_info --egg-base ../build/editing_map build --build-base /home/neo/Documents/ros2_ws/src/build/editing_map/build install --record /home/neo/Documents/ros2_ws/src/build/editing_map/install.log --single-version-externally-managed install_data
[1.721s] DEBUG:colcon.colcon_core.event_handler.log_command:Invoking command in '/home/neo/Documents/ros2_ws/src/my_robot': PYTHONPATH=/home/neo/Documents/ros2_ws/src/build/my_robot/prefix_override:/usr/lib/python3/dist-packages/colcon_core/task/python/colcon_distutils_commands:/home/neo/Documents/ros2_ws/src/install/my_robot/lib/python3.10/site-packages:${PYTHONPATH} /usr/bin/python3 -W ignore:setup.py install is deprecated -W ignore:easy_install command is deprecated setup.py egg_info --egg-base ../build/my_robot build --build-base /home/neo/Documents/ros2_ws/src/build/my_robot/build install --record /home/neo/Documents/ros2_ws/src/build/my_robot/install.log --single-version-externally-managed install_data
[1.733s] DEBUG:colcon.colcon_core.event_handler.log_command:Invoking command in '/home/neo/Documents/ros2_ws/src/map_right_hand': PYTHONPATH=/home/neo/Documents/ros2_ws/src/build/map_right_hand/prefix_override:/usr/lib/python3/dist-packages/colcon_core/task/python/colcon_distutils_commands:/home/neo/Documents/ros2_ws/src/install/map_right_hand/lib/python3.10/site-packages:${PYTHONPATH} /usr/bin/python3 -W ignore:setup.py install is deprecated -W ignore:easy_install command is deprecated setup.py egg_info --egg-base ../build/map_right_hand build --build-base /home/neo/Documents/ros2_ws/src/build/map_right_hand/build install --record /home/neo/Documents/ros2_ws/src/build/map_right_hand/install.log --single-version-externally-managed install_data
[1.736s] DEBUG:colcon.colcon_core.event_handler.log_command:Invoking command in '/home/neo/Documents/ros2_ws/src/map_test': PYTHONPATH=/home/neo/Documents/ros2_ws/src/build/map_test/prefix_override:/usr/lib/python3/dist-packages/colcon_core/task/python/colcon_distutils_commands:/home/neo/Documents/ros2_ws/src/install/map_test/lib/python3.10/site-packages:${PYTHONPATH} /usr/bin/python3 -W ignore:setup.py install is deprecated -W ignore:easy_install command is deprecated setup.py egg_info --egg-base ../build/map_test build --build-base /home/neo/Documents/ros2_ws/src/build/map_test/build install --record /home/neo/Documents/ros2_ws/src/build/map_test/install.log --single-version-externally-managed install_data
[2.120s] DEBUG:colcon.colcon_core.event_handler.log_command:Invoked command in '/home/neo/Documents/ros2_ws/src/Potential_field' returned '0': PYTHONPATH=/home/neo/Documents/ros2_ws/src/build/Potential_field/prefix_override:/usr/lib/python3/dist-packages/colcon_core/task/python/colcon_distutils_commands:/home/neo/Documents/ros2_ws/src/install/Potential_field/lib/python3.10/site-packages:${PYTHONPATH} /usr/bin/python3 -W ignore:setup.py install is deprecated -W ignore:easy_install command is deprecated setup.py egg_info --egg-base ../build/Potential_field build --build-base /home/neo/Documents/ros2_ws/src/build/Potential_field/build install --record /home/neo/Documents/ros2_ws/src/build/Potential_field/install.log --single-version-externally-managed install_data
[2.124s] Level 1:colcon.colcon_core.environment:checking '/home/neo/Documents/ros2_ws/src/install/Potential_field' for CMake module files
[2.125s] Level 1:colcon.colcon_core.environment:checking '/home/neo/Documents/ros2_ws/src/install/Potential_field' for CMake config files
[2.125s] Level 1:colcon.colcon_core.environment:checking '/home/neo/Documents/ros2_ws/src/install/Potential_field/lib'
[2.125s] Level 1:colcon.colcon_core.environment:checking '/home/neo/Documents/ros2_ws/src/install/Potential_field/bin'
[2.125s] Level 1:colcon.colcon_core.environment:checking '/home/neo/Documents/ros2_ws/src/install/Potential_field/lib/pkgconfig/Potential_field.pc'
[2.126s] Level 1:colcon.colcon_core.environment:checking '/home/neo/Documents/ros2_ws/src/install/Potential_field/lib/python3.10/site-packages'
[2.126s] Level 1:colcon.colcon_core.shell:create_environment_hook('Potential_field', 'pythonpath')
[2.126s] INFO:colcon.colcon_core.shell:Creating environment hook '/home/neo/Documents/ros2_ws/src/install/Potential_field/share/Potential_field/hook/pythonpath.ps1'
[2.126s] INFO:colcon.colcon_core.shell:Creating environment descriptor '/home/neo/Documents/ros2_ws/src/install/Potential_field/share/Potential_field/hook/pythonpath.dsv'
[2.127s] INFO:colcon.colcon_core.shell:Creating environment hook '/home/neo/Documents/ros2_ws/src/install/Potential_field/share/Potential_field/hook/pythonpath.sh'
[2.127s] Level 1:colcon.colcon_core.environment:checking '/home/neo/Documents/ros2_ws/src/install/Potential_field/bin'
[2.127s] Level 1:colcon.colcon_core.environment:create_environment_scripts_only(Potential_field)
[2.127s] INFO:colcon.colcon_core.shell:Creating package script '/home/neo/Documents/ros2_ws/src/install/Potential_field/share/Potential_field/package.ps1'
[2.128s] INFO:colcon.colcon_core.shell:Creating package descriptor '/home/neo/Documents/ros2_ws/src/install/Potential_field/share/Potential_field/package.dsv'
[2.129s] INFO:colcon.colcon_core.shell:Creating package script '/home/neo/Documents/ros2_ws/src/install/Potential_field/share/Potential_field/package.sh'
[2.130s] INFO:colcon.colcon_core.shell:Creating package script '/home/neo/Documents/ros2_ws/src/install/Potential_field/share/Potential_field/package.bash'
[2.132s] INFO:colcon.colcon_core.shell:Creating package script '/home/neo/Documents/ros2_ws/src/install/Potential_field/share/Potential_field/package.zsh'
[2.133s] Level 1:colcon.colcon_core.environment:create_file_with_runtime_dependencies(/home/neo/Documents/ros2_ws/src/install/Potential_field/share/colcon-core/packages/Potential_field)
[2.134s] Level 1:colcon.colcon_core.environment:checking '/home/neo/Documents/ros2_ws/src/install/map_test' for CMake module files
[2.135s] DEBUG:colcon.colcon_core.event_handler.log_command:Invoked command in '/home/neo/Documents/ros2_ws/src/map_test' returned '0': PYTHONPATH=/home/neo/Documents/ros2_ws/src/build/map_test/prefix_override:/usr/lib/python3/dist-packages/colcon_core/task/python/colcon_distutils_commands:/home/neo/Documents/ros2_ws/src/install/map_test/lib/python3.10/site-packages:${PYTHONPATH} /usr/bin/python3 -W ignore:setup.py install is deprecated -W ignore:easy_install command is deprecated setup.py egg_info --egg-base ../build/map_test build --build-base /home/neo/Documents/ros2_ws/src/build/map_test/build install --record /home/neo/Documents/ros2_ws/src/build/map_test/install.log --single-version-externally-managed install_data
[2.135s] Level 1:colcon.colcon_core.environment:checking '/home/neo/Documents/ros2_ws/src/install/map_test' for CMake config files
[2.135s] Level 1:colcon.colcon_core.environment:checking '/home/neo/Documents/ros2_ws/src/install/map_test/lib'
[2.135s] Level 1:colcon.colcon_core.environment:checking '/home/neo/Documents/ros2_ws/src/install/map_test/bin'
[2.135s] Level 1:colcon.colcon_core.environment:checking '/home/neo/Documents/ros2_ws/src/install/map_test/lib/pkgconfig/map_test.pc'
[2.136s] Level 1:colcon.colcon_core.environment:checking '/home/neo/Documents/ros2_ws/src/install/map_test/lib/python3.10/site-packages'
[2.136s] Level 1:colcon.colcon_core.shell:create_environment_hook('map_test', 'pythonpath')
[2.136s] INFO:colcon.colcon_core.shell:Creating environment hook '/home/neo/Documents/ros2_ws/src/install/map_test/share/map_test/hook/pythonpath.ps1'
[2.136s] INFO:colcon.colcon_core.shell:Creating environment descriptor '/home/neo/Documents/ros2_ws/src/install/map_test/share/map_test/hook/pythonpath.dsv'
[2.136s] INFO:colcon.colcon_core.shell:Creating environment hook '/home/neo/Documents/ros2_ws/src/install/map_test/share/map_test/hook/pythonpath.sh'
[2.137s] Level 1:colcon.colcon_core.environment:checking '/home/neo/Documents/ros2_ws/src/install/map_test/bin'
[2.137s] Level 1:colcon.colcon_core.environment:create_environment_scripts_only(map_test)
[2.137s] INFO:colcon.colcon_core.shell:Creating package script '/home/neo/Documents/ros2_ws/src/install/map_test/share/map_test/package.ps1'
[2.137s] INFO:colcon.colcon_core.shell:Creating package descriptor '/home/neo/Documents/ros2_ws/src/install/map_test/share/map_test/package.dsv'
[2.137s] INFO:colcon.colcon_core.shell:Creating package script '/home/neo/Documents/ros2_ws/src/install/map_test/share/map_test/package.sh'
[2.138s] INFO:colcon.colcon_core.shell:Creating package script '/home/neo/Documents/ros2_ws/src/install/map_test/share/map_test/package.bash'
[2.138s] INFO:colcon.colcon_core.shell:Creating package script '/home/neo/Documents/ros2_ws/src/install/map_test/share/map_test/package.zsh'
[2.138s] Level 1:colcon.colcon_core.environment:create_file_with_runtime_dependencies(/home/neo/Documents/ros2_ws/src/install/map_test/share/colcon-core/packages/map_test)
[2.145s] Level 1:colcon.colcon_core.environment:checking '/home/neo/Documents/ros2_ws/src/install/map_right_hand' for CMake module files
[2.146s] DEBUG:colcon.colcon_core.event_handler.log_command:Invoked command in '/home/neo/Documents/ros2_ws/src/map_right_hand' returned '0': PYTHONPATH=/home/neo/Documents/ros2_ws/src/build/map_right_hand/prefix_override:/usr/lib/python3/dist-packages/colcon_core/task/python/colcon_distutils_commands:/home/neo/Documents/ros2_ws/src/install/map_right_hand/lib/python3.10/site-packages:${PYTHONPATH} /usr/bin/python3 -W ignore:setup.py install is deprecated -W ignore:easy_install command is deprecated setup.py egg_info --egg-base ../build/map_right_hand build --build-base /home/neo/Documents/ros2_ws/src/build/map_right_hand/build install --record /home/neo/Documents/ros2_ws/src/build/map_right_hand/install.log --single-version-externally-managed install_data
[2.147s] Level 1:colcon.colcon_core.environment:checking '/home/neo/Documents/ros2_ws/src/install/map_right_hand' for CMake config files
[2.147s] Level 1:colcon.colcon_core.environment:checking '/home/neo/Documents/ros2_ws/src/install/map_right_hand/lib'
[2.147s] Level 1:colcon.colcon_core.environment:checking '/home/neo/Documents/ros2_ws/src/install/map_right_hand/bin'
[2.147s] Level 1:colcon.colcon_core.environment:checking '/home/neo/Documents/ros2_ws/src/install/map_right_hand/lib/pkgconfig/map_right_hand.pc'
[2.147s] Level 1:colcon.colcon_core.environment:checking '/home/neo/Documents/ros2_ws/src/install/map_right_hand/lib/python3.10/site-packages'
[2.148s] Level 1:colcon.colcon_core.shell:create_environment_hook('map_right_hand', 'pythonpath')
[2.148s] INFO:colcon.colcon_core.shell:Creating environment hook '/home/neo/Documents/ros2_ws/src/install/map_right_hand/share/map_right_hand/hook/pythonpath.ps1'
[2.148s] INFO:colcon.colcon_core.shell:Creating environment descriptor '/home/neo/Documents/ros2_ws/src/install/map_right_hand/share/map_right_hand/hook/pythonpath.dsv'
[2.149s] INFO:colcon.colcon_core.shell:Creating environment hook '/home/neo/Documents/ros2_ws/src/install/map_right_hand/share/map_right_hand/hook/pythonpath.sh'
[2.149s] Level 1:colcon.colcon_core.environment:checking '/home/neo/Documents/ros2_ws/src/install/map_right_hand/bin'
[2.150s] Level 1:colcon.colcon_core.environment:create_environment_scripts_only(map_right_hand)
[2.150s] INFO:colcon.colcon_core.shell:Creating package script '/home/neo/Documents/ros2_ws/src/install/map_right_hand/share/map_right_hand/package.ps1'
[2.150s] INFO:colcon.colcon_core.shell:Creating package descriptor '/home/neo/Documents/ros2_ws/src/install/map_right_hand/share/map_right_hand/package.dsv'
[2.151s] INFO:colcon.colcon_core.shell:Creating package script '/home/neo/Documents/ros2_ws/src/install/map_right_hand/share/map_right_hand/package.sh'
[2.151s] INFO:colcon.colcon_core.shell:Creating package script '/home/neo/Documents/ros2_ws/src/install/map_right_hand/share/map_right_hand/package.bash'
[2.152s] INFO:colcon.colcon_core.shell:Creating package script '/home/neo/Documents/ros2_ws/src/install/map_right_hand/share/map_right_hand/package.zsh'
[2.152s] Level 1:colcon.colcon_core.environment:create_file_with_runtime_dependencies(/home/neo/Documents/ros2_ws/src/install/map_right_hand/share/colcon-core/packages/map_right_hand)
[2.163s] Level 1:colcon.colcon_core.environment:checking '/home/neo/Documents/ros2_ws/src/install/editing_map' for CMake module files
[2.164s] DEBUG:colcon.colcon_core.event_handler.log_command:Invoked command in '/home/neo/Documents/ros2_ws/src/editing_map' returned '0': PYTHONPATH=/home/neo/Documents/ros2_ws/src/build/editing_map/prefix_override:/usr/lib/python3/dist-packages/colcon_core/task/python/colcon_distutils_commands:/home/neo/Documents/ros2_ws/src/install/editing_map/lib/python3.10/site-packages:${PYTHONPATH} /usr/bin/python3 -W ignore:setup.py install is deprecated -W ignore:easy_install command is deprecated setup.py egg_info --egg-base ../build/editing_map build --build-base /home/neo/Documents/ros2_ws/src/build/editing_map/build install --record /home/neo/Documents/ros2_ws/src/build/editing_map/install.log --single-version-externally-managed install_data
[2.164s] Level 1:colcon.colcon_core.environment:checking '/home/neo/Documents/ros2_ws/src/install/editing_map' for CMake config files
[2.164s] Level 1:colcon.colcon_core.environment:checking '/home/neo/Documents/ros2_ws/src/install/editing_map/lib'
[2.164s] Level 1:colcon.colcon_core.environment:checking '/home/neo/Documents/ros2_ws/src/install/editing_map/bin'
[2.164s] Level 1:colcon.colcon_core.environment:checking '/home/neo/Documents/ros2_ws/src/install/editing_map/lib/pkgconfig/editing_map.pc'
[2.165s] Level 1:colcon.colcon_core.environment:checking '/home/neo/Documents/ros2_ws/src/install/editing_map/lib/python3.10/site-packages'
[2.165s] Level 1:colcon.colcon_core.shell:create_environment_hook('editing_map', 'pythonpath')
[2.165s] INFO:colcon.colcon_core.shell:Creating environment hook '/home/neo/Documents/ros2_ws/src/install/editing_map/share/editing_map/hook/pythonpath.ps1'
[2.165s] INFO:colcon.colcon_core.shell:Creating environment descriptor '/home/neo/Documents/ros2_ws/src/install/editing_map/share/editing_map/hook/pythonpath.dsv'
[2.165s] INFO:colcon.colcon_core.shell:Creating environment hook '/home/neo/Documents/ros2_ws/src/install/editing_map/share/editing_map/hook/pythonpath.sh'
[2.166s] Level 1:colcon.colcon_core.environment:checking '/home/neo/Documents/ros2_ws/src/install/editing_map/bin'
[2.166s] Level 1:colcon.colcon_core.environment:create_environment_scripts_only(editing_map)
[2.166s] INFO:colcon.colcon_core.shell:Creating package script '/home/neo/Documents/ros2_ws/src/install/editing_map/share/editing_map/package.ps1'
[2.167s] INFO:colcon.colcon_core.shell:Creating package descriptor '/home/neo/Documents/ros2_ws/src/install/editing_map/share/editing_map/package.dsv'
[2.167s] INFO:colcon.colcon_core.shell:Creating package script '/home/neo/Documents/ros2_ws/src/install/editing_map/share/editing_map/package.sh'
[2.167s] INFO:colcon.colcon_core.shell:Creating package script '/home/neo/Documents/ros2_ws/src/install/editing_map/share/editing_map/package.bash'
[2.168s] INFO:colcon.colcon_core.shell:Creating package script '/home/neo/Documents/ros2_ws/src/install/editing_map/share/editing_map/package.zsh'
[2.169s] Level 1:colcon.colcon_core.environment:create_file_with_runtime_dependencies(/home/neo/Documents/ros2_ws/src/install/editing_map/share/colcon-core/packages/editing_map)
[2.268s] Level 1:colcon.colcon_core.environment:checking '/home/neo/Documents/ros2_ws/src/install/my_package' for CMake module files
[2.269s] DEBUG:colcon.colcon_core.event_handler.log_command:Invoked command in '/home/neo/Documents/ros2_ws/src/my_package' returned '0': PYTHONPATH=/home/neo/Documents/ros2_ws/src/build/my_package/prefix_override:/usr/lib/python3/dist-packages/colcon_core/task/python/colcon_distutils_commands:/home/neo/Documents/ros2_ws/src/install/my_package/lib/python3.10/site-packages:${PYTHONPATH} /usr/bin/python3 -W ignore:setup.py install is deprecated -W ignore:easy_install command is deprecated setup.py egg_info --egg-base ../build/my_package build --build-base /home/neo/Documents/ros2_ws/src/build/my_package/build install --record /home/neo/Documents/ros2_ws/src/build/my_package/install.log --single-version-externally-managed install_data
[2.269s] Level 1:colcon.colcon_core.environment:checking '/home/neo/Documents/ros2_ws/src/install/my_package' for CMake config files
[2.269s] Level 1:colcon.colcon_core.environment:checking '/home/neo/Documents/ros2_ws/src/install/my_package/lib'
[2.269s] Level 1:colcon.colcon_core.environment:checking '/home/neo/Documents/ros2_ws/src/install/my_package/bin'
[2.269s] Level 1:colcon.colcon_core.environment:checking '/home/neo/Documents/ros2_ws/src/install/my_package/lib/pkgconfig/my_package.pc'
[2.269s] Level 1:colcon.colcon_core.environment:checking '/home/neo/Documents/ros2_ws/src/install/my_package/lib/python3.10/site-packages'
[2.269s] Level 1:colcon.colcon_core.shell:create_environment_hook('my_package', 'pythonpath')
[2.269s] INFO:colcon.colcon_core.shell:Creating environment hook '/home/neo/Documents/ros2_ws/src/install/my_package/share/my_package/hook/pythonpath.ps1'
[2.270s] INFO:colcon.colcon_core.shell:Creating environment descriptor '/home/neo/Documents/ros2_ws/src/install/my_package/share/my_package/hook/pythonpath.dsv'
[2.270s] INFO:colcon.colcon_core.shell:Creating environment hook '/home/neo/Documents/ros2_ws/src/install/my_package/share/my_package/hook/pythonpath.sh'
[2.270s] Level 1:colcon.colcon_core.environment:checking '/home/neo/Documents/ros2_ws/src/install/my_package/bin'
[2.270s] Level 1:colcon.colcon_core.environment:create_environment_scripts_only(my_package)
[2.271s] INFO:colcon.colcon_core.shell:Creating package script '/home/neo/Documents/ros2_ws/src/install/my_package/share/my_package/package.ps1'
[2.271s] INFO:colcon.colcon_core.shell:Creating package descriptor '/home/neo/Documents/ros2_ws/src/install/my_package/share/my_package/package.dsv'
[2.271s] INFO:colcon.colcon_core.shell:Creating package script '/home/neo/Documents/ros2_ws/src/install/my_package/share/my_package/package.sh'
[2.271s] INFO:colcon.colcon_core.shell:Creating package script '/home/neo/Documents/ros2_ws/src/install/my_package/share/my_package/package.bash'
[2.271s] INFO:colcon.colcon_core.shell:Creating package script '/home/neo/Documents/ros2_ws/src/install/my_package/share/my_package/package.zsh'
[2.272s] Level 1:colcon.colcon_core.environment:create_file_with_runtime_dependencies(/home/neo/Documents/ros2_ws/src/install/my_package/share/colcon-core/packages/my_package)
[2.298s] Level 1:colcon.colcon_core.environment:checking '/home/neo/Documents/ros2_ws/src/install/my_robot' for CMake module files
[2.299s] DEBUG:colcon.colcon_core.event_handler.log_command:Invoked command in '/home/neo/Documents/ros2_ws/src/my_robot' returned '0': PYTHONPATH=/home/neo/Documents/ros2_ws/src/build/my_robot/prefix_override:/usr/lib/python3/dist-packages/colcon_core/task/python/colcon_distutils_commands:/home/neo/Documents/ros2_ws/src/install/my_robot/lib/python3.10/site-packages:${PYTHONPATH} /usr/bin/python3 -W ignore:setup.py install is deprecated -W ignore:easy_install command is deprecated setup.py egg_info --egg-base ../build/my_robot build --build-base /home/neo/Documents/ros2_ws/src/build/my_robot/build install --record /home/neo/Documents/ros2_ws/src/build/my_robot/install.log --single-version-externally-managed install_data
[2.299s] Level 1:colcon.colcon_core.environment:checking '/home/neo/Documents/ros2_ws/src/install/my_robot' for CMake config files
[2.300s] Level 1:colcon.colcon_core.environment:checking '/home/neo/Documents/ros2_ws/src/install/my_robot/lib'
[2.300s] Level 1:colcon.colcon_core.environment:checking '/home/neo/Documents/ros2_ws/src/install/my_robot/bin'
[2.300s] Level 1:colcon.colcon_core.environment:checking '/home/neo/Documents/ros2_ws/src/install/my_robot/lib/pkgconfig/my_robot.pc'
[2.300s] Level 1:colcon.colcon_core.environment:checking '/home/neo/Documents/ros2_ws/src/install/my_robot/lib/python3.10/site-packages'
[2.300s] Level 1:colcon.colcon_core.shell:create_environment_hook('my_robot', 'pythonpath')
[2.301s] INFO:colcon.colcon_core.shell:Creating environment hook '/home/neo/Documents/ros2_ws/src/install/my_robot/share/my_robot/hook/pythonpath.ps1'
[2.301s] INFO:colcon.colcon_core.shell:Creating environment descriptor '/home/neo/Documents/ros2_ws/src/install/my_robot/share/my_robot/hook/pythonpath.dsv'
[2.301s] INFO:colcon.colcon_core.shell:Creating environment hook '/home/neo/Documents/ros2_ws/src/install/my_robot/share/my_robot/hook/pythonpath.sh'
[2.302s] Level 1:colcon.colcon_core.environment:checking '/home/neo/Documents/ros2_ws/src/install/my_robot/bin'
[2.302s] Level 1:colcon.colcon_core.environment:create_environment_scripts_only(my_robot)
[2.302s] INFO:colcon.colcon_core.shell:Creating package script '/home/neo/Documents/ros2_ws/src/install/my_robot/share/my_robot/package.ps1'
[2.303s] INFO:colcon.colcon_core.shell:Creating package descriptor '/home/neo/Documents/ros2_ws/src/install/my_robot/share/my_robot/package.dsv'
[2.303s] INFO:colcon.colcon_core.shell:Creating package script '/home/neo/Documents/ros2_ws/src/install/my_robot/share/my_robot/package.sh'
[2.304s] INFO:colcon.colcon_core.shell:Creating package script '/home/neo/Documents/ros2_ws/src/install/my_robot/share/my_robot/package.bash'
[2.304s] INFO:colcon.colcon_core.shell:Creating package script '/home/neo/Documents/ros2_ws/src/install/my_robot/share/my_robot/package.zsh'
[2.304s] Level 1:colcon.colcon_core.environment:create_file_with_runtime_dependencies(/home/neo/Documents/ros2_ws/src/install/my_robot/share/colcon-core/packages/my_robot)
[2.305s] DEBUG:colcon.colcon_parallel_executor.executor.parallel:closing loop
[2.305s] DEBUG:colcon.colcon_parallel_executor.executor.parallel:loop closed
[2.305s] DEBUG:colcon.colcon_parallel_executor.executor.parallel:run_until_complete finished with '0'
[2.305s] DEBUG:colcon.colcon_core.event_reactor:joining thread
[2.311s] INFO:colcon.colcon_core.plugin_system:Skipping extension 'colcon_notification.desktop_notification.terminal_notifier': Not used on non-Darwin systems
[2.311s] INFO:colcon.colcon_core.plugin_system:Skipping extension 'colcon_notification.desktop_notification.win32': Not used on non-Windows systems
[2.311s] INFO:colcon.colcon_notification.desktop_notification:Sending desktop notification using 'notify2'
[2.324s] DEBUG:colcon.colcon_core.event_reactor:joined thread
[2.325s] INFO:colcon.colcon_core.shell:Creating prefix script '/home/neo/Documents/ros2_ws/src/install/local_setup.ps1'
[2.325s] INFO:colcon.colcon_core.shell:Creating prefix util module '/home/neo/Documents/ros2_ws/src/install/_local_setup_util_ps1.py'
[2.327s] INFO:colcon.colcon_core.shell:Creating prefix chain script '/home/neo/Documents/ros2_ws/src/install/setup.ps1'
[2.328s] INFO:colcon.colcon_core.shell:Creating prefix script '/home/neo/Documents/ros2_ws/src/install/local_setup.sh'
[2.328s] INFO:colcon.colcon_core.shell:Creating prefix util module '/home/neo/Documents/ros2_ws/src/install/_local_setup_util_sh.py'
[2.328s] INFO:colcon.colcon_core.shell:Creating prefix chain script '/home/neo/Documents/ros2_ws/src/install/setup.sh'
[2.329s] INFO:colcon.colcon_core.shell:Creating prefix script '/home/neo/Documents/ros2_ws/src/install/local_setup.bash'
[2.330s] INFO:colcon.colcon_core.shell:Creating prefix chain script '/home/neo/Documents/ros2_ws/src/install/setup.bash'
[2.331s] INFO:colcon.colcon_core.shell:Creating prefix script '/home/neo/Documents/ros2_ws/src/install/local_setup.zsh'
[2.331s] INFO:colcon.colcon_core.shell:Creating prefix chain script '/home/neo/Documents/ros2_ws/src/install/setup.zsh'
