[1.809s] Invoking command in '/home/neo/Documents/ros2_ws/src/map_right_hand': PYTHONPATH=/home/neo/Documents/ros2_ws/build/map_right_hand/prefix_override:/usr/lib/python3/dist-packages/colcon_core/task/python/colcon_distutils_commands:/home/neo/Documents/ros2_ws/install/map_right_hand/lib/python3.10/site-packages:${PYTHONPATH} /usr/bin/python3 -W ignore:setup.py install is deprecated -W ignore:easy_install command is deprecated setup.py egg_info --egg-base ../../build/map_right_hand build --build-base /home/neo/Documents/ros2_ws/build/map_right_hand/build install --record /home/neo/Documents/ros2_ws/build/map_right_hand/install.log --single-version-externally-managed install_data
[1.990s] /home/neo/.local/lib/python3.10/site-packages/setuptools/_distutils/dist.py:289: UserWarning: Unknown distribution option: 'tests_require'
[1.991s]   warnings.warn(msg)
[2.079s] running egg_info
[2.094s] writing ../../build/map_right_hand/map_right_hand.egg-info/PKG-INFO
[2.094s] writing dependency_links to ../../build/map_right_hand/map_right_hand.egg-info/dependency_links.txt
[2.094s] writing entry points to ../../build/map_right_hand/map_right_hand.egg-info/entry_points.txt
[2.095s] writing requirements to ../../build/map_right_hand/map_right_hand.egg-info/requires.txt
[2.095s] writing top-level names to ../../build/map_right_hand/map_right_hand.egg-info/top_level.txt
[2.125s] reading manifest file '../../build/map_right_hand/map_right_hand.egg-info/SOURCES.txt'
[2.125s] adding license file 'LICENSE'
[2.126s] writing manifest file '../../build/map_right_hand/map_right_hand.egg-info/SOURCES.txt'
[2.126s] running build
[2.126s] running build_py
[2.126s] copying map_right_hand/__init__.py -> /home/neo/Documents/ros2_ws/build/map_right_hand/build/lib/map_right_hand
[2.126s] copying map_right_hand/right_hand.py -> /home/neo/Documents/ros2_ws/build/map_right_hand/build/lib/map_right_hand
[2.126s] running install
[2.129s] running install_lib
[2.144s] running install_data
[2.145s] copying resource/map_right_hand -> /home/neo/Documents/ros2_ws/install/map_right_hand/share/ament_index/resource_index/packages
[2.145s] copying package.xml -> /home/neo/Documents/ros2_ws/install/map_right_hand/share/map_right_hand
[2.145s] running install_egg_info
[2.160s] removing '/home/neo/Documents/ros2_ws/install/map_right_hand/lib/python3.10/site-packages/map_right_hand-0.0.0-py3.10.egg-info' (and everything under it)
[2.160s] Copying ../../build/map_right_hand/map_right_hand.egg-info to /home/neo/Documents/ros2_ws/install/map_right_hand/lib/python3.10/site-packages/map_right_hand-0.0.0-py3.10.egg-info
[2.160s] running install_scripts
[2.267s] Installing right_hand script to /home/neo/Documents/ros2_ws/install/map_right_hand/lib/map_right_hand
[2.268s] writing list of installed files to '/home/neo/Documents/ros2_ws/build/map_right_hand/install.log'
[2.290s] Invoked command in '/home/neo/Documents/ros2_ws/src/map_right_hand' returned '0': PYTHONPATH=/home/neo/Documents/ros2_ws/build/map_right_hand/prefix_override:/usr/lib/python3/dist-packages/colcon_core/task/python/colcon_distutils_commands:/home/neo/Documents/ros2_ws/install/map_right_hand/lib/python3.10/site-packages:${PYTHONPATH} /usr/bin/python3 -W ignore:setup.py install is deprecated -W ignore:easy_install command is deprecated setup.py egg_info --egg-base ../../build/map_right_hand build --build-base /home/neo/Documents/ros2_ws/build/map_right_hand/build install --record /home/neo/Documents/ros2_ws/build/map_right_hand/install.log --single-version-externally-managed install_data
