[0.863s] Invoking command in '/home/neo/Documents/ros2_ws/build/turtlesim': CMAKE_PREFIX_PATH=${CMAKE_PREFIX_PATH}:/home/neo/Documents/ros2_ws/install/my_robot:/home/neo/Documents/ros2_ws/install/my_package:/home/neo/Documents/ros2_ws/install/map_test:/home/neo/Documents/ros2_ws/install/map_right_hand:/home/neo/Documents/ros2_ws/install/editing_map:/opt/ros/humble /usr/bin/cmake --build /home/neo/Documents/ros2_ws/build/turtlesim -- -j12 -l12
[0.953s] [  1%] Built target turtlesim__cpp
[0.958s] [  3%] [32mBuilding C object CMakeFiles/turtlesim__rosidl_generator_c.dir/rosidl_generator_c/turtlesim/msg/detail/color__functions.c.o[0m
[0.961s] [  3%] [32mBuilding C object CMakeFiles/turtlesim__rosidl_generator_c.dir/rosidl_generator_c/turtlesim/srv/detail/kill__functions.c.o[0m
[0.961s] [  4%] [32mBuilding C object CMakeFiles/turtlesim__rosidl_generator_c.dir/rosidl_generator_c/turtlesim/msg/detail/pose__functions.c.o[0m
[0.962s] [  5%] [32mBuilding C object CMakeFiles/turtlesim__rosidl_generator_c.dir/rosidl_generator_c/turtlesim/srv/detail/set_pen__functions.c.o[0m
[0.963s] [  6%] [32mBuilding C object CMakeFiles/turtlesim__rosidl_generator_c.dir/rosidl_generator_c/turtlesim/srv/detail/spawn__functions.c.o[0m
[0.964s] [  7%] [32mBuilding C object CMakeFiles/turtlesim__rosidl_generator_c.dir/rosidl_generator_c/turtlesim/action/detail/rotate_absolute__functions.c.o[0m
[0.964s] [  8%] [32mBuilding C object CMakeFiles/turtlesim__rosidl_generator_c.dir/rosidl_generator_c/turtlesim/srv/detail/teleport_absolute__functions.c.o[0m
[0.971s] [  9%] [32mBuilding C object CMakeFiles/turtlesim__rosidl_generator_c.dir/rosidl_generator_c/turtlesim/srv/detail/teleport_relative__functions.c.o[0m
[0.980s] [  9%] Built target ament_cmake_python_copy_turtlesim
[1.003s] [ 11%] [32mBuilding CXX object CMakeFiles/turtlesim__rosidl_typesupport_cpp.dir/rosidl_typesupport_cpp/turtlesim/action/rotate_absolute__type_support.cpp.o[0m
[1.004s] [ 12%] [32mBuilding CXX object CMakeFiles/turtlesim__rosidl_typesupport_introspection_cpp.dir/rosidl_typesupport_introspection_cpp/turtlesim/action/detail/rotate_absolute__type_support.cpp.o[0m
[1.005s] [ 11%] [32mBuilding CXX object CMakeFiles/turtlesim__rosidl_typesupport_fastrtps_cpp.dir/rosidl_typesupport_fastrtps_cpp/turtlesim/action/detail/dds_fastrtps/rotate_absolute__type_support.cpp.o[0m
[1.106s] [ 13%] [32mBuilding CXX object CMakeFiles/turtlesim__rosidl_typesupport_fastrtps_cpp.dir/rosidl_typesupport_fastrtps_cpp/turtlesim/msg/detail/dds_fastrtps/color__type_support.cpp.o[0m
[1.108s] [ 14%] [32mBuilding CXX object CMakeFiles/turtlesim__rosidl_typesupport_cpp.dir/rosidl_typesupport_cpp/turtlesim/msg/color__type_support.cpp.o[0m
[1.113s] [ 15%] [32mBuilding CXX object CMakeFiles/turtlesim__rosidl_typesupport_introspection_cpp.dir/rosidl_typesupport_introspection_cpp/turtlesim/msg/detail/color__type_support.cpp.o[0m
[1.120s] [ 16%] [32mBuilding CXX object CMakeFiles/turtlesim__rosidl_typesupport_fastrtps_cpp.dir/rosidl_typesupport_fastrtps_cpp/turtlesim/msg/detail/dds_fastrtps/pose__type_support.cpp.o[0m
[1.120s] [ 17%] [32mBuilding CXX object CMakeFiles/turtlesim__rosidl_typesupport_cpp.dir/rosidl_typesupport_cpp/turtlesim/msg/pose__type_support.cpp.o[0m
[1.124s] [ 18%] [32mBuilding CXX object CMakeFiles/turtlesim__rosidl_typesupport_introspection_cpp.dir/rosidl_typesupport_introspection_cpp/turtlesim/msg/detail/pose__type_support.cpp.o[0m
[1.128s] [ 19%] [32mBuilding CXX object CMakeFiles/turtlesim__rosidl_typesupport_fastrtps_cpp.dir/rosidl_typesupport_fastrtps_cpp/turtlesim/srv/detail/dds_fastrtps/kill__type_support.cpp.o[0m
[1.188s] [ 20%] [32m[1mLinking C shared library libturtlesim__rosidl_generator_c.so[0m
[1.245s] running egg_info
[1.270s] writing turtlesim.egg-info/PKG-INFO
[1.272s] writing dependency_links to turtlesim.egg-info/dependency_links.txt
[1.273s] writing top-level names to turtlesim.egg-info/top_level.txt
[1.275s] [ 21%] Built target turtlesim__rosidl_generator_c
[1.344s] [ 22%] [32mBuilding CXX object CMakeFiles/turtlesim__rosidl_typesupport_fastrtps_c.dir/rosidl_typesupport_fastrtps_c/turtlesim/action/detail/rotate_absolute__type_support_c.cpp.o[0m
[1.395s] reading manifest file 'turtlesim.egg-info/SOURCES.txt'
[1.398s] writing manifest file 'turtlesim.egg-info/SOURCES.txt'
[1.510s] [ 22%] Built target ament_cmake_python_build_turtlesim_egg
[1.535s] [ 23%] [32mBuilding CXX object CMakeFiles/turtlesim__rosidl_typesupport_fastrtps_c.dir/rosidl_typesupport_fastrtps_c/turtlesim/msg/detail/color__type_support_c.cpp.o[0m
[1.637s] [ 24%] [32mBuilding CXX object CMakeFiles/turtlesim__rosidl_typesupport_cpp.dir/rosidl_typesupport_cpp/turtlesim/srv/kill__type_support.cpp.o[0m
[1.647s] [ 25%] [32mBuilding CXX object CMakeFiles/turtlesim__rosidl_typesupport_introspection_cpp.dir/rosidl_typesupport_introspection_cpp/turtlesim/srv/detail/kill__type_support.cpp.o[0m
[1.747s] [ 26%] [32mBuilding CXX object CMakeFiles/turtlesim__rosidl_typesupport_introspection_cpp.dir/rosidl_typesupport_introspection_cpp/turtlesim/srv/detail/set_pen__type_support.cpp.o[0m
[1.764s] [ 27%] [32mBuilding CXX object CMakeFiles/turtlesim__rosidl_typesupport_fastrtps_cpp.dir/rosidl_typesupport_fastrtps_cpp/turtlesim/srv/detail/dds_fastrtps/set_pen__type_support.cpp.o[0m
[1.840s] [ 28%] [32mBuilding CXX object CMakeFiles/turtlesim__rosidl_typesupport_fastrtps_c.dir/rosidl_typesupport_fastrtps_c/turtlesim/msg/detail/pose__type_support_c.cpp.o[0m
[1.854s] [ 29%] [32mBuilding CXX object CMakeFiles/turtlesim__rosidl_typesupport_cpp.dir/rosidl_typesupport_cpp/turtlesim/srv/set_pen__type_support.cpp.o[0m
[1.877s] [ 30%] [32mBuilding C object CMakeFiles/turtlesim__rosidl_typesupport_introspection_c.dir/rosidl_typesupport_introspection_c/turtlesim/action/detail/rotate_absolute__type_support.c.o[0m
[1.975s] [ 31%] [32mBuilding CXX object CMakeFiles/turtlesim__rosidl_typesupport_cpp.dir/rosidl_typesupport_cpp/turtlesim/srv/spawn__type_support.cpp.o[0m
[1.987s] [ 32%] [32mBuilding C object CMakeFiles/turtlesim__rosidl_typesupport_introspection_c.dir/rosidl_typesupport_introspection_c/turtlesim/msg/detail/color__type_support.c.o[0m
[2.058s] [ 33%] [32mBuilding C object CMakeFiles/turtlesim__rosidl_typesupport_introspection_c.dir/rosidl_typesupport_introspection_c/turtlesim/msg/detail/pose__type_support.c.o[0m
[2.066s] [ 34%] [32mBuilding CXX object CMakeFiles/turtlesim__rosidl_typesupport_c.dir/rosidl_typesupport_c/turtlesim/action/rotate_absolute__type_support.cpp.o[0m
[2.094s] [ 35%] [32mBuilding CXX object CMakeFiles/turtlesim__rosidl_typesupport_introspection_cpp.dir/rosidl_typesupport_introspection_cpp/turtlesim/srv/detail/spawn__type_support.cpp.o[0m
[2.099s] [ 36%] [32mBuilding CXX object CMakeFiles/turtlesim__rosidl_typesupport_cpp.dir/rosidl_typesupport_cpp/turtlesim/srv/teleport_absolute__type_support.cpp.o[0m
[2.149s] [ 37%] [32mBuilding C object CMakeFiles/turtlesim__rosidl_typesupport_introspection_c.dir/rosidl_typesupport_introspection_c/turtlesim/srv/detail/kill__type_support.c.o[0m
[2.160s] [ 38%] [32mBuilding C object CMakeFiles/turtlesim__rosidl_typesupport_introspection_c.dir/rosidl_typesupport_introspection_c/turtlesim/srv/detail/set_pen__type_support.c.o[0m
[2.178s] [ 39%] [32mBuilding CXX object CMakeFiles/turtlesim__rosidl_typesupport_c.dir/rosidl_typesupport_c/turtlesim/msg/color__type_support.cpp.o[0m
[2.211s] [ 40%] [32mBuilding CXX object CMakeFiles/turtlesim__rosidl_typesupport_introspection_cpp.dir/rosidl_typesupport_introspection_cpp/turtlesim/srv/detail/teleport_absolute__type_support.cpp.o[0m
[2.238s] [ 41%] [32mBuilding CXX object CMakeFiles/turtlesim__rosidl_typesupport_fastrtps_cpp.dir/rosidl_typesupport_fastrtps_cpp/turtlesim/srv/detail/dds_fastrtps/spawn__type_support.cpp.o[0m
[2.240s] [ 42%] [32mBuilding C object CMakeFiles/turtlesim__rosidl_typesupport_introspection_c.dir/rosidl_typesupport_introspection_c/turtlesim/srv/detail/spawn__type_support.c.o[0m
[2.247s] [ 43%] [32mBuilding CXX object CMakeFiles/turtlesim__rosidl_typesupport_fastrtps_c.dir/rosidl_typesupport_fastrtps_c/turtlesim/srv/detail/kill__type_support_c.cpp.o[0m
[2.250s] [ 44%] [32mBuilding CXX object CMakeFiles/turtlesim__rosidl_typesupport_fastrtps_cpp.dir/rosidl_typesupport_fastrtps_cpp/turtlesim/srv/detail/dds_fastrtps/teleport_absolute__type_support.cpp.o[0m
[2.257s] [ 45%] [32mBuilding CXX object CMakeFiles/turtlesim__rosidl_typesupport_c.dir/rosidl_typesupport_c/turtlesim/msg/pose__type_support.cpp.o[0m
[2.287s] [ 46%] [32mBuilding CXX object CMakeFiles/turtlesim__rosidl_typesupport_fastrtps_c.dir/rosidl_typesupport_fastrtps_c/turtlesim/srv/detail/set_pen__type_support_c.cpp.o[0m
[2.319s] [ 47%] [32mBuilding C object CMakeFiles/turtlesim__rosidl_typesupport_introspection_c.dir/rosidl_typesupport_introspection_c/turtlesim/srv/detail/teleport_absolute__type_support.c.o[0m
[2.330s] [ 48%] [32mBuilding CXX object CMakeFiles/turtlesim__rosidl_typesupport_c.dir/rosidl_typesupport_c/turtlesim/srv/kill__type_support.cpp.o[0m
[2.334s] [ 49%] [32mBuilding CXX object CMakeFiles/turtlesim__rosidl_typesupport_fastrtps_c.dir/rosidl_typesupport_fastrtps_c/turtlesim/srv/detail/spawn__type_support_c.cpp.o[0m
[2.395s] [ 50%] [32mBuilding CXX object CMakeFiles/turtlesim__rosidl_typesupport_c.dir/rosidl_typesupport_c/turtlesim/srv/set_pen__type_support.cpp.o[0m
[2.402s] [ 52%] [32mBuilding C object CMakeFiles/turtlesim__rosidl_typesupport_introspection_c.dir/rosidl_typesupport_introspection_c/turtlesim/srv/detail/teleport_relative__type_support.c.o[0m
[2.405s] [ 52%] [32mBuilding CXX object CMakeFiles/turtlesim__rosidl_typesupport_introspection_cpp.dir/rosidl_typesupport_introspection_cpp/turtlesim/srv/detail/teleport_relative__type_support.cpp.o[0m
[2.414s] [ 53%] [32mBuilding CXX object CMakeFiles/turtlesim__rosidl_typesupport_cpp.dir/rosidl_typesupport_cpp/turtlesim/srv/teleport_relative__type_support.cpp.o[0m
[2.473s] [ 54%] [32mBuilding CXX object CMakeFiles/turtlesim__rosidl_typesupport_c.dir/rosidl_typesupport_c/turtlesim/srv/spawn__type_support.cpp.o[0m
[2.495s] [ 55%] [32m[1mLinking C shared library libturtlesim__rosidl_typesupport_introspection_c.so[0m
[2.542s] [ 56%] [32mBuilding CXX object CMakeFiles/turtlesim__rosidl_typesupport_c.dir/rosidl_typesupport_c/turtlesim/srv/teleport_absolute__type_support.cpp.o[0m
[2.549s] [ 57%] [32mBuilding CXX object CMakeFiles/turtlesim__rosidl_typesupport_c.dir/rosidl_typesupport_c/turtlesim/srv/teleport_relative__type_support.cpp.o[0m
[2.563s] [ 58%] Built target turtlesim__rosidl_typesupport_introspection_c
[2.581s] [ 59%] [32mBuilding CXX object CMakeFiles/turtlesim__rosidl_typesupport_fastrtps_cpp.dir/rosidl_typesupport_fastrtps_cpp/turtlesim/srv/detail/dds_fastrtps/teleport_relative__type_support.cpp.o[0m
[2.603s] [ 60%] [32mBuilding CXX object CMakeFiles/turtlesim__rosidl_typesupport_fastrtps_c.dir/rosidl_typesupport_fastrtps_c/turtlesim/srv/detail/teleport_absolute__type_support_c.cpp.o[0m
[2.619s] [ 61%] [32m[1mLinking CXX shared library libturtlesim__rosidl_typesupport_c.so[0m
[2.646s] [ 62%] [32mBuilding CXX object CMakeFiles/turtlesim__rosidl_typesupport_fastrtps_c.dir/rosidl_typesupport_fastrtps_c/turtlesim/srv/detail/teleport_relative__type_support_c.cpp.o[0m
[2.719s] [ 63%] Built target turtlesim__rosidl_typesupport_c
[2.862s] [ 64%] [32m[1mLinking CXX shared library libturtlesim__rosidl_typesupport_cpp.so[0m
[2.905s] [ 65%] Built target turtlesim__rosidl_typesupport_cpp
[2.913s] [ 66%] [32m[1mLinking CXX shared library libturtlesim__rosidl_typesupport_introspection_cpp.so[0m
[2.962s] [ 67%] [32mBuilding CXX object CMakeFiles/turtle_teleop_key.dir/tutorials/teleop_turtle_key.cpp.o[0m
[2.968s] [ 68%] [32mBuilding CXX object CMakeFiles/turtlesim_node.dir/src/turtlesim.cpp.o[0m
[2.971s] [ 69%] [32mBuilding CXX object CMakeFiles/draw_square.dir/tutorials/draw_square.cpp.o[0m
[2.983s] [ 70%] [32mBuilding CXX object CMakeFiles/mimic.dir/tutorials/mimic.cpp.o[0m
[2.983s] [ 71%] [32mBuilding CXX object CMakeFiles/turtlesim_node.dir/src/turtle.cpp.o[0m
[2.986s] [ 72%] [32mBuilding CXX object CMakeFiles/turtlesim_node.dir/src/turtle_frame.cpp.o[0m
[2.998s] [ 73%] [32mBuilding CXX object CMakeFiles/turtlesim_node.dir/include/turtlesim/moc_turtle_frame.cpp.o[0m
[3.039s] [ 74%] Built target turtlesim__rosidl_typesupport_introspection_cpp
[3.172s] [ 75%] [32m[1mLinking CXX shared library libturtlesim__rosidl_typesupport_fastrtps_cpp.so[0m
[3.184s] [ 76%] [32m[1mLinking CXX shared library libturtlesim__rosidl_typesupport_fastrtps_c.so[0m
[3.248s] [ 77%] Built target turtlesim__rosidl_typesupport_fastrtps_c
[3.256s] [ 78%] Built target turtlesim__rosidl_typesupport_fastrtps_cpp
[3.275s] [ 78%] Built target turtlesim
[3.293s] [ 79%] Built target turtlesim__py
[3.322s] [ 81%] [32mBuilding C object CMakeFiles/turtlesim__rosidl_generator_py.dir/rosidl_generator_py/turtlesim/srv/_kill_s.c.o[0m
[3.322s] [ 81%] [32mBuilding C object CMakeFiles/turtlesim__rosidl_generator_py.dir/rosidl_generator_py/turtlesim/msg/_color_s.c.o[0m
[3.323s] [ 82%] [32mBuilding C object CMakeFiles/turtlesim__rosidl_generator_py.dir/rosidl_generator_py/turtlesim/action/_rotate_absolute_s.c.o[0m
[3.323s] [ 83%] [32mBuilding C object CMakeFiles/turtlesim__rosidl_generator_py.dir/rosidl_generator_py/turtlesim/srv/_set_pen_s.c.o[0m
[3.324s] [ 84%] [32mBuilding C object CMakeFiles/turtlesim__rosidl_generator_py.dir/rosidl_generator_py/turtlesim/msg/_pose_s.c.o[0m
[3.462s] [ 85%] [32mBuilding C object CMakeFiles/turtlesim__rosidl_generator_py.dir/rosidl_generator_py/turtlesim/srv/_spawn_s.c.o[0m
[3.462s] [ 86%] [32mBuilding C object CMakeFiles/turtlesim__rosidl_generator_py.dir/rosidl_generator_py/turtlesim/srv/_teleport_absolute_s.c.o[0m
[3.465s] [ 87%] [32mBuilding C object CMakeFiles/turtlesim__rosidl_generator_py.dir/rosidl_generator_py/turtlesim/srv/_teleport_relative_s.c.o[0m
[3.585s] [ 88%] [32m[1mLinking C shared library rosidl_generator_py/turtlesim/libturtlesim__rosidl_generator_py.so[0m
[3.635s] [ 88%] Built target turtlesim__rosidl_generator_py
[3.659s] [ 91%] [32mBuilding C object CMakeFiles/turtlesim__rosidl_typesupport_introspection_c__pyext.dir/rosidl_generator_py/turtlesim/_turtlesim_s.ep.rosidl_typesupport_introspection_c.c.o[0m
[3.659s] [ 91%] [32mBuilding C object CMakeFiles/turtlesim__rosidl_typesupport_c__pyext.dir/rosidl_generator_py/turtlesim/_turtlesim_s.ep.rosidl_typesupport_c.c.o[0m
[3.659s] [ 91%] [32mBuilding C object CMakeFiles/turtlesim__rosidl_typesupport_fastrtps_c__pyext.dir/rosidl_generator_py/turtlesim/_turtlesim_s.ep.rosidl_typesupport_fastrtps_c.c.o[0m
[3.827s] [ 92%] [32m[1mLinking C shared library rosidl_generator_py/turtlesim/turtlesim_s__rosidl_typesupport_fastrtps_c.cpython-310-x86_64-linux-gnu.so[0m
[3.828s] [ 93%] [32m[1mLinking C shared library rosidl_generator_py/turtlesim/turtlesim_s__rosidl_typesupport_c.cpython-310-x86_64-linux-gnu.so[0m
[3.846s] [ 94%] [32m[1mLinking C shared library rosidl_generator_py/turtlesim/turtlesim_s__rosidl_typesupport_introspection_c.cpython-310-x86_64-linux-gnu.so[0m
[3.876s] [ 94%] Built target turtlesim__rosidl_typesupport_c__pyext
[3.877s] [ 94%] Built target turtlesim__rosidl_typesupport_fastrtps_c__pyext
[3.887s] [ 94%] Built target turtlesim__rosidl_typesupport_introspection_c__pyext
[8.829s] [ 95%] [32m[1mLinking CXX executable turtle_teleop_key[0m
[9.087s] [ 95%] Built target turtle_teleop_key
[9.180s] [ 96%] [32m[1mLinking CXX executable mimic[0m
[9.456s] [ 96%] Built target mimic
[10.255s] [ 97%] [32m[1mLinking CXX executable draw_square[0m
[10.554s] [ 97%] Built target draw_square
[11.560s] [ 98%] [32m[1mLinking CXX executable turtlesim_node[0m
[12.805s] [100%] Built target turtlesim_node
[12.812s] Invoked command in '/home/neo/Documents/ros2_ws/build/turtlesim' returned '0': CMAKE_PREFIX_PATH=${CMAKE_PREFIX_PATH}:/home/neo/Documents/ros2_ws/install/my_robot:/home/neo/Documents/ros2_ws/install/my_package:/home/neo/Documents/ros2_ws/install/map_test:/home/neo/Documents/ros2_ws/install/map_right_hand:/home/neo/Documents/ros2_ws/install/editing_map:/opt/ros/humble /usr/bin/cmake --build /home/neo/Documents/ros2_ws/build/turtlesim -- -j12 -l12
[12.819s] Invoking command in '/home/neo/Documents/ros2_ws/build/turtlesim': CMAKE_PREFIX_PATH=${CMAKE_PREFIX_PATH}:/home/neo/Documents/ros2_ws/install/my_robot:/home/neo/Documents/ros2_ws/install/my_package:/home/neo/Documents/ros2_ws/install/map_test:/home/neo/Documents/ros2_ws/install/map_right_hand:/home/neo/Documents/ros2_ws/install/editing_map:/opt/ros/humble /usr/bin/cmake --install /home/neo/Documents/ros2_ws/build/turtlesim
[12.824s] -- Install configuration: ""
[12.824s] -- Up-to-date: /home/neo/Documents/ros2_ws/install/turtlesim/share/ament_index/resource_index/rosidl_interfaces/turtlesim
[12.824s] -- Up-to-date: /home/neo/Documents/ros2_ws/install/turtlesim/include/turtlesim/turtlesim
[12.824s] -- Up-to-date: /home/neo/Documents/ros2_ws/install/turtlesim/include/turtlesim/turtlesim/action
[12.825s] -- Up-to-date: /home/neo/Documents/ros2_ws/install/turtlesim/include/turtlesim/turtlesim/action/detail
[12.825s] -- Up-to-date: /home/neo/Documents/ros2_ws/install/turtlesim/include/turtlesim/turtlesim/action/detail/rotate_absolute__struct.h
[12.825s] -- Up-to-date: /home/neo/Documents/ros2_ws/install/turtlesim/include/turtlesim/turtlesim/action/detail/rotate_absolute__functions.h
[12.825s] -- Up-to-date: /home/neo/Documents/ros2_ws/install/turtlesim/include/turtlesim/turtlesim/action/detail/rotate_absolute__type_support.h
[12.825s] -- Up-to-date: /home/neo/Documents/ros2_ws/install/turtlesim/include/turtlesim/turtlesim/action/detail/rotate_absolute__functions.c
[12.825s] -- Up-to-date: /home/neo/Documents/ros2_ws/install/turtlesim/include/turtlesim/turtlesim/action/rotate_absolute.h
[12.825s] -- Up-to-date: /home/neo/Documents/ros2_ws/install/turtlesim/include/turtlesim/turtlesim/srv
[12.825s] -- Up-to-date: /home/neo/Documents/ros2_ws/install/turtlesim/include/turtlesim/turtlesim/srv/teleport_relative.h
[12.825s] -- Up-to-date: /home/neo/Documents/ros2_ws/install/turtlesim/include/turtlesim/turtlesim/srv/set_pen.h
[12.825s] -- Up-to-date: /home/neo/Documents/ros2_ws/install/turtlesim/include/turtlesim/turtlesim/srv/detail
[12.825s] -- Up-to-date: /home/neo/Documents/ros2_ws/install/turtlesim/include/turtlesim/turtlesim/srv/detail/spawn__functions.h
[12.825s] -- Up-to-date: /home/neo/Documents/ros2_ws/install/turtlesim/include/turtlesim/turtlesim/srv/detail/set_pen__type_support.h
[12.825s] -- Up-to-date: /home/neo/Documents/ros2_ws/install/turtlesim/include/turtlesim/turtlesim/srv/detail/kill__type_support.h
[12.825s] -- Up-to-date: /home/neo/Documents/ros2_ws/install/turtlesim/include/turtlesim/turtlesim/srv/detail/teleport_relative__type_support.h
[12.825s] -- Up-to-date: /home/neo/Documents/ros2_ws/install/turtlesim/include/turtlesim/turtlesim/srv/detail/teleport_absolute__type_support.h
[12.825s] -- Up-to-date: /home/neo/Documents/ros2_ws/install/turtlesim/include/turtlesim/turtlesim/srv/detail/spawn__functions.c
[12.825s] -- Up-to-date: /home/neo/Documents/ros2_ws/install/turtlesim/include/turtlesim/turtlesim/srv/detail/teleport_absolute__struct.h
[12.825s] -- Up-to-date: /home/neo/Documents/ros2_ws/install/turtlesim/include/turtlesim/turtlesim/srv/detail/kill__functions.h
[12.825s] -- Up-to-date: /home/neo/Documents/ros2_ws/install/turtlesim/include/turtlesim/turtlesim/srv/detail/set_pen__struct.h
[12.825s] -- Up-to-date: /home/neo/Documents/ros2_ws/install/turtlesim/include/turtlesim/turtlesim/srv/detail/set_pen__functions.h
[12.825s] -- Up-to-date: /home/neo/Documents/ros2_ws/install/turtlesim/include/turtlesim/turtlesim/srv/detail/spawn__struct.h
[12.825s] -- Up-to-date: /home/neo/Documents/ros2_ws/install/turtlesim/include/turtlesim/turtlesim/srv/detail/teleport_absolute__functions.c
[12.825s] -- Up-to-date: /home/neo/Documents/ros2_ws/install/turtlesim/include/turtlesim/turtlesim/srv/detail/kill__struct.h
[12.825s] -- Up-to-date: /home/neo/Documents/ros2_ws/install/turtlesim/include/turtlesim/turtlesim/srv/detail/teleport_absolute__functions.h
[12.825s] -- Up-to-date: /home/neo/Documents/ros2_ws/install/turtlesim/include/turtlesim/turtlesim/srv/detail/teleport_relative__functions.c
[12.825s] -- Up-to-date: /home/neo/Documents/ros2_ws/install/turtlesim/include/turtlesim/turtlesim/srv/detail/teleport_relative__functions.h
[12.825s] -- Up-to-date: /home/neo/Documents/ros2_ws/install/turtlesim/include/turtlesim/turtlesim/srv/detail/spawn__type_support.h
[12.825s] -- Up-to-date: /home/neo/Documents/ros2_ws/install/turtlesim/include/turtlesim/turtlesim/srv/detail/kill__functions.c
[12.825s] -- Up-to-date: /home/neo/Documents/ros2_ws/install/turtlesim/include/turtlesim/turtlesim/srv/detail/set_pen__functions.c
[12.825s] -- Up-to-date: /home/neo/Documents/ros2_ws/install/turtlesim/include/turtlesim/turtlesim/srv/detail/teleport_relative__struct.h
[12.825s] -- Up-to-date: /home/neo/Documents/ros2_ws/install/turtlesim/include/turtlesim/turtlesim/srv/spawn.h
[12.826s] -- Up-to-date: /home/neo/Documents/ros2_ws/install/turtlesim/include/turtlesim/turtlesim/srv/kill.h
[12.826s] -- Up-to-date: /home/neo/Documents/ros2_ws/install/turtlesim/include/turtlesim/turtlesim/srv/teleport_absolute.h
[12.826s] -- Up-to-date: /home/neo/Documents/ros2_ws/install/turtlesim/include/turtlesim/turtlesim/msg
[12.826s] -- Up-to-date: /home/neo/Documents/ros2_ws/install/turtlesim/include/turtlesim/turtlesim/msg/color.h
[12.826s] -- Up-to-date: /home/neo/Documents/ros2_ws/install/turtlesim/include/turtlesim/turtlesim/msg/rosidl_generator_c__visibility_control.h
[12.826s] -- Up-to-date: /home/neo/Documents/ros2_ws/install/turtlesim/include/turtlesim/turtlesim/msg/detail
[12.826s] -- Up-to-date: /home/neo/Documents/ros2_ws/install/turtlesim/include/turtlesim/turtlesim/msg/detail/pose__functions.c
[12.826s] -- Up-to-date: /home/neo/Documents/ros2_ws/install/turtlesim/include/turtlesim/turtlesim/msg/detail/pose__functions.h
[12.826s] -- Up-to-date: /home/neo/Documents/ros2_ws/install/turtlesim/include/turtlesim/turtlesim/msg/detail/color__functions.h
[12.826s] -- Up-to-date: /home/neo/Documents/ros2_ws/install/turtlesim/include/turtlesim/turtlesim/msg/detail/color__type_support.h
[12.826s] -- Up-to-date: /home/neo/Documents/ros2_ws/install/turtlesim/include/turtlesim/turtlesim/msg/detail/color__functions.c
[12.826s] -- Up-to-date: /home/neo/Documents/ros2_ws/install/turtlesim/include/turtlesim/turtlesim/msg/detail/pose__struct.h
[12.826s] -- Up-to-date: /home/neo/Documents/ros2_ws/install/turtlesim/include/turtlesim/turtlesim/msg/detail/color__struct.h
[12.826s] -- Up-to-date: /home/neo/Documents/ros2_ws/install/turtlesim/include/turtlesim/turtlesim/msg/detail/pose__type_support.h
[12.826s] -- Up-to-date: /home/neo/Documents/ros2_ws/install/turtlesim/include/turtlesim/turtlesim/msg/pose.h
[12.826s] -- Up-to-date: /home/neo/Documents/ros2_ws/install/turtlesim/share/turtlesim/environment/library_path.sh
[12.826s] -- Up-to-date: /home/neo/Documents/ros2_ws/install/turtlesim/share/turtlesim/environment/library_path.dsv
[12.826s] -- Installing: /home/neo/Documents/ros2_ws/install/turtlesim/lib/libturtlesim__rosidl_generator_c.so
[12.826s] -- Set runtime path of "/home/neo/Documents/ros2_ws/install/turtlesim/lib/libturtlesim__rosidl_generator_c.so" to ""
[12.826s] -- Up-to-date: /home/neo/Documents/ros2_ws/install/turtlesim/include/turtlesim/turtlesim
[12.826s] -- Up-to-date: /home/neo/Documents/ros2_ws/install/turtlesim/include/turtlesim/turtlesim/action
[12.826s] -- Up-to-date: /home/neo/Documents/ros2_ws/install/turtlesim/include/turtlesim/turtlesim/action/detail
[12.826s] -- Up-to-date: /home/neo/Documents/ros2_ws/install/turtlesim/include/turtlesim/turtlesim/action/detail/rotate_absolute__rosidl_typesupport_fastrtps_c.h
[12.827s] -- Up-to-date: /home/neo/Documents/ros2_ws/install/turtlesim/include/turtlesim/turtlesim/srv
[12.827s] -- Up-to-date: /home/neo/Documents/ros2_ws/install/turtlesim/include/turtlesim/turtlesim/srv/detail
[12.827s] -- Up-to-date: /home/neo/Documents/ros2_ws/install/turtlesim/include/turtlesim/turtlesim/srv/detail/teleport_absolute__rosidl_typesupport_fastrtps_c.h
[12.827s] -- Up-to-date: /home/neo/Documents/ros2_ws/install/turtlesim/include/turtlesim/turtlesim/srv/detail/teleport_relative__rosidl_typesupport_fastrtps_c.h
[12.827s] -- Up-to-date: /home/neo/Documents/ros2_ws/install/turtlesim/include/turtlesim/turtlesim/srv/detail/spawn__rosidl_typesupport_fastrtps_c.h
[12.827s] -- Up-to-date: /home/neo/Documents/ros2_ws/install/turtlesim/include/turtlesim/turtlesim/srv/detail/kill__rosidl_typesupport_fastrtps_c.h
[12.827s] -- Up-to-date: /home/neo/Documents/ros2_ws/install/turtlesim/include/turtlesim/turtlesim/srv/detail/set_pen__rosidl_typesupport_fastrtps_c.h
[12.827s] -- Up-to-date: /home/neo/Documents/ros2_ws/install/turtlesim/include/turtlesim/turtlesim/msg
[12.827s] -- Up-to-date: /home/neo/Documents/ros2_ws/install/turtlesim/include/turtlesim/turtlesim/msg/rosidl_typesupport_fastrtps_c__visibility_control.h
[12.827s] -- Up-to-date: /home/neo/Documents/ros2_ws/install/turtlesim/include/turtlesim/turtlesim/msg/detail
[12.827s] -- Up-to-date: /home/neo/Documents/ros2_ws/install/turtlesim/include/turtlesim/turtlesim/msg/detail/pose__rosidl_typesupport_fastrtps_c.h
[12.827s] -- Up-to-date: /home/neo/Documents/ros2_ws/install/turtlesim/include/turtlesim/turtlesim/msg/detail/color__rosidl_typesupport_fastrtps_c.h
[12.827s] -- Installing: /home/neo/Documents/ros2_ws/install/turtlesim/lib/libturtlesim__rosidl_typesupport_fastrtps_c.so
[12.827s] -- Set runtime path of "/home/neo/Documents/ros2_ws/install/turtlesim/lib/libturtlesim__rosidl_typesupport_fastrtps_c.so" to ""
[12.827s] -- Up-to-date: /home/neo/Documents/ros2_ws/install/turtlesim/include/turtlesim/turtlesim
[12.827s] -- Up-to-date: /home/neo/Documents/ros2_ws/install/turtlesim/include/turtlesim/turtlesim/action
[12.827s] -- Up-to-date: /home/neo/Documents/ros2_ws/install/turtlesim/include/turtlesim/turtlesim/action/rotate_absolute.hpp
[12.827s] -- Up-to-date: /home/neo/Documents/ros2_ws/install/turtlesim/include/turtlesim/turtlesim/action/detail
[12.827s] -- Up-to-date: /home/neo/Documents/ros2_ws/install/turtlesim/include/turtlesim/turtlesim/action/detail/rotate_absolute__type_support.hpp
[12.827s] -- Up-to-date: /home/neo/Documents/ros2_ws/install/turtlesim/include/turtlesim/turtlesim/action/detail/rotate_absolute__traits.hpp
[12.828s] -- Up-to-date: /home/neo/Documents/ros2_ws/install/turtlesim/include/turtlesim/turtlesim/action/detail/rotate_absolute__builder.hpp
[12.828s] -- Up-to-date: /home/neo/Documents/ros2_ws/install/turtlesim/include/turtlesim/turtlesim/action/detail/rotate_absolute__struct.hpp
[12.828s] -- Up-to-date: /home/neo/Documents/ros2_ws/install/turtlesim/include/turtlesim/turtlesim/srv
[12.828s] -- Up-to-date: /home/neo/Documents/ros2_ws/install/turtlesim/include/turtlesim/turtlesim/srv/teleport_relative.hpp
[12.828s] -- Up-to-date: /home/neo/Documents/ros2_ws/install/turtlesim/include/turtlesim/turtlesim/srv/spawn.hpp
[12.828s] -- Up-to-date: /home/neo/Documents/ros2_ws/install/turtlesim/include/turtlesim/turtlesim/srv/teleport_absolute.hpp
[12.828s] -- Up-to-date: /home/neo/Documents/ros2_ws/install/turtlesim/include/turtlesim/turtlesim/srv/detail
[12.828s] -- Up-to-date: /home/neo/Documents/ros2_ws/install/turtlesim/include/turtlesim/turtlesim/srv/detail/teleport_relative__type_support.hpp
[12.828s] -- Up-to-date: /home/neo/Documents/ros2_ws/install/turtlesim/include/turtlesim/turtlesim/srv/detail/kill__type_support.hpp
[12.828s] -- Up-to-date: /home/neo/Documents/ros2_ws/install/turtlesim/include/turtlesim/turtlesim/srv/detail/teleport_relative__builder.hpp
[12.828s] -- Up-to-date: /home/neo/Documents/ros2_ws/install/turtlesim/include/turtlesim/turtlesim/srv/detail/teleport_relative__struct.hpp
[12.828s] -- Up-to-date: /home/neo/Documents/ros2_ws/install/turtlesim/include/turtlesim/turtlesim/srv/detail/set_pen__traits.hpp
[12.828s] -- Up-to-date: /home/neo/Documents/ros2_ws/install/turtlesim/include/turtlesim/turtlesim/srv/detail/spawn__builder.hpp
[12.828s] -- Up-to-date: /home/neo/Documents/ros2_ws/install/turtlesim/include/turtlesim/turtlesim/srv/detail/kill__traits.hpp
[12.828s] -- Up-to-date: /home/neo/Documents/ros2_ws/install/turtlesim/include/turtlesim/turtlesim/srv/detail/teleport_absolute__traits.hpp
[12.828s] -- Up-to-date: /home/neo/Documents/ros2_ws/install/turtlesim/include/turtlesim/turtlesim/srv/detail/set_pen__builder.hpp
[12.828s] -- Up-to-date: /home/neo/Documents/ros2_ws/install/turtlesim/include/turtlesim/turtlesim/srv/detail/set_pen__struct.hpp
[12.828s] -- Up-to-date: /home/neo/Documents/ros2_ws/install/turtlesim/include/turtlesim/turtlesim/srv/detail/teleport_absolute__builder.hpp
[12.828s] -- Up-to-date: /home/neo/Documents/ros2_ws/install/turtlesim/include/turtlesim/turtlesim/srv/detail/spawn__traits.hpp
[12.828s] -- Up-to-date: /home/neo/Documents/ros2_ws/install/turtlesim/include/turtlesim/turtlesim/srv/detail/spawn__struct.hpp
[12.828s] -- Up-to-date: /home/neo/Documents/ros2_ws/install/turtlesim/include/turtlesim/turtlesim/srv/detail/teleport_absolute__type_support.hpp
[12.828s] -- Up-to-date: /home/neo/Documents/ros2_ws/install/turtlesim/include/turtlesim/turtlesim/srv/detail/teleport_relative__traits.hpp
[12.828s] -- Up-to-date: /home/neo/Documents/ros2_ws/install/turtlesim/include/turtlesim/turtlesim/srv/detail/set_pen__type_support.hpp
[12.828s] -- Up-to-date: /home/neo/Documents/ros2_ws/install/turtlesim/include/turtlesim/turtlesim/srv/detail/kill__struct.hpp
[12.828s] -- Up-to-date: /home/neo/Documents/ros2_ws/install/turtlesim/include/turtlesim/turtlesim/srv/detail/spawn__type_support.hpp
[12.828s] -- Up-to-date: /home/neo/Documents/ros2_ws/install/turtlesim/include/turtlesim/turtlesim/srv/detail/kill__builder.hpp
[12.828s] -- Up-to-date: /home/neo/Documents/ros2_ws/install/turtlesim/include/turtlesim/turtlesim/srv/detail/teleport_absolute__struct.hpp
[12.828s] -- Up-to-date: /home/neo/Documents/ros2_ws/install/turtlesim/include/turtlesim/turtlesim/srv/kill.hpp
[12.828s] -- Up-to-date: /home/neo/Documents/ros2_ws/install/turtlesim/include/turtlesim/turtlesim/srv/set_pen.hpp
[12.828s] -- Up-to-date: /home/neo/Documents/ros2_ws/install/turtlesim/include/turtlesim/turtlesim/msg
[12.828s] -- Up-to-date: /home/neo/Documents/ros2_ws/install/turtlesim/include/turtlesim/turtlesim/msg/rosidl_generator_cpp__visibility_control.hpp
[12.829s] -- Up-to-date: /home/neo/Documents/ros2_ws/install/turtlesim/include/turtlesim/turtlesim/msg/pose.hpp
[12.829s] -- Up-to-date: /home/neo/Documents/ros2_ws/install/turtlesim/include/turtlesim/turtlesim/msg/color.hpp
[12.829s] -- Up-to-date: /home/neo/Documents/ros2_ws/install/turtlesim/include/turtlesim/turtlesim/msg/detail
[12.829s] -- Up-to-date: /home/neo/Documents/ros2_ws/install/turtlesim/include/turtlesim/turtlesim/msg/detail/color__struct.hpp
[12.829s] -- Up-to-date: /home/neo/Documents/ros2_ws/install/turtlesim/include/turtlesim/turtlesim/msg/detail/color__traits.hpp
[12.829s] -- Up-to-date: /home/neo/Documents/ros2_ws/install/turtlesim/include/turtlesim/turtlesim/msg/detail/pose__type_support.hpp
[12.829s] -- Up-to-date: /home/neo/Documents/ros2_ws/install/turtlesim/include/turtlesim/turtlesim/msg/detail/pose__traits.hpp
[12.829s] -- Up-to-date: /home/neo/Documents/ros2_ws/install/turtlesim/include/turtlesim/turtlesim/msg/detail/pose__builder.hpp
[12.829s] -- Up-to-date: /home/neo/Documents/ros2_ws/install/turtlesim/include/turtlesim/turtlesim/msg/detail/color__type_support.hpp
[12.829s] -- Up-to-date: /home/neo/Documents/ros2_ws/install/turtlesim/include/turtlesim/turtlesim/msg/detail/pose__struct.hpp
[12.829s] -- Up-to-date: /home/neo/Documents/ros2_ws/install/turtlesim/include/turtlesim/turtlesim/msg/detail/color__builder.hpp
[12.829s] -- Up-to-date: /home/neo/Documents/ros2_ws/install/turtlesim/include/turtlesim/turtlesim
[12.829s] -- Up-to-date: /home/neo/Documents/ros2_ws/install/turtlesim/include/turtlesim/turtlesim/action
[12.829s] -- Up-to-date: /home/neo/Documents/ros2_ws/install/turtlesim/include/turtlesim/turtlesim/action/detail
[12.829s] -- Up-to-date: /home/neo/Documents/ros2_ws/install/turtlesim/include/turtlesim/turtlesim/action/detail/dds_fastrtps
[12.829s] -- Up-to-date: /home/neo/Documents/ros2_ws/install/turtlesim/include/turtlesim/turtlesim/action/detail/rotate_absolute__rosidl_typesupport_fastrtps_cpp.hpp
[12.829s] -- Up-to-date: /home/neo/Documents/ros2_ws/install/turtlesim/include/turtlesim/turtlesim/srv
[12.829s] -- Up-to-date: /home/neo/Documents/ros2_ws/install/turtlesim/include/turtlesim/turtlesim/srv/detail
[12.829s] -- Up-to-date: /home/neo/Documents/ros2_ws/install/turtlesim/include/turtlesim/turtlesim/srv/detail/dds_fastrtps
[12.829s] -- Up-to-date: /home/neo/Documents/ros2_ws/install/turtlesim/include/turtlesim/turtlesim/srv/detail/set_pen__rosidl_typesupport_fastrtps_cpp.hpp
[12.829s] -- Up-to-date: /home/neo/Documents/ros2_ws/install/turtlesim/include/turtlesim/turtlesim/srv/detail/kill__rosidl_typesupport_fastrtps_cpp.hpp
[12.829s] -- Up-to-date: /home/neo/Documents/ros2_ws/install/turtlesim/include/turtlesim/turtlesim/srv/detail/spawn__rosidl_typesupport_fastrtps_cpp.hpp
[12.829s] -- Up-to-date: /home/neo/Documents/ros2_ws/install/turtlesim/include/turtlesim/turtlesim/srv/detail/teleport_absolute__rosidl_typesupport_fastrtps_cpp.hpp
[12.829s] -- Up-to-date: /home/neo/Documents/ros2_ws/install/turtlesim/include/turtlesim/turtlesim/srv/detail/teleport_relative__rosidl_typesupport_fastrtps_cpp.hpp
[12.829s] -- Up-to-date: /home/neo/Documents/ros2_ws/install/turtlesim/include/turtlesim/turtlesim/msg
[12.829s] -- Up-to-date: /home/neo/Documents/ros2_ws/install/turtlesim/include/turtlesim/turtlesim/msg/rosidl_typesupport_fastrtps_cpp__visibility_control.h
[12.829s] -- Up-to-date: /home/neo/Documents/ros2_ws/install/turtlesim/include/turtlesim/turtlesim/msg/detail
[12.829s] -- Up-to-date: /home/neo/Documents/ros2_ws/install/turtlesim/include/turtlesim/turtlesim/msg/detail/color__rosidl_typesupport_fastrtps_cpp.hpp
[12.829s] -- Up-to-date: /home/neo/Documents/ros2_ws/install/turtlesim/include/turtlesim/turtlesim/msg/detail/dds_fastrtps
[12.829s] -- Up-to-date: /home/neo/Documents/ros2_ws/install/turtlesim/include/turtlesim/turtlesim/msg/detail/pose__rosidl_typesupport_fastrtps_cpp.hpp
[12.829s] -- Installing: /home/neo/Documents/ros2_ws/install/turtlesim/lib/libturtlesim__rosidl_typesupport_fastrtps_cpp.so
[12.829s] -- Set runtime path of "/home/neo/Documents/ros2_ws/install/turtlesim/lib/libturtlesim__rosidl_typesupport_fastrtps_cpp.so" to ""
[12.829s] -- Up-to-date: /home/neo/Documents/ros2_ws/install/turtlesim/include/turtlesim/turtlesim
[12.829s] -- Up-to-date: /home/neo/Documents/ros2_ws/install/turtlesim/include/turtlesim/turtlesim/action
[12.829s] -- Up-to-date: /home/neo/Documents/ros2_ws/install/turtlesim/include/turtlesim/turtlesim/action/detail
[12.830s] -- Up-to-date: /home/neo/Documents/ros2_ws/install/turtlesim/include/turtlesim/turtlesim/action/detail/rotate_absolute__rosidl_typesupport_introspection_c.h
[12.830s] -- Up-to-date: /home/neo/Documents/ros2_ws/install/turtlesim/include/turtlesim/turtlesim/action/detail/rotate_absolute__type_support.c
[12.830s] -- Up-to-date: /home/neo/Documents/ros2_ws/install/turtlesim/include/turtlesim/turtlesim/srv
[12.830s] -- Up-to-date: /home/neo/Documents/ros2_ws/install/turtlesim/include/turtlesim/turtlesim/srv/detail
[12.830s] -- Up-to-date: /home/neo/Documents/ros2_ws/install/turtlesim/include/turtlesim/turtlesim/srv/detail/teleport_absolute__type_support.c
[12.830s] -- Up-to-date: /home/neo/Documents/ros2_ws/install/turtlesim/include/turtlesim/turtlesim/srv/detail/spawn__type_support.c
[12.830s] -- Up-to-date: /home/neo/Documents/ros2_ws/install/turtlesim/include/turtlesim/turtlesim/srv/detail/spawn__rosidl_typesupport_introspection_c.h
[12.830s] -- Up-to-date: /home/neo/Documents/ros2_ws/install/turtlesim/include/turtlesim/turtlesim/srv/detail/kill__type_support.c
[12.830s] -- Up-to-date: /home/neo/Documents/ros2_ws/install/turtlesim/include/turtlesim/turtlesim/srv/detail/kill__rosidl_typesupport_introspection_c.h
[12.830s] -- Up-to-date: /home/neo/Documents/ros2_ws/install/turtlesim/include/turtlesim/turtlesim/srv/detail/teleport_relative__rosidl_typesupport_introspection_c.h
[12.830s] -- Up-to-date: /home/neo/Documents/ros2_ws/install/turtlesim/include/turtlesim/turtlesim/srv/detail/teleport_relative__type_support.c
[12.830s] -- Up-to-date: /home/neo/Documents/ros2_ws/install/turtlesim/include/turtlesim/turtlesim/srv/detail/teleport_absolute__rosidl_typesupport_introspection_c.h
[12.830s] -- Up-to-date: /home/neo/Documents/ros2_ws/install/turtlesim/include/turtlesim/turtlesim/srv/detail/set_pen__type_support.c
[12.830s] -- Up-to-date: /home/neo/Documents/ros2_ws/install/turtlesim/include/turtlesim/turtlesim/srv/detail/set_pen__rosidl_typesupport_introspection_c.h
[12.830s] -- Up-to-date: /home/neo/Documents/ros2_ws/install/turtlesim/include/turtlesim/turtlesim/msg
[12.830s] -- Up-to-date: /home/neo/Documents/ros2_ws/install/turtlesim/include/turtlesim/turtlesim/msg/rosidl_typesupport_introspection_c__visibility_control.h
[12.830s] -- Up-to-date: /home/neo/Documents/ros2_ws/install/turtlesim/include/turtlesim/turtlesim/msg/detail
[12.830s] -- Up-to-date: /home/neo/Documents/ros2_ws/install/turtlesim/include/turtlesim/turtlesim/msg/detail/color__rosidl_typesupport_introspection_c.h
[12.830s] -- Up-to-date: /home/neo/Documents/ros2_ws/install/turtlesim/include/turtlesim/turtlesim/msg/detail/pose__rosidl_typesupport_introspection_c.h
[12.830s] -- Up-to-date: /home/neo/Documents/ros2_ws/install/turtlesim/include/turtlesim/turtlesim/msg/detail/pose__type_support.c
[12.830s] -- Up-to-date: /home/neo/Documents/ros2_ws/install/turtlesim/include/turtlesim/turtlesim/msg/detail/color__type_support.c
[12.830s] -- Installing: /home/neo/Documents/ros2_ws/install/turtlesim/lib/libturtlesim__rosidl_typesupport_introspection_c.so
[12.830s] -- Set runtime path of "/home/neo/Documents/ros2_ws/install/turtlesim/lib/libturtlesim__rosidl_typesupport_introspection_c.so" to ""
[12.830s] -- Installing: /home/neo/Documents/ros2_ws/install/turtlesim/lib/libturtlesim__rosidl_typesupport_c.so
[12.830s] -- Set runtime path of "/home/neo/Documents/ros2_ws/install/turtlesim/lib/libturtlesim__rosidl_typesupport_c.so" to ""
[12.830s] -- Up-to-date: /home/neo/Documents/ros2_ws/install/turtlesim/include/turtlesim/turtlesim
[12.830s] -- Up-to-date: /home/neo/Documents/ros2_ws/install/turtlesim/include/turtlesim/turtlesim/action
[12.830s] -- Up-to-date: /home/neo/Documents/ros2_ws/install/turtlesim/include/turtlesim/turtlesim/action/detail
[12.830s] -- Up-to-date: /home/neo/Documents/ros2_ws/install/turtlesim/include/turtlesim/turtlesim/action/detail/rotate_absolute__type_support.cpp
[12.830s] -- Up-to-date: /home/neo/Documents/ros2_ws/install/turtlesim/include/turtlesim/turtlesim/action/detail/rotate_absolute__rosidl_typesupport_introspection_cpp.hpp
[12.830s] -- Up-to-date: /home/neo/Documents/ros2_ws/install/turtlesim/include/turtlesim/turtlesim/srv
[12.830s] -- Up-to-date: /home/neo/Documents/ros2_ws/install/turtlesim/include/turtlesim/turtlesim/srv/detail
[12.831s] -- Up-to-date: /home/neo/Documents/ros2_ws/install/turtlesim/include/turtlesim/turtlesim/srv/detail/spawn__rosidl_typesupport_introspection_cpp.hpp
[12.831s] -- Up-to-date: /home/neo/Documents/ros2_ws/install/turtlesim/include/turtlesim/turtlesim/srv/detail/set_pen__rosidl_typesupport_introspection_cpp.hpp
[12.831s] -- Up-to-date: /home/neo/Documents/ros2_ws/install/turtlesim/include/turtlesim/turtlesim/srv/detail/teleport_relative__rosidl_typesupport_introspection_cpp.hpp
[12.831s] -- Up-to-date: /home/neo/Documents/ros2_ws/install/turtlesim/include/turtlesim/turtlesim/srv/detail/kill__rosidl_typesupport_introspection_cpp.hpp
[12.831s] -- Up-to-date: /home/neo/Documents/ros2_ws/install/turtlesim/include/turtlesim/turtlesim/srv/detail/teleport_relative__type_support.cpp
[12.831s] -- Up-to-date: /home/neo/Documents/ros2_ws/install/turtlesim/include/turtlesim/turtlesim/srv/detail/teleport_absolute__rosidl_typesupport_introspection_cpp.hpp
[12.831s] -- Up-to-date: /home/neo/Documents/ros2_ws/install/turtlesim/include/turtlesim/turtlesim/srv/detail/spawn__type_support.cpp
[12.831s] -- Up-to-date: /home/neo/Documents/ros2_ws/install/turtlesim/include/turtlesim/turtlesim/srv/detail/set_pen__type_support.cpp
[12.831s] -- Up-to-date: /home/neo/Documents/ros2_ws/install/turtlesim/include/turtlesim/turtlesim/srv/detail/teleport_absolute__type_support.cpp
[12.831s] -- Up-to-date: /home/neo/Documents/ros2_ws/install/turtlesim/include/turtlesim/turtlesim/srv/detail/kill__type_support.cpp
[12.831s] -- Up-to-date: /home/neo/Documents/ros2_ws/install/turtlesim/include/turtlesim/turtlesim/msg
[12.831s] -- Up-to-date: /home/neo/Documents/ros2_ws/install/turtlesim/include/turtlesim/turtlesim/msg/detail
[12.831s] -- Up-to-date: /home/neo/Documents/ros2_ws/install/turtlesim/include/turtlesim/turtlesim/msg/detail/color__type_support.cpp
[12.831s] -- Up-to-date: /home/neo/Documents/ros2_ws/install/turtlesim/include/turtlesim/turtlesim/msg/detail/color__rosidl_typesupport_introspection_cpp.hpp
[12.831s] -- Up-to-date: /home/neo/Documents/ros2_ws/install/turtlesim/include/turtlesim/turtlesim/msg/detail/pose__rosidl_typesupport_introspection_cpp.hpp
[12.831s] -- Up-to-date: /home/neo/Documents/ros2_ws/install/turtlesim/include/turtlesim/turtlesim/msg/detail/pose__type_support.cpp
[12.831s] -- Installing: /home/neo/Documents/ros2_ws/install/turtlesim/lib/libturtlesim__rosidl_typesupport_introspection_cpp.so
[12.831s] -- Set runtime path of "/home/neo/Documents/ros2_ws/install/turtlesim/lib/libturtlesim__rosidl_typesupport_introspection_cpp.so" to ""
[12.831s] -- Installing: /home/neo/Documents/ros2_ws/install/turtlesim/lib/libturtlesim__rosidl_typesupport_cpp.so
[12.831s] -- Set runtime path of "/home/neo/Documents/ros2_ws/install/turtlesim/lib/libturtlesim__rosidl_typesupport_cpp.so" to ""
[12.831s] -- Up-to-date: /home/neo/Documents/ros2_ws/install/turtlesim/share/turtlesim/environment/pythonpath.sh
[12.831s] -- Up-to-date: /home/neo/Documents/ros2_ws/install/turtlesim/share/turtlesim/environment/pythonpath.dsv
[12.831s] -- Up-to-date: /home/neo/Documents/ros2_ws/install/turtlesim/local/lib/python3.10/dist-packages/turtlesim-1.4.2-py3.10.egg-info
[12.832s] -- Installing: /home/neo/Documents/ros2_ws/install/turtlesim/local/lib/python3.10/dist-packages/turtlesim-1.4.2-py3.10.egg-info/PKG-INFO
[12.832s] -- Installing: /home/neo/Documents/ros2_ws/install/turtlesim/local/lib/python3.10/dist-packages/turtlesim-1.4.2-py3.10.egg-info/top_level.txt
[12.832s] -- Installing: /home/neo/Documents/ros2_ws/install/turtlesim/local/lib/python3.10/dist-packages/turtlesim-1.4.2-py3.10.egg-info/SOURCES.txt
[12.832s] -- Installing: /home/neo/Documents/ros2_ws/install/turtlesim/local/lib/python3.10/dist-packages/turtlesim-1.4.2-py3.10.egg-info/dependency_links.txt
[12.832s] -- Up-to-date: /home/neo/Documents/ros2_ws/install/turtlesim/local/lib/python3.10/dist-packages/turtlesim
[12.832s] -- Installing: /home/neo/Documents/ros2_ws/install/turtlesim/local/lib/python3.10/dist-packages/turtlesim/libturtlesim__rosidl_generator_py.so
[12.832s] -- Up-to-date: /home/neo/Documents/ros2_ws/install/turtlesim/local/lib/python3.10/dist-packages/turtlesim/__init__.py
[12.832s] -- Up-to-date: /home/neo/Documents/ros2_ws/install/turtlesim/local/lib/python3.10/dist-packages/turtlesim/_turtlesim_s.ep.rosidl_typesupport_introspection_c.c
[12.832s] -- Up-to-date: /home/neo/Documents/ros2_ws/install/turtlesim/local/lib/python3.10/dist-packages/turtlesim/action
[12.832s] -- Up-to-date: /home/neo/Documents/ros2_ws/install/turtlesim/local/lib/python3.10/dist-packages/turtlesim/action/__init__.py
[12.832s] -- Up-to-date: /home/neo/Documents/ros2_ws/install/turtlesim/local/lib/python3.10/dist-packages/turtlesim/action/_rotate_absolute_s.c
[12.832s] -- Up-to-date: /home/neo/Documents/ros2_ws/install/turtlesim/local/lib/python3.10/dist-packages/turtlesim/action/_rotate_absolute.py
[12.832s] -- Up-to-date: /home/neo/Documents/ros2_ws/install/turtlesim/local/lib/python3.10/dist-packages/turtlesim/_turtlesim_s.ep.rosidl_typesupport_c.c
[12.832s] -- Up-to-date: /home/neo/Documents/ros2_ws/install/turtlesim/local/lib/python3.10/dist-packages/turtlesim/_turtlesim_s.ep.rosidl_typesupport_fastrtps_c.c
[12.832s] -- Installing: /home/neo/Documents/ros2_ws/install/turtlesim/local/lib/python3.10/dist-packages/turtlesim/turtlesim_s__rosidl_typesupport_fastrtps_c.cpython-310-x86_64-linux-gnu.so
[12.832s] -- Up-to-date: /home/neo/Documents/ros2_ws/install/turtlesim/local/lib/python3.10/dist-packages/turtlesim/srv
[12.832s] -- Up-to-date: /home/neo/Documents/ros2_ws/install/turtlesim/local/lib/python3.10/dist-packages/turtlesim/srv/_teleport_absolute_s.c
[12.832s] -- Up-to-date: /home/neo/Documents/ros2_ws/install/turtlesim/local/lib/python3.10/dist-packages/turtlesim/srv/_set_pen.py
[12.832s] -- Up-to-date: /home/neo/Documents/ros2_ws/install/turtlesim/local/lib/python3.10/dist-packages/turtlesim/srv/_set_pen_s.c
[12.832s] -- Up-to-date: /home/neo/Documents/ros2_ws/install/turtlesim/local/lib/python3.10/dist-packages/turtlesim/srv/__init__.py
[12.832s] -- Up-to-date: /home/neo/Documents/ros2_ws/install/turtlesim/local/lib/python3.10/dist-packages/turtlesim/srv/_spawn_s.c
[12.832s] -- Up-to-date: /home/neo/Documents/ros2_ws/install/turtlesim/local/lib/python3.10/dist-packages/turtlesim/srv/_teleport_absolute.py
[12.832s] -- Up-to-date: /home/neo/Documents/ros2_ws/install/turtlesim/local/lib/python3.10/dist-packages/turtlesim/srv/_teleport_relative_s.c
[12.832s] -- Up-to-date: /home/neo/Documents/ros2_ws/install/turtlesim/local/lib/python3.10/dist-packages/turtlesim/srv/_teleport_relative.py
[12.832s] -- Up-to-date: /home/neo/Documents/ros2_ws/install/turtlesim/local/lib/python3.10/dist-packages/turtlesim/srv/_spawn.py
[12.832s] -- Up-to-date: /home/neo/Documents/ros2_ws/install/turtlesim/local/lib/python3.10/dist-packages/turtlesim/srv/_kill_s.c
[12.832s] -- Up-to-date: /home/neo/Documents/ros2_ws/install/turtlesim/local/lib/python3.10/dist-packages/turtlesim/srv/_kill.py
[12.832s] -- Up-to-date: /home/neo/Documents/ros2_ws/install/turtlesim/local/lib/python3.10/dist-packages/turtlesim/msg
[12.833s] -- Up-to-date: /home/neo/Documents/ros2_ws/install/turtlesim/local/lib/python3.10/dist-packages/turtlesim/msg/__init__.py
[12.833s] -- Up-to-date: /home/neo/Documents/ros2_ws/install/turtlesim/local/lib/python3.10/dist-packages/turtlesim/msg/_pose.py
[12.833s] -- Up-to-date: /home/neo/Documents/ros2_ws/install/turtlesim/local/lib/python3.10/dist-packages/turtlesim/msg/_color_s.c
[12.833s] -- Up-to-date: /home/neo/Documents/ros2_ws/install/turtlesim/local/lib/python3.10/dist-packages/turtlesim/msg/_color.py
[12.833s] -- Up-to-date: /home/neo/Documents/ros2_ws/install/turtlesim/local/lib/python3.10/dist-packages/turtlesim/msg/_pose_s.c
[12.833s] -- Installing: /home/neo/Documents/ros2_ws/install/turtlesim/local/lib/python3.10/dist-packages/turtlesim/turtlesim_s__rosidl_typesupport_introspection_c.cpython-310-x86_64-linux-gnu.so
[12.833s] -- Installing: /home/neo/Documents/ros2_ws/install/turtlesim/local/lib/python3.10/dist-packages/turtlesim/turtlesim_s__rosidl_typesupport_c.cpython-310-x86_64-linux-gnu.so
[12.857s] Listing '/home/neo/Documents/ros2_ws/install/turtlesim/local/lib/python3.10/dist-packages/turtlesim'...
[12.857s] Listing '/home/neo/Documents/ros2_ws/install/turtlesim/local/lib/python3.10/dist-packages/turtlesim/action'...
[12.857s] Listing '/home/neo/Documents/ros2_ws/install/turtlesim/local/lib/python3.10/dist-packages/turtlesim/msg'...
[12.857s] Listing '/home/neo/Documents/ros2_ws/install/turtlesim/local/lib/python3.10/dist-packages/turtlesim/srv'...
[12.861s] -- Installing: /home/neo/Documents/ros2_ws/install/turtlesim/local/lib/python3.10/dist-packages/turtlesim/turtlesim_s__rosidl_typesupport_fastrtps_c.cpython-310-x86_64-linux-gnu.so
[12.861s] -- Set runtime path of "/home/neo/Documents/ros2_ws/install/turtlesim/local/lib/python3.10/dist-packages/turtlesim/turtlesim_s__rosidl_typesupport_fastrtps_c.cpython-310-x86_64-linux-gnu.so" to ""
[12.861s] -- Installing: /home/neo/Documents/ros2_ws/install/turtlesim/local/lib/python3.10/dist-packages/turtlesim/turtlesim_s__rosidl_typesupport_introspection_c.cpython-310-x86_64-linux-gnu.so
[12.861s] -- Set runtime path of "/home/neo/Documents/ros2_ws/install/turtlesim/local/lib/python3.10/dist-packages/turtlesim/turtlesim_s__rosidl_typesupport_introspection_c.cpython-310-x86_64-linux-gnu.so" to ""
[12.861s] -- Installing: /home/neo/Documents/ros2_ws/install/turtlesim/local/lib/python3.10/dist-packages/turtlesim/turtlesim_s__rosidl_typesupport_c.cpython-310-x86_64-linux-gnu.so
[12.861s] -- Set runtime path of "/home/neo/Documents/ros2_ws/install/turtlesim/local/lib/python3.10/dist-packages/turtlesim/turtlesim_s__rosidl_typesupport_c.cpython-310-x86_64-linux-gnu.so" to ""
[12.862s] -- Installing: /home/neo/Documents/ros2_ws/install/turtlesim/lib/libturtlesim__rosidl_generator_py.so
[12.862s] -- Set runtime path of "/home/neo/Documents/ros2_ws/install/turtlesim/lib/libturtlesim__rosidl_generator_py.so" to ""
[12.862s] -- Up-to-date: /home/neo/Documents/ros2_ws/install/turtlesim/share/turtlesim/action/RotateAbsolute.idl
[12.862s] -- Up-to-date: /home/neo/Documents/ros2_ws/install/turtlesim/share/turtlesim/msg/Color.idl
[12.862s] -- Up-to-date: /home/neo/Documents/ros2_ws/install/turtlesim/share/turtlesim/msg/Pose.idl
[12.862s] -- Up-to-date: /home/neo/Documents/ros2_ws/install/turtlesim/share/turtlesim/srv/Kill.idl
[12.862s] -- Up-to-date: /home/neo/Documents/ros2_ws/install/turtlesim/share/turtlesim/srv/SetPen.idl
[12.862s] -- Up-to-date: /home/neo/Documents/ros2_ws/install/turtlesim/share/turtlesim/srv/Spawn.idl
[12.862s] -- Up-to-date: /home/neo/Documents/ros2_ws/install/turtlesim/share/turtlesim/srv/TeleportAbsolute.idl
[12.862s] -- Up-to-date: /home/neo/Documents/ros2_ws/install/turtlesim/share/turtlesim/srv/TeleportRelative.idl
[12.862s] -- Up-to-date: /home/neo/Documents/ros2_ws/install/turtlesim/share/turtlesim/action/RotateAbsolute.action
[12.862s] -- Up-to-date: /home/neo/Documents/ros2_ws/install/turtlesim/share/turtlesim/msg/Color.msg
[12.862s] -- Up-to-date: /home/neo/Documents/ros2_ws/install/turtlesim/share/turtlesim/msg/Pose.msg
[12.862s] -- Up-to-date: /home/neo/Documents/ros2_ws/install/turtlesim/share/turtlesim/srv/Kill.srv
[12.862s] -- Up-to-date: /home/neo/Documents/ros2_ws/install/turtlesim/share/turtlesim/srv/Kill_Request.msg
[12.862s] -- Up-to-date: /home/neo/Documents/ros2_ws/install/turtlesim/share/turtlesim/srv/Kill_Response.msg
[12.862s] -- Up-to-date: /home/neo/Documents/ros2_ws/install/turtlesim/share/turtlesim/srv/SetPen.srv
[12.862s] -- Up-to-date: /home/neo/Documents/ros2_ws/install/turtlesim/share/turtlesim/srv/SetPen_Request.msg
[12.863s] -- Up-to-date: /home/neo/Documents/ros2_ws/install/turtlesim/share/turtlesim/srv/SetPen_Response.msg
[12.863s] -- Up-to-date: /home/neo/Documents/ros2_ws/install/turtlesim/share/turtlesim/srv/Spawn.srv
[12.863s] -- Up-to-date: /home/neo/Documents/ros2_ws/install/turtlesim/share/turtlesim/srv/Spawn_Request.msg
[12.863s] -- Up-to-date: /home/neo/Documents/ros2_ws/install/turtlesim/share/turtlesim/srv/Spawn_Response.msg
[12.863s] -- Up-to-date: /home/neo/Documents/ros2_ws/install/turtlesim/share/turtlesim/srv/TeleportAbsolute.srv
[12.863s] -- Up-to-date: /home/neo/Documents/ros2_ws/install/turtlesim/share/turtlesim/srv/TeleportAbsolute_Request.msg
[12.863s] -- Up-to-date: /home/neo/Documents/ros2_ws/install/turtlesim/share/turtlesim/srv/TeleportAbsolute_Response.msg
[12.863s] -- Up-to-date: /home/neo/Documents/ros2_ws/install/turtlesim/share/turtlesim/srv/TeleportRelative.srv
[12.863s] -- Up-to-date: /home/neo/Documents/ros2_ws/install/turtlesim/share/turtlesim/srv/TeleportRelative_Request.msg
[12.863s] -- Up-to-date: /home/neo/Documents/ros2_ws/install/turtlesim/share/turtlesim/srv/TeleportRelative_Response.msg
[12.863s] -- Installing: /home/neo/Documents/ros2_ws/install/turtlesim/lib/turtlesim/turtlesim_node
[12.869s] -- Set runtime path of "/home/neo/Documents/ros2_ws/install/turtlesim/lib/turtlesim/turtlesim_node" to ""
[12.869s] -- Installing: /home/neo/Documents/ros2_ws/install/turtlesim/lib/turtlesim/turtle_teleop_key
[12.871s] -- Set runtime path of "/home/neo/Documents/ros2_ws/install/turtlesim/lib/turtlesim/turtle_teleop_key" to ""
[12.871s] -- Installing: /home/neo/Documents/ros2_ws/install/turtlesim/lib/turtlesim/draw_square
[12.873s] -- Set runtime path of "/home/neo/Documents/ros2_ws/install/turtlesim/lib/turtlesim/draw_square" to ""
[12.874s] -- Installing: /home/neo/Documents/ros2_ws/install/turtlesim/lib/turtlesim/mimic
[12.876s] -- Set runtime path of "/home/neo/Documents/ros2_ws/install/turtlesim/lib/turtlesim/mimic" to ""
[12.876s] -- Up-to-date: /home/neo/Documents/ros2_ws/install/turtlesim/share/turtlesim/images
[12.876s] -- Up-to-date: /home/neo/Documents/ros2_ws/install/turtlesim/share/turtlesim/images/humble.png
[12.876s] -- Up-to-date: /home/neo/Documents/ros2_ws/install/turtlesim/share/turtlesim/images/galactic.png
[12.876s] -- Up-to-date: /home/neo/Documents/ros2_ws/install/turtlesim/share/turtlesim/images/dashing.png
[12.876s] -- Up-to-date: /home/neo/Documents/ros2_ws/install/turtlesim/share/turtlesim/images/crystal.png
[12.876s] -- Up-to-date: /home/neo/Documents/ros2_ws/install/turtlesim/share/turtlesim/images/bouncy.png
[12.876s] -- Up-to-date: /home/neo/Documents/ros2_ws/install/turtlesim/share/turtlesim/images/ardent.png
[12.876s] -- Up-to-date: /home/neo/Documents/ros2_ws/install/turtlesim/share/turtlesim/images/foxy.png
[12.876s] -- Up-to-date: /home/neo/Documents/ros2_ws/install/turtlesim/share/turtlesim/images/rolling.png
[12.876s] -- Up-to-date: /home/neo/Documents/ros2_ws/install/turtlesim/share/turtlesim/images/eloquent.png
[12.877s] -- Up-to-date: /home/neo/Documents/ros2_ws/install/turtlesim/share/turtlesim/launch
[12.877s] -- Up-to-date: /home/neo/Documents/ros2_ws/install/turtlesim/share/turtlesim/launch/multisim.launch.py
[12.877s] -- Up-to-date: /home/neo/Documents/ros2_ws/install/turtlesim/share/ament_index/resource_index/package_run_dependencies/turtlesim
[12.877s] -- Up-to-date: /home/neo/Documents/ros2_ws/install/turtlesim/share/ament_index/resource_index/parent_prefix_path/turtlesim
[12.877s] -- Up-to-date: /home/neo/Documents/ros2_ws/install/turtlesim/share/turtlesim/environment/ament_prefix_path.sh
[12.877s] -- Up-to-date: /home/neo/Documents/ros2_ws/install/turtlesim/share/turtlesim/environment/ament_prefix_path.dsv
[12.877s] -- Up-to-date: /home/neo/Documents/ros2_ws/install/turtlesim/share/turtlesim/environment/path.sh
[12.877s] -- Up-to-date: /home/neo/Documents/ros2_ws/install/turtlesim/share/turtlesim/environment/path.dsv
[12.877s] -- Up-to-date: /home/neo/Documents/ros2_ws/install/turtlesim/share/turtlesim/local_setup.bash
[12.877s] -- Up-to-date: /home/neo/Documents/ros2_ws/install/turtlesim/share/turtlesim/local_setup.sh
[12.877s] -- Up-to-date: /home/neo/Documents/ros2_ws/install/turtlesim/share/turtlesim/local_setup.zsh
[12.877s] -- Up-to-date: /home/neo/Documents/ros2_ws/install/turtlesim/share/turtlesim/local_setup.dsv
[12.877s] -- Installing: /home/neo/Documents/ros2_ws/install/turtlesim/share/turtlesim/package.dsv
[12.877s] -- Up-to-date: /home/neo/Documents/ros2_ws/install/turtlesim/share/ament_index/resource_index/packages/turtlesim
[12.877s] -- Up-to-date: /home/neo/Documents/ros2_ws/install/turtlesim/share/turtlesim/cmake/export_turtlesim__rosidl_generator_cExport.cmake
[12.877s] -- Up-to-date: /home/neo/Documents/ros2_ws/install/turtlesim/share/turtlesim/cmake/export_turtlesim__rosidl_generator_cExport-noconfig.cmake
[12.877s] -- Up-to-date: /home/neo/Documents/ros2_ws/install/turtlesim/share/turtlesim/cmake/export_turtlesim__rosidl_typesupport_fastrtps_cExport.cmake
[12.877s] -- Up-to-date: /home/neo/Documents/ros2_ws/install/turtlesim/share/turtlesim/cmake/export_turtlesim__rosidl_typesupport_fastrtps_cExport-noconfig.cmake
[12.877s] -- Up-to-date: /home/neo/Documents/ros2_ws/install/turtlesim/share/turtlesim/cmake/export_turtlesim__rosidl_generator_cppExport.cmake
[12.877s] -- Up-to-date: /home/neo/Documents/ros2_ws/install/turtlesim/share/turtlesim/cmake/export_turtlesim__rosidl_typesupport_fastrtps_cppExport.cmake
[12.877s] -- Up-to-date: /home/neo/Documents/ros2_ws/install/turtlesim/share/turtlesim/cmake/export_turtlesim__rosidl_typesupport_fastrtps_cppExport-noconfig.cmake
[12.878s] -- Up-to-date: /home/neo/Documents/ros2_ws/install/turtlesim/share/turtlesim/cmake/turtlesim__rosidl_typesupport_introspection_cExport.cmake
[12.878s] -- Up-to-date: /home/neo/Documents/ros2_ws/install/turtlesim/share/turtlesim/cmake/turtlesim__rosidl_typesupport_introspection_cExport-noconfig.cmake
[12.878s] -- Up-to-date: /home/neo/Documents/ros2_ws/install/turtlesim/share/turtlesim/cmake/turtlesim__rosidl_typesupport_cExport.cmake
[12.878s] -- Up-to-date: /home/neo/Documents/ros2_ws/install/turtlesim/share/turtlesim/cmake/turtlesim__rosidl_typesupport_cExport-noconfig.cmake
[12.878s] -- Up-to-date: /home/neo/Documents/ros2_ws/install/turtlesim/share/turtlesim/cmake/turtlesim__rosidl_typesupport_introspection_cppExport.cmake
[12.878s] -- Up-to-date: /home/neo/Documents/ros2_ws/install/turtlesim/share/turtlesim/cmake/turtlesim__rosidl_typesupport_introspection_cppExport-noconfig.cmake
[12.878s] -- Up-to-date: /home/neo/Documents/ros2_ws/install/turtlesim/share/turtlesim/cmake/turtlesim__rosidl_typesupport_cppExport.cmake
[12.878s] -- Up-to-date: /home/neo/Documents/ros2_ws/install/turtlesim/share/turtlesim/cmake/turtlesim__rosidl_typesupport_cppExport-noconfig.cmake
[12.879s] -- Up-to-date: /home/neo/Documents/ros2_ws/install/turtlesim/share/turtlesim/cmake/export_turtlesim__rosidl_generator_pyExport.cmake
[12.879s] -- Up-to-date: /home/neo/Documents/ros2_ws/install/turtlesim/share/turtlesim/cmake/export_turtlesim__rosidl_generator_pyExport-noconfig.cmake
[12.879s] -- Up-to-date: /home/neo/Documents/ros2_ws/install/turtlesim/share/turtlesim/cmake/rosidl_cmake-extras.cmake
[12.879s] -- Up-to-date: /home/neo/Documents/ros2_ws/install/turtlesim/share/turtlesim/cmake/ament_cmake_export_dependencies-extras.cmake
[12.879s] -- Up-to-date: /home/neo/Documents/ros2_ws/install/turtlesim/share/turtlesim/cmake/ament_cmake_export_include_directories-extras.cmake
[12.879s] -- Up-to-date: /home/neo/Documents/ros2_ws/install/turtlesim/share/turtlesim/cmake/ament_cmake_export_libraries-extras.cmake
[12.879s] -- Up-to-date: /home/neo/Documents/ros2_ws/install/turtlesim/share/turtlesim/cmake/ament_cmake_export_targets-extras.cmake
[12.879s] -- Up-to-date: /home/neo/Documents/ros2_ws/install/turtlesim/share/turtlesim/cmake/rosidl_cmake_export_typesupport_targets-extras.cmake
[12.879s] -- Up-to-date: /home/neo/Documents/ros2_ws/install/turtlesim/share/turtlesim/cmake/rosidl_cmake_export_typesupport_libraries-extras.cmake
[12.879s] -- Up-to-date: /home/neo/Documents/ros2_ws/install/turtlesim/share/turtlesim/cmake/turtlesimConfig.cmake
[12.879s] -- Up-to-date: /home/neo/Documents/ros2_ws/install/turtlesim/share/turtlesim/cmake/turtlesimConfig-version.cmake
[12.879s] -- Up-to-date: /home/neo/Documents/ros2_ws/install/turtlesim/share/turtlesim/package.xml
[12.880s] Invoked command in '/home/neo/Documents/ros2_ws/build/turtlesim' returned '0': CMAKE_PREFIX_PATH=${CMAKE_PREFIX_PATH}:/home/neo/Documents/ros2_ws/install/my_robot:/home/neo/Documents/ros2_ws/install/my_package:/home/neo/Documents/ros2_ws/install/map_test:/home/neo/Documents/ros2_ws/install/map_right_hand:/home/neo/Documents/ros2_ws/install/editing_map:/opt/ros/humble /usr/bin/cmake --install /home/neo/Documents/ros2_ws/build/turtlesim
