[2.727s] Invoking command in '/home/neo/Documents/ros2_ws/src/my_robot': PYTHONPATH=/home/neo/Documents/ros2_ws/build/my_robot/prefix_override:/usr/lib/python3/dist-packages/colcon_core/task/python/colcon_distutils_commands:/home/neo/Documents/ros2_ws/install/my_robot/lib/python3.10/site-packages:${PYTHONPATH} /usr/bin/python3 -W ignore:setup.py install is deprecated -W ignore:easy_install command is deprecated setup.py egg_info --egg-base ../../build/my_robot build --build-base /home/neo/Documents/ros2_ws/build/my_robot/build install --record /home/neo/Documents/ros2_ws/build/my_robot/install.log --single-version-externally-managed install_data
[2.918s] /home/neo/.local/lib/python3.10/site-packages/setuptools/_distutils/dist.py:289: UserWarning: Unknown distribution option: 'tests_require'
[2.919s]   warnings.warn(msg)
[3.050s] running egg_info
[3.072s] writing ../../build/my_robot/my_robot.egg-info/PKG-INFO
[3.073s] writing dependency_links to ../../build/my_robot/my_robot.egg-info/dependency_links.txt
[3.074s] writing requirements to ../../build/my_robot/my_robot.egg-info/requires.txt
[3.074s] writing top-level names to ../../build/my_robot/my_robot.egg-info/top_level.txt
[3.122s] reading manifest file '../../build/my_robot/my_robot.egg-info/SOURCES.txt'
[3.123s] writing manifest file '../../build/my_robot/my_robot.egg-info/SOURCES.txt'
[3.124s] running build
[3.124s] running build_py
[3.124s] copying my_robot/__init__.py -> /home/neo/Documents/ros2_ws/build/my_robot/build/lib/my_robot
[3.124s] running install
[3.129s] running install_lib
[3.153s] running install_data
[3.153s] copying resource/my_robot -> /home/neo/Documents/ros2_ws/install/my_robot/share/ament_index/resource_index/packages
[3.154s] copying package.xml -> /home/neo/Documents/ros2_ws/install/my_robot/share/my_robot
[3.154s] copying launch/launch_robot.launch.py -> /home/neo/Documents/ros2_ws/install/my_robot/share/my_robot/launch
[3.154s] copying launch/launch_sim.launch.py -> /home/neo/Documents/ros2_ws/install/my_robot/share/my_robot/launch
[3.154s] copying launch/rsp.launch.py -> /home/neo/Documents/ros2_ws/install/my_robot/share/my_robot/launch
[3.155s] copying description/robot.urdf.xacro -> /home/neo/Documents/ros2_ws/install/my_robot/share/my_robot/description
[3.157s] copying description/robot_core.xacro -> /home/neo/Documents/ros2_ws/install/my_robot/share/my_robot/description
[3.158s] copying description/lidar.xacro -> /home/neo/Documents/ros2_ws/install/my_robot/share/my_robot/description
[3.160s] copying description/inertial_macros.xacro -> /home/neo/Documents/ros2_ws/install/my_robot/share/my_robot/description
[3.161s] copying description/gazebo_control.xacro -> /home/neo/Documents/ros2_ws/install/my_robot/share/my_robot/description
[3.161s] copying description/ros2_control.xacro -> /home/neo/Documents/ros2_ws/install/my_robot/share/my_robot/description
[3.161s] copying world/WareHouseV2.world -> /home/neo/Documents/ros2_ws/install/my_robot/share/my_robot/worlds
[3.161s] copying config/my_controllers.yaml -> /home/neo/Documents/ros2_ws/install/my_robot/share/my_robot/config
[3.161s] running install_egg_info
[3.185s] removing '/home/neo/Documents/ros2_ws/install/my_robot/lib/python3.10/site-packages/my_robot-0.0.0-py3.10.egg-info' (and everything under it)
[3.186s] Copying ../../build/my_robot/my_robot.egg-info to /home/neo/Documents/ros2_ws/install/my_robot/lib/python3.10/site-packages/my_robot-0.0.0-py3.10.egg-info
[3.188s] running install_scripts
[3.372s] writing list of installed files to '/home/neo/Documents/ros2_ws/build/my_robot/install.log'
[3.424s] Invoked command in '/home/neo/Documents/ros2_ws/src/my_robot' returned '0': PYTHONPATH=/home/neo/Documents/ros2_ws/build/my_robot/prefix_override:/usr/lib/python3/dist-packages/colcon_core/task/python/colcon_distutils_commands:/home/neo/Documents/ros2_ws/install/my_robot/lib/python3.10/site-packages:${PYTHONPATH} /usr/bin/python3 -W ignore:setup.py install is deprecated -W ignore:easy_install command is deprecated setup.py egg_info --egg-base ../../build/my_robot build --build-base /home/neo/Documents/ros2_ws/build/my_robot/build install --record /home/neo/Documents/ros2_ws/build/my_robot/install.log --single-version-externally-managed install_data
