[1.747s] Invoking command in '/home/neo/Documents/ros2_ws/src/my_robot': PYTHONPATH=/home/neo/Documents/ros2_ws/build/my_robot/prefix_override:/usr/lib/python3/dist-packages/colcon_core/task/python/colcon_distutils_commands:/home/neo/Documents/ros2_ws/install/my_robot/lib/python3.10/site-packages:${PYTHONPATH} /usr/bin/python3 -W ignore:setup.py install is deprecated -W ignore:easy_install command is deprecated setup.py egg_info --egg-base ../../build/my_robot build --build-base /home/neo/Documents/ros2_ws/build/my_robot/build install --record /home/neo/Documents/ros2_ws/build/my_robot/install.log --single-version-externally-managed install_data
[1.941s] /home/neo/.local/lib/python3.10/site-packages/setuptools/_distutils/dist.py:289: UserWarning: Unknown distribution option: 'tests_require'
[1.941s]   warnings.warn(msg)
[2.085s] running egg_info
[2.099s] writing ../../build/my_robot/my_robot.egg-info/PKG-INFO
[2.099s] writing dependency_links to ../../build/my_robot/my_robot.egg-info/dependency_links.txt
[2.100s] writing requirements to ../../build/my_robot/my_robot.egg-info/requires.txt
[2.100s] writing top-level names to ../../build/my_robot/my_robot.egg-info/top_level.txt
[2.128s] reading manifest file '../../build/my_robot/my_robot.egg-info/SOURCES.txt'
[2.129s] writing manifest file '../../build/my_robot/my_robot.egg-info/SOURCES.txt'
[2.129s] running build
[2.129s] running build_py
[2.129s] copying my_robot/__init__.py -> /home/neo/Documents/ros2_ws/build/my_robot/build/lib/my_robot
[2.129s] running install
[2.132s] running install_lib
[2.146s] running install_data
[2.146s] copying resource/my_robot -> /home/neo/Documents/ros2_ws/install/my_robot/share/ament_index/resource_index/packages
[2.146s] copying package.xml -> /home/neo/Documents/ros2_ws/install/my_robot/share/my_robot
[2.146s] copying launch/launch_robot.launch.py -> /home/neo/Documents/ros2_ws/install/my_robot/share/my_robot/launch
[2.146s] copying launch/launch_sim.launch.py -> /home/neo/Documents/ros2_ws/install/my_robot/share/my_robot/launch
[2.147s] copying launch/rsp.launch.py -> /home/neo/Documents/ros2_ws/install/my_robot/share/my_robot/launch
[2.147s] copying description/robot.urdf.xacro -> /home/neo/Documents/ros2_ws/install/my_robot/share/my_robot/description
[2.147s] copying description/robot_core.xacro -> /home/neo/Documents/ros2_ws/install/my_robot/share/my_robot/description
[2.147s] copying description/lidar.xacro -> /home/neo/Documents/ros2_ws/install/my_robot/share/my_robot/description
[2.147s] copying description/inertial_macros.xacro -> /home/neo/Documents/ros2_ws/install/my_robot/share/my_robot/description
[2.147s] copying description/gazebo_control.xacro -> /home/neo/Documents/ros2_ws/install/my_robot/share/my_robot/description
[2.147s] copying description/ros2_control.xacro -> /home/neo/Documents/ros2_ws/install/my_robot/share/my_robot/description
[2.147s] copying world/WareHouseV2.world -> /home/neo/Documents/ros2_ws/install/my_robot/share/my_robot/worlds
[2.147s] copying config/my_controllers.yaml -> /home/neo/Documents/ros2_ws/install/my_robot/share/my_robot/config
[2.147s] running install_egg_info
[2.161s] removing '/home/neo/Documents/ros2_ws/install/my_robot/lib/python3.10/site-packages/my_robot-0.0.0-py3.10.egg-info' (and everything under it)
[2.161s] Copying ../../build/my_robot/my_robot.egg-info to /home/neo/Documents/ros2_ws/install/my_robot/lib/python3.10/site-packages/my_robot-0.0.0-py3.10.egg-info
[2.162s] running install_scripts
[2.266s] writing list of installed files to '/home/neo/Documents/ros2_ws/build/my_robot/install.log'
[2.289s] Invoked command in '/home/neo/Documents/ros2_ws/src/my_robot' returned '0': PYTHONPATH=/home/neo/Documents/ros2_ws/build/my_robot/prefix_override:/usr/lib/python3/dist-packages/colcon_core/task/python/colcon_distutils_commands:/home/neo/Documents/ros2_ws/install/my_robot/lib/python3.10/site-packages:${PYTHONPATH} /usr/bin/python3 -W ignore:setup.py install is deprecated -W ignore:easy_install command is deprecated setup.py egg_info --egg-base ../../build/my_robot build --build-base /home/neo/Documents/ros2_ws/build/my_robot/build install --record /home/neo/Documents/ros2_ws/build/my_robot/install.log --single-version-externally-managed install_data
