[1.514s] Invoking command in '/home/neo/Documents/ros2_ws/src/my_robot': PYTHONPATH=/home/neo/Documents/ros2_ws/build/my_robot/prefix_override:/usr/lib/python3/dist-packages/colcon_core/task/python/colcon_distutils_commands:/home/neo/Documents/ros2_ws/install/my_robot/lib/python3.10/site-packages:${PYTHONPATH} /usr/bin/python3 -W ignore:setup.py install is deprecated -W ignore:easy_install command is deprecated setup.py egg_info --egg-base ../../build/my_robot build --build-base /home/neo/Documents/ros2_ws/build/my_robot/build install --record /home/neo/Documents/ros2_ws/build/my_robot/install.log --single-version-externally-managed install_data
[1.626s] /home/neo/.local/lib/python3.10/site-packages/setuptools/_distutils/dist.py:289: UserWarning: Unknown distribution option: 'tests_require'
[1.626s]   warnings.warn(msg)
[1.702s] running egg_info
[1.716s] writing ../../build/my_robot/my_robot.egg-info/PKG-INFO
[1.716s] writing dependency_links to ../../build/my_robot/my_robot.egg-info/dependency_links.txt
[1.716s] writing requirements to ../../build/my_robot/my_robot.egg-info/requires.txt
[1.716s] writing top-level names to ../../build/my_robot/my_robot.egg-info/top_level.txt
[1.744s] reading manifest file '../../build/my_robot/my_robot.egg-info/SOURCES.txt'
[1.745s] writing manifest file '../../build/my_robot/my_robot.egg-info/SOURCES.txt'
[1.745s] running build
[1.746s] running build_py
[1.746s] copying my_robot/__init__.py -> /home/neo/Documents/ros2_ws/build/my_robot/build/lib/my_robot
[1.746s] running install
[1.749s] running install_lib
[1.762s] running install_data
[1.762s] copying resource/my_robot -> /home/neo/Documents/ros2_ws/install/my_robot/share/ament_index/resource_index/packages
[1.762s] copying package.xml -> /home/neo/Documents/ros2_ws/install/my_robot/share/my_robot
[1.763s] copying launch/launch_sim.launch.py -> /home/neo/Documents/ros2_ws/install/my_robot/share/my_robot/launch
[1.763s] copying urdf/robot.urdf.xacro -> /home/neo/Documents/ros2_ws/install/my_robot/share/my_robot/urdf
[1.763s] copying world/WareHouseV2.world -> /home/neo/Documents/ros2_ws/install/my_robot/share/my_robot/worlds
[1.763s] copying config/my_controllers.yaml -> /home/neo/Documents/ros2_ws/install/my_robot/share/my_robot/config
[1.763s] running install_egg_info
[1.777s] removing '/home/neo/Documents/ros2_ws/install/my_robot/lib/python3.10/site-packages/my_robot-0.0.0-py3.10.egg-info' (and everything under it)
[1.777s] Copying ../../build/my_robot/my_robot.egg-info to /home/neo/Documents/ros2_ws/install/my_robot/lib/python3.10/site-packages/my_robot-0.0.0-py3.10.egg-info
[1.778s] running install_scripts
[1.882s] writing list of installed files to '/home/neo/Documents/ros2_ws/build/my_robot/install.log'
[1.907s] Invoked command in '/home/neo/Documents/ros2_ws/src/my_robot' returned '0': PYTHONPATH=/home/neo/Documents/ros2_ws/build/my_robot/prefix_override:/usr/lib/python3/dist-packages/colcon_core/task/python/colcon_distutils_commands:/home/neo/Documents/ros2_ws/install/my_robot/lib/python3.10/site-packages:${PYTHONPATH} /usr/bin/python3 -W ignore:setup.py install is deprecated -W ignore:easy_install command is deprecated setup.py egg_info --egg-base ../../build/my_robot build --build-base /home/neo/Documents/ros2_ws/build/my_robot/build install --record /home/neo/Documents/ros2_ws/build/my_robot/install.log --single-version-externally-managed install_data
