[1.368s] Invoking command in '/home/neo/Documents/ros2_ws/src/my_package': PYTHONPATH=/home/neo/Documents/ros2_ws/src/build/my_package/prefix_override:/usr/lib/python3/dist-packages/colcon_core/task/python/colcon_distutils_commands:/home/neo/Documents/ros2_ws/src/install/my_package/lib/python3.10/site-packages:${PYTHONPATH} /usr/bin/python3 -W ignore:setup.py install is deprecated -W ignore:easy_install command is deprecated setup.py egg_info --egg-base ../build/my_package build --build-base /home/neo/Documents/ros2_ws/src/build/my_package/build install --record /home/neo/Documents/ros2_ws/src/build/my_package/install.log --single-version-externally-managed install_data
[1.483s] /home/neo/.local/lib/python3.10/site-packages/setuptools/_distutils/dist.py:289: UserWarning: Unknown distribution option: 'tests_require'
[1.483s]   warnings.warn(msg)
[1.564s] running egg_info
[1.577s] writing ../build/my_package/my_package.egg-info/PKG-INFO
[1.578s] writing dependency_links to ../build/my_package/my_package.egg-info/dependency_links.txt
[1.578s] writing entry points to ../build/my_package/my_package.egg-info/entry_points.txt
[1.578s] writing requirements to ../build/my_package/my_package.egg-info/requires.txt
[1.578s] writing top-level names to ../build/my_package/my_package.egg-info/top_level.txt
[1.605s] reading manifest file '../build/my_package/my_package.egg-info/SOURCES.txt'
[1.605s] adding license file 'LICENSE'
[1.605s] writing manifest file '../build/my_package/my_package.egg-info/SOURCES.txt'
[1.606s] running build
[1.606s] running build_py
[1.606s] copying my_package/my_node.py -> /home/neo/Documents/ros2_ws/src/build/my_package/build/lib/my_package
[1.606s] copying my_package/__init__.py -> /home/neo/Documents/ros2_ws/src/build/my_package/build/lib/my_package
[1.606s] running install
[1.609s] running install_lib
[1.622s] running install_data
[1.622s] copying resource/my_package -> /home/neo/Documents/ros2_ws/src/install/my_package/share/ament_index/resource_index/packages
[1.622s] copying package.xml -> /home/neo/Documents/ros2_ws/src/install/my_package/share/my_package
[1.623s] running install_egg_info
[1.636s] removing '/home/neo/Documents/ros2_ws/src/install/my_package/lib/python3.10/site-packages/my_package-0.0.0-py3.10.egg-info' (and everything under it)
[1.636s] Copying ../build/my_package/my_package.egg-info to /home/neo/Documents/ros2_ws/src/install/my_package/lib/python3.10/site-packages/my_package-0.0.0-py3.10.egg-info
[1.637s] running install_scripts
[1.741s] Installing my_node script to /home/neo/Documents/ros2_ws/src/install/my_package/lib/my_package
[1.741s] writing list of installed files to '/home/neo/Documents/ros2_ws/src/build/my_package/install.log'
[1.762s] Invoked command in '/home/neo/Documents/ros2_ws/src/my_package' returned '0': PYTHONPATH=/home/neo/Documents/ros2_ws/src/build/my_package/prefix_override:/usr/lib/python3/dist-packages/colcon_core/task/python/colcon_distutils_commands:/home/neo/Documents/ros2_ws/src/install/my_package/lib/python3.10/site-packages:${PYTHONPATH} /usr/bin/python3 -W ignore:setup.py install is deprecated -W ignore:easy_install command is deprecated setup.py egg_info --egg-base ../build/my_package build --build-base /home/neo/Documents/ros2_ws/src/build/my_package/build install --record /home/neo/Documents/ros2_ws/src/build/my_package/install.log --single-version-externally-managed install_data
