[1.563s] Invoking command in '/home/neo/Documents/ros2_ws/src/Potential_field': PYTHONPATH=/home/neo/Documents/ros2_ws/src/build/Potential_field/prefix_override:/usr/lib/python3/dist-packages/colcon_core/task/python/colcon_distutils_commands:/home/neo/Documents/ros2_ws/src/install/Potential_field/lib/python3.10/site-packages:${PYTHONPATH} /usr/bin/python3 -W ignore:setup.py install is deprecated -W ignore:easy_install command is deprecated setup.py egg_info --egg-base ../build/Potential_field build --build-base /home/neo/Documents/ros2_ws/src/build/Potential_field/build install --record /home/neo/Documents/ros2_ws/src/build/Potential_field/install.log --single-version-externally-managed install_data
[1.689s] /home/neo/.local/lib/python3.10/site-packages/setuptools/_distutils/dist.py:289: UserWarning: Unknown distribution option: 'tests_require'
[1.689s]   warnings.warn(msg)
[1.820s] running egg_info
[1.850s] writing ../build/Potential_field/Potential_field.egg-info/PKG-INFO
[1.851s] writing dependency_links to ../build/Potential_field/Potential_field.egg-info/dependency_links.txt
[1.851s] writing entry points to ../build/Potential_field/Potential_field.egg-info/entry_points.txt
[1.851s] writing requirements to ../build/Potential_field/Potential_field.egg-info/requires.txt
[1.852s] writing top-level names to ../build/Potential_field/Potential_field.egg-info/top_level.txt
[1.900s] reading manifest file '../build/Potential_field/Potential_field.egg-info/SOURCES.txt'
[1.900s] adding license file 'LICENSE'
[1.901s] writing manifest file '../build/Potential_field/Potential_field.egg-info/SOURCES.txt'
[1.901s] running build
[1.901s] running build_py
[1.902s] copying Potential_field/Reguluator.py -> /home/neo/Documents/ros2_ws/src/build/Potential_field/build/lib/Potential_field
[1.902s] copying Potential_field/__init__.py -> /home/neo/Documents/ros2_ws/src/build/Potential_field/build/lib/Potential_field
[1.902s] copying Potential_field/Markov_solutions.py -> /home/neo/Documents/ros2_ws/src/build/Potential_field/build/lib/Potential_field
[1.903s] copying Potential_field/Traectory.py -> /home/neo/Documents/ros2_ws/src/build/Potential_field/build/lib/Potential_field
[1.903s] copying Potential_field/Update_map.py -> /home/neo/Documents/ros2_ws/src/build/Potential_field/build/lib/Potential_field
[1.904s] copying Potential_field/Update_map (copy).py -> /home/neo/Documents/ros2_ws/src/build/Potential_field/build/lib/Potential_field
[1.904s] copying Potential_field/Instantaneous_center.py -> /home/neo/Documents/ros2_ws/src/build/Potential_field/build/lib/Potential_field
[1.904s] copying Potential_field/A_star.py -> /home/neo/Documents/ros2_ws/src/build/Potential_field/build/lib/Potential_field
[1.904s] copying Potential_field/Kinimatica.py -> /home/neo/Documents/ros2_ws/src/build/Potential_field/build/lib/Potential_field
[1.905s] running install
[1.908s] running install_lib
[1.924s] copying /home/neo/Documents/ros2_ws/src/build/Potential_field/build/lib/Potential_field/Markov_solutions.py -> /home/neo/Documents/ros2_ws/src/install/Potential_field/lib/python3.10/site-packages/Potential_field
[1.924s] copying /home/neo/Documents/ros2_ws/src/build/Potential_field/build/lib/Potential_field/Update_map.py -> /home/neo/Documents/ros2_ws/src/install/Potential_field/lib/python3.10/site-packages/Potential_field
[1.925s] byte-compiling /home/neo/Documents/ros2_ws/src/install/Potential_field/lib/python3.10/site-packages/Potential_field/Markov_solutions.py to Markov_solutions.cpython-310.pyc
[1.927s] byte-compiling /home/neo/Documents/ros2_ws/src/install/Potential_field/lib/python3.10/site-packages/Potential_field/Update_map.py to Update_map.cpython-310.pyc
[1.929s] running install_data
[1.929s] copying resource/Potential_field -> /home/neo/Documents/ros2_ws/src/install/Potential_field/share/ament_index/resource_index/packages
[1.929s] copying package.xml -> /home/neo/Documents/ros2_ws/src/install/Potential_field/share/Potential_field
[1.929s] running install_egg_info
[1.945s] removing '/home/neo/Documents/ros2_ws/src/install/Potential_field/lib/python3.10/site-packages/Potential_field-0.0.0-py3.10.egg-info' (and everything under it)
[1.945s] Copying ../build/Potential_field/Potential_field.egg-info to /home/neo/Documents/ros2_ws/src/install/Potential_field/lib/python3.10/site-packages/Potential_field-0.0.0-py3.10.egg-info
[1.946s] running install_scripts
[2.062s] Installing A_start script to /home/neo/Documents/ros2_ws/src/install/Potential_field/lib/Potential_field
[2.062s] Installing Mark script to /home/neo/Documents/ros2_ws/src/install/Potential_field/lib/Potential_field
[2.062s] Installing Reguluator script to /home/neo/Documents/ros2_ws/src/install/Potential_field/lib/Potential_field
[2.062s] Installing Trac script to /home/neo/Documents/ros2_ws/src/install/Potential_field/lib/Potential_field
[2.062s] writing list of installed files to '/home/neo/Documents/ros2_ws/src/build/Potential_field/install.log'
[2.082s] Invoked command in '/home/neo/Documents/ros2_ws/src/Potential_field' returned '0': PYTHONPATH=/home/neo/Documents/ros2_ws/src/build/Potential_field/prefix_override:/usr/lib/python3/dist-packages/colcon_core/task/python/colcon_distutils_commands:/home/neo/Documents/ros2_ws/src/install/Potential_field/lib/python3.10/site-packages:${PYTHONPATH} /usr/bin/python3 -W ignore:setup.py install is deprecated -W ignore:easy_install command is deprecated setup.py egg_info --egg-base ../build/Potential_field build --build-base /home/neo/Documents/ros2_ws/src/build/Potential_field/build install --record /home/neo/Documents/ros2_ws/src/build/Potential_field/install.log --single-version-externally-managed install_data
