[0.675s] Invoking command in '/home/neo/Documents/ros2_ws/src/editing_map': PYTHONPATH=/home/neo/Documents/ros2_ws/build/editing_map/prefix_override:/usr/lib/python3/dist-packages/colcon_core/task/python/colcon_distutils_commands:/home/neo/Documents/ros2_ws/install/editing_map/lib/python3.10/site-packages:${PYTHONPATH} /usr/bin/python3 -W ignore:setup.py install is deprecated -W ignore:easy_install command is deprecated setup.py egg_info --egg-base ../../build/editing_map build --build-base /home/neo/Documents/ros2_ws/build/editing_map/build install --record /home/neo/Documents/ros2_ws/build/editing_map/install.log --single-version-externally-managed install_data
[0.825s] /home/neo/.local/lib/python3.10/site-packages/setuptools/_distutils/dist.py:289: UserWarning: Unknown distribution option: 'tests_require'
[0.826s]   warnings.warn(msg)
[0.898s] running egg_info
[0.910s] writing ../../build/editing_map/editing_map.egg-info/PKG-INFO
[0.910s] writing dependency_links to ../../build/editing_map/editing_map.egg-info/dependency_links.txt
[0.911s] writing entry points to ../../build/editing_map/editing_map.egg-info/entry_points.txt
[0.911s] writing requirements to ../../build/editing_map/editing_map.egg-info/requires.txt
[0.911s] writing top-level names to ../../build/editing_map/editing_map.egg-info/top_level.txt
[0.936s] reading manifest file '../../build/editing_map/editing_map.egg-info/SOURCES.txt'
[0.936s] adding license file 'LICENSE'
[0.937s] writing manifest file '../../build/editing_map/editing_map.egg-info/SOURCES.txt'
[0.937s] running build
[0.937s] running build_py
[0.937s] copying editing_map/listener.py -> /home/neo/Documents/ros2_ws/build/editing_map/build/lib/editing_map
[0.937s] copying editing_map/__init__.py -> /home/neo/Documents/ros2_ws/build/editing_map/build/lib/editing_map
[0.937s] copying editing_map/talker.py -> /home/neo/Documents/ros2_ws/build/editing_map/build/lib/editing_map
[0.938s] running install
[0.940s] running install_lib
[0.952s] copying /home/neo/Documents/ros2_ws/build/editing_map/build/lib/editing_map/listener.py -> /home/neo/Documents/ros2_ws/install/editing_map/lib/python3.10/site-packages/editing_map
[0.953s] byte-compiling /home/neo/Documents/ros2_ws/install/editing_map/lib/python3.10/site-packages/editing_map/listener.py to listener.cpython-310.pyc
[0.953s] running install_data
[0.954s] copying resource/editing_map -> /home/neo/Documents/ros2_ws/install/editing_map/share/ament_index/resource_index/packages
[0.954s] copying package.xml -> /home/neo/Documents/ros2_ws/install/editing_map/share/editing_map
[0.954s] running install_egg_info
[0.967s] removing '/home/neo/Documents/ros2_ws/install/editing_map/lib/python3.10/site-packages/editing_map-0.0.0-py3.10.egg-info' (and everything under it)
[0.968s] Copying ../../build/editing_map/editing_map.egg-info to /home/neo/Documents/ros2_ws/install/editing_map/lib/python3.10/site-packages/editing_map-0.0.0-py3.10.egg-info
[0.968s] running install_scripts
[1.064s] Installing listener script to /home/neo/Documents/ros2_ws/install/editing_map/lib/editing_map
[1.064s] Installing talker script to /home/neo/Documents/ros2_ws/install/editing_map/lib/editing_map
[1.064s] writing list of installed files to '/home/neo/Documents/ros2_ws/build/editing_map/install.log'
[1.087s] Invoked command in '/home/neo/Documents/ros2_ws/src/editing_map' returned '0': PYTHONPATH=/home/neo/Documents/ros2_ws/build/editing_map/prefix_override:/usr/lib/python3/dist-packages/colcon_core/task/python/colcon_distutils_commands:/home/neo/Documents/ros2_ws/install/editing_map/lib/python3.10/site-packages:${PYTHONPATH} /usr/bin/python3 -W ignore:setup.py install is deprecated -W ignore:easy_install command is deprecated setup.py egg_info --egg-base ../../build/editing_map build --build-base /home/neo/Documents/ros2_ws/build/editing_map/build install --record /home/neo/Documents/ros2_ws/build/editing_map/install.log --single-version-externally-managed install_data
