[1.568s] Invoking command in '/home/neo/Documents/ros2_ws/src/my_package': PYTHONPATH=/home/neo/Documents/ros2_ws/build/my_package/prefix_override:/usr/lib/python3/dist-packages/colcon_core/task/python/colcon_distutils_commands:/home/neo/Documents/ros2_ws/install/my_package/lib/python3.10/site-packages:${PYTHONPATH} /usr/bin/python3 -W ignore:setup.py install is deprecated -W ignore:easy_install command is deprecated setup.py egg_info --egg-base ../../build/my_package build --build-base /home/neo/Documents/ros2_ws/build/my_package/build install --record /home/neo/Documents/ros2_ws/build/my_package/install.log --single-version-externally-managed install_data
[1.757s] /home/neo/.local/lib/python3.10/site-packages/setuptools/_distutils/dist.py:289: UserWarning: Unknown distribution option: 'tests_require'
[1.757s]   warnings.warn(msg)
[1.884s] running egg_info
[1.911s] writing ../../build/my_package/my_package.egg-info/PKG-INFO
[1.912s] writing dependency_links to ../../build/my_package/my_package.egg-info/dependency_links.txt
[1.912s] writing entry points to ../../build/my_package/my_package.egg-info/entry_points.txt
[1.912s] writing requirements to ../../build/my_package/my_package.egg-info/requires.txt
[1.913s] writing top-level names to ../../build/my_package/my_package.egg-info/top_level.txt
[1.967s] reading manifest file '../../build/my_package/my_package.egg-info/SOURCES.txt'
[1.968s] adding license file 'LICENSE'
[1.969s] writing manifest file '../../build/my_package/my_package.egg-info/SOURCES.txt'
[1.969s] running build
[1.969s] running build_py
[1.969s] copying my_package/my_node.py -> /home/neo/Documents/ros2_ws/build/my_package/build/lib/my_package
[1.970s] copying my_package/__init__.py -> /home/neo/Documents/ros2_ws/build/my_package/build/lib/my_package
[1.970s] running install
[1.974s] running install_lib
[1.989s] running install_data
[1.989s] copying resource/my_package -> /home/neo/Documents/ros2_ws/install/my_package/share/ament_index/resource_index/packages
[1.989s] copying package.xml -> /home/neo/Documents/ros2_ws/install/my_package/share/my_package
[1.989s] running install_egg_info
[2.004s] removing '/home/neo/Documents/ros2_ws/install/my_package/lib/python3.10/site-packages/my_package-0.0.0-py3.10.egg-info' (and everything under it)
[2.004s] Copying ../../build/my_package/my_package.egg-info to /home/neo/Documents/ros2_ws/install/my_package/lib/python3.10/site-packages/my_package-0.0.0-py3.10.egg-info
[2.005s] running install_scripts
[2.102s] Installing my_node script to /home/neo/Documents/ros2_ws/install/my_package/lib/my_package
[2.102s] writing list of installed files to '/home/neo/Documents/ros2_ws/build/my_package/install.log'
