[2.011s] Invoking command in '/home/neo/Documents/ros2_ws/src/my_robot': PYTHONPATH=/home/neo/Documents/ros2_ws/build/my_robot/prefix_override:/usr/lib/python3/dist-packages/colcon_core/task/python/colcon_distutils_commands:/home/neo/Documents/ros2_ws/install/my_robot/lib/python3.10/site-packages:${PYTHONPATH} /usr/bin/python3 -W ignore:setup.py install is deprecated -W ignore:easy_install command is deprecated setup.py egg_info --egg-base ../../build/my_robot build --build-base /home/neo/Documents/ros2_ws/build/my_robot/build install --record /home/neo/Documents/ros2_ws/build/my_robot/install.log --single-version-externally-managed install_data
[2.428s] /home/neo/.local/lib/python3.10/site-packages/setuptools/_distutils/dist.py:289: UserWarning: Unknown distribution option: 'tests_require'
[2.428s]   warnings.warn(msg)
[2.729s] running egg_info
[2.784s] writing ../../build/my_robot/my_robot.egg-info/PKG-INFO
[2.784s] writing dependency_links to ../../build/my_robot/my_robot.egg-info/dependency_links.txt
[2.786s] writing requirements to ../../build/my_robot/my_robot.egg-info/requires.txt
[2.787s] writing top-level names to ../../build/my_robot/my_robot.egg-info/top_level.txt
[2.868s] reading manifest file '../../build/my_robot/my_robot.egg-info/SOURCES.txt'
[2.871s] writing manifest file '../../build/my_robot/my_robot.egg-info/SOURCES.txt'
[2.873s] running build
[2.873s] running build_py
[2.873s] copying my_robot/__init__.py -> /home/neo/Documents/ros2_ws/build/my_robot/build/lib/my_robot
[2.873s] running install
[2.879s] running install_lib
[2.903s] running install_data
[2.903s] copying resource/my_robot -> /home/neo/Documents/ros2_ws/install/my_robot/share/ament_index/resource_index/packages
[2.904s] copying package.xml -> /home/neo/Documents/ros2_ws/install/my_robot/share/my_robot
[2.904s] copying launch/launch_robot.launch.py -> /home/neo/Documents/ros2_ws/install/my_robot/share/my_robot/launch
[2.904s] copying launch/launch_sim.launch.py -> /home/neo/Documents/ros2_ws/install/my_robot/share/my_robot/launch
[2.904s] copying launch/rsp.launch.py -> /home/neo/Documents/ros2_ws/install/my_robot/share/my_robot/launch
[2.905s] copying description/robot.urdf.xacro -> /home/neo/Documents/ros2_ws/install/my_robot/share/my_robot/description
[2.905s] copying description/robot_core.xacro -> /home/neo/Documents/ros2_ws/install/my_robot/share/my_robot/description
[2.906s] copying description/lidar.xacro -> /home/neo/Documents/ros2_ws/install/my_robot/share/my_robot/description
[2.906s] copying description/inertial_macros.xacro -> /home/neo/Documents/ros2_ws/install/my_robot/share/my_robot/description
[2.906s] copying description/gazebo_control.xacro -> /home/neo/Documents/ros2_ws/install/my_robot/share/my_robot/description
[2.906s] copying description/ros2_control.xacro -> /home/neo/Documents/ros2_ws/install/my_robot/share/my_robot/description
[2.907s] copying world/WareHouseV2.world -> /home/neo/Documents/ros2_ws/install/my_robot/share/my_robot/worlds
[2.907s] copying config/my_controllers.yaml -> /home/neo/Documents/ros2_ws/install/my_robot/share/my_robot/config
[2.908s] running install_egg_info
[2.934s] removing '/home/neo/Documents/ros2_ws/install/my_robot/lib/python3.10/site-packages/my_robot-0.0.0-py3.10.egg-info' (and everything under it)
[2.934s] Copying ../../build/my_robot/my_robot.egg-info to /home/neo/Documents/ros2_ws/install/my_robot/lib/python3.10/site-packages/my_robot-0.0.0-py3.10.egg-info
[2.937s] running install_scripts
[3.134s] writing list of installed files to '/home/neo/Documents/ros2_ws/build/my_robot/install.log'
[3.174s] Invoked command in '/home/neo/Documents/ros2_ws/src/my_robot' returned '0': PYTHONPATH=/home/neo/Documents/ros2_ws/build/my_robot/prefix_override:/usr/lib/python3/dist-packages/colcon_core/task/python/colcon_distutils_commands:/home/neo/Documents/ros2_ws/install/my_robot/lib/python3.10/site-packages:${PYTHONPATH} /usr/bin/python3 -W ignore:setup.py install is deprecated -W ignore:easy_install command is deprecated setup.py egg_info --egg-base ../../build/my_robot build --build-base /home/neo/Documents/ros2_ws/build/my_robot/build install --record /home/neo/Documents/ros2_ws/build/my_robot/install.log --single-version-externally-managed install_data
