[0.766s] Invoking command in '/home/neo/Documents/ros2_ws/src/Potential_field': PYTHONPATH=/home/neo/Documents/ros2_ws/build/Potential_field/prefix_override:/usr/lib/python3/dist-packages/colcon_core/task/python/colcon_distutils_commands:/home/neo/Documents/ros2_ws/install/Potential_field/lib/python3.10/site-packages:${PYTHONPATH} /usr/bin/python3 -W ignore:setup.py install is deprecated -W ignore:easy_install command is deprecated setup.py egg_info --egg-base ../../build/Potential_field build --build-base /home/neo/Documents/ros2_ws/build/Potential_field/build install --record /home/neo/Documents/ros2_ws/build/Potential_field/install.log --single-version-externally-managed install_data
[0.900s] /home/neo/.local/lib/python3.10/site-packages/setuptools/_distutils/dist.py:289: UserWarning: Unknown distribution option: 'tests_require'
[0.900s]   warnings.warn(msg)
[0.985s] running egg_info
[1.000s] writing ../../build/Potential_field/Potential_field.egg-info/PKG-INFO
[1.000s] writing dependency_links to ../../build/Potential_field/Potential_field.egg-info/dependency_links.txt
[1.000s] writing entry points to ../../build/Potential_field/Potential_field.egg-info/entry_points.txt
[1.001s] writing requirements to ../../build/Potential_field/Potential_field.egg-info/requires.txt
[1.001s] writing top-level names to ../../build/Potential_field/Potential_field.egg-info/top_level.txt
[1.036s] reading manifest file '../../build/Potential_field/Potential_field.egg-info/SOURCES.txt'
[1.036s] adding license file 'LICENSE'
[1.037s] writing manifest file '../../build/Potential_field/Potential_field.egg-info/SOURCES.txt'
[1.037s] running build
[1.037s] running build_py
[1.037s] copying Potential_field/Reguluator.py -> /home/neo/Documents/ros2_ws/build/Potential_field/build/lib/Potential_field
[1.037s] copying Potential_field/__init__.py -> /home/neo/Documents/ros2_ws/build/Potential_field/build/lib/Potential_field
[1.037s] copying Potential_field/Markov_solutions.py -> /home/neo/Documents/ros2_ws/build/Potential_field/build/lib/Potential_field
[1.038s] copying Potential_field/Traectory.py -> /home/neo/Documents/ros2_ws/build/Potential_field/build/lib/Potential_field
[1.038s] copying Potential_field/Instantaneous_center.py -> /home/neo/Documents/ros2_ws/build/Potential_field/build/lib/Potential_field
[1.038s] copying Potential_field/A_star.py -> /home/neo/Documents/ros2_ws/build/Potential_field/build/lib/Potential_field
[1.038s] copying Potential_field/Kinimatica.py -> /home/neo/Documents/ros2_ws/build/Potential_field/build/lib/Potential_field
[1.038s] running install
[1.041s] running install_lib
[1.056s] running install_data
[1.056s] copying resource/Potential_field -> /home/neo/Documents/ros2_ws/install/Potential_field/share/ament_index/resource_index/packages
[1.057s] copying package.xml -> /home/neo/Documents/ros2_ws/install/Potential_field/share/Potential_field
[1.057s] running install_egg_info
[1.073s] removing '/home/neo/Documents/ros2_ws/install/Potential_field/lib/python3.10/site-packages/Potential_field-0.0.0-py3.10.egg-info' (and everything under it)
[1.073s] Copying ../../build/Potential_field/Potential_field.egg-info to /home/neo/Documents/ros2_ws/install/Potential_field/lib/python3.10/site-packages/Potential_field-0.0.0-py3.10.egg-info
[1.073s] running install_scripts
[1.184s] Installing A_start script to /home/neo/Documents/ros2_ws/install/Potential_field/lib/Potential_field
[1.184s] Installing Reguluator script to /home/neo/Documents/ros2_ws/install/Potential_field/lib/Potential_field
[1.184s] Installing Trac script to /home/neo/Documents/ros2_ws/install/Potential_field/lib/Potential_field
[1.184s] writing list of installed files to '/home/neo/Documents/ros2_ws/build/Potential_field/install.log'
[1.226s] Invoked command in '/home/neo/Documents/ros2_ws/src/Potential_field' returned '0': PYTHONPATH=/home/neo/Documents/ros2_ws/build/Potential_field/prefix_override:/usr/lib/python3/dist-packages/colcon_core/task/python/colcon_distutils_commands:/home/neo/Documents/ros2_ws/install/Potential_field/lib/python3.10/site-packages:${PYTHONPATH} /usr/bin/python3 -W ignore:setup.py install is deprecated -W ignore:easy_install command is deprecated setup.py egg_info --egg-base ../../build/Potential_field build --build-base /home/neo/Documents/ros2_ws/build/Potential_field/build install --record /home/neo/Documents/ros2_ws/build/Potential_field/install.log --single-version-externally-managed install_data
