[1.518s] Invoking command in '/home/neo/Documents/ros2_ws/src/my_package': PYTHONPATH=/home/neo/Documents/ros2_ws/build/my_package/prefix_override:/usr/lib/python3/dist-packages/colcon_core/task/python/colcon_distutils_commands:/home/neo/Documents/ros2_ws/install/my_package/lib/python3.10/site-packages:${PYTHONPATH} /usr/bin/python3 -W ignore:setup.py install is deprecated -W ignore:easy_install command is deprecated setup.py egg_info --egg-base ../../build/my_package build --build-base /home/neo/Documents/ros2_ws/build/my_package/build install --record /home/neo/Documents/ros2_ws/build/my_package/install.log --single-version-externally-managed install_data
[1.631s] /home/neo/.local/lib/python3.10/site-packages/setuptools/_distutils/dist.py:289: UserWarning: Unknown distribution option: 'tests_require'
[1.631s]   warnings.warn(msg)
[1.708s] running egg_info
[1.720s] writing ../../build/my_package/my_package.egg-info/PKG-INFO
[1.721s] writing dependency_links to ../../build/my_package/my_package.egg-info/dependency_links.txt
[1.721s] writing entry points to ../../build/my_package/my_package.egg-info/entry_points.txt
[1.721s] writing requirements to ../../build/my_package/my_package.egg-info/requires.txt
[1.721s] writing top-level names to ../../build/my_package/my_package.egg-info/top_level.txt
[1.748s] reading manifest file '../../build/my_package/my_package.egg-info/SOURCES.txt'
[1.749s] adding license file 'LICENSE'
[1.750s] writing manifest file '../../build/my_package/my_package.egg-info/SOURCES.txt'
[1.750s] running build
[1.750s] running build_py
[1.750s] copying my_package/my_node.py -> /home/neo/Documents/ros2_ws/build/my_package/build/lib/my_package
[1.751s] copying my_package/__init__.py -> /home/neo/Documents/ros2_ws/build/my_package/build/lib/my_package
[1.751s] running install
[1.753s] running install_lib
[1.766s] running install_data
[1.766s] copying resource/my_package -> /home/neo/Documents/ros2_ws/install/my_package/share/ament_index/resource_index/packages
[1.766s] copying package.xml -> /home/neo/Documents/ros2_ws/install/my_package/share/my_package
[1.767s] running install_egg_info
[1.780s] removing '/home/neo/Documents/ros2_ws/install/my_package/lib/python3.10/site-packages/my_package-0.0.0-py3.10.egg-info' (and everything under it)
[1.780s] Copying ../../build/my_package/my_package.egg-info to /home/neo/Documents/ros2_ws/install/my_package/lib/python3.10/site-packages/my_package-0.0.0-py3.10.egg-info
[1.780s] running install_scripts
[1.885s] Installing my_node script to /home/neo/Documents/ros2_ws/install/my_package/lib/my_package
[1.885s] writing list of installed files to '/home/neo/Documents/ros2_ws/build/my_package/install.log'
[1.914s] Invoked command in '/home/neo/Documents/ros2_ws/src/my_package' returned '0': PYTHONPATH=/home/neo/Documents/ros2_ws/build/my_package/prefix_override:/usr/lib/python3/dist-packages/colcon_core/task/python/colcon_distutils_commands:/home/neo/Documents/ros2_ws/install/my_package/lib/python3.10/site-packages:${PYTHONPATH} /usr/bin/python3 -W ignore:setup.py install is deprecated -W ignore:easy_install command is deprecated setup.py egg_info --egg-base ../../build/my_package build --build-base /home/neo/Documents/ros2_ws/build/my_package/build install --record /home/neo/Documents/ros2_ws/build/my_package/install.log --single-version-externally-managed install_data
