[0.569s] Invoking command in '/home/neo/Documents/ros2_ws/src/Potential_field': PYTHONPATH=/home/neo/Documents/ros2_ws/src/build/Potential_field/prefix_override:/usr/lib/python3/dist-packages/colcon_core/task/python/colcon_distutils_commands:/home/neo/Documents/ros2_ws/src/install/Potential_field/lib/python3.10/site-packages:${PYTHONPATH} /usr/bin/python3 -W ignore:setup.py install is deprecated -W ignore:easy_install command is deprecated setup.py egg_info --egg-base ../build/Potential_field build --build-base /home/neo/Documents/ros2_ws/src/build/Potential_field/build install --record /home/neo/Documents/ros2_ws/src/build/Potential_field/install.log --single-version-externally-managed install_data
[0.669s] /home/neo/.local/lib/python3.10/site-packages/setuptools/_distutils/dist.py:289: UserWarning: Unknown distribution option: 'tests_require'
[0.669s]   warnings.warn(msg)
[0.739s] running egg_info
[0.750s] writing ../build/Potential_field/Potential_field.egg-info/PKG-INFO
[0.750s] writing dependency_links to ../build/Potential_field/Potential_field.egg-info/dependency_links.txt
[0.751s] writing entry points to ../build/Potential_field/Potential_field.egg-info/entry_points.txt
[0.751s] writing requirements to ../build/Potential_field/Potential_field.egg-info/requires.txt
[0.751s] writing top-level names to ../build/Potential_field/Potential_field.egg-info/top_level.txt
[0.775s] reading manifest file '../build/Potential_field/Potential_field.egg-info/SOURCES.txt'
[0.775s] adding license file 'LICENSE'
[0.775s] writing manifest file '../build/Potential_field/Potential_field.egg-info/SOURCES.txt'
[0.776s] running build
[0.776s] running build_py
[0.776s] copying Potential_field/Markov_test.py -> /home/neo/Documents/ros2_ws/src/build/Potential_field/build/lib/Potential_field
[0.776s] copying Potential_field/Reguluator.py -> /home/neo/Documents/ros2_ws/src/build/Potential_field/build/lib/Potential_field
[0.776s] copying Potential_field/Finding_obstacles.py -> /home/neo/Documents/ros2_ws/src/build/Potential_field/build/lib/Potential_field
[0.776s] copying Potential_field/__init__.py -> /home/neo/Documents/ros2_ws/src/build/Potential_field/build/lib/Potential_field
[0.776s] copying Potential_field/Markov_solutions.py -> /home/neo/Documents/ros2_ws/src/build/Potential_field/build/lib/Potential_field
[0.776s] copying Potential_field/Traectory.py -> /home/neo/Documents/ros2_ws/src/build/Potential_field/build/lib/Potential_field
[0.776s] copying Potential_field/Update_map.py -> /home/neo/Documents/ros2_ws/src/build/Potential_field/build/lib/Potential_field
[0.776s] copying Potential_field/Update_map (copy).py -> /home/neo/Documents/ros2_ws/src/build/Potential_field/build/lib/Potential_field
[0.776s] copying Potential_field/Instantaneous_center.py -> /home/neo/Documents/ros2_ws/src/build/Potential_field/build/lib/Potential_field
[0.776s] copying Potential_field/A_star.py -> /home/neo/Documents/ros2_ws/src/build/Potential_field/build/lib/Potential_field
[0.776s] copying Potential_field/Kinimatica.py -> /home/neo/Documents/ros2_ws/src/build/Potential_field/build/lib/Potential_field
[0.777s] running install
[0.779s] running install_lib
[0.792s] running install_data
[0.793s] copying resource/Potential_field -> /home/neo/Documents/ros2_ws/src/install/Potential_field/share/ament_index/resource_index/packages
[0.793s] copying package.xml -> /home/neo/Documents/ros2_ws/src/install/Potential_field/share/Potential_field
[0.793s] running install_egg_info
[0.805s] removing '/home/neo/Documents/ros2_ws/src/install/Potential_field/lib/python3.10/site-packages/Potential_field-0.0.0-py3.10.egg-info' (and everything under it)
[0.805s] Copying ../build/Potential_field/Potential_field.egg-info to /home/neo/Documents/ros2_ws/src/install/Potential_field/lib/python3.10/site-packages/Potential_field-0.0.0-py3.10.egg-info
[0.805s] running install_scripts
[0.902s] Installing A_start script to /home/neo/Documents/ros2_ws/src/install/Potential_field/lib/Potential_field
[0.902s] Installing Find script to /home/neo/Documents/ros2_ws/src/install/Potential_field/lib/Potential_field
[0.902s] Installing Mark script to /home/neo/Documents/ros2_ws/src/install/Potential_field/lib/Potential_field
[0.902s] Installing Reguluator script to /home/neo/Documents/ros2_ws/src/install/Potential_field/lib/Potential_field
[0.902s] Installing Trac script to /home/neo/Documents/ros2_ws/src/install/Potential_field/lib/Potential_field
[0.902s] Installing Update_map script to /home/neo/Documents/ros2_ws/src/install/Potential_field/lib/Potential_field
[0.903s] writing list of installed files to '/home/neo/Documents/ros2_ws/src/build/Potential_field/install.log'
[0.920s] Invoked command in '/home/neo/Documents/ros2_ws/src/Potential_field' returned '0': PYTHONPATH=/home/neo/Documents/ros2_ws/src/build/Potential_field/prefix_override:/usr/lib/python3/dist-packages/colcon_core/task/python/colcon_distutils_commands:/home/neo/Documents/ros2_ws/src/install/Potential_field/lib/python3.10/site-packages:${PYTHONPATH} /usr/bin/python3 -W ignore:setup.py install is deprecated -W ignore:easy_install command is deprecated setup.py egg_info --egg-base ../build/Potential_field build --build-base /home/neo/Documents/ros2_ws/src/build/Potential_field/build install --record /home/neo/Documents/ros2_ws/src/build/Potential_field/install.log --single-version-externally-managed install_data
