[2.081s] Invoking command in '/home/neo/Documents/ros2_ws/src/Potential_field': PYTHONPATH=/home/neo/Documents/ros2_ws/build/Potential_field/prefix_override:/usr/lib/python3/dist-packages/colcon_core/task/python/colcon_distutils_commands:/home/neo/Documents/ros2_ws/install/Potential_field/lib/python3.10/site-packages:${PYTHONPATH} /usr/bin/python3 -W ignore:setup.py install is deprecated -W ignore:easy_install command is deprecated setup.py egg_info --egg-base ../../build/Potential_field build --build-base /home/neo/Documents/ros2_ws/build/Potential_field/build install --record /home/neo/Documents/ros2_ws/build/Potential_field/install.log --single-version-externally-managed install_data
[2.390s] /home/neo/.local/lib/python3.10/site-packages/setuptools/_distutils/dist.py:289: UserWarning: Unknown distribution option: 'tests_require'
[2.390s]   warnings.warn(msg)
[2.591s] running egg_info
[2.626s] writing ../../build/Potential_field/Potential_field.egg-info/PKG-INFO
[2.627s] writing dependency_links to ../../build/Potential_field/Potential_field.egg-info/dependency_links.txt
[2.632s] writing entry points to ../../build/Potential_field/Potential_field.egg-info/entry_points.txt
[2.632s] writing requirements to ../../build/Potential_field/Potential_field.egg-info/requires.txt
[2.632s] writing top-level names to ../../build/Potential_field/Potential_field.egg-info/top_level.txt
[2.753s] reading manifest file '../../build/Potential_field/Potential_field.egg-info/SOURCES.txt'
[2.753s] adding license file 'LICENSE'
[2.760s] writing manifest file '../../build/Potential_field/Potential_field.egg-info/SOURCES.txt'
[2.760s] running build
[2.760s] running build_py
[2.760s] copying Potential_field/Reguluator.py -> /home/neo/Documents/ros2_ws/build/Potential_field/build/lib/Potential_field
[2.760s] copying Potential_field/__init__.py -> /home/neo/Documents/ros2_ws/build/Potential_field/build/lib/Potential_field
[2.760s] copying Potential_field/Markov_solutions.py -> /home/neo/Documents/ros2_ws/build/Potential_field/build/lib/Potential_field
[2.760s] copying Potential_field/Traectory.py -> /home/neo/Documents/ros2_ws/build/Potential_field/build/lib/Potential_field
[2.760s] copying Potential_field/Instantaneous_center.py -> /home/neo/Documents/ros2_ws/build/Potential_field/build/lib/Potential_field
[2.760s] copying Potential_field/A_star.py -> /home/neo/Documents/ros2_ws/build/Potential_field/build/lib/Potential_field
[2.760s] copying Potential_field/Kinimatica.py -> /home/neo/Documents/ros2_ws/build/Potential_field/build/lib/Potential_field
[2.762s] running install
[2.772s] running install_lib
[2.809s] byte-compiling /home/neo/Documents/ros2_ws/install/Potential_field/lib/python3.10/site-packages/Potential_field/Markov_solutions.py to Markov_solutions.cpython-310.pyc
[2.809s]   File "/home/neo/Documents/ros2_ws/install/Potential_field/lib/python3.10/site-packages/Potential_field/Markov_solutions.py", line 39
[2.809s]     int((pose.pose.position.y - self.origin[1]) / self.resolution)]
[2.809s]                                                                   ^
[2.809s] SyntaxError: closing parenthesis ']' does not match opening parenthesis '(' on line 38
[2.809s] 
[2.809s] running install_data
[2.810s] copying resource/Potential_field -> /home/neo/Documents/ros2_ws/install/Potential_field/share/ament_index/resource_index/packages
[2.810s] copying package.xml -> /home/neo/Documents/ros2_ws/install/Potential_field/share/Potential_field
[2.810s] running install_egg_info
[2.845s] removing '/home/neo/Documents/ros2_ws/install/Potential_field/lib/python3.10/site-packages/Potential_field-0.0.0-py3.10.egg-info' (and everything under it)
[2.847s] Copying ../../build/Potential_field/Potential_field.egg-info to /home/neo/Documents/ros2_ws/install/Potential_field/lib/python3.10/site-packages/Potential_field-0.0.0-py3.10.egg-info
[2.847s] running install_scripts
[3.117s] Installing Reguluator script to /home/neo/Documents/ros2_ws/install/Potential_field/lib/Potential_field
[3.118s] writing list of installed files to '/home/neo/Documents/ros2_ws/build/Potential_field/install.log'
[3.164s] Invoked command in '/home/neo/Documents/ros2_ws/src/Potential_field' returned '0': PYTHONPATH=/home/neo/Documents/ros2_ws/build/Potential_field/prefix_override:/usr/lib/python3/dist-packages/colcon_core/task/python/colcon_distutils_commands:/home/neo/Documents/ros2_ws/install/Potential_field/lib/python3.10/site-packages:${PYTHONPATH} /usr/bin/python3 -W ignore:setup.py install is deprecated -W ignore:easy_install command is deprecated setup.py egg_info --egg-base ../../build/Potential_field build --build-base /home/neo/Documents/ros2_ws/build/Potential_field/build install --record /home/neo/Documents/ros2_ws/build/Potential_field/install.log --single-version-externally-managed install_data
