/home/neo/Documents/ros2_ws/install/my_robot/lib/python3.10/site-packages/my_robot/__init__.py
/home/neo/Documents/ros2_ws/install/my_robot/lib/python3.10/site-packages/my_robot/__pycache__/__init__.cpython-310.pyc
/home/neo/Documents/ros2_ws/install/my_robot/share/ament_index/resource_index/packages/my_robot
/home/neo/Documents/ros2_ws/install/my_robot/share/my_robot/package.xml
/home/neo/Documents/ros2_ws/install/my_robot/share/my_robot/launch/launch_robot.launch.py
/home/neo/Documents/ros2_ws/install/my_robot/share/my_robot/launch/launch_sim.launch.py
/home/neo/Documents/ros2_ws/install/my_robot/share/my_robot/launch/rsp.launch.py
/home/neo/Documents/ros2_ws/install/my_robot/share/my_robot/description/robot.urdf.xacro
/home/neo/Documents/ros2_ws/install/my_robot/share/my_robot/description/robot_core.xacro
/home/neo/Documents/ros2_ws/install/my_robot/share/my_robot/description/lidar.xacro
/home/neo/Documents/ros2_ws/install/my_robot/share/my_robot/description/inertial_macros.xacro
/home/neo/Documents/ros2_ws/install/my_robot/share/my_robot/description/gazebo_control.xacro
/home/neo/Documents/ros2_ws/install/my_robot/share/my_robot/description/ros2_control.xacro
/home/neo/Documents/ros2_ws/install/my_robot/share/my_robot/worlds/WareHouseV2.world
/home/neo/Documents/ros2_ws/install/my_robot/share/my_robot/config/my_controllers.yaml
/home/neo/Documents/ros2_ws/install/my_robot/lib/python3.10/site-packages/my_robot-0.0.0-py3.10.egg-info/PKG-INFO
/home/neo/Documents/ros2_ws/install/my_robot/lib/python3.10/site-packages/my_robot-0.0.0-py3.10.egg-info/top_level.txt
/home/neo/Documents/ros2_ws/install/my_robot/lib/python3.10/site-packages/my_robot-0.0.0-py3.10.egg-info/zip-safe
/home/neo/Documents/ros2_ws/install/my_robot/lib/python3.10/site-packages/my_robot-0.0.0-py3.10.egg-info/requires.txt
/home/neo/Documents/ros2_ws/install/my_robot/lib/python3.10/site-packages/my_robot-0.0.0-py3.10.egg-info/SOURCES.txt
/home/neo/Documents/ros2_ws/install/my_robot/lib/python3.10/site-packages/my_robot-0.0.0-py3.10.egg-info/dependency_links.txt
