[2.209s] Invoking command in '/home/neo/Documents/ros2_ws/src/my_robot': PYTHONPATH=/home/neo/Documents/ros2_ws/build/my_robot/prefix_override:/usr/lib/python3/dist-packages/colcon_core/task/python/colcon_distutils_commands:/home/neo/Documents/ros2_ws/install/my_robot/lib/python3.10/site-packages:${PYTHONPATH} /usr/bin/python3 -W ignore:setup.py install is deprecated -W ignore:easy_install command is deprecated setup.py egg_info --egg-base ../../build/my_robot build --build-base /home/neo/Documents/ros2_ws/build/my_robot/build install --record /home/neo/Documents/ros2_ws/build/my_robot/install.log --single-version-externally-managed install_data
[2.464s] /home/neo/.local/lib/python3.10/site-packages/setuptools/_distutils/dist.py:289: UserWarning: Unknown distribution option: 'tests_require'
[2.464s]   warnings.warn(msg)
[2.605s] running egg_info
[2.630s] writing ../../build/my_robot/my_robot.egg-info/PKG-INFO
[2.631s] writing dependency_links to ../../build/my_robot/my_robot.egg-info/dependency_links.txt
[2.631s] writing requirements to ../../build/my_robot/my_robot.egg-info/requires.txt
[2.631s] writing top-level names to ../../build/my_robot/my_robot.egg-info/top_level.txt
[2.684s] reading manifest file '../../build/my_robot/my_robot.egg-info/SOURCES.txt'
[2.687s] writing manifest file '../../build/my_robot/my_robot.egg-info/SOURCES.txt'
[2.687s] running build
[2.688s] running build_py
[2.688s] copying my_robot/__init__.py -> /home/neo/Documents/ros2_ws/build/my_robot/build/lib/my_robot
[2.688s] running install
[2.693s] running install_lib
[2.718s] running install_data
[2.718s] copying resource/my_robot -> /home/neo/Documents/ros2_ws/install/my_robot/share/ament_index/resource_index/packages
[2.719s] copying package.xml -> /home/neo/Documents/ros2_ws/install/my_robot/share/my_robot
[2.719s] copying launch/launch_sim.launch.py -> /home/neo/Documents/ros2_ws/install/my_robot/share/my_robot/launch
[2.719s] copying urdf/robot.urdf.xacro -> /home/neo/Documents/ros2_ws/install/my_robot/share/my_robot/urdf
[2.720s] copying world/WareHouseV2.world -> /home/neo/Documents/ros2_ws/install/my_robot/share/my_robot/worlds
[2.720s] copying config/my_controllers.yaml -> /home/neo/Documents/ros2_ws/install/my_robot/share/my_robot/config
[2.720s] running install_egg_info
[2.748s] removing '/home/neo/Documents/ros2_ws/install/my_robot/lib/python3.10/site-packages/my_robot-0.0.0-py3.10.egg-info' (and everything under it)
[2.749s] Copying ../../build/my_robot/my_robot.egg-info to /home/neo/Documents/ros2_ws/install/my_robot/lib/python3.10/site-packages/my_robot-0.0.0-py3.10.egg-info
[2.749s] running install_scripts
[2.947s] writing list of installed files to '/home/neo/Documents/ros2_ws/build/my_robot/install.log'
[2.986s] Invoked command in '/home/neo/Documents/ros2_ws/src/my_robot' returned '0': PYTHONPATH=/home/neo/Documents/ros2_ws/build/my_robot/prefix_override:/usr/lib/python3/dist-packages/colcon_core/task/python/colcon_distutils_commands:/home/neo/Documents/ros2_ws/install/my_robot/lib/python3.10/site-packages:${PYTHONPATH} /usr/bin/python3 -W ignore:setup.py install is deprecated -W ignore:easy_install command is deprecated setup.py egg_info --egg-base ../../build/my_robot build --build-base /home/neo/Documents/ros2_ws/build/my_robot/build install --record /home/neo/Documents/ros2_ws/build/my_robot/install.log --single-version-externally-managed install_data
