[1.792s] Invoking command in '/home/neo/Documents/ros2_ws/src/my_package': PYTHONPATH=/home/neo/Documents/ros2_ws/build/my_package/prefix_override:/usr/lib/python3/dist-packages/colcon_core/task/python/colcon_distutils_commands:/home/neo/Documents/ros2_ws/install/my_package/lib/python3.10/site-packages:${PYTHONPATH} /usr/bin/python3 -W ignore:setup.py install is deprecated -W ignore:easy_install command is deprecated setup.py egg_info --egg-base ../../build/my_package build --build-base /home/neo/Documents/ros2_ws/build/my_package/build install --record /home/neo/Documents/ros2_ws/build/my_package/install.log --single-version-externally-managed install_data
[1.939s] /home/neo/.local/lib/python3.10/site-packages/setuptools/_distutils/dist.py:289: UserWarning: Unknown distribution option: 'tests_require'
[1.939s]   warnings.warn(msg)
[2.044s] running egg_info
[2.062s] writing ../../build/my_package/my_package.egg-info/PKG-INFO
[2.062s] writing dependency_links to ../../build/my_package/my_package.egg-info/dependency_links.txt
[2.063s] writing entry points to ../../build/my_package/my_package.egg-info/entry_points.txt
[2.063s] writing requirements to ../../build/my_package/my_package.egg-info/requires.txt
[2.063s] writing top-level names to ../../build/my_package/my_package.egg-info/top_level.txt
[2.100s] reading manifest file '../../build/my_package/my_package.egg-info/SOURCES.txt'
[2.100s] adding license file 'LICENSE'
[2.101s] writing manifest file '../../build/my_package/my_package.egg-info/SOURCES.txt'
[2.102s] running build
[2.102s] running build_py
[2.102s] copying my_package/my_node.py -> /home/neo/Documents/ros2_ws/build/my_package/build/lib/my_package
[2.102s] copying my_package/__init__.py -> /home/neo/Documents/ros2_ws/build/my_package/build/lib/my_package
[2.102s] running install
[2.106s] running install_lib
[2.124s] running install_data
[2.125s] copying resource/my_package -> /home/neo/Documents/ros2_ws/install/my_package/share/ament_index/resource_index/packages
[2.125s] copying package.xml -> /home/neo/Documents/ros2_ws/install/my_package/share/my_package
[2.125s] running install_egg_info
[2.144s] removing '/home/neo/Documents/ros2_ws/install/my_package/lib/python3.10/site-packages/my_package-0.0.0-py3.10.egg-info' (and everything under it)
[2.145s] Copying ../../build/my_package/my_package.egg-info to /home/neo/Documents/ros2_ws/install/my_package/lib/python3.10/site-packages/my_package-0.0.0-py3.10.egg-info
[2.146s] running install_scripts
[2.287s] Installing my_node script to /home/neo/Documents/ros2_ws/install/my_package/lib/my_package
[2.288s] writing list of installed files to '/home/neo/Documents/ros2_ws/build/my_package/install.log'
[2.337s] Invoked command in '/home/neo/Documents/ros2_ws/src/my_package' returned '0': PYTHONPATH=/home/neo/Documents/ros2_ws/build/my_package/prefix_override:/usr/lib/python3/dist-packages/colcon_core/task/python/colcon_distutils_commands:/home/neo/Documents/ros2_ws/install/my_package/lib/python3.10/site-packages:${PYTHONPATH} /usr/bin/python3 -W ignore:setup.py install is deprecated -W ignore:easy_install command is deprecated setup.py egg_info --egg-base ../../build/my_package build --build-base /home/neo/Documents/ros2_ws/build/my_package/build install --record /home/neo/Documents/ros2_ws/build/my_package/install.log --single-version-externally-managed install_data
