[2.553s] Invoking command in '/home/neo/Documents/ros2_ws/src/my_robot': PYTHONPATH=/home/neo/Documents/ros2_ws/src/build/my_robot/prefix_override:/usr/lib/python3/dist-packages/colcon_core/task/python/colcon_distutils_commands:/home/neo/Documents/ros2_ws/src/install/my_robot/lib/python3.10/site-packages:${PYTHONPATH} /usr/bin/python3 -W ignore:setup.py install is deprecated -W ignore:easy_install command is deprecated setup.py egg_info --egg-base ../build/my_robot build --build-base /home/neo/Documents/ros2_ws/src/build/my_robot/build install --record /home/neo/Documents/ros2_ws/src/build/my_robot/install.log --single-version-externally-managed install_data
[2.888s] /home/neo/.local/lib/python3.10/site-packages/setuptools/_distutils/dist.py:289: UserWarning: Unknown distribution option: 'tests_require'
[2.888s]   warnings.warn(msg)
[3.124s] running egg_info
[3.162s] writing ../build/my_robot/my_robot.egg-info/PKG-INFO
[3.163s] writing dependency_links to ../build/my_robot/my_robot.egg-info/dependency_links.txt
[3.163s] writing requirements to ../build/my_robot/my_robot.egg-info/requires.txt
[3.163s] writing top-level names to ../build/my_robot/my_robot.egg-info/top_level.txt
[3.246s] reading manifest file '../build/my_robot/my_robot.egg-info/SOURCES.txt'
[3.249s] writing manifest file '../build/my_robot/my_robot.egg-info/SOURCES.txt'
[3.249s] running build
[3.249s] running build_py
[3.250s] copying my_robot/__init__.py -> /home/neo/Documents/ros2_ws/src/build/my_robot/build/lib/my_robot
[3.250s] running install
[3.258s] running install_lib
[3.296s] running install_data
[3.297s] copying resource/my_robot -> /home/neo/Documents/ros2_ws/src/install/my_robot/share/ament_index/resource_index/packages
[3.297s] copying package.xml -> /home/neo/Documents/ros2_ws/src/install/my_robot/share/my_robot
[3.298s] copying launch/launch_robot.launch.py -> /home/neo/Documents/ros2_ws/src/install/my_robot/share/my_robot/launch
[3.298s] copying launch/launch_sim.launch.py -> /home/neo/Documents/ros2_ws/src/install/my_robot/share/my_robot/launch
[3.299s] copying launch/rsp.launch.py -> /home/neo/Documents/ros2_ws/src/install/my_robot/share/my_robot/launch
[3.299s] copying description/robot.urdf.xacro -> /home/neo/Documents/ros2_ws/src/install/my_robot/share/my_robot/description
[3.300s] copying description/robot_core.xacro -> /home/neo/Documents/ros2_ws/src/install/my_robot/share/my_robot/description
[3.300s] copying description/lidar.xacro -> /home/neo/Documents/ros2_ws/src/install/my_robot/share/my_robot/description
[3.300s] copying description/inertial_macros.xacro -> /home/neo/Documents/ros2_ws/src/install/my_robot/share/my_robot/description
[3.300s] copying description/gazebo_control.xacro -> /home/neo/Documents/ros2_ws/src/install/my_robot/share/my_robot/description
[3.301s] copying description/ros2_control.xacro -> /home/neo/Documents/ros2_ws/src/install/my_robot/share/my_robot/description
[3.301s] copying world/WareHouseV2.world -> /home/neo/Documents/ros2_ws/src/install/my_robot/share/my_robot/worlds
[3.301s] copying config/my_controllers.yaml -> /home/neo/Documents/ros2_ws/src/install/my_robot/share/my_robot/config
[3.301s] running install_egg_info
[3.340s] removing '/home/neo/Documents/ros2_ws/src/install/my_robot/lib/python3.10/site-packages/my_robot-0.0.0-py3.10.egg-info' (and everything under it)
[3.341s] Copying ../build/my_robot/my_robot.egg-info to /home/neo/Documents/ros2_ws/src/install/my_robot/lib/python3.10/site-packages/my_robot-0.0.0-py3.10.egg-info
[3.342s] running install_scripts
[3.640s] writing list of installed files to '/home/neo/Documents/ros2_ws/src/build/my_robot/install.log'
[3.716s] Invoked command in '/home/neo/Documents/ros2_ws/src/my_robot' returned '0': PYTHONPATH=/home/neo/Documents/ros2_ws/src/build/my_robot/prefix_override:/usr/lib/python3/dist-packages/colcon_core/task/python/colcon_distutils_commands:/home/neo/Documents/ros2_ws/src/install/my_robot/lib/python3.10/site-packages:${PYTHONPATH} /usr/bin/python3 -W ignore:setup.py install is deprecated -W ignore:easy_install command is deprecated setup.py egg_info --egg-base ../build/my_robot build --build-base /home/neo/Documents/ros2_ws/src/build/my_robot/build install --record /home/neo/Documents/ros2_ws/src/build/my_robot/install.log --single-version-externally-managed install_data
