[0.702s] Invoking command in '/home/neo/Documents/ros2_ws/src/my_package': PYTHONPATH=/home/neo/Documents/ros2_ws/build/my_package/prefix_override:/usr/lib/python3/dist-packages/colcon_core/task/python/colcon_distutils_commands:/home/neo/Documents/ros2_ws/install/my_package/lib/python3.10/site-packages:${PYTHONPATH} /usr/bin/python3 -W ignore:setup.py install is deprecated -W ignore:easy_install command is deprecated setup.py egg_info --egg-base ../../build/my_package build --build-base /home/neo/Documents/ros2_ws/build/my_package/build install --record /home/neo/Documents/ros2_ws/build/my_package/install.log --single-version-externally-managed install_data
[0.874s] /home/neo/.local/lib/python3.10/site-packages/setuptools/_distutils/dist.py:289: UserWarning: Unknown distribution option: 'tests_require'
[0.875s]   warnings.warn(msg)
[0.945s] running egg_info
[0.957s] writing ../../build/my_package/my_package.egg-info/PKG-INFO
[0.957s] writing dependency_links to ../../build/my_package/my_package.egg-info/dependency_links.txt
[0.957s] writing entry points to ../../build/my_package/my_package.egg-info/entry_points.txt
[0.957s] writing requirements to ../../build/my_package/my_package.egg-info/requires.txt
[0.958s] writing top-level names to ../../build/my_package/my_package.egg-info/top_level.txt
[0.983s] reading manifest file '../../build/my_package/my_package.egg-info/SOURCES.txt'
[0.984s] adding license file 'LICENSE'
[0.985s] writing manifest file '../../build/my_package/my_package.egg-info/SOURCES.txt'
[0.985s] running build
[0.985s] running build_py
[0.985s] copying my_package/my_node.py -> /home/neo/Documents/ros2_ws/build/my_package/build/lib/my_package
[0.985s] copying my_package/__init__.py -> /home/neo/Documents/ros2_ws/build/my_package/build/lib/my_package
[0.986s] running install
[0.988s] running install_lib
[1.000s] copying /home/neo/Documents/ros2_ws/build/my_package/build/lib/my_package/my_node.py -> /home/neo/Documents/ros2_ws/install/my_package/lib/python3.10/site-packages/my_package
[1.000s] copying /home/neo/Documents/ros2_ws/build/my_package/build/lib/my_package/__init__.py -> /home/neo/Documents/ros2_ws/install/my_package/lib/python3.10/site-packages/my_package
[1.001s] byte-compiling /home/neo/Documents/ros2_ws/install/my_package/lib/python3.10/site-packages/my_package/my_node.py to my_node.cpython-310.pyc
[1.001s] byte-compiling /home/neo/Documents/ros2_ws/install/my_package/lib/python3.10/site-packages/my_package/__init__.py to __init__.cpython-310.pyc
[1.001s] running install_data
[1.001s] copying resource/my_package -> /home/neo/Documents/ros2_ws/install/my_package/share/ament_index/resource_index/packages
[1.001s] copying package.xml -> /home/neo/Documents/ros2_ws/install/my_package/share/my_package
[1.001s] running install_egg_info
[1.015s] removing '/home/neo/Documents/ros2_ws/install/my_package/lib/python3.10/site-packages/my_package-0.0.0-py3.10.egg-info' (and everything under it)
[1.015s] Copying ../../build/my_package/my_package.egg-info to /home/neo/Documents/ros2_ws/install/my_package/lib/python3.10/site-packages/my_package-0.0.0-py3.10.egg-info
[1.015s] running install_scripts
[1.111s] Installing my_node script to /home/neo/Documents/ros2_ws/install/my_package/lib/my_package
[1.111s] writing list of installed files to '/home/neo/Documents/ros2_ws/build/my_package/install.log'
[1.132s] Invoked command in '/home/neo/Documents/ros2_ws/src/my_package' returned '0': PYTHONPATH=/home/neo/Documents/ros2_ws/build/my_package/prefix_override:/usr/lib/python3/dist-packages/colcon_core/task/python/colcon_distutils_commands:/home/neo/Documents/ros2_ws/install/my_package/lib/python3.10/site-packages:${PYTHONPATH} /usr/bin/python3 -W ignore:setup.py install is deprecated -W ignore:easy_install command is deprecated setup.py egg_info --egg-base ../../build/my_package build --build-base /home/neo/Documents/ros2_ws/build/my_package/build install --record /home/neo/Documents/ros2_ws/build/my_package/install.log --single-version-externally-managed install_data
