[1.535s] Invoking command in '/home/neo/Documents/ros2_ws/src/editing_map': PYTHONPATH=/home/neo/Documents/ros2_ws/src/build/editing_map/prefix_override:/usr/lib/python3/dist-packages/colcon_core/task/python/colcon_distutils_commands:/home/neo/Documents/ros2_ws/src/install/editing_map/lib/python3.10/site-packages:${PYTHONPATH} /usr/bin/python3 -W ignore:setup.py install is deprecated -W ignore:easy_install command is deprecated setup.py egg_info --egg-base ../build/editing_map build --build-base /home/neo/Documents/ros2_ws/src/build/editing_map/build install --record /home/neo/Documents/ros2_ws/src/build/editing_map/install.log --single-version-externally-managed install_data
[1.710s] /home/neo/.local/lib/python3.10/site-packages/setuptools/_distutils/dist.py:289: UserWarning: Unknown distribution option: 'tests_require'
[1.710s]   warnings.warn(msg)
[1.876s] running egg_info
[1.902s] writing ../build/editing_map/editing_map.egg-info/PKG-INFO
[1.903s] writing dependency_links to ../build/editing_map/editing_map.egg-info/dependency_links.txt
[1.903s] writing entry points to ../build/editing_map/editing_map.egg-info/entry_points.txt
[1.903s] writing requirements to ../build/editing_map/editing_map.egg-info/requires.txt
[1.904s] writing top-level names to ../build/editing_map/editing_map.egg-info/top_level.txt
[1.951s] reading manifest file '../build/editing_map/editing_map.egg-info/SOURCES.txt'
[1.951s] adding license file 'LICENSE'
[1.953s] writing manifest file '../build/editing_map/editing_map.egg-info/SOURCES.txt'
[1.953s] running build
[1.953s] running build_py
[1.953s] copying editing_map/listener.py -> /home/neo/Documents/ros2_ws/src/build/editing_map/build/lib/editing_map
[1.953s] copying editing_map/__init__.py -> /home/neo/Documents/ros2_ws/src/build/editing_map/build/lib/editing_map
[1.953s] copying editing_map/talker.py -> /home/neo/Documents/ros2_ws/src/build/editing_map/build/lib/editing_map
[1.954s] running install
[1.957s] running install_lib
[1.971s] running install_data
[1.971s] copying resource/editing_map -> /home/neo/Documents/ros2_ws/src/install/editing_map/share/ament_index/resource_index/packages
[1.971s] copying package.xml -> /home/neo/Documents/ros2_ws/src/install/editing_map/share/editing_map
[1.971s] running install_egg_info
[1.986s] removing '/home/neo/Documents/ros2_ws/src/install/editing_map/lib/python3.10/site-packages/editing_map-0.0.0-py3.10.egg-info' (and everything under it)
[1.986s] Copying ../build/editing_map/editing_map.egg-info to /home/neo/Documents/ros2_ws/src/install/editing_map/lib/python3.10/site-packages/editing_map-0.0.0-py3.10.egg-info
[1.987s] running install_scripts
[2.086s] Installing listener script to /home/neo/Documents/ros2_ws/src/install/editing_map/lib/editing_map
[2.086s] Installing talker script to /home/neo/Documents/ros2_ws/src/install/editing_map/lib/editing_map
[2.087s] writing list of installed files to '/home/neo/Documents/ros2_ws/src/build/editing_map/install.log'
[2.105s] Invoked command in '/home/neo/Documents/ros2_ws/src/editing_map' returned '0': PYTHONPATH=/home/neo/Documents/ros2_ws/src/build/editing_map/prefix_override:/usr/lib/python3/dist-packages/colcon_core/task/python/colcon_distutils_commands:/home/neo/Documents/ros2_ws/src/install/editing_map/lib/python3.10/site-packages:${PYTHONPATH} /usr/bin/python3 -W ignore:setup.py install is deprecated -W ignore:easy_install command is deprecated setup.py egg_info --egg-base ../build/editing_map build --build-base /home/neo/Documents/ros2_ws/src/build/editing_map/build install --record /home/neo/Documents/ros2_ws/src/build/editing_map/install.log --single-version-externally-managed install_data
