[2.648s] Invoking command in '/home/neo/Documents/ros2_ws/src/map_right_hand': PYTHONPATH=/home/neo/Documents/ros2_ws/src/build/map_right_hand/prefix_override:/usr/lib/python3/dist-packages/colcon_core/task/python/colcon_distutils_commands:/home/neo/Documents/ros2_ws/src/install/map_right_hand/lib/python3.10/site-packages:${PYTHONPATH} /usr/bin/python3 -W ignore:setup.py install is deprecated -W ignore:easy_install command is deprecated setup.py egg_info --egg-base ../build/map_right_hand build --build-base /home/neo/Documents/ros2_ws/src/build/map_right_hand/build install --record /home/neo/Documents/ros2_ws/src/build/map_right_hand/install.log --single-version-externally-managed install_data
[3.080s] /home/neo/.local/lib/python3.10/site-packages/setuptools/_distutils/dist.py:289: UserWarning: Unknown distribution option: 'tests_require'
[3.080s]   warnings.warn(msg)
[3.336s] running egg_info
[3.372s] writing ../build/map_right_hand/map_right_hand.egg-info/PKG-INFO
[3.373s] writing dependency_links to ../build/map_right_hand/map_right_hand.egg-info/dependency_links.txt
[3.374s] writing entry points to ../build/map_right_hand/map_right_hand.egg-info/entry_points.txt
[3.374s] writing requirements to ../build/map_right_hand/map_right_hand.egg-info/requires.txt
[3.374s] writing top-level names to ../build/map_right_hand/map_right_hand.egg-info/top_level.txt
[3.455s] reading manifest file '../build/map_right_hand/map_right_hand.egg-info/SOURCES.txt'
[3.456s] adding license file 'LICENSE'
[3.458s] writing manifest file '../build/map_right_hand/map_right_hand.egg-info/SOURCES.txt'
[3.458s] running build
[3.459s] running build_py
[3.459s] copying map_right_hand/__init__.py -> /home/neo/Documents/ros2_ws/src/build/map_right_hand/build/lib/map_right_hand
[3.459s] copying map_right_hand/right_hand.py -> /home/neo/Documents/ros2_ws/src/build/map_right_hand/build/lib/map_right_hand
[3.460s] running install
[3.468s] running install_lib
[3.512s] running install_data
[3.512s] copying resource/map_right_hand -> /home/neo/Documents/ros2_ws/src/install/map_right_hand/share/ament_index/resource_index/packages
[3.512s] copying package.xml -> /home/neo/Documents/ros2_ws/src/install/map_right_hand/share/map_right_hand
[3.513s] running install_egg_info
[3.554s] removing '/home/neo/Documents/ros2_ws/src/install/map_right_hand/lib/python3.10/site-packages/map_right_hand-0.0.0-py3.10.egg-info' (and everything under it)
[3.554s] Copying ../build/map_right_hand/map_right_hand.egg-info to /home/neo/Documents/ros2_ws/src/install/map_right_hand/lib/python3.10/site-packages/map_right_hand-0.0.0-py3.10.egg-info
[3.556s] running install_scripts
[3.852s] Installing right_hand script to /home/neo/Documents/ros2_ws/src/install/map_right_hand/lib/map_right_hand
[3.852s] writing list of installed files to '/home/neo/Documents/ros2_ws/src/build/map_right_hand/install.log'
[3.895s] Invoked command in '/home/neo/Documents/ros2_ws/src/map_right_hand' returned '0': PYTHONPATH=/home/neo/Documents/ros2_ws/src/build/map_right_hand/prefix_override:/usr/lib/python3/dist-packages/colcon_core/task/python/colcon_distutils_commands:/home/neo/Documents/ros2_ws/src/install/map_right_hand/lib/python3.10/site-packages:${PYTHONPATH} /usr/bin/python3 -W ignore:setup.py install is deprecated -W ignore:easy_install command is deprecated setup.py egg_info --egg-base ../build/map_right_hand build --build-base /home/neo/Documents/ros2_ws/src/build/map_right_hand/build install --record /home/neo/Documents/ros2_ws/src/build/map_right_hand/install.log --single-version-externally-managed install_data
