[0.875s] Invoking command in '/home/neo/Documents/ros2_ws/src/build/turtlesim': CMAKE_PREFIX_PATH=/home/neo/Documents/ros2_ws/src/install/map_test:/opt/ros/humble /usr/bin/cmake /home/neo/Documents/ros2_ws/src/ros_tutorials/turtlesim -DCMAKE_INSTALL_PREFIX=/home/neo/Documents/ros2_ws/src/install/turtlesim
[1.010s] -- The C compiler identification is GNU 11.4.0
[1.123s] -- The CXX compiler identification is GNU 11.4.0
[1.134s] -- Detecting C compiler ABI info
[1.212s] -- Detecting C compiler ABI info - done
[1.218s] -- Check for working C compiler: /usr/bin/cc - skipped
[1.219s] -- Detecting C compile features
[1.220s] -- Detecting C compile features - done
[1.223s] -- Detecting CXX compiler ABI info
[1.287s] -- Detecting CXX compiler ABI info - done
[1.293s] -- Check for working CXX compiler: /usr/bin/c++ - skipped
[1.293s] -- Detecting CXX compile features
[1.294s] -- Detecting CXX compile features - done
[1.297s] -- Found ament_cmake: 1.3.11 (/opt/ros/humble/share/ament_cmake/cmake)
[1.792s] -- Found Python3: /usr/bin/python3 (found version "3.10.12") found components: Interpreter 
[1.933s] -- Found ament_index_cpp: 1.4.0 (/opt/ros/humble/share/ament_index_cpp/cmake)
[1.936s] -- Found geometry_msgs: 4.8.0 (/opt/ros/humble/share/geometry_msgs/cmake)
[1.996s] -- Found rosidl_generator_c: 3.1.6 (/opt/ros/humble/share/rosidl_generator_c/cmake)
[2.004s] -- Found rosidl_adapter: 3.1.6 (/opt/ros/humble/share/rosidl_adapter/cmake)
[2.018s] -- Found rosidl_generator_cpp: 3.1.6 (/opt/ros/humble/share/rosidl_generator_cpp/cmake)
[2.039s] -- Using all available rosidl_typesupport_c: rosidl_typesupport_fastrtps_c;rosidl_typesupport_introspection_c
[2.068s] -- Using all available rosidl_typesupport_cpp: rosidl_typesupport_fastrtps_cpp;rosidl_typesupport_introspection_cpp
[2.161s] -- Found rclcpp: 16.0.12 (/opt/ros/humble/share/rclcpp/cmake)
[2.205s] -- Found rmw_implementation_cmake: 6.1.2 (/opt/ros/humble/share/rmw_implementation_cmake/cmake)
[2.208s] -- Found rmw_fastrtps_cpp: 6.2.7 (/opt/ros/humble/share/rmw_fastrtps_cpp/cmake)
[2.303s] -- Found OpenSSL: /usr/lib/x86_64-linux-gnu/libcrypto.so (found version "3.0.2")  
[2.330s] -- Found FastRTPS: /opt/ros/humble/include  
[2.367s] -- Using RMW implementation 'rmw_fastrtps_cpp' as default
[2.374s] -- Looking for pthread.h
[2.435s] -- Looking for pthread.h - found
[2.436s] -- Performing Test CMAKE_HAVE_LIBC_PTHREAD
[2.494s] -- Performing Test CMAKE_HAVE_LIBC_PTHREAD - Success
[2.495s] -- Found Threads: TRUE  
[2.529s] -- Found rclcpp_action: 16.0.12 (/opt/ros/humble/share/rclcpp_action/cmake)
[2.556s] -- Found rosidl_default_generators: 1.2.0 (/opt/ros/humble/share/rosidl_default_generators/cmake)
[2.562s] -- Found std_srvs: 4.8.0 (/opt/ros/humble/share/std_srvs/cmake)
[2.787s] -- Found ament_cmake_ros: 0.10.0 (/opt/ros/humble/share/ament_cmake_ros/cmake)
[3.067s] -- Using all available rosidl_typesupport_c: rosidl_typesupport_fastrtps_c;rosidl_typesupport_introspection_c
[3.173s] -- Using all available rosidl_typesupport_cpp: rosidl_typesupport_fastrtps_cpp;rosidl_typesupport_introspection_cpp
[3.196s] -- Found PythonInterp: /usr/bin/python3 (found suitable version "3.10.12", minimum required is "3.6") 
[3.198s] -- Found python_cmake_module: 0.10.0 (/opt/ros/humble/share/python_cmake_module/cmake)
[3.226s] -- Found PythonLibs: /usr/lib/x86_64-linux-gnu/libpython3.10.so (found suitable version "3.10.12", minimum required is "3.5") 
[3.226s] -- Using PYTHON_EXECUTABLE: /usr/bin/python3
[3.227s] -- Using PYTHON_INCLUDE_DIRS: /usr/include/python3.10
[3.227s] -- Using PYTHON_LIBRARIES: /usr/lib/x86_64-linux-gnu/libpython3.10.so
[3.248s] -- Found PythonExtra: .so  
[3.291s] -- Configuring done
[3.340s] -- Generating done
[3.352s] -- Build files have been written to: /home/neo/Documents/ros2_ws/src/build/turtlesim
[3.363s] Invoked command in '/home/neo/Documents/ros2_ws/src/build/turtlesim' returned '0': CMAKE_PREFIX_PATH=/home/neo/Documents/ros2_ws/src/install/map_test:/opt/ros/humble /usr/bin/cmake /home/neo/Documents/ros2_ws/src/ros_tutorials/turtlesim -DCMAKE_INSTALL_PREFIX=/home/neo/Documents/ros2_ws/src/install/turtlesim
[3.364s] Invoking command in '/home/neo/Documents/ros2_ws/src/build/turtlesim': CMAKE_PREFIX_PATH=/home/neo/Documents/ros2_ws/src/install/map_test:/opt/ros/humble /usr/bin/cmake --build /home/neo/Documents/ros2_ws/src/build/turtlesim -- -j12 -l12
[3.396s] [  1%] [34m[1mGenerating C code for ROS interfaces[0m
[3.405s] [  2%] [34m[1mGenerating C++ code for ROS interfaces[0m
[3.409s] [  2%] Built target ament_cmake_python_copy_turtlesim
[3.641s] running egg_info
[3.659s] creating turtlesim.egg-info
[3.659s] writing turtlesim.egg-info/PKG-INFO
[3.659s] writing dependency_links to turtlesim.egg-info/dependency_links.txt
[3.659s] writing top-level names to turtlesim.egg-info/top_level.txt
[3.660s] writing manifest file 'turtlesim.egg-info/SOURCES.txt'
[3.719s] reading manifest file 'turtlesim.egg-info/SOURCES.txt'
[3.720s] writing manifest file 'turtlesim.egg-info/SOURCES.txt'
[3.750s] [  2%] Built target ament_cmake_python_build_turtlesim_egg
[4.035s] [  3%] [32mBuilding C object CMakeFiles/turtlesim__rosidl_generator_c.dir/rosidl_generator_c/turtlesim/action/detail/rotate_absolute__functions.c.o[0m
[4.037s] [  4%] [32mBuilding C object CMakeFiles/turtlesim__rosidl_generator_c.dir/rosidl_generator_c/turtlesim/msg/detail/pose__functions.c.o[0m
[4.037s] [  5%] [32mBuilding C object CMakeFiles/turtlesim__rosidl_generator_c.dir/rosidl_generator_c/turtlesim/msg/detail/color__functions.c.o[0m
[4.037s] [  6%] [32mBuilding C object CMakeFiles/turtlesim__rosidl_generator_c.dir/rosidl_generator_c/turtlesim/srv/detail/kill__functions.c.o[0m
[4.040s] [  7%] [32mBuilding C object CMakeFiles/turtlesim__rosidl_generator_c.dir/rosidl_generator_c/turtlesim/srv/detail/spawn__functions.c.o[0m
[4.040s] [  8%] [32mBuilding C object CMakeFiles/turtlesim__rosidl_generator_c.dir/rosidl_generator_c/turtlesim/srv/detail/set_pen__functions.c.o[0m
[4.043s] [  9%] [32mBuilding C object CMakeFiles/turtlesim__rosidl_generator_c.dir/rosidl_generator_c/turtlesim/srv/detail/teleport_absolute__functions.c.o[0m
[4.048s] [ 10%] [32mBuilding C object CMakeFiles/turtlesim__rosidl_generator_c.dir/rosidl_generator_c/turtlesim/srv/detail/teleport_relative__functions.c.o[0m
[4.057s] [ 10%] Built target turtlesim__cpp
[4.068s] [ 11%] [34m[1mGenerating C++ type support dispatch for ROS interfaces[0m
[4.068s] [ 12%] [34m[1mGenerating C++ type support for eProsima Fast-RTPS[0m
[4.069s] [ 13%] [34m[1mGenerating C++ introspection for ROS interfaces[0m
[4.177s] [ 14%] [32m[1mLinking C shared library libturtlesim__rosidl_generator_c.so[0m
[4.215s] [ 14%] Built target turtlesim__rosidl_generator_c
[4.223s] [ 16%] [34m[1mGenerating C type support for eProsima Fast-RTPS[0m
[4.224s] [ 16%] [34m[1mGenerating C type support dispatch for ROS interfaces[0m
[4.226s] [ 17%] [34m[1mGenerating C introspection for ROS interfaces[0m
[4.495s] [ 22%] [32mBuilding CXX object CMakeFiles/turtlesim__rosidl_typesupport_cpp.dir/rosidl_typesupport_cpp/turtlesim/srv/teleport_absolute__type_support.cpp.o[0m
[4.495s] [ 22%] [32mBuilding CXX object CMakeFiles/turtlesim__rosidl_typesupport_cpp.dir/rosidl_typesupport_cpp/turtlesim/msg/pose__type_support.cpp.o[0m
[4.496s] [ 22%] [32mBuilding CXX object CMakeFiles/turtlesim__rosidl_typesupport_cpp.dir/rosidl_typesupport_cpp/turtlesim/action/rotate_absolute__type_support.cpp.o[0m
[4.496s] [ 22%] [32mBuilding CXX object CMakeFiles/turtlesim__rosidl_typesupport_cpp.dir/rosidl_typesupport_cpp/turtlesim/srv/set_pen__type_support.cpp.o[0m
[4.496s] [ 23%] [32mBuilding CXX object CMakeFiles/turtlesim__rosidl_typesupport_cpp.dir/rosidl_typesupport_cpp/turtlesim/srv/kill__type_support.cpp.o[0m
[4.496s] [ 22%] [32mBuilding CXX object CMakeFiles/turtlesim__rosidl_typesupport_cpp.dir/rosidl_typesupport_cpp/turtlesim/msg/color__type_support.cpp.o[0m
[4.497s] [ 24%] [32mBuilding CXX object CMakeFiles/turtlesim__rosidl_typesupport_cpp.dir/rosidl_typesupport_cpp/turtlesim/srv/spawn__type_support.cpp.o[0m
[4.839s] [ 25%] [32mBuilding CXX object CMakeFiles/turtlesim__rosidl_typesupport_c.dir/rosidl_typesupport_c/turtlesim/action/rotate_absolute__type_support.cpp.o[0m
[4.910s] [ 26%] [32mBuilding CXX object CMakeFiles/turtlesim__rosidl_typesupport_c.dir/rosidl_typesupport_c/turtlesim/msg/color__type_support.cpp.o[0m
[4.938s] [ 27%] [32mBuilding CXX object CMakeFiles/turtlesim__rosidl_typesupport_c.dir/rosidl_typesupport_c/turtlesim/msg/pose__type_support.cpp.o[0m
[4.951s] [ 28%] [32mBuilding CXX object CMakeFiles/turtlesim__rosidl_typesupport_c.dir/rosidl_typesupport_c/turtlesim/srv/kill__type_support.cpp.o[0m
[4.954s] [ 29%] [32mBuilding CXX object CMakeFiles/turtlesim__rosidl_typesupport_c.dir/rosidl_typesupport_c/turtlesim/srv/set_pen__type_support.cpp.o[0m
[4.963s] [ 30%] [32mBuilding CXX object CMakeFiles/turtlesim__rosidl_typesupport_cpp.dir/rosidl_typesupport_cpp/turtlesim/srv/teleport_relative__type_support.cpp.o[0m
[4.977s] [ 31%] [32mBuilding CXX object CMakeFiles/turtlesim__rosidl_typesupport_c.dir/rosidl_typesupport_c/turtlesim/srv/spawn__type_support.cpp.o[0m
[4.986s] [ 32%] [32mBuilding CXX object CMakeFiles/turtlesim__rosidl_typesupport_c.dir/rosidl_typesupport_c/turtlesim/srv/teleport_absolute__type_support.cpp.o[0m
[4.999s] [ 33%] [32mBuilding CXX object CMakeFiles/turtlesim__rosidl_typesupport_c.dir/rosidl_typesupport_c/turtlesim/srv/teleport_relative__type_support.cpp.o[0m
[5.033s] [ 34%] [32mBuilding CXX object CMakeFiles/turtlesim__rosidl_typesupport_introspection_cpp.dir/rosidl_typesupport_introspection_cpp/turtlesim/msg/detail/pose__type_support.cpp.o[0m
[5.033s] [ 35%] [32mBuilding CXX object CMakeFiles/turtlesim__rosidl_typesupport_introspection_cpp.dir/rosidl_typesupport_introspection_cpp/turtlesim/action/detail/rotate_absolute__type_support.cpp.o[0m
[5.035s] [ 38%] [32mBuilding CXX object CMakeFiles/turtlesim__rosidl_typesupport_introspection_cpp.dir/rosidl_typesupport_introspection_cpp/turtlesim/srv/detail/set_pen__type_support.cpp.o[0m
[5.035s] [ 38%] [32mBuilding CXX object CMakeFiles/turtlesim__rosidl_typesupport_introspection_cpp.dir/rosidl_typesupport_introspection_cpp/turtlesim/srv/detail/kill__type_support.cpp.o[0m
[5.035s] [ 38%] [32mBuilding CXX object CMakeFiles/turtlesim__rosidl_typesupport_introspection_cpp.dir/rosidl_typesupport_introspection_cpp/turtlesim/msg/detail/color__type_support.cpp.o[0m
[5.041s] [ 39%] [32mBuilding CXX object CMakeFiles/turtlesim__rosidl_typesupport_introspection_cpp.dir/rosidl_typesupport_introspection_cpp/turtlesim/srv/detail/spawn__type_support.cpp.o[0m
[5.041s] [ 40%] [32mBuilding CXX object CMakeFiles/turtlesim__rosidl_typesupport_fastrtps_cpp.dir/rosidl_typesupport_fastrtps_cpp/turtlesim/action/detail/dds_fastrtps/rotate_absolute__type_support.cpp.o[0m
[5.055s] [ 41%] [32m[1mLinking CXX shared library libturtlesim__rosidl_typesupport_c.so[0m
[5.140s] [ 41%] Built target turtlesim__rosidl_typesupport_c
[5.161s] [ 42%] [32mBuilding CXX object CMakeFiles/turtlesim__rosidl_typesupport_introspection_cpp.dir/rosidl_typesupport_introspection_cpp/turtlesim/srv/detail/teleport_absolute__type_support.cpp.o[0m
[5.255s] [ 43%] [32mBuilding CXX object CMakeFiles/turtlesim__rosidl_typesupport_fastrtps_cpp.dir/rosidl_typesupport_fastrtps_cpp/turtlesim/msg/detail/dds_fastrtps/color__type_support.cpp.o[0m
[5.366s] [ 44%] [32mBuilding CXX object CMakeFiles/turtlesim__rosidl_typesupport_fastrtps_c.dir/rosidl_typesupport_fastrtps_c/turtlesim/action/detail/rotate_absolute__type_support_c.cpp.o[0m
[5.402s] [ 45%] [32m[1mLinking CXX shared library libturtlesim__rosidl_typesupport_cpp.so[0m
[5.414s] [ 46%] [32mBuilding C object CMakeFiles/turtlesim__rosidl_typesupport_introspection_c.dir/rosidl_typesupport_introspection_c/turtlesim/action/detail/rotate_absolute__type_support.c.o[0m
[5.473s] [ 46%] Built target turtlesim__rosidl_typesupport_cpp
[5.488s] [ 47%] [32mBuilding CXX object CMakeFiles/turtlesim__rosidl_typesupport_fastrtps_c.dir/rosidl_typesupport_fastrtps_c/turtlesim/msg/detail/color__type_support_c.cpp.o[0m
[5.534s] [ 48%] [32mBuilding C object CMakeFiles/turtlesim__rosidl_typesupport_introspection_c.dir/rosidl_typesupport_introspection_c/turtlesim/msg/detail/color__type_support.c.o[0m
[5.577s] [ 49%] [32mBuilding CXX object CMakeFiles/turtlesim__rosidl_typesupport_fastrtps_cpp.dir/rosidl_typesupport_fastrtps_cpp/turtlesim/msg/detail/dds_fastrtps/pose__type_support.cpp.o[0m
[5.607s] [ 50%] [32mBuilding C object CMakeFiles/turtlesim__rosidl_typesupport_introspection_c.dir/rosidl_typesupport_introspection_c/turtlesim/msg/detail/pose__type_support.c.o[0m
[5.616s] [ 51%] [32mBuilding CXX object CMakeFiles/turtlesim__rosidl_typesupport_introspection_cpp.dir/rosidl_typesupport_introspection_cpp/turtlesim/srv/detail/teleport_relative__type_support.cpp.o[0m
[5.622s] [ 52%] [32mBuilding CXX object CMakeFiles/turtlesim__rosidl_typesupport_fastrtps_c.dir/rosidl_typesupport_fastrtps_c/turtlesim/msg/detail/pose__type_support_c.cpp.o[0m
[5.627s] [ 53%] [34m[1mGenerating include/turtlesim/moc_turtle_frame.cpp[0m
[5.672s] [ 54%] [32mBuilding C object CMakeFiles/turtlesim__rosidl_typesupport_introspection_c.dir/rosidl_typesupport_introspection_c/turtlesim/srv/detail/kill__type_support.c.o[0m
[5.693s] [ 55%] [32mBuilding CXX object CMakeFiles/turtlesim__rosidl_typesupport_fastrtps_cpp.dir/rosidl_typesupport_fastrtps_cpp/turtlesim/srv/detail/dds_fastrtps/kill__type_support.cpp.o[0m
[5.699s] [ 56%] [32mBuilding CXX object CMakeFiles/turtlesim__rosidl_typesupport_fastrtps_c.dir/rosidl_typesupport_fastrtps_c/turtlesim/srv/detail/kill__type_support_c.cpp.o[0m
[5.770s] [ 57%] [32mBuilding C object CMakeFiles/turtlesim__rosidl_typesupport_introspection_c.dir/rosidl_typesupport_introspection_c/turtlesim/srv/detail/set_pen__type_support.c.o[0m
[5.798s] [ 58%] [32mBuilding CXX object CMakeFiles/turtlesim__rosidl_typesupport_fastrtps_c.dir/rosidl_typesupport_fastrtps_c/turtlesim/srv/detail/set_pen__type_support_c.cpp.o[0m
[5.840s] [ 59%] [32mBuilding C object CMakeFiles/turtlesim__rosidl_typesupport_introspection_c.dir/rosidl_typesupport_introspection_c/turtlesim/srv/detail/spawn__type_support.c.o[0m
[5.847s] [ 60%] [32mBuilding CXX object CMakeFiles/turtlesim_node.dir/src/turtlesim.cpp.o[0m
[5.911s] [ 61%] [32mBuilding C object CMakeFiles/turtlesim__rosidl_typesupport_introspection_c.dir/rosidl_typesupport_introspection_c/turtlesim/srv/detail/teleport_absolute__type_support.c.o[0m
[5.938s] [ 62%] [32mBuilding CXX object CMakeFiles/turtle_teleop_key.dir/tutorials/teleop_turtle_key.cpp.o[0m
[5.961s] [ 63%] [32mBuilding C object CMakeFiles/turtlesim__rosidl_typesupport_introspection_c.dir/rosidl_typesupport_introspection_c/turtlesim/srv/detail/teleport_relative__type_support.c.o[0m
[5.990s] [ 64%] [32mBuilding CXX object CMakeFiles/turtlesim_node.dir/src/turtle.cpp.o[0m
[6.010s] [ 65%] [32m[1mLinking C shared library libturtlesim__rosidl_typesupport_introspection_c.so[0m
[6.055s] [ 66%] [32mBuilding CXX object CMakeFiles/turtlesim_node.dir/src/turtle_frame.cpp.o[0m
[6.064s] [ 66%] Built target turtlesim__rosidl_typesupport_introspection_c
[6.075s] [ 67%] [32mBuilding CXX object CMakeFiles/turtlesim__rosidl_typesupport_fastrtps_cpp.dir/rosidl_typesupport_fastrtps_cpp/turtlesim/srv/detail/dds_fastrtps/set_pen__type_support.cpp.o[0m
[6.076s] [ 68%] [32mBuilding CXX object CMakeFiles/turtlesim_node.dir/include/turtlesim/moc_turtle_frame.cpp.o[0m
[6.148s] [ 69%] [32mBuilding CXX object CMakeFiles/turtlesim__rosidl_typesupport_fastrtps_cpp.dir/rosidl_typesupport_fastrtps_cpp/turtlesim/srv/detail/dds_fastrtps/spawn__type_support.cpp.o[0m
[6.186s] [ 70%] [32mBuilding CXX object CMakeFiles/draw_square.dir/tutorials/draw_square.cpp.o[0m
[6.233s] [ 72%] [32mBuilding CXX object CMakeFiles/turtlesim__rosidl_typesupport_fastrtps_cpp.dir/rosidl_typesupport_fastrtps_cpp/turtlesim/srv/detail/dds_fastrtps/teleport_absolute__type_support.cpp.o[0m
[6.234s] [ 72%] [32m[1mLinking CXX shared library libturtlesim__rosidl_typesupport_introspection_cpp.so[0m
[6.234s] [ 73%] [32mBuilding CXX object CMakeFiles/turtlesim__rosidl_typesupport_fastrtps_c.dir/rosidl_typesupport_fastrtps_c/turtlesim/srv/detail/spawn__type_support_c.cpp.o[0m
[6.352s] [ 74%] [32mBuilding CXX object CMakeFiles/mimic.dir/tutorials/mimic.cpp.o[0m
[6.368s] [ 74%] Built target turtlesim__rosidl_typesupport_introspection_cpp
[6.380s] [ 75%] [32mBuilding CXX object CMakeFiles/turtlesim__rosidl_typesupport_fastrtps_c.dir/rosidl_typesupport_fastrtps_c/turtlesim/srv/detail/teleport_absolute__type_support_c.cpp.o[0m
[6.617s] [ 76%] [32mBuilding CXX object CMakeFiles/turtlesim__rosidl_typesupport_fastrtps_c.dir/rosidl_typesupport_fastrtps_c/turtlesim/srv/detail/teleport_relative__type_support_c.cpp.o[0m
[6.709s] [ 77%] [32mBuilding CXX object CMakeFiles/turtlesim__rosidl_typesupport_fastrtps_cpp.dir/rosidl_typesupport_fastrtps_cpp/turtlesim/srv/detail/dds_fastrtps/teleport_relative__type_support.cpp.o[0m
[7.079s] [ 78%] [32m[1mLinking CXX shared library libturtlesim__rosidl_typesupport_fastrtps_c.so[0m
[7.124s] [ 79%] [32m[1mLinking CXX shared library libturtlesim__rosidl_typesupport_fastrtps_cpp.so[0m
[7.176s] [ 79%] Built target turtlesim__rosidl_typesupport_fastrtps_c
[7.217s] [ 79%] Built target turtlesim__rosidl_typesupport_fastrtps_cpp
[7.234s] [ 79%] Built target turtlesim
[7.251s] [ 80%] [34m[1mGenerating Python code for ROS interfaces[0m
[9.272s] [ 80%] Built target turtlesim__py
[9.294s] [ 83%] [32mBuilding C object CMakeFiles/turtlesim__rosidl_generator_py.dir/rosidl_generator_py/turtlesim/msg/_color_s.c.o[0m
[9.294s] [ 83%] [32mBuilding C object CMakeFiles/turtlesim__rosidl_generator_py.dir/rosidl_generator_py/turtlesim/srv/_set_pen_s.c.o[0m
[9.294s] [ 83%] [32mBuilding C object CMakeFiles/turtlesim__rosidl_generator_py.dir/rosidl_generator_py/turtlesim/action/_rotate_absolute_s.c.o[0m
[9.294s] [ 84%] [32mBuilding C object CMakeFiles/turtlesim__rosidl_generator_py.dir/rosidl_generator_py/turtlesim/srv/_kill_s.c.o[0m
[9.297s] [ 85%] [32mBuilding C object CMakeFiles/turtlesim__rosidl_generator_py.dir/rosidl_generator_py/turtlesim/msg/_pose_s.c.o[0m
[9.475s] [ 86%] [32mBuilding C object CMakeFiles/turtlesim__rosidl_generator_py.dir/rosidl_generator_py/turtlesim/srv/_spawn_s.c.o[0m
[9.480s] [ 87%] [32mBuilding C object CMakeFiles/turtlesim__rosidl_generator_py.dir/rosidl_generator_py/turtlesim/srv/_teleport_absolute_s.c.o[0m
[9.481s] [ 88%] [32mBuilding C object CMakeFiles/turtlesim__rosidl_generator_py.dir/rosidl_generator_py/turtlesim/srv/_teleport_relative_s.c.o[0m
[9.637s] [ 89%] [32m[1mLinking C shared library rosidl_generator_py/turtlesim/libturtlesim__rosidl_generator_py.so[0m
[9.677s] [ 89%] Built target turtlesim__rosidl_generator_py
[9.698s] [ 90%] [32mBuilding C object CMakeFiles/turtlesim__rosidl_typesupport_fastrtps_c__pyext.dir/rosidl_generator_py/turtlesim/_turtlesim_s.ep.rosidl_typesupport_fastrtps_c.c.o[0m
[9.700s] [ 92%] [32mBuilding C object CMakeFiles/turtlesim__rosidl_typesupport_introspection_c__pyext.dir/rosidl_generator_py/turtlesim/_turtlesim_s.ep.rosidl_typesupport_introspection_c.c.o[0m
[9.700s] [ 92%] [32mBuilding C object CMakeFiles/turtlesim__rosidl_typesupport_c__pyext.dir/rosidl_generator_py/turtlesim/_turtlesim_s.ep.rosidl_typesupport_c.c.o[0m
[9.923s] [ 93%] [32m[1mLinking C shared library rosidl_generator_py/turtlesim/turtlesim_s__rosidl_typesupport_c.cpython-310-x86_64-linux-gnu.so[0m
[9.925s] [ 94%] [32m[1mLinking C shared library rosidl_generator_py/turtlesim/turtlesim_s__rosidl_typesupport_fastrtps_c.cpython-310-x86_64-linux-gnu.so[0m
[9.925s] [ 95%] [32m[1mLinking C shared library rosidl_generator_py/turtlesim/turtlesim_s__rosidl_typesupport_introspection_c.cpython-310-x86_64-linux-gnu.so[0m
[9.976s] [ 95%] Built target turtlesim__rosidl_typesupport_fastrtps_c__pyext
[9.976s] [ 95%] Built target turtlesim__rosidl_typesupport_c__pyext
[9.976s] [ 95%] Built target turtlesim__rosidl_typesupport_introspection_c__pyext
[12.669s] [ 96%] [32m[1mLinking CXX executable turtle_teleop_key[0m
[12.971s] [ 96%] Built target turtle_teleop_key
[13.762s] [ 97%] [32m[1mLinking CXX executable mimic[0m
[14.065s] [ 97%] Built target mimic
[14.226s] [ 98%] [32m[1mLinking CXX executable draw_square[0m
[14.548s] [ 98%] Built target draw_square
[16.974s] [100%] [32m[1mLinking CXX executable turtlesim_node[0m
[18.286s] [100%] Built target turtlesim_node
[18.296s] Invoked command in '/home/neo/Documents/ros2_ws/src/build/turtlesim' returned '0': CMAKE_PREFIX_PATH=/home/neo/Documents/ros2_ws/src/install/map_test:/opt/ros/humble /usr/bin/cmake --build /home/neo/Documents/ros2_ws/src/build/turtlesim -- -j12 -l12
[18.303s] Invoking command in '/home/neo/Documents/ros2_ws/src/build/turtlesim': CMAKE_PREFIX_PATH=/home/neo/Documents/ros2_ws/src/install/map_test:/opt/ros/humble /usr/bin/cmake --install /home/neo/Documents/ros2_ws/src/build/turtlesim
[18.308s] -- Install configuration: ""
[18.308s] -- Installing: /home/neo/Documents/ros2_ws/src/install/turtlesim/share/ament_index/resource_index/rosidl_interfaces/turtlesim
[18.308s] -- Installing: /home/neo/Documents/ros2_ws/src/install/turtlesim/include/turtlesim/turtlesim
[18.309s] -- Installing: /home/neo/Documents/ros2_ws/src/install/turtlesim/include/turtlesim/turtlesim/action
[18.309s] -- Installing: /home/neo/Documents/ros2_ws/src/install/turtlesim/include/turtlesim/turtlesim/action/detail
[18.309s] -- Installing: /home/neo/Documents/ros2_ws/src/install/turtlesim/include/turtlesim/turtlesim/action/detail/rotate_absolute__struct.h
[18.309s] -- Installing: /home/neo/Documents/ros2_ws/src/install/turtlesim/include/turtlesim/turtlesim/action/detail/rotate_absolute__functions.h
[18.309s] -- Installing: /home/neo/Documents/ros2_ws/src/install/turtlesim/include/turtlesim/turtlesim/action/detail/rotate_absolute__type_support.h
[18.309s] -- Installing: /home/neo/Documents/ros2_ws/src/install/turtlesim/include/turtlesim/turtlesim/action/detail/rotate_absolute__functions.c
[18.309s] -- Installing: /home/neo/Documents/ros2_ws/src/install/turtlesim/include/turtlesim/turtlesim/action/rotate_absolute.h
[18.309s] -- Installing: /home/neo/Documents/ros2_ws/src/install/turtlesim/include/turtlesim/turtlesim/srv
[18.309s] -- Installing: /home/neo/Documents/ros2_ws/src/install/turtlesim/include/turtlesim/turtlesim/srv/teleport_relative.h
[18.309s] -- Installing: /home/neo/Documents/ros2_ws/src/install/turtlesim/include/turtlesim/turtlesim/srv/set_pen.h
[18.309s] -- Installing: /home/neo/Documents/ros2_ws/src/install/turtlesim/include/turtlesim/turtlesim/srv/detail
[18.309s] -- Installing: /home/neo/Documents/ros2_ws/src/install/turtlesim/include/turtlesim/turtlesim/srv/detail/spawn__functions.h
[18.309s] -- Installing: /home/neo/Documents/ros2_ws/src/install/turtlesim/include/turtlesim/turtlesim/srv/detail/set_pen__type_support.h
[18.309s] -- Installing: /home/neo/Documents/ros2_ws/src/install/turtlesim/include/turtlesim/turtlesim/srv/detail/kill__type_support.h
[18.309s] -- Installing: /home/neo/Documents/ros2_ws/src/install/turtlesim/include/turtlesim/turtlesim/srv/detail/teleport_relative__type_support.h
[18.309s] -- Installing: /home/neo/Documents/ros2_ws/src/install/turtlesim/include/turtlesim/turtlesim/srv/detail/teleport_absolute__type_support.h
[18.309s] -- Installing: /home/neo/Documents/ros2_ws/src/install/turtlesim/include/turtlesim/turtlesim/srv/detail/spawn__functions.c
[18.309s] -- Installing: /home/neo/Documents/ros2_ws/src/install/turtlesim/include/turtlesim/turtlesim/srv/detail/teleport_absolute__struct.h
[18.309s] -- Installing: /home/neo/Documents/ros2_ws/src/install/turtlesim/include/turtlesim/turtlesim/srv/detail/kill__functions.h
[18.310s] -- Installing: /home/neo/Documents/ros2_ws/src/install/turtlesim/include/turtlesim/turtlesim/srv/detail/set_pen__struct.h
[18.310s] -- Installing: /home/neo/Documents/ros2_ws/src/install/turtlesim/include/turtlesim/turtlesim/srv/detail/set_pen__functions.h
[18.310s] -- Installing: /home/neo/Documents/ros2_ws/src/install/turtlesim/include/turtlesim/turtlesim/srv/detail/spawn__struct.h
[18.310s] -- Installing: /home/neo/Documents/ros2_ws/src/install/turtlesim/include/turtlesim/turtlesim/srv/detail/teleport_absolute__functions.c
[18.310s] -- Installing: /home/neo/Documents/ros2_ws/src/install/turtlesim/include/turtlesim/turtlesim/srv/detail/kill__struct.h
[18.310s] -- Installing: /home/neo/Documents/ros2_ws/src/install/turtlesim/include/turtlesim/turtlesim/srv/detail/teleport_absolute__functions.h
[18.310s] -- Installing: /home/neo/Documents/ros2_ws/src/install/turtlesim/include/turtlesim/turtlesim/srv/detail/teleport_relative__functions.c
[18.310s] -- Installing: /home/neo/Documents/ros2_ws/src/install/turtlesim/include/turtlesim/turtlesim/srv/detail/teleport_relative__functions.h
[18.310s] -- Installing: /home/neo/Documents/ros2_ws/src/install/turtlesim/include/turtlesim/turtlesim/srv/detail/spawn__type_support.h
[18.310s] -- Installing: /home/neo/Documents/ros2_ws/src/install/turtlesim/include/turtlesim/turtlesim/srv/detail/kill__functions.c
[18.310s] -- Installing: /home/neo/Documents/ros2_ws/src/install/turtlesim/include/turtlesim/turtlesim/srv/detail/set_pen__functions.c
[18.310s] -- Installing: /home/neo/Documents/ros2_ws/src/install/turtlesim/include/turtlesim/turtlesim/srv/detail/teleport_relative__struct.h
[18.310s] -- Installing: /home/neo/Documents/ros2_ws/src/install/turtlesim/include/turtlesim/turtlesim/srv/spawn.h
[18.310s] -- Installing: /home/neo/Documents/ros2_ws/src/install/turtlesim/include/turtlesim/turtlesim/srv/kill.h
[18.310s] -- Installing: /home/neo/Documents/ros2_ws/src/install/turtlesim/include/turtlesim/turtlesim/srv/teleport_absolute.h
[18.310s] -- Installing: /home/neo/Documents/ros2_ws/src/install/turtlesim/include/turtlesim/turtlesim/msg
[18.310s] -- Installing: /home/neo/Documents/ros2_ws/src/install/turtlesim/include/turtlesim/turtlesim/msg/color.h
[18.310s] -- Installing: /home/neo/Documents/ros2_ws/src/install/turtlesim/include/turtlesim/turtlesim/msg/rosidl_generator_c__visibility_control.h
[18.310s] -- Installing: /home/neo/Documents/ros2_ws/src/install/turtlesim/include/turtlesim/turtlesim/msg/detail
[18.310s] -- Installing: /home/neo/Documents/ros2_ws/src/install/turtlesim/include/turtlesim/turtlesim/msg/detail/pose__functions.c
[18.310s] -- Installing: /home/neo/Documents/ros2_ws/src/install/turtlesim/include/turtlesim/turtlesim/msg/detail/pose__functions.h
[18.311s] -- Installing: /home/neo/Documents/ros2_ws/src/install/turtlesim/include/turtlesim/turtlesim/msg/detail/color__functions.h
[18.311s] -- Installing: /home/neo/Documents/ros2_ws/src/install/turtlesim/include/turtlesim/turtlesim/msg/detail/color__type_support.h
[18.311s] -- Installing: /home/neo/Documents/ros2_ws/src/install/turtlesim/include/turtlesim/turtlesim/msg/detail/color__functions.c
[18.311s] -- Installing: /home/neo/Documents/ros2_ws/src/install/turtlesim/include/turtlesim/turtlesim/msg/detail/pose__struct.h
[18.311s] -- Installing: /home/neo/Documents/ros2_ws/src/install/turtlesim/include/turtlesim/turtlesim/msg/detail/color__struct.h
[18.311s] -- Installing: /home/neo/Documents/ros2_ws/src/install/turtlesim/include/turtlesim/turtlesim/msg/detail/pose__type_support.h
[18.311s] -- Installing: /home/neo/Documents/ros2_ws/src/install/turtlesim/include/turtlesim/turtlesim/msg/pose.h
[18.311s] -- Installing: /home/neo/Documents/ros2_ws/src/install/turtlesim/share/turtlesim/environment/library_path.sh
[18.311s] -- Installing: /home/neo/Documents/ros2_ws/src/install/turtlesim/share/turtlesim/environment/library_path.dsv
[18.311s] -- Installing: /home/neo/Documents/ros2_ws/src/install/turtlesim/lib/libturtlesim__rosidl_generator_c.so
[18.311s] -- Set runtime path of "/home/neo/Documents/ros2_ws/src/install/turtlesim/lib/libturtlesim__rosidl_generator_c.so" to ""
[18.311s] -- Up-to-date: /home/neo/Documents/ros2_ws/src/install/turtlesim/include/turtlesim/turtlesim
[18.311s] -- Up-to-date: /home/neo/Documents/ros2_ws/src/install/turtlesim/include/turtlesim/turtlesim/action
[18.311s] -- Up-to-date: /home/neo/Documents/ros2_ws/src/install/turtlesim/include/turtlesim/turtlesim/action/detail
[18.311s] -- Installing: /home/neo/Documents/ros2_ws/src/install/turtlesim/include/turtlesim/turtlesim/action/detail/rotate_absolute__rosidl_typesupport_fastrtps_c.h
[18.311s] -- Up-to-date: /home/neo/Documents/ros2_ws/src/install/turtlesim/include/turtlesim/turtlesim/srv
[18.311s] -- Up-to-date: /home/neo/Documents/ros2_ws/src/install/turtlesim/include/turtlesim/turtlesim/srv/detail
[18.311s] -- Installing: /home/neo/Documents/ros2_ws/src/install/turtlesim/include/turtlesim/turtlesim/srv/detail/teleport_absolute__rosidl_typesupport_fastrtps_c.h
[18.311s] -- Installing: /home/neo/Documents/ros2_ws/src/install/turtlesim/include/turtlesim/turtlesim/srv/detail/teleport_relative__rosidl_typesupport_fastrtps_c.h
[18.311s] -- Installing: /home/neo/Documents/ros2_ws/src/install/turtlesim/include/turtlesim/turtlesim/srv/detail/spawn__rosidl_typesupport_fastrtps_c.h
[18.311s] -- Installing: /home/neo/Documents/ros2_ws/src/install/turtlesim/include/turtlesim/turtlesim/srv/detail/kill__rosidl_typesupport_fastrtps_c.h
[18.311s] -- Installing: /home/neo/Documents/ros2_ws/src/install/turtlesim/include/turtlesim/turtlesim/srv/detail/set_pen__rosidl_typesupport_fastrtps_c.h
[18.311s] -- Up-to-date: /home/neo/Documents/ros2_ws/src/install/turtlesim/include/turtlesim/turtlesim/msg
[18.312s] -- Installing: /home/neo/Documents/ros2_ws/src/install/turtlesim/include/turtlesim/turtlesim/msg/rosidl_typesupport_fastrtps_c__visibility_control.h
[18.312s] -- Up-to-date: /home/neo/Documents/ros2_ws/src/install/turtlesim/include/turtlesim/turtlesim/msg/detail
[18.312s] -- Installing: /home/neo/Documents/ros2_ws/src/install/turtlesim/include/turtlesim/turtlesim/msg/detail/pose__rosidl_typesupport_fastrtps_c.h
[18.312s] -- Installing: /home/neo/Documents/ros2_ws/src/install/turtlesim/include/turtlesim/turtlesim/msg/detail/color__rosidl_typesupport_fastrtps_c.h
[18.312s] -- Installing: /home/neo/Documents/ros2_ws/src/install/turtlesim/lib/libturtlesim__rosidl_typesupport_fastrtps_c.so
[18.312s] -- Set runtime path of "/home/neo/Documents/ros2_ws/src/install/turtlesim/lib/libturtlesim__rosidl_typesupport_fastrtps_c.so" to ""
[18.312s] -- Up-to-date: /home/neo/Documents/ros2_ws/src/install/turtlesim/include/turtlesim/turtlesim
[18.312s] -- Up-to-date: /home/neo/Documents/ros2_ws/src/install/turtlesim/include/turtlesim/turtlesim/action
[18.312s] -- Installing: /home/neo/Documents/ros2_ws/src/install/turtlesim/include/turtlesim/turtlesim/action/rotate_absolute.hpp
[18.312s] -- Up-to-date: /home/neo/Documents/ros2_ws/src/install/turtlesim/include/turtlesim/turtlesim/action/detail
[18.312s] -- Installing: /home/neo/Documents/ros2_ws/src/install/turtlesim/include/turtlesim/turtlesim/action/detail/rotate_absolute__type_support.hpp
[18.312s] -- Installing: /home/neo/Documents/ros2_ws/src/install/turtlesim/include/turtlesim/turtlesim/action/detail/rotate_absolute__traits.hpp
[18.312s] -- Installing: /home/neo/Documents/ros2_ws/src/install/turtlesim/include/turtlesim/turtlesim/action/detail/rotate_absolute__builder.hpp
[18.312s] -- Installing: /home/neo/Documents/ros2_ws/src/install/turtlesim/include/turtlesim/turtlesim/action/detail/rotate_absolute__struct.hpp
[18.312s] -- Up-to-date: /home/neo/Documents/ros2_ws/src/install/turtlesim/include/turtlesim/turtlesim/srv
[18.312s] -- Installing: /home/neo/Documents/ros2_ws/src/install/turtlesim/include/turtlesim/turtlesim/srv/teleport_relative.hpp
[18.312s] -- Installing: /home/neo/Documents/ros2_ws/src/install/turtlesim/include/turtlesim/turtlesim/srv/spawn.hpp
[18.312s] -- Installing: /home/neo/Documents/ros2_ws/src/install/turtlesim/include/turtlesim/turtlesim/srv/teleport_absolute.hpp
[18.312s] -- Up-to-date: /home/neo/Documents/ros2_ws/src/install/turtlesim/include/turtlesim/turtlesim/srv/detail
[18.312s] -- Installing: /home/neo/Documents/ros2_ws/src/install/turtlesim/include/turtlesim/turtlesim/srv/detail/teleport_relative__type_support.hpp
[18.312s] -- Installing: /home/neo/Documents/ros2_ws/src/install/turtlesim/include/turtlesim/turtlesim/srv/detail/kill__type_support.hpp
[18.312s] -- Installing: /home/neo/Documents/ros2_ws/src/install/turtlesim/include/turtlesim/turtlesim/srv/detail/teleport_relative__builder.hpp
[18.312s] -- Installing: /home/neo/Documents/ros2_ws/src/install/turtlesim/include/turtlesim/turtlesim/srv/detail/teleport_relative__struct.hpp
[18.312s] -- Installing: /home/neo/Documents/ros2_ws/src/install/turtlesim/include/turtlesim/turtlesim/srv/detail/set_pen__traits.hpp
[18.312s] -- Installing: /home/neo/Documents/ros2_ws/src/install/turtlesim/include/turtlesim/turtlesim/srv/detail/spawn__builder.hpp
[18.312s] -- Installing: /home/neo/Documents/ros2_ws/src/install/turtlesim/include/turtlesim/turtlesim/srv/detail/kill__traits.hpp
[18.312s] -- Installing: /home/neo/Documents/ros2_ws/src/install/turtlesim/include/turtlesim/turtlesim/srv/detail/teleport_absolute__traits.hpp
[18.312s] -- Installing: /home/neo/Documents/ros2_ws/src/install/turtlesim/include/turtlesim/turtlesim/srv/detail/set_pen__builder.hpp
[18.312s] -- Installing: /home/neo/Documents/ros2_ws/src/install/turtlesim/include/turtlesim/turtlesim/srv/detail/set_pen__struct.hpp
[18.312s] -- Installing: /home/neo/Documents/ros2_ws/src/install/turtlesim/include/turtlesim/turtlesim/srv/detail/teleport_absolute__builder.hpp
[18.312s] -- Installing: /home/neo/Documents/ros2_ws/src/install/turtlesim/include/turtlesim/turtlesim/srv/detail/spawn__traits.hpp
[18.313s] -- Installing: /home/neo/Documents/ros2_ws/src/install/turtlesim/include/turtlesim/turtlesim/srv/detail/spawn__struct.hpp
[18.313s] -- Installing: /home/neo/Documents/ros2_ws/src/install/turtlesim/include/turtlesim/turtlesim/srv/detail/teleport_absolute__type_support.hpp
[18.313s] -- Installing: /home/neo/Documents/ros2_ws/src/install/turtlesim/include/turtlesim/turtlesim/srv/detail/teleport_relative__traits.hpp
[18.313s] -- Installing: /home/neo/Documents/ros2_ws/src/install/turtlesim/include/turtlesim/turtlesim/srv/detail/set_pen__type_support.hpp
[18.313s] -- Installing: /home/neo/Documents/ros2_ws/src/install/turtlesim/include/turtlesim/turtlesim/srv/detail/kill__struct.hpp
[18.313s] -- Installing: /home/neo/Documents/ros2_ws/src/install/turtlesim/include/turtlesim/turtlesim/srv/detail/spawn__type_support.hpp
[18.313s] -- Installing: /home/neo/Documents/ros2_ws/src/install/turtlesim/include/turtlesim/turtlesim/srv/detail/kill__builder.hpp
[18.313s] -- Installing: /home/neo/Documents/ros2_ws/src/install/turtlesim/include/turtlesim/turtlesim/srv/detail/teleport_absolute__struct.hpp
[18.313s] -- Installing: /home/neo/Documents/ros2_ws/src/install/turtlesim/include/turtlesim/turtlesim/srv/kill.hpp
[18.313s] -- Installing: /home/neo/Documents/ros2_ws/src/install/turtlesim/include/turtlesim/turtlesim/srv/set_pen.hpp
[18.313s] -- Up-to-date: /home/neo/Documents/ros2_ws/src/install/turtlesim/include/turtlesim/turtlesim/msg
[18.313s] -- Installing: /home/neo/Documents/ros2_ws/src/install/turtlesim/include/turtlesim/turtlesim/msg/rosidl_generator_cpp__visibility_control.hpp
[18.313s] -- Installing: /home/neo/Documents/ros2_ws/src/install/turtlesim/include/turtlesim/turtlesim/msg/pose.hpp
[18.313s] -- Installing: /home/neo/Documents/ros2_ws/src/install/turtlesim/include/turtlesim/turtlesim/msg/color.hpp
[18.313s] -- Up-to-date: /home/neo/Documents/ros2_ws/src/install/turtlesim/include/turtlesim/turtlesim/msg/detail
[18.313s] -- Installing: /home/neo/Documents/ros2_ws/src/install/turtlesim/include/turtlesim/turtlesim/msg/detail/color__struct.hpp
[18.313s] -- Installing: /home/neo/Documents/ros2_ws/src/install/turtlesim/include/turtlesim/turtlesim/msg/detail/color__traits.hpp
[18.313s] -- Installing: /home/neo/Documents/ros2_ws/src/install/turtlesim/include/turtlesim/turtlesim/msg/detail/pose__type_support.hpp
[18.313s] -- Installing: /home/neo/Documents/ros2_ws/src/install/turtlesim/include/turtlesim/turtlesim/msg/detail/pose__traits.hpp
[18.313s] -- Installing: /home/neo/Documents/ros2_ws/src/install/turtlesim/include/turtlesim/turtlesim/msg/detail/pose__builder.hpp
[18.313s] -- Installing: /home/neo/Documents/ros2_ws/src/install/turtlesim/include/turtlesim/turtlesim/msg/detail/color__type_support.hpp
[18.313s] -- Installing: /home/neo/Documents/ros2_ws/src/install/turtlesim/include/turtlesim/turtlesim/msg/detail/pose__struct.hpp
[18.313s] -- Installing: /home/neo/Documents/ros2_ws/src/install/turtlesim/include/turtlesim/turtlesim/msg/detail/color__builder.hpp
[18.314s] -- Up-to-date: /home/neo/Documents/ros2_ws/src/install/turtlesim/include/turtlesim/turtlesim
[18.314s] -- Up-to-date: /home/neo/Documents/ros2_ws/src/install/turtlesim/include/turtlesim/turtlesim/action
[18.314s] -- Up-to-date: /home/neo/Documents/ros2_ws/src/install/turtlesim/include/turtlesim/turtlesim/action/detail
[18.314s] -- Installing: /home/neo/Documents/ros2_ws/src/install/turtlesim/include/turtlesim/turtlesim/action/detail/dds_fastrtps
[18.314s] -- Installing: /home/neo/Documents/ros2_ws/src/install/turtlesim/include/turtlesim/turtlesim/action/detail/rotate_absolute__rosidl_typesupport_fastrtps_cpp.hpp
[18.314s] -- Up-to-date: /home/neo/Documents/ros2_ws/src/install/turtlesim/include/turtlesim/turtlesim/srv
[18.314s] -- Up-to-date: /home/neo/Documents/ros2_ws/src/install/turtlesim/include/turtlesim/turtlesim/srv/detail
[18.314s] -- Installing: /home/neo/Documents/ros2_ws/src/install/turtlesim/include/turtlesim/turtlesim/srv/detail/dds_fastrtps
[18.314s] -- Installing: /home/neo/Documents/ros2_ws/src/install/turtlesim/include/turtlesim/turtlesim/srv/detail/set_pen__rosidl_typesupport_fastrtps_cpp.hpp
[18.314s] -- Installing: /home/neo/Documents/ros2_ws/src/install/turtlesim/include/turtlesim/turtlesim/srv/detail/kill__rosidl_typesupport_fastrtps_cpp.hpp
[18.314s] -- Installing: /home/neo/Documents/ros2_ws/src/install/turtlesim/include/turtlesim/turtlesim/srv/detail/spawn__rosidl_typesupport_fastrtps_cpp.hpp
[18.314s] -- Installing: /home/neo/Documents/ros2_ws/src/install/turtlesim/include/turtlesim/turtlesim/srv/detail/teleport_absolute__rosidl_typesupport_fastrtps_cpp.hpp
[18.314s] -- Installing: /home/neo/Documents/ros2_ws/src/install/turtlesim/include/turtlesim/turtlesim/srv/detail/teleport_relative__rosidl_typesupport_fastrtps_cpp.hpp
[18.314s] -- Up-to-date: /home/neo/Documents/ros2_ws/src/install/turtlesim/include/turtlesim/turtlesim/msg
[18.314s] -- Installing: /home/neo/Documents/ros2_ws/src/install/turtlesim/include/turtlesim/turtlesim/msg/rosidl_typesupport_fastrtps_cpp__visibility_control.h
[18.315s] -- Up-to-date: /home/neo/Documents/ros2_ws/src/install/turtlesim/include/turtlesim/turtlesim/msg/detail
[18.315s] -- Installing: /home/neo/Documents/ros2_ws/src/install/turtlesim/include/turtlesim/turtlesim/msg/detail/color__rosidl_typesupport_fastrtps_cpp.hpp
[18.315s] -- Installing: /home/neo/Documents/ros2_ws/src/install/turtlesim/include/turtlesim/turtlesim/msg/detail/dds_fastrtps
[18.315s] -- Installing: /home/neo/Documents/ros2_ws/src/install/turtlesim/include/turtlesim/turtlesim/msg/detail/pose__rosidl_typesupport_fastrtps_cpp.hpp
[18.315s] -- Installing: /home/neo/Documents/ros2_ws/src/install/turtlesim/lib/libturtlesim__rosidl_typesupport_fastrtps_cpp.so
[18.315s] -- Set runtime path of "/home/neo/Documents/ros2_ws/src/install/turtlesim/lib/libturtlesim__rosidl_typesupport_fastrtps_cpp.so" to ""
[18.315s] -- Up-to-date: /home/neo/Documents/ros2_ws/src/install/turtlesim/include/turtlesim/turtlesim
[18.315s] -- Up-to-date: /home/neo/Documents/ros2_ws/src/install/turtlesim/include/turtlesim/turtlesim/action
[18.315s] -- Up-to-date: /home/neo/Documents/ros2_ws/src/install/turtlesim/include/turtlesim/turtlesim/action/detail
[18.315s] -- Installing: /home/neo/Documents/ros2_ws/src/install/turtlesim/include/turtlesim/turtlesim/action/detail/rotate_absolute__rosidl_typesupport_introspection_c.h
[18.315s] -- Installing: /home/neo/Documents/ros2_ws/src/install/turtlesim/include/turtlesim/turtlesim/action/detail/rotate_absolute__type_support.c
[18.315s] -- Up-to-date: /home/neo/Documents/ros2_ws/src/install/turtlesim/include/turtlesim/turtlesim/srv
[18.315s] -- Up-to-date: /home/neo/Documents/ros2_ws/src/install/turtlesim/include/turtlesim/turtlesim/srv/detail
[18.315s] -- Installing: /home/neo/Documents/ros2_ws/src/install/turtlesim/include/turtlesim/turtlesim/srv/detail/teleport_absolute__type_support.c
[18.316s] -- Installing: /home/neo/Documents/ros2_ws/src/install/turtlesim/include/turtlesim/turtlesim/srv/detail/spawn__type_support.c
[18.316s] -- Installing: /home/neo/Documents/ros2_ws/src/install/turtlesim/include/turtlesim/turtlesim/srv/detail/spawn__rosidl_typesupport_introspection_c.h
[18.316s] -- Installing: /home/neo/Documents/ros2_ws/src/install/turtlesim/include/turtlesim/turtlesim/srv/detail/kill__type_support.c
[18.316s] -- Installing: /home/neo/Documents/ros2_ws/src/install/turtlesim/include/turtlesim/turtlesim/srv/detail/kill__rosidl_typesupport_introspection_c.h
[18.316s] -- Installing: /home/neo/Documents/ros2_ws/src/install/turtlesim/include/turtlesim/turtlesim/srv/detail/teleport_relative__rosidl_typesupport_introspection_c.h
[18.316s] -- Installing: /home/neo/Documents/ros2_ws/src/install/turtlesim/include/turtlesim/turtlesim/srv/detail/teleport_relative__type_support.c
[18.316s] -- Installing: /home/neo/Documents/ros2_ws/src/install/turtlesim/include/turtlesim/turtlesim/srv/detail/teleport_absolute__rosidl_typesupport_introspection_c.h
[18.316s] -- Installing: /home/neo/Documents/ros2_ws/src/install/turtlesim/include/turtlesim/turtlesim/srv/detail/set_pen__type_support.c
[18.316s] -- Installing: /home/neo/Documents/ros2_ws/src/install/turtlesim/include/turtlesim/turtlesim/srv/detail/set_pen__rosidl_typesupport_introspection_c.h
[18.316s] -- Up-to-date: /home/neo/Documents/ros2_ws/src/install/turtlesim/include/turtlesim/turtlesim/msg
[18.316s] -- Installing: /home/neo/Documents/ros2_ws/src/install/turtlesim/include/turtlesim/turtlesim/msg/rosidl_typesupport_introspection_c__visibility_control.h
[18.316s] -- Up-to-date: /home/neo/Documents/ros2_ws/src/install/turtlesim/include/turtlesim/turtlesim/msg/detail
[18.316s] -- Installing: /home/neo/Documents/ros2_ws/src/install/turtlesim/include/turtlesim/turtlesim/msg/detail/color__rosidl_typesupport_introspection_c.h
[18.316s] -- Installing: /home/neo/Documents/ros2_ws/src/install/turtlesim/include/turtlesim/turtlesim/msg/detail/pose__rosidl_typesupport_introspection_c.h
[18.317s] -- Installing: /home/neo/Documents/ros2_ws/src/install/turtlesim/include/turtlesim/turtlesim/msg/detail/pose__type_support.c
[18.317s] -- Installing: /home/neo/Documents/ros2_ws/src/install/turtlesim/include/turtlesim/turtlesim/msg/detail/color__type_support.c
[18.317s] -- Installing: /home/neo/Documents/ros2_ws/src/install/turtlesim/lib/libturtlesim__rosidl_typesupport_introspection_c.so
[18.317s] -- Set runtime path of "/home/neo/Documents/ros2_ws/src/install/turtlesim/lib/libturtlesim__rosidl_typesupport_introspection_c.so" to ""
[18.317s] -- Installing: /home/neo/Documents/ros2_ws/src/install/turtlesim/lib/libturtlesim__rosidl_typesupport_c.so
[18.317s] -- Set runtime path of "/home/neo/Documents/ros2_ws/src/install/turtlesim/lib/libturtlesim__rosidl_typesupport_c.so" to ""
[18.317s] -- Up-to-date: /home/neo/Documents/ros2_ws/src/install/turtlesim/include/turtlesim/turtlesim
[18.317s] -- Up-to-date: /home/neo/Documents/ros2_ws/src/install/turtlesim/include/turtlesim/turtlesim/action
[18.317s] -- Up-to-date: /home/neo/Documents/ros2_ws/src/install/turtlesim/include/turtlesim/turtlesim/action/detail
[18.317s] -- Installing: /home/neo/Documents/ros2_ws/src/install/turtlesim/include/turtlesim/turtlesim/action/detail/rotate_absolute__type_support.cpp
[18.317s] -- Installing: /home/neo/Documents/ros2_ws/src/install/turtlesim/include/turtlesim/turtlesim/action/detail/rotate_absolute__rosidl_typesupport_introspection_cpp.hpp
[18.317s] -- Up-to-date: /home/neo/Documents/ros2_ws/src/install/turtlesim/include/turtlesim/turtlesim/srv
[18.317s] -- Up-to-date: /home/neo/Documents/ros2_ws/src/install/turtlesim/include/turtlesim/turtlesim/srv/detail
[18.317s] -- Installing: /home/neo/Documents/ros2_ws/src/install/turtlesim/include/turtlesim/turtlesim/srv/detail/spawn__rosidl_typesupport_introspection_cpp.hpp
[18.318s] -- Installing: /home/neo/Documents/ros2_ws/src/install/turtlesim/include/turtlesim/turtlesim/srv/detail/set_pen__rosidl_typesupport_introspection_cpp.hpp
[18.318s] -- Installing: /home/neo/Documents/ros2_ws/src/install/turtlesim/include/turtlesim/turtlesim/srv/detail/teleport_relative__rosidl_typesupport_introspection_cpp.hpp
[18.318s] -- Installing: /home/neo/Documents/ros2_ws/src/install/turtlesim/include/turtlesim/turtlesim/srv/detail/kill__rosidl_typesupport_introspection_cpp.hpp
[18.318s] -- Installing: /home/neo/Documents/ros2_ws/src/install/turtlesim/include/turtlesim/turtlesim/srv/detail/teleport_relative__type_support.cpp
[18.318s] -- Installing: /home/neo/Documents/ros2_ws/src/install/turtlesim/include/turtlesim/turtlesim/srv/detail/teleport_absolute__rosidl_typesupport_introspection_cpp.hpp
[18.318s] -- Installing: /home/neo/Documents/ros2_ws/src/install/turtlesim/include/turtlesim/turtlesim/srv/detail/spawn__type_support.cpp
[18.318s] -- Installing: /home/neo/Documents/ros2_ws/src/install/turtlesim/include/turtlesim/turtlesim/srv/detail/set_pen__type_support.cpp
[18.318s] -- Installing: /home/neo/Documents/ros2_ws/src/install/turtlesim/include/turtlesim/turtlesim/srv/detail/teleport_absolute__type_support.cpp
[18.318s] -- Installing: /home/neo/Documents/ros2_ws/src/install/turtlesim/include/turtlesim/turtlesim/srv/detail/kill__type_support.cpp
[18.318s] -- Up-to-date: /home/neo/Documents/ros2_ws/src/install/turtlesim/include/turtlesim/turtlesim/msg
[18.318s] -- Up-to-date: /home/neo/Documents/ros2_ws/src/install/turtlesim/include/turtlesim/turtlesim/msg/detail
[18.318s] -- Installing: /home/neo/Documents/ros2_ws/src/install/turtlesim/include/turtlesim/turtlesim/msg/detail/color__type_support.cpp
[18.318s] -- Installing: /home/neo/Documents/ros2_ws/src/install/turtlesim/include/turtlesim/turtlesim/msg/detail/color__rosidl_typesupport_introspection_cpp.hpp
[18.318s] -- Installing: /home/neo/Documents/ros2_ws/src/install/turtlesim/include/turtlesim/turtlesim/msg/detail/pose__rosidl_typesupport_introspection_cpp.hpp
[18.318s] -- Installing: /home/neo/Documents/ros2_ws/src/install/turtlesim/include/turtlesim/turtlesim/msg/detail/pose__type_support.cpp
[18.318s] -- Installing: /home/neo/Documents/ros2_ws/src/install/turtlesim/lib/libturtlesim__rosidl_typesupport_introspection_cpp.so
[18.318s] -- Set runtime path of "/home/neo/Documents/ros2_ws/src/install/turtlesim/lib/libturtlesim__rosidl_typesupport_introspection_cpp.so" to ""
[18.318s] -- Installing: /home/neo/Documents/ros2_ws/src/install/turtlesim/lib/libturtlesim__rosidl_typesupport_cpp.so
[18.318s] -- Set runtime path of "/home/neo/Documents/ros2_ws/src/install/turtlesim/lib/libturtlesim__rosidl_typesupport_cpp.so" to ""
[18.318s] -- Installing: /home/neo/Documents/ros2_ws/src/install/turtlesim/share/turtlesim/environment/pythonpath.sh
[18.318s] -- Installing: /home/neo/Documents/ros2_ws/src/install/turtlesim/share/turtlesim/environment/pythonpath.dsv
[18.318s] -- Installing: /home/neo/Documents/ros2_ws/src/install/turtlesim/local/lib/python3.10/dist-packages/turtlesim-1.4.2-py3.10.egg-info
[18.318s] -- Installing: /home/neo/Documents/ros2_ws/src/install/turtlesim/local/lib/python3.10/dist-packages/turtlesim-1.4.2-py3.10.egg-info/PKG-INFO
[18.319s] -- Installing: /home/neo/Documents/ros2_ws/src/install/turtlesim/local/lib/python3.10/dist-packages/turtlesim-1.4.2-py3.10.egg-info/top_level.txt
[18.319s] -- Installing: /home/neo/Documents/ros2_ws/src/install/turtlesim/local/lib/python3.10/dist-packages/turtlesim-1.4.2-py3.10.egg-info/SOURCES.txt
[18.319s] -- Installing: /home/neo/Documents/ros2_ws/src/install/turtlesim/local/lib/python3.10/dist-packages/turtlesim-1.4.2-py3.10.egg-info/dependency_links.txt
[18.319s] -- Installing: /home/neo/Documents/ros2_ws/src/install/turtlesim/local/lib/python3.10/dist-packages/turtlesim
[18.319s] -- Installing: /home/neo/Documents/ros2_ws/src/install/turtlesim/local/lib/python3.10/dist-packages/turtlesim/libturtlesim__rosidl_generator_py.so
[18.319s] -- Installing: /home/neo/Documents/ros2_ws/src/install/turtlesim/local/lib/python3.10/dist-packages/turtlesim/__init__.py
[18.319s] -- Installing: /home/neo/Documents/ros2_ws/src/install/turtlesim/local/lib/python3.10/dist-packages/turtlesim/_turtlesim_s.ep.rosidl_typesupport_introspection_c.c
[18.319s] -- Installing: /home/neo/Documents/ros2_ws/src/install/turtlesim/local/lib/python3.10/dist-packages/turtlesim/action
[18.319s] -- Installing: /home/neo/Documents/ros2_ws/src/install/turtlesim/local/lib/python3.10/dist-packages/turtlesim/action/__init__.py
[18.319s] -- Installing: /home/neo/Documents/ros2_ws/src/install/turtlesim/local/lib/python3.10/dist-packages/turtlesim/action/_rotate_absolute_s.c
[18.319s] -- Installing: /home/neo/Documents/ros2_ws/src/install/turtlesim/local/lib/python3.10/dist-packages/turtlesim/action/_rotate_absolute.py
[18.319s] -- Installing: /home/neo/Documents/ros2_ws/src/install/turtlesim/local/lib/python3.10/dist-packages/turtlesim/_turtlesim_s.ep.rosidl_typesupport_c.c
[18.319s] -- Installing: /home/neo/Documents/ros2_ws/src/install/turtlesim/local/lib/python3.10/dist-packages/turtlesim/_turtlesim_s.ep.rosidl_typesupport_fastrtps_c.c
[18.319s] -- Installing: /home/neo/Documents/ros2_ws/src/install/turtlesim/local/lib/python3.10/dist-packages/turtlesim/turtlesim_s__rosidl_typesupport_fastrtps_c.cpython-310-x86_64-linux-gnu.so
[18.319s] -- Installing: /home/neo/Documents/ros2_ws/src/install/turtlesim/local/lib/python3.10/dist-packages/turtlesim/srv
[18.319s] -- Installing: /home/neo/Documents/ros2_ws/src/install/turtlesim/local/lib/python3.10/dist-packages/turtlesim/srv/_teleport_absolute_s.c
[18.319s] -- Installing: /home/neo/Documents/ros2_ws/src/install/turtlesim/local/lib/python3.10/dist-packages/turtlesim/srv/_set_pen.py
[18.319s] -- Installing: /home/neo/Documents/ros2_ws/src/install/turtlesim/local/lib/python3.10/dist-packages/turtlesim/srv/_set_pen_s.c
[18.319s] -- Installing: /home/neo/Documents/ros2_ws/src/install/turtlesim/local/lib/python3.10/dist-packages/turtlesim/srv/__init__.py
[18.319s] -- Installing: /home/neo/Documents/ros2_ws/src/install/turtlesim/local/lib/python3.10/dist-packages/turtlesim/srv/_spawn_s.c
[18.319s] -- Installing: /home/neo/Documents/ros2_ws/src/install/turtlesim/local/lib/python3.10/dist-packages/turtlesim/srv/_teleport_absolute.py
[18.319s] -- Installing: /home/neo/Documents/ros2_ws/src/install/turtlesim/local/lib/python3.10/dist-packages/turtlesim/srv/_teleport_relative_s.c
[18.319s] -- Installing: /home/neo/Documents/ros2_ws/src/install/turtlesim/local/lib/python3.10/dist-packages/turtlesim/srv/_teleport_relative.py
[18.319s] -- Installing: /home/neo/Documents/ros2_ws/src/install/turtlesim/local/lib/python3.10/dist-packages/turtlesim/srv/_spawn.py
[18.319s] -- Installing: /home/neo/Documents/ros2_ws/src/install/turtlesim/local/lib/python3.10/dist-packages/turtlesim/srv/_kill_s.c
[18.319s] -- Installing: /home/neo/Documents/ros2_ws/src/install/turtlesim/local/lib/python3.10/dist-packages/turtlesim/srv/_kill.py
[18.319s] -- Installing: /home/neo/Documents/ros2_ws/src/install/turtlesim/local/lib/python3.10/dist-packages/turtlesim/msg
[18.319s] -- Installing: /home/neo/Documents/ros2_ws/src/install/turtlesim/local/lib/python3.10/dist-packages/turtlesim/msg/__init__.py
[18.319s] -- Installing: /home/neo/Documents/ros2_ws/src/install/turtlesim/local/lib/python3.10/dist-packages/turtlesim/msg/_pose.py
[18.319s] -- Installing: /home/neo/Documents/ros2_ws/src/install/turtlesim/local/lib/python3.10/dist-packages/turtlesim/msg/_color_s.c
[18.319s] -- Installing: /home/neo/Documents/ros2_ws/src/install/turtlesim/local/lib/python3.10/dist-packages/turtlesim/msg/_color.py
[18.319s] -- Installing: /home/neo/Documents/ros2_ws/src/install/turtlesim/local/lib/python3.10/dist-packages/turtlesim/msg/_pose_s.c
[18.319s] -- Installing: /home/neo/Documents/ros2_ws/src/install/turtlesim/local/lib/python3.10/dist-packages/turtlesim/turtlesim_s__rosidl_typesupport_introspection_c.cpython-310-x86_64-linux-gnu.so
[18.319s] -- Installing: /home/neo/Documents/ros2_ws/src/install/turtlesim/local/lib/python3.10/dist-packages/turtlesim/turtlesim_s__rosidl_typesupport_c.cpython-310-x86_64-linux-gnu.so
[18.351s] Listing '/home/neo/Documents/ros2_ws/src/install/turtlesim/local/lib/python3.10/dist-packages/turtlesim'...
[18.351s] Compiling '/home/neo/Documents/ros2_ws/src/install/turtlesim/local/lib/python3.10/dist-packages/turtlesim/__init__.py'...
[18.351s] Listing '/home/neo/Documents/ros2_ws/src/install/turtlesim/local/lib/python3.10/dist-packages/turtlesim/action'...
[18.351s] Compiling '/home/neo/Documents/ros2_ws/src/install/turtlesim/local/lib/python3.10/dist-packages/turtlesim/action/__init__.py'...
[18.351s] Compiling '/home/neo/Documents/ros2_ws/src/install/turtlesim/local/lib/python3.10/dist-packages/turtlesim/action/_rotate_absolute.py'...
[18.351s] Listing '/home/neo/Documents/ros2_ws/src/install/turtlesim/local/lib/python3.10/dist-packages/turtlesim/msg'...
[18.351s] Compiling '/home/neo/Documents/ros2_ws/src/install/turtlesim/local/lib/python3.10/dist-packages/turtlesim/msg/__init__.py'...
[18.351s] Compiling '/home/neo/Documents/ros2_ws/src/install/turtlesim/local/lib/python3.10/dist-packages/turtlesim/msg/_color.py'...
[18.351s] Compiling '/home/neo/Documents/ros2_ws/src/install/turtlesim/local/lib/python3.10/dist-packages/turtlesim/msg/_pose.py'...
[18.351s] Listing '/home/neo/Documents/ros2_ws/src/install/turtlesim/local/lib/python3.10/dist-packages/turtlesim/srv'...
[18.351s] Compiling '/home/neo/Documents/ros2_ws/src/install/turtlesim/local/lib/python3.10/dist-packages/turtlesim/srv/__init__.py'...
[18.351s] Compiling '/home/neo/Documents/ros2_ws/src/install/turtlesim/local/lib/python3.10/dist-packages/turtlesim/srv/_kill.py'...
[18.351s] Compiling '/home/neo/Documents/ros2_ws/src/install/turtlesim/local/lib/python3.10/dist-packages/turtlesim/srv/_set_pen.py'...
[18.351s] Compiling '/home/neo/Documents/ros2_ws/src/install/turtlesim/local/lib/python3.10/dist-packages/turtlesim/srv/_spawn.py'...
[18.351s] Compiling '/home/neo/Documents/ros2_ws/src/install/turtlesim/local/lib/python3.10/dist-packages/turtlesim/srv/_teleport_absolute.py'...
[18.351s] Compiling '/home/neo/Documents/ros2_ws/src/install/turtlesim/local/lib/python3.10/dist-packages/turtlesim/srv/_teleport_relative.py'...
[18.355s] -- Installing: /home/neo/Documents/ros2_ws/src/install/turtlesim/local/lib/python3.10/dist-packages/turtlesim/turtlesim_s__rosidl_typesupport_fastrtps_c.cpython-310-x86_64-linux-gnu.so
[18.355s] -- Set runtime path of "/home/neo/Documents/ros2_ws/src/install/turtlesim/local/lib/python3.10/dist-packages/turtlesim/turtlesim_s__rosidl_typesupport_fastrtps_c.cpython-310-x86_64-linux-gnu.so" to ""
[18.355s] -- Installing: /home/neo/Documents/ros2_ws/src/install/turtlesim/local/lib/python3.10/dist-packages/turtlesim/turtlesim_s__rosidl_typesupport_introspection_c.cpython-310-x86_64-linux-gnu.so
[18.355s] -- Set runtime path of "/home/neo/Documents/ros2_ws/src/install/turtlesim/local/lib/python3.10/dist-packages/turtlesim/turtlesim_s__rosidl_typesupport_introspection_c.cpython-310-x86_64-linux-gnu.so" to ""
[18.355s] -- Installing: /home/neo/Documents/ros2_ws/src/install/turtlesim/local/lib/python3.10/dist-packages/turtlesim/turtlesim_s__rosidl_typesupport_c.cpython-310-x86_64-linux-gnu.so
[18.356s] -- Set runtime path of "/home/neo/Documents/ros2_ws/src/install/turtlesim/local/lib/python3.10/dist-packages/turtlesim/turtlesim_s__rosidl_typesupport_c.cpython-310-x86_64-linux-gnu.so" to ""
[18.356s] -- Installing: /home/neo/Documents/ros2_ws/src/install/turtlesim/lib/libturtlesim__rosidl_generator_py.so
[18.356s] -- Set runtime path of "/home/neo/Documents/ros2_ws/src/install/turtlesim/lib/libturtlesim__rosidl_generator_py.so" to ""
[18.356s] -- Installing: /home/neo/Documents/ros2_ws/src/install/turtlesim/share/turtlesim/action/RotateAbsolute.idl
[18.356s] -- Installing: /home/neo/Documents/ros2_ws/src/install/turtlesim/share/turtlesim/msg/Color.idl
[18.357s] -- Installing: /home/neo/Documents/ros2_ws/src/install/turtlesim/share/turtlesim/msg/Pose.idl
[18.357s] -- Installing: /home/neo/Documents/ros2_ws/src/install/turtlesim/share/turtlesim/srv/Kill.idl
[18.357s] -- Installing: /home/neo/Documents/ros2_ws/src/install/turtlesim/share/turtlesim/srv/SetPen.idl
[18.357s] -- Installing: /home/neo/Documents/ros2_ws/src/install/turtlesim/share/turtlesim/srv/Spawn.idl
[18.357s] -- Installing: /home/neo/Documents/ros2_ws/src/install/turtlesim/share/turtlesim/srv/TeleportAbsolute.idl
[18.357s] -- Installing: /home/neo/Documents/ros2_ws/src/install/turtlesim/share/turtlesim/srv/TeleportRelative.idl
[18.357s] -- Installing: /home/neo/Documents/ros2_ws/src/install/turtlesim/share/turtlesim/action/RotateAbsolute.action
[18.357s] -- Installing: /home/neo/Documents/ros2_ws/src/install/turtlesim/share/turtlesim/msg/Color.msg
[18.357s] -- Installing: /home/neo/Documents/ros2_ws/src/install/turtlesim/share/turtlesim/msg/Pose.msg
[18.357s] -- Installing: /home/neo/Documents/ros2_ws/src/install/turtlesim/share/turtlesim/srv/Kill.srv
[18.357s] -- Installing: /home/neo/Documents/ros2_ws/src/install/turtlesim/share/turtlesim/srv/Kill_Request.msg
[18.358s] -- Installing: /home/neo/Documents/ros2_ws/src/install/turtlesim/share/turtlesim/srv/Kill_Response.msg
[18.358s] -- Installing: /home/neo/Documents/ros2_ws/src/install/turtlesim/share/turtlesim/srv/SetPen.srv
[18.358s] -- Installing: /home/neo/Documents/ros2_ws/src/install/turtlesim/share/turtlesim/srv/SetPen_Request.msg
[18.358s] -- Installing: /home/neo/Documents/ros2_ws/src/install/turtlesim/share/turtlesim/srv/SetPen_Response.msg
[18.358s] -- Installing: /home/neo/Documents/ros2_ws/src/install/turtlesim/share/turtlesim/srv/Spawn.srv
[18.358s] -- Installing: /home/neo/Documents/ros2_ws/src/install/turtlesim/share/turtlesim/srv/Spawn_Request.msg
[18.358s] -- Installing: /home/neo/Documents/ros2_ws/src/install/turtlesim/share/turtlesim/srv/Spawn_Response.msg
[18.358s] -- Installing: /home/neo/Documents/ros2_ws/src/install/turtlesim/share/turtlesim/srv/TeleportAbsolute.srv
[18.358s] -- Installing: /home/neo/Documents/ros2_ws/src/install/turtlesim/share/turtlesim/srv/TeleportAbsolute_Request.msg
[18.358s] -- Installing: /home/neo/Documents/ros2_ws/src/install/turtlesim/share/turtlesim/srv/TeleportAbsolute_Response.msg
[18.358s] -- Installing: /home/neo/Documents/ros2_ws/src/install/turtlesim/share/turtlesim/srv/TeleportRelative.srv
[18.358s] -- Installing: /home/neo/Documents/ros2_ws/src/install/turtlesim/share/turtlesim/srv/TeleportRelative_Request.msg
[18.358s] -- Installing: /home/neo/Documents/ros2_ws/src/install/turtlesim/share/turtlesim/srv/TeleportRelative_Response.msg
[18.359s] -- Installing: /home/neo/Documents/ros2_ws/src/install/turtlesim/lib/turtlesim/turtlesim_node
[18.363s] -- Set runtime path of "/home/neo/Documents/ros2_ws/src/install/turtlesim/lib/turtlesim/turtlesim_node" to ""
[18.363s] -- Installing: /home/neo/Documents/ros2_ws/src/install/turtlesim/lib/turtlesim/turtle_teleop_key
[18.364s] -- Set runtime path of "/home/neo/Documents/ros2_ws/src/install/turtlesim/lib/turtlesim/turtle_teleop_key" to ""
[18.364s] -- Installing: /home/neo/Documents/ros2_ws/src/install/turtlesim/lib/turtlesim/draw_square
[18.367s] -- Set runtime path of "/home/neo/Documents/ros2_ws/src/install/turtlesim/lib/turtlesim/draw_square" to ""
[18.367s] -- Installing: /home/neo/Documents/ros2_ws/src/install/turtlesim/lib/turtlesim/mimic
[18.369s] -- Set runtime path of "/home/neo/Documents/ros2_ws/src/install/turtlesim/lib/turtlesim/mimic" to ""
[18.369s] -- Installing: /home/neo/Documents/ros2_ws/src/install/turtlesim/share/turtlesim/images
[18.369s] -- Installing: /home/neo/Documents/ros2_ws/src/install/turtlesim/share/turtlesim/images/humble.png
[18.370s] -- Installing: /home/neo/Documents/ros2_ws/src/install/turtlesim/share/turtlesim/images/galactic.png
[18.370s] -- Installing: /home/neo/Documents/ros2_ws/src/install/turtlesim/share/turtlesim/images/dashing.png
[18.370s] -- Installing: /home/neo/Documents/ros2_ws/src/install/turtlesim/share/turtlesim/images/crystal.png
[18.370s] -- Installing: /home/neo/Documents/ros2_ws/src/install/turtlesim/share/turtlesim/images/bouncy.png
[18.371s] -- Installing: /home/neo/Documents/ros2_ws/src/install/turtlesim/share/turtlesim/images/ardent.png
[18.371s] -- Installing: /home/neo/Documents/ros2_ws/src/install/turtlesim/share/turtlesim/images/foxy.png
[18.371s] -- Installing: /home/neo/Documents/ros2_ws/src/install/turtlesim/share/turtlesim/images/rolling.png
[18.371s] -- Installing: /home/neo/Documents/ros2_ws/src/install/turtlesim/share/turtlesim/images/eloquent.png
[18.371s] -- Installing: /home/neo/Documents/ros2_ws/src/install/turtlesim/share/turtlesim/launch
[18.371s] -- Installing: /home/neo/Documents/ros2_ws/src/install/turtlesim/share/turtlesim/launch/multisim.launch.py
[18.371s] -- Installing: /home/neo/Documents/ros2_ws/src/install/turtlesim/share/ament_index/resource_index/package_run_dependencies/turtlesim
[18.371s] -- Installing: /home/neo/Documents/ros2_ws/src/install/turtlesim/share/ament_index/resource_index/parent_prefix_path/turtlesim
[18.371s] -- Installing: /home/neo/Documents/ros2_ws/src/install/turtlesim/share/turtlesim/environment/ament_prefix_path.sh
[18.371s] -- Installing: /home/neo/Documents/ros2_ws/src/install/turtlesim/share/turtlesim/environment/ament_prefix_path.dsv
[18.372s] -- Installing: /home/neo/Documents/ros2_ws/src/install/turtlesim/share/turtlesim/environment/path.sh
[18.372s] -- Installing: /home/neo/Documents/ros2_ws/src/install/turtlesim/share/turtlesim/environment/path.dsv
[18.372s] -- Installing: /home/neo/Documents/ros2_ws/src/install/turtlesim/share/turtlesim/local_setup.bash
[18.372s] -- Installing: /home/neo/Documents/ros2_ws/src/install/turtlesim/share/turtlesim/local_setup.sh
[18.372s] -- Installing: /home/neo/Documents/ros2_ws/src/install/turtlesim/share/turtlesim/local_setup.zsh
[18.372s] -- Installing: /home/neo/Documents/ros2_ws/src/install/turtlesim/share/turtlesim/local_setup.dsv
[18.372s] -- Installing: /home/neo/Documents/ros2_ws/src/install/turtlesim/share/turtlesim/package.dsv
[18.372s] -- Installing: /home/neo/Documents/ros2_ws/src/install/turtlesim/share/ament_index/resource_index/packages/turtlesim
[18.372s] -- Installing: /home/neo/Documents/ros2_ws/src/install/turtlesim/share/turtlesim/cmake/export_turtlesim__rosidl_generator_cExport.cmake
[18.372s] -- Installing: /home/neo/Documents/ros2_ws/src/install/turtlesim/share/turtlesim/cmake/export_turtlesim__rosidl_generator_cExport-noconfig.cmake
[18.372s] -- Installing: /home/neo/Documents/ros2_ws/src/install/turtlesim/share/turtlesim/cmake/export_turtlesim__rosidl_typesupport_fastrtps_cExport.cmake
[18.372s] -- Installing: /home/neo/Documents/ros2_ws/src/install/turtlesim/share/turtlesim/cmake/export_turtlesim__rosidl_typesupport_fastrtps_cExport-noconfig.cmake
[18.372s] -- Installing: /home/neo/Documents/ros2_ws/src/install/turtlesim/share/turtlesim/cmake/export_turtlesim__rosidl_generator_cppExport.cmake
[18.372s] -- Installing: /home/neo/Documents/ros2_ws/src/install/turtlesim/share/turtlesim/cmake/export_turtlesim__rosidl_typesupport_fastrtps_cppExport.cmake
[18.373s] -- Installing: /home/neo/Documents/ros2_ws/src/install/turtlesim/share/turtlesim/cmake/export_turtlesim__rosidl_typesupport_fastrtps_cppExport-noconfig.cmake
[18.373s] -- Installing: /home/neo/Documents/ros2_ws/src/install/turtlesim/share/turtlesim/cmake/turtlesim__rosidl_typesupport_introspection_cExport.cmake
[18.373s] -- Installing: /home/neo/Documents/ros2_ws/src/install/turtlesim/share/turtlesim/cmake/turtlesim__rosidl_typesupport_introspection_cExport-noconfig.cmake
[18.373s] -- Installing: /home/neo/Documents/ros2_ws/src/install/turtlesim/share/turtlesim/cmake/turtlesim__rosidl_typesupport_cExport.cmake
[18.373s] -- Installing: /home/neo/Documents/ros2_ws/src/install/turtlesim/share/turtlesim/cmake/turtlesim__rosidl_typesupport_cExport-noconfig.cmake
[18.373s] -- Installing: /home/neo/Documents/ros2_ws/src/install/turtlesim/share/turtlesim/cmake/turtlesim__rosidl_typesupport_introspection_cppExport.cmake
[18.373s] -- Installing: /home/neo/Documents/ros2_ws/src/install/turtlesim/share/turtlesim/cmake/turtlesim__rosidl_typesupport_introspection_cppExport-noconfig.cmake
[18.373s] -- Installing: /home/neo/Documents/ros2_ws/src/install/turtlesim/share/turtlesim/cmake/turtlesim__rosidl_typesupport_cppExport.cmake
[18.373s] -- Installing: /home/neo/Documents/ros2_ws/src/install/turtlesim/share/turtlesim/cmake/turtlesim__rosidl_typesupport_cppExport-noconfig.cmake
[18.373s] -- Installing: /home/neo/Documents/ros2_ws/src/install/turtlesim/share/turtlesim/cmake/export_turtlesim__rosidl_generator_pyExport.cmake
[18.373s] -- Installing: /home/neo/Documents/ros2_ws/src/install/turtlesim/share/turtlesim/cmake/export_turtlesim__rosidl_generator_pyExport-noconfig.cmake
[18.373s] -- Installing: /home/neo/Documents/ros2_ws/src/install/turtlesim/share/turtlesim/cmake/rosidl_cmake-extras.cmake
[18.373s] -- Installing: /home/neo/Documents/ros2_ws/src/install/turtlesim/share/turtlesim/cmake/ament_cmake_export_dependencies-extras.cmake
[18.373s] -- Installing: /home/neo/Documents/ros2_ws/src/install/turtlesim/share/turtlesim/cmake/ament_cmake_export_include_directories-extras.cmake
[18.373s] -- Installing: /home/neo/Documents/ros2_ws/src/install/turtlesim/share/turtlesim/cmake/ament_cmake_export_libraries-extras.cmake
[18.373s] -- Installing: /home/neo/Documents/ros2_ws/src/install/turtlesim/share/turtlesim/cmake/ament_cmake_export_targets-extras.cmake
[18.374s] -- Installing: /home/neo/Documents/ros2_ws/src/install/turtlesim/share/turtlesim/cmake/rosidl_cmake_export_typesupport_targets-extras.cmake
[18.374s] -- Installing: /home/neo/Documents/ros2_ws/src/install/turtlesim/share/turtlesim/cmake/rosidl_cmake_export_typesupport_libraries-extras.cmake
[18.374s] -- Installing: /home/neo/Documents/ros2_ws/src/install/turtlesim/share/turtlesim/cmake/turtlesimConfig.cmake
[18.374s] -- Installing: /home/neo/Documents/ros2_ws/src/install/turtlesim/share/turtlesim/cmake/turtlesimConfig-version.cmake
[18.374s] -- Installing: /home/neo/Documents/ros2_ws/src/install/turtlesim/share/turtlesim/package.xml
[18.375s] Invoked command in '/home/neo/Documents/ros2_ws/src/build/turtlesim' returned '0': CMAKE_PREFIX_PATH=/home/neo/Documents/ros2_ws/src/install/map_test:/opt/ros/humble /usr/bin/cmake --install /home/neo/Documents/ros2_ws/src/build/turtlesim
