[1.627s] Invoking command in '/home/neo/Documents/ros2_ws/src/editing_map': PYTHONPATH=/home/neo/Documents/ros2_ws/build/editing_map/prefix_override:/usr/lib/python3/dist-packages/colcon_core/task/python/colcon_distutils_commands:/home/neo/Documents/ros2_ws/install/editing_map/lib/python3.10/site-packages:${PYTHONPATH} /usr/bin/python3 -W ignore:setup.py install is deprecated -W ignore:easy_install command is deprecated setup.py egg_info --egg-base ../../build/editing_map build --build-base /home/neo/Documents/ros2_ws/build/editing_map/build install --record /home/neo/Documents/ros2_ws/build/editing_map/install.log --single-version-externally-managed install_data
[1.836s] /home/neo/.local/lib/python3.10/site-packages/setuptools/_distutils/dist.py:289: UserWarning: Unknown distribution option: 'tests_require'
[1.836s]   warnings.warn(msg)
[2.023s] running egg_info
[2.037s] writing ../../build/editing_map/editing_map.egg-info/PKG-INFO
[2.039s] writing dependency_links to ../../build/editing_map/editing_map.egg-info/dependency_links.txt
[2.039s] writing entry points to ../../build/editing_map/editing_map.egg-info/entry_points.txt
[2.039s] writing requirements to ../../build/editing_map/editing_map.egg-info/requires.txt
[2.039s] writing top-level names to ../../build/editing_map/editing_map.egg-info/top_level.txt
[2.067s] reading manifest file '../../build/editing_map/editing_map.egg-info/SOURCES.txt'
[2.067s] adding license file 'LICENSE'
[2.068s] writing manifest file '../../build/editing_map/editing_map.egg-info/SOURCES.txt'
[2.068s] running build
[2.068s] running build_py
[2.069s] copying editing_map/listener.py -> /home/neo/Documents/ros2_ws/build/editing_map/build/lib/editing_map
[2.069s] copying editing_map/__init__.py -> /home/neo/Documents/ros2_ws/build/editing_map/build/lib/editing_map
[2.069s] copying editing_map/talker.py -> /home/neo/Documents/ros2_ws/build/editing_map/build/lib/editing_map
[2.069s] running install
[2.072s] running install_lib
[2.088s] running install_data
[2.089s] copying resource/editing_map -> /home/neo/Documents/ros2_ws/install/editing_map/share/ament_index/resource_index/packages
[2.089s] copying package.xml -> /home/neo/Documents/ros2_ws/install/editing_map/share/editing_map
[2.089s] running install_egg_info
[2.103s] removing '/home/neo/Documents/ros2_ws/install/editing_map/lib/python3.10/site-packages/editing_map-0.0.0-py3.10.egg-info' (and everything under it)
[2.103s] Copying ../../build/editing_map/editing_map.egg-info to /home/neo/Documents/ros2_ws/install/editing_map/lib/python3.10/site-packages/editing_map-0.0.0-py3.10.egg-info
[2.104s] running install_scripts
[2.200s] Installing listener script to /home/neo/Documents/ros2_ws/install/editing_map/lib/editing_map
[2.205s] Installing talker script to /home/neo/Documents/ros2_ws/install/editing_map/lib/editing_map
[2.205s] writing list of installed files to '/home/neo/Documents/ros2_ws/build/editing_map/install.log'
[2.223s] Invoked command in '/home/neo/Documents/ros2_ws/src/editing_map' returned '0': PYTHONPATH=/home/neo/Documents/ros2_ws/build/editing_map/prefix_override:/usr/lib/python3/dist-packages/colcon_core/task/python/colcon_distutils_commands:/home/neo/Documents/ros2_ws/install/editing_map/lib/python3.10/site-packages:${PYTHONPATH} /usr/bin/python3 -W ignore:setup.py install is deprecated -W ignore:easy_install command is deprecated setup.py egg_info --egg-base ../../build/editing_map build --build-base /home/neo/Documents/ros2_ws/build/editing_map/build install --record /home/neo/Documents/ros2_ws/build/editing_map/install.log --single-version-externally-managed install_data
