[0.017s] Invoking command in '/home/neo/Documents/ros2_ws/build/turtlesim': CMAKE_PREFIX_PATH=/opt/ros/humble /usr/bin/cmake /home/neo/Documents/ros2_ws/src/ros_tutorials/turtlesim -DCMAKE_INSTALL_PREFIX=/home/neo/Documents/ros2_ws/install/turtlesim
[0.175s] -- The C compiler identification is GNU 11.4.0
[0.311s] -- The CXX compiler identification is GNU 11.4.0
[0.326s] -- Detecting C compiler ABI info
[0.441s] -- Detecting C compiler ABI info - done
[0.454s] -- Check for working C compiler: /usr/bin/cc - skipped
[0.456s] -- Detecting C compile features
[0.457s] -- Detecting C compile features - done
[0.463s] -- Detecting CXX compiler ABI info
[0.581s] -- Detecting CXX compiler ABI info - done
[0.591s] -- Check for working CXX compiler: /usr/bin/c++ - skipped
[0.592s] -- Detecting CXX compile features
[0.592s] -- Detecting CXX compile features - done
[0.601s] -- Found ament_cmake: 1.3.11 (/opt/ros/humble/share/ament_cmake/cmake)
[1.118s] -- Found Python3: /usr/bin/python3 (found version "3.10.12") found components: Interpreter 
[1.274s] -- Found ament_index_cpp: 1.4.0 (/opt/ros/humble/share/ament_index_cpp/cmake)
[1.278s] -- Found geometry_msgs: 4.8.0 (/opt/ros/humble/share/geometry_msgs/cmake)
[1.348s] -- Found rosidl_generator_c: 3.1.6 (/opt/ros/humble/share/rosidl_generator_c/cmake)
[1.356s] -- Found rosidl_adapter: 3.1.6 (/opt/ros/humble/share/rosidl_adapter/cmake)
[1.373s] -- Found rosidl_generator_cpp: 3.1.6 (/opt/ros/humble/share/rosidl_generator_cpp/cmake)
[1.396s] -- Using all available rosidl_typesupport_c: rosidl_typesupport_fastrtps_c;rosidl_typesupport_introspection_c
[1.425s] -- Using all available rosidl_typesupport_cpp: rosidl_typesupport_fastrtps_cpp;rosidl_typesupport_introspection_cpp
[1.509s] -- Found rclcpp: 16.0.12 (/opt/ros/humble/share/rclcpp/cmake)
[1.570s] -- Found rmw_implementation_cmake: 6.1.2 (/opt/ros/humble/share/rmw_implementation_cmake/cmake)
[1.574s] -- Found rmw_fastrtps_cpp: 6.2.7 (/opt/ros/humble/share/rmw_fastrtps_cpp/cmake)
[1.696s] -- Found OpenSSL: /usr/lib/x86_64-linux-gnu/libcrypto.so (found version "3.0.2")  
[1.738s] -- Found FastRTPS: /opt/ros/humble/include  
[1.792s] -- Using RMW implementation 'rmw_fastrtps_cpp' as default
[1.809s] -- Looking for pthread.h
[1.925s] -- Looking for pthread.h - found
[1.925s] -- Performing Test CMAKE_HAVE_LIBC_PTHREAD
[2.038s] -- Performing Test CMAKE_HAVE_LIBC_PTHREAD - Success
[2.040s] -- Found Threads: TRUE  
[2.113s] -- Found rclcpp_action: 16.0.12 (/opt/ros/humble/share/rclcpp_action/cmake)
[2.178s] -- Found rosidl_default_generators: 1.2.0 (/opt/ros/humble/share/rosidl_default_generators/cmake)
[2.193s] -- Found std_srvs: 4.8.0 (/opt/ros/humble/share/std_srvs/cmake)
[2.682s] -- Found ament_cmake_ros: 0.10.0 (/opt/ros/humble/share/ament_cmake_ros/cmake)
[3.269s] -- Using all available rosidl_typesupport_c: rosidl_typesupport_fastrtps_c;rosidl_typesupport_introspection_c
[3.494s] -- Using all available rosidl_typesupport_cpp: rosidl_typesupport_fastrtps_cpp;rosidl_typesupport_introspection_cpp
[3.544s] -- Found PythonInterp: /usr/bin/python3 (found suitable version "3.10.12", minimum required is "3.6") 
[3.547s] -- Found python_cmake_module: 0.10.0 (/opt/ros/humble/share/python_cmake_module/cmake)
[3.600s] -- Found PythonLibs: /usr/lib/x86_64-linux-gnu/libpython3.10.so (found suitable version "3.10.12", minimum required is "3.5") 
[3.600s] -- Using PYTHON_EXECUTABLE: /usr/bin/python3
[3.600s] -- Using PYTHON_INCLUDE_DIRS: /usr/include/python3.10
[3.600s] -- Using PYTHON_LIBRARIES: /usr/lib/x86_64-linux-gnu/libpython3.10.so
[3.642s] -- Found PythonExtra: .so  
[3.735s] -- Configuring done
[3.819s] -- Generating done
[3.852s] -- Build files have been written to: /home/neo/Documents/ros2_ws/build/turtlesim
[3.874s] Invoked command in '/home/neo/Documents/ros2_ws/build/turtlesim' returned '0': CMAKE_PREFIX_PATH=/opt/ros/humble /usr/bin/cmake /home/neo/Documents/ros2_ws/src/ros_tutorials/turtlesim -DCMAKE_INSTALL_PREFIX=/home/neo/Documents/ros2_ws/install/turtlesim
[3.875s] Invoking command in '/home/neo/Documents/ros2_ws/build/turtlesim': CMAKE_PREFIX_PATH=/opt/ros/humble /usr/bin/cmake --build /home/neo/Documents/ros2_ws/build/turtlesim -- -j12 -l12
[3.932s] [  1%] [34m[1mGenerating C code for ROS interfaces[0m
[3.952s] [  2%] [34m[1mGenerating C++ code for ROS interfaces[0m
[3.964s] [  2%] Built target ament_cmake_python_copy_turtlesim
[4.180s] running egg_info
[4.193s] creating turtlesim.egg-info
[4.193s] writing turtlesim.egg-info/PKG-INFO
[4.193s] writing dependency_links to turtlesim.egg-info/dependency_links.txt
[4.193s] writing top-level names to turtlesim.egg-info/top_level.txt
[4.193s] writing manifest file 'turtlesim.egg-info/SOURCES.txt'
[4.234s] reading manifest file 'turtlesim.egg-info/SOURCES.txt'
[4.235s] writing manifest file 'turtlesim.egg-info/SOURCES.txt'
[4.257s] [  2%] Built target ament_cmake_python_build_turtlesim_egg
[4.544s] [  2%] Built target turtlesim__cpp
[4.553s] [  3%] [34m[1mGenerating C++ introspection for ROS interfaces[0m
[4.554s] [  4%] [34m[1mGenerating C++ type support dispatch for ROS interfaces[0m
[4.554s] [  5%] [34m[1mGenerating C++ type support for eProsima Fast-RTPS[0m
[4.577s] [ 10%] [32mBuilding C object CMakeFiles/turtlesim__rosidl_generator_c.dir/rosidl_generator_c/turtlesim/srv/detail/teleport_absolute__functions.c.o[0m
[4.578s] [ 10%] [32mBuilding C object CMakeFiles/turtlesim__rosidl_generator_c.dir/rosidl_generator_c/turtlesim/srv/detail/set_pen__functions.c.o[0m
[4.578s] [ 10%] [32mBuilding C object CMakeFiles/turtlesim__rosidl_generator_c.dir/rosidl_generator_c/turtlesim/srv/detail/spawn__functions.c.o[0m
[4.578s] [ 10%] [32mBuilding C object CMakeFiles/turtlesim__rosidl_generator_c.dir/rosidl_generator_c/turtlesim/msg/detail/color__functions.c.o[0m
[4.578s] [ 11%] [32mBuilding C object CMakeFiles/turtlesim__rosidl_generator_c.dir/rosidl_generator_c/turtlesim/srv/detail/teleport_relative__functions.c.o[0m
[4.578s] [ 11%] [32mBuilding C object CMakeFiles/turtlesim__rosidl_generator_c.dir/rosidl_generator_c/turtlesim/action/detail/rotate_absolute__functions.c.o[0m
[4.578s] [ 13%] [32mBuilding C object CMakeFiles/turtlesim__rosidl_generator_c.dir/rosidl_generator_c/turtlesim/srv/detail/kill__functions.c.o[0m
[4.578s] [ 13%] [32mBuilding C object CMakeFiles/turtlesim__rosidl_generator_c.dir/rosidl_generator_c/turtlesim/msg/detail/pose__functions.c.o[0m
[4.713s] [ 14%] [32m[1mLinking C shared library libturtlesim__rosidl_generator_c.so[0m
[4.749s] [ 14%] Built target turtlesim__rosidl_generator_c
[4.757s] [ 15%] [34m[1mGenerating C type support dispatch for ROS interfaces[0m
[4.759s] [ 16%] [34m[1mGenerating C introspection for ROS interfaces[0m
[4.760s] [ 17%] [34m[1mGenerating C type support for eProsima Fast-RTPS[0m
[4.968s] [ 20%] [32mBuilding CXX object CMakeFiles/turtlesim__rosidl_typesupport_cpp.dir/rosidl_typesupport_cpp/turtlesim/msg/color__type_support.cpp.o[0m
[4.968s] [ 20%] [32mBuilding CXX object CMakeFiles/turtlesim__rosidl_typesupport_cpp.dir/rosidl_typesupport_cpp/turtlesim/action/rotate_absolute__type_support.cpp.o[0m
[4.968s] [ 21%] [32mBuilding CXX object CMakeFiles/turtlesim__rosidl_typesupport_cpp.dir/rosidl_typesupport_cpp/turtlesim/srv/kill__type_support.cpp.o[0m
[4.968s] [ 21%] [32mBuilding CXX object CMakeFiles/turtlesim__rosidl_typesupport_cpp.dir/rosidl_typesupport_cpp/turtlesim/msg/pose__type_support.cpp.o[0m
[4.968s] [ 22%] [32mBuilding CXX object CMakeFiles/turtlesim__rosidl_typesupport_cpp.dir/rosidl_typesupport_cpp/turtlesim/srv/set_pen__type_support.cpp.o[0m
[4.968s] [ 23%] [32mBuilding CXX object CMakeFiles/turtlesim__rosidl_typesupport_cpp.dir/rosidl_typesupport_cpp/turtlesim/srv/teleport_absolute__type_support.cpp.o[0m
[4.968s] [ 24%] [32mBuilding CXX object CMakeFiles/turtlesim__rosidl_typesupport_cpp.dir/rosidl_typesupport_cpp/turtlesim/srv/spawn__type_support.cpp.o[0m
[5.232s] [ 25%] [32mBuilding CXX object CMakeFiles/turtlesim__rosidl_typesupport_introspection_cpp.dir/rosidl_typesupport_introspection_cpp/turtlesim/action/detail/rotate_absolute__type_support.cpp.o[0m
[5.339s] [ 26%] [32mBuilding CXX object CMakeFiles/turtlesim__rosidl_typesupport_cpp.dir/rosidl_typesupport_cpp/turtlesim/srv/teleport_relative__type_support.cpp.o[0m
[5.345s] [ 27%] [32mBuilding CXX object CMakeFiles/turtlesim__rosidl_typesupport_introspection_cpp.dir/rosidl_typesupport_introspection_cpp/turtlesim/msg/detail/color__type_support.cpp.o[0m
[5.351s] [ 28%] [32mBuilding CXX object CMakeFiles/turtlesim__rosidl_typesupport_introspection_cpp.dir/rosidl_typesupport_introspection_cpp/turtlesim/msg/detail/pose__type_support.cpp.o[0m
[5.384s] [ 30%] [32mBuilding CXX object CMakeFiles/turtlesim__rosidl_typesupport_introspection_cpp.dir/rosidl_typesupport_introspection_cpp/turtlesim/srv/detail/set_pen__type_support.cpp.o[0m
[5.384s] [ 30%] [32mBuilding CXX object CMakeFiles/turtlesim__rosidl_typesupport_introspection_cpp.dir/rosidl_typesupport_introspection_cpp/turtlesim/srv/detail/kill__type_support.cpp.o[0m
[5.391s] [ 31%] [32mBuilding CXX object CMakeFiles/turtlesim__rosidl_typesupport_introspection_cpp.dir/rosidl_typesupport_introspection_cpp/turtlesim/srv/detail/spawn__type_support.cpp.o[0m
[5.473s] [ 32%] [32mBuilding CXX object CMakeFiles/turtlesim__rosidl_typesupport_fastrtps_cpp.dir/rosidl_typesupport_fastrtps_cpp/turtlesim/action/detail/dds_fastrtps/rotate_absolute__type_support.cpp.o[0m
[5.487s] [ 33%] [32mBuilding CXX object CMakeFiles/turtlesim__rosidl_typesupport_c.dir/rosidl_typesupport_c/turtlesim/action/rotate_absolute__type_support.cpp.o[0m
[5.553s] [ 34%] [32mBuilding CXX object CMakeFiles/turtlesim__rosidl_typesupport_c.dir/rosidl_typesupport_c/turtlesim/msg/color__type_support.cpp.o[0m
[5.591s] [ 35%] [32mBuilding CXX object CMakeFiles/turtlesim__rosidl_typesupport_c.dir/rosidl_typesupport_c/turtlesim/msg/pose__type_support.cpp.o[0m
[5.638s] [ 36%] [32mBuilding CXX object CMakeFiles/turtlesim__rosidl_typesupport_c.dir/rosidl_typesupport_c/turtlesim/srv/kill__type_support.cpp.o[0m
[5.682s] [ 37%] [32mBuilding CXX object CMakeFiles/turtlesim__rosidl_typesupport_c.dir/rosidl_typesupport_c/turtlesim/srv/set_pen__type_support.cpp.o[0m
[5.697s] [ 38%] [32mBuilding CXX object CMakeFiles/turtlesim__rosidl_typesupport_fastrtps_cpp.dir/rosidl_typesupport_fastrtps_cpp/turtlesim/msg/detail/dds_fastrtps/color__type_support.cpp.o[0m
[5.724s] [ 39%] [32mBuilding CXX object CMakeFiles/turtlesim__rosidl_typesupport_c.dir/rosidl_typesupport_c/turtlesim/srv/spawn__type_support.cpp.o[0m
[5.747s] [ 40%] [32m[1mLinking CXX shared library libturtlesim__rosidl_typesupport_cpp.so[0m
[5.768s] [ 41%] [32mBuilding CXX object CMakeFiles/turtlesim__rosidl_typesupport_c.dir/rosidl_typesupport_c/turtlesim/srv/teleport_absolute__type_support.cpp.o[0m
[5.827s] [ 42%] [32mBuilding CXX object CMakeFiles/turtlesim__rosidl_typesupport_c.dir/rosidl_typesupport_c/turtlesim/srv/teleport_relative__type_support.cpp.o[0m
[5.831s] [ 42%] Built target turtlesim__rosidl_typesupport_cpp
[5.841s] [ 43%] [32mBuilding CXX object CMakeFiles/turtlesim__rosidl_typesupport_fastrtps_cpp.dir/rosidl_typesupport_fastrtps_cpp/turtlesim/msg/detail/dds_fastrtps/pose__type_support.cpp.o[0m
[5.858s] [ 44%] [32mBuilding CXX object CMakeFiles/turtlesim__rosidl_typesupport_fastrtps_cpp.dir/rosidl_typesupport_fastrtps_cpp/turtlesim/srv/detail/dds_fastrtps/kill__type_support.cpp.o[0m
[5.860s] [ 45%] [34m[1mGenerating include/turtlesim/moc_turtle_frame.cpp[0m
[5.875s] [ 46%] [32m[1mLinking CXX shared library libturtlesim__rosidl_typesupport_c.so[0m
[5.890s] [ 47%] [32mBuilding CXX object CMakeFiles/turtlesim__rosidl_typesupport_fastrtps_c.dir/rosidl_typesupport_fastrtps_c/turtlesim/action/detail/rotate_absolute__type_support_c.cpp.o[0m
[5.892s] [ 48%] [32mBuilding CXX object CMakeFiles/turtlesim__rosidl_typesupport_fastrtps_cpp.dir/rosidl_typesupport_fastrtps_cpp/turtlesim/srv/detail/dds_fastrtps/set_pen__type_support.cpp.o[0m
[5.907s] [ 49%] [32mBuilding C object CMakeFiles/turtlesim__rosidl_typesupport_introspection_c.dir/rosidl_typesupport_introspection_c/turtlesim/action/detail/rotate_absolute__type_support.c.o[0m
[5.910s] [ 50%] [32mBuilding CXX object CMakeFiles/turtle_teleop_key.dir/tutorials/teleop_turtle_key.cpp.o[0m
[5.948s] [ 50%] Built target turtlesim__rosidl_typesupport_c
[5.958s] [ 52%] [32mBuilding C object CMakeFiles/turtlesim__rosidl_typesupport_introspection_c.dir/rosidl_typesupport_introspection_c/turtlesim/msg/detail/color__type_support.c.o[0m
[5.958s] [ 52%] [32mBuilding CXX object CMakeFiles/turtlesim__rosidl_typesupport_introspection_cpp.dir/rosidl_typesupport_introspection_cpp/turtlesim/srv/detail/teleport_absolute__type_support.cpp.o[0m
[5.996s] [ 53%] [32mBuilding C object CMakeFiles/turtlesim__rosidl_typesupport_introspection_c.dir/rosidl_typesupport_introspection_c/turtlesim/msg/detail/pose__type_support.c.o[0m
[6.002s] [ 54%] [32mBuilding CXX object CMakeFiles/turtlesim_node.dir/src/turtlesim.cpp.o[0m
[6.012s] [ 55%] [32mBuilding CXX object CMakeFiles/turtlesim__rosidl_typesupport_fastrtps_c.dir/rosidl_typesupport_fastrtps_c/turtlesim/msg/detail/color__type_support_c.cpp.o[0m
[6.047s] [ 56%] [32mBuilding C object CMakeFiles/turtlesim__rosidl_typesupport_introspection_c.dir/rosidl_typesupport_introspection_c/turtlesim/srv/detail/kill__type_support.c.o[0m
[6.054s] [ 57%] [32mBuilding CXX object CMakeFiles/turtlesim__rosidl_typesupport_fastrtps_c.dir/rosidl_typesupport_fastrtps_c/turtlesim/msg/detail/pose__type_support_c.cpp.o[0m
[6.138s] [ 58%] [32mBuilding C object CMakeFiles/turtlesim__rosidl_typesupport_introspection_c.dir/rosidl_typesupport_introspection_c/turtlesim/srv/detail/set_pen__type_support.c.o[0m
[6.184s] [ 59%] [32mBuilding C object CMakeFiles/turtlesim__rosidl_typesupport_introspection_c.dir/rosidl_typesupport_introspection_c/turtlesim/srv/detail/spawn__type_support.c.o[0m
[6.235s] [ 60%] [32mBuilding C object CMakeFiles/turtlesim__rosidl_typesupport_introspection_c.dir/rosidl_typesupport_introspection_c/turtlesim/srv/detail/teleport_absolute__type_support.c.o[0m
[6.268s] [ 61%] [32mBuilding CXX object CMakeFiles/draw_square.dir/tutorials/draw_square.cpp.o[0m
[6.287s] [ 62%] [32mBuilding C object CMakeFiles/turtlesim__rosidl_typesupport_introspection_c.dir/rosidl_typesupport_introspection_c/turtlesim/srv/detail/teleport_relative__type_support.c.o[0m
[6.321s] [ 63%] [32mBuilding CXX object CMakeFiles/turtlesim__rosidl_typesupport_introspection_cpp.dir/rosidl_typesupport_introspection_cpp/turtlesim/srv/detail/teleport_relative__type_support.cpp.o[0m
[6.341s] [ 64%] [32mBuilding CXX object CMakeFiles/turtlesim__rosidl_typesupport_fastrtps_cpp.dir/rosidl_typesupport_fastrtps_cpp/turtlesim/srv/detail/dds_fastrtps/spawn__type_support.cpp.o[0m
[6.346s] [ 65%] [32m[1mLinking C shared library libturtlesim__rosidl_typesupport_introspection_c.so[0m
[6.378s] [ 66%] [32mBuilding CXX object CMakeFiles/turtlesim__rosidl_typesupport_fastrtps_c.dir/rosidl_typesupport_fastrtps_c/turtlesim/srv/detail/kill__type_support_c.cpp.o[0m
[6.387s] [ 66%] Built target turtlesim__rosidl_typesupport_introspection_c
[6.398s] [ 67%] [32mBuilding CXX object CMakeFiles/turtlesim__rosidl_typesupport_fastrtps_cpp.dir/rosidl_typesupport_fastrtps_cpp/turtlesim/srv/detail/dds_fastrtps/teleport_absolute__type_support.cpp.o[0m
[6.450s] [ 68%] [32mBuilding CXX object CMakeFiles/turtlesim_node.dir/src/turtle.cpp.o[0m
[6.473s] [ 69%] [32mBuilding CXX object CMakeFiles/turtlesim__rosidl_typesupport_fastrtps_c.dir/rosidl_typesupport_fastrtps_c/turtlesim/srv/detail/set_pen__type_support_c.cpp.o[0m
[6.477s] [ 70%] [32mBuilding CXX object CMakeFiles/mimic.dir/tutorials/mimic.cpp.o[0m
[6.495s] [ 71%] [32mBuilding CXX object CMakeFiles/turtlesim_node.dir/src/turtle_frame.cpp.o[0m
[6.561s] [ 72%] [32mBuilding CXX object CMakeFiles/turtlesim__rosidl_typesupport_fastrtps_cpp.dir/rosidl_typesupport_fastrtps_cpp/turtlesim/srv/detail/dds_fastrtps/teleport_relative__type_support.cpp.o[0m
[6.835s] [ 73%] [32mBuilding CXX object CMakeFiles/turtlesim_node.dir/include/turtlesim/moc_turtle_frame.cpp.o[0m
[6.890s] [ 74%] [32m[1mLinking CXX shared library libturtlesim__rosidl_typesupport_introspection_cpp.so[0m
[6.916s] [ 75%] [32mBuilding CXX object CMakeFiles/turtlesim__rosidl_typesupport_fastrtps_c.dir/rosidl_typesupport_fastrtps_c/turtlesim/srv/detail/spawn__type_support_c.cpp.o[0m
[6.917s] [ 76%] [32mBuilding CXX object CMakeFiles/turtlesim__rosidl_typesupport_fastrtps_c.dir/rosidl_typesupport_fastrtps_c/turtlesim/srv/detail/teleport_absolute__type_support_c.cpp.o[0m
[6.938s] [ 77%] [32mBuilding CXX object CMakeFiles/turtlesim__rosidl_typesupport_fastrtps_c.dir/rosidl_typesupport_fastrtps_c/turtlesim/srv/detail/teleport_relative__type_support_c.cpp.o[0m
[7.061s] [ 77%] Built target turtlesim__rosidl_typesupport_introspection_cpp
[7.159s] [ 78%] [32m[1mLinking CXX shared library libturtlesim__rosidl_typesupport_fastrtps_cpp.so[0m
[7.271s] [ 78%] Built target turtlesim__rosidl_typesupport_fastrtps_cpp
[7.492s] [ 79%] [32m[1mLinking CXX shared library libturtlesim__rosidl_typesupport_fastrtps_c.so[0m
[7.566s] [ 79%] Built target turtlesim__rosidl_typesupport_fastrtps_c
[7.582s] [ 79%] Built target turtlesim
[7.600s] [ 80%] [34m[1mGenerating Python code for ROS interfaces[0m
[9.053s] [ 80%] Built target turtlesim__py
[9.077s] [ 85%] [32mBuilding C object CMakeFiles/turtlesim__rosidl_generator_py.dir/rosidl_generator_py/turtlesim/srv/_kill_s.c.o[0m
[9.077s] [ 85%] [32mBuilding C object CMakeFiles/turtlesim__rosidl_generator_py.dir/rosidl_generator_py/turtlesim/msg/_color_s.c.o[0m
[9.077s] [ 85%] [32mBuilding C object CMakeFiles/turtlesim__rosidl_generator_py.dir/rosidl_generator_py/turtlesim/msg/_pose_s.c.o[0m
[9.077s] [ 85%] [32mBuilding C object CMakeFiles/turtlesim__rosidl_generator_py.dir/rosidl_generator_py/turtlesim/action/_rotate_absolute_s.c.o[0m
[9.077s] [ 85%] [32mBuilding C object CMakeFiles/turtlesim__rosidl_generator_py.dir/rosidl_generator_py/turtlesim/srv/_set_pen_s.c.o[0m
[9.241s] [ 86%] [32mBuilding C object CMakeFiles/turtlesim__rosidl_generator_py.dir/rosidl_generator_py/turtlesim/srv/_spawn_s.c.o[0m
[9.250s] [ 87%] [32mBuilding C object CMakeFiles/turtlesim__rosidl_generator_py.dir/rosidl_generator_py/turtlesim/srv/_teleport_absolute_s.c.o[0m
[9.259s] [ 88%] [32mBuilding C object CMakeFiles/turtlesim__rosidl_generator_py.dir/rosidl_generator_py/turtlesim/srv/_teleport_relative_s.c.o[0m
[9.407s] [ 89%] [32m[1mLinking C shared library rosidl_generator_py/turtlesim/libturtlesim__rosidl_generator_py.so[0m
[9.451s] [ 89%] Built target turtlesim__rosidl_generator_py
[9.472s] [ 90%] [32mBuilding C object CMakeFiles/turtlesim__rosidl_typesupport_introspection_c__pyext.dir/rosidl_generator_py/turtlesim/_turtlesim_s.ep.rosidl_typesupport_introspection_c.c.o[0m
[9.473s] [ 92%] [32mBuilding C object CMakeFiles/turtlesim__rosidl_typesupport_fastrtps_c__pyext.dir/rosidl_generator_py/turtlesim/_turtlesim_s.ep.rosidl_typesupport_fastrtps_c.c.o[0m
[9.473s] [ 92%] [32mBuilding C object CMakeFiles/turtlesim__rosidl_typesupport_c__pyext.dir/rosidl_generator_py/turtlesim/_turtlesim_s.ep.rosidl_typesupport_c.c.o[0m
[9.609s] [ 93%] [32m[1mLinking C shared library rosidl_generator_py/turtlesim/turtlesim_s__rosidl_typesupport_fastrtps_c.cpython-310-x86_64-linux-gnu.so[0m
[9.657s] [ 93%] Built target turtlesim__rosidl_typesupport_fastrtps_c__pyext
[9.692s] [ 94%] [32m[1mLinking C shared library rosidl_generator_py/turtlesim/turtlesim_s__rosidl_typesupport_introspection_c.cpython-310-x86_64-linux-gnu.so[0m
[9.694s] [ 95%] [32m[1mLinking C shared library rosidl_generator_py/turtlesim/turtlesim_s__rosidl_typesupport_c.cpython-310-x86_64-linux-gnu.so[0m
[9.729s] [ 95%] Built target turtlesim__rosidl_typesupport_c__pyext
[9.737s] [ 95%] Built target turtlesim__rosidl_typesupport_introspection_c__pyext
[11.426s] [ 96%] [32m[1mLinking CXX executable turtle_teleop_key[0m
[11.716s] [ 96%] Built target turtle_teleop_key
[14.534s] [ 97%] [32m[1mLinking CXX executable mimic[0m
[14.836s] [ 97%] Built target mimic
[14.961s] [ 98%] [32m[1mLinking CXX executable draw_square[0m
[15.264s] [ 98%] Built target draw_square
[16.386s] [100%] [32m[1mLinking CXX executable turtlesim_node[0m
[17.702s] [100%] Built target turtlesim_node
[17.717s] Invoked command in '/home/neo/Documents/ros2_ws/build/turtlesim' returned '0': CMAKE_PREFIX_PATH=/opt/ros/humble /usr/bin/cmake --build /home/neo/Documents/ros2_ws/build/turtlesim -- -j12 -l12
[17.731s] Invoking command in '/home/neo/Documents/ros2_ws/build/turtlesim': CMAKE_PREFIX_PATH=/opt/ros/humble /usr/bin/cmake --install /home/neo/Documents/ros2_ws/build/turtlesim
[17.742s] -- Install configuration: ""
[17.742s] -- Installing: /home/neo/Documents/ros2_ws/install/turtlesim/share/ament_index/resource_index/rosidl_interfaces/turtlesim
[17.742s] -- Installing: /home/neo/Documents/ros2_ws/install/turtlesim/include/turtlesim/turtlesim
[17.742s] -- Installing: /home/neo/Documents/ros2_ws/install/turtlesim/include/turtlesim/turtlesim/action
[17.742s] -- Installing: /home/neo/Documents/ros2_ws/install/turtlesim/include/turtlesim/turtlesim/action/detail
[17.742s] -- Installing: /home/neo/Documents/ros2_ws/install/turtlesim/include/turtlesim/turtlesim/action/detail/rotate_absolute__struct.h
[17.743s] -- Installing: /home/neo/Documents/ros2_ws/install/turtlesim/include/turtlesim/turtlesim/action/detail/rotate_absolute__functions.h
[17.743s] -- Installing: /home/neo/Documents/ros2_ws/install/turtlesim/include/turtlesim/turtlesim/action/detail/rotate_absolute__type_support.h
[17.743s] -- Installing: /home/neo/Documents/ros2_ws/install/turtlesim/include/turtlesim/turtlesim/action/detail/rotate_absolute__functions.c
[17.743s] -- Installing: /home/neo/Documents/ros2_ws/install/turtlesim/include/turtlesim/turtlesim/action/rotate_absolute.h
[17.743s] -- Installing: /home/neo/Documents/ros2_ws/install/turtlesim/include/turtlesim/turtlesim/srv
[17.743s] -- Installing: /home/neo/Documents/ros2_ws/install/turtlesim/include/turtlesim/turtlesim/srv/teleport_relative.h
[17.743s] -- Installing: /home/neo/Documents/ros2_ws/install/turtlesim/include/turtlesim/turtlesim/srv/set_pen.h
[17.743s] -- Installing: /home/neo/Documents/ros2_ws/install/turtlesim/include/turtlesim/turtlesim/srv/detail
[17.743s] -- Installing: /home/neo/Documents/ros2_ws/install/turtlesim/include/turtlesim/turtlesim/srv/detail/spawn__functions.h
[17.743s] -- Installing: /home/neo/Documents/ros2_ws/install/turtlesim/include/turtlesim/turtlesim/srv/detail/set_pen__type_support.h
[17.743s] -- Installing: /home/neo/Documents/ros2_ws/install/turtlesim/include/turtlesim/turtlesim/srv/detail/kill__type_support.h
[17.744s] -- Installing: /home/neo/Documents/ros2_ws/install/turtlesim/include/turtlesim/turtlesim/srv/detail/teleport_relative__type_support.h
[17.744s] -- Installing: /home/neo/Documents/ros2_ws/install/turtlesim/include/turtlesim/turtlesim/srv/detail/teleport_absolute__type_support.h
[17.744s] -- Installing: /home/neo/Documents/ros2_ws/install/turtlesim/include/turtlesim/turtlesim/srv/detail/spawn__functions.c
[17.744s] -- Installing: /home/neo/Documents/ros2_ws/install/turtlesim/include/turtlesim/turtlesim/srv/detail/teleport_absolute__struct.h
[17.744s] -- Installing: /home/neo/Documents/ros2_ws/install/turtlesim/include/turtlesim/turtlesim/srv/detail/kill__functions.h
[17.744s] -- Installing: /home/neo/Documents/ros2_ws/install/turtlesim/include/turtlesim/turtlesim/srv/detail/set_pen__struct.h
[17.744s] -- Installing: /home/neo/Documents/ros2_ws/install/turtlesim/include/turtlesim/turtlesim/srv/detail/set_pen__functions.h
[17.744s] -- Installing: /home/neo/Documents/ros2_ws/install/turtlesim/include/turtlesim/turtlesim/srv/detail/spawn__struct.h
[17.744s] -- Installing: /home/neo/Documents/ros2_ws/install/turtlesim/include/turtlesim/turtlesim/srv/detail/teleport_absolute__functions.c
[17.744s] -- Installing: /home/neo/Documents/ros2_ws/install/turtlesim/include/turtlesim/turtlesim/srv/detail/kill__struct.h
[17.744s] -- Installing: /home/neo/Documents/ros2_ws/install/turtlesim/include/turtlesim/turtlesim/srv/detail/teleport_absolute__functions.h
[17.744s] -- Installing: /home/neo/Documents/ros2_ws/install/turtlesim/include/turtlesim/turtlesim/srv/detail/teleport_relative__functions.c
[17.745s] -- Installing: /home/neo/Documents/ros2_ws/install/turtlesim/include/turtlesim/turtlesim/srv/detail/teleport_relative__functions.h
[17.745s] -- Installing: /home/neo/Documents/ros2_ws/install/turtlesim/include/turtlesim/turtlesim/srv/detail/spawn__type_support.h
[17.745s] -- Installing: /home/neo/Documents/ros2_ws/install/turtlesim/include/turtlesim/turtlesim/srv/detail/kill__functions.c
[17.745s] -- Installing: /home/neo/Documents/ros2_ws/install/turtlesim/include/turtlesim/turtlesim/srv/detail/set_pen__functions.c
[17.745s] -- Installing: /home/neo/Documents/ros2_ws/install/turtlesim/include/turtlesim/turtlesim/srv/detail/teleport_relative__struct.h
[17.745s] -- Installing: /home/neo/Documents/ros2_ws/install/turtlesim/include/turtlesim/turtlesim/srv/spawn.h
[17.745s] -- Installing: /home/neo/Documents/ros2_ws/install/turtlesim/include/turtlesim/turtlesim/srv/kill.h
[17.745s] -- Installing: /home/neo/Documents/ros2_ws/install/turtlesim/include/turtlesim/turtlesim/srv/teleport_absolute.h
[17.745s] -- Installing: /home/neo/Documents/ros2_ws/install/turtlesim/include/turtlesim/turtlesim/msg
[17.745s] -- Installing: /home/neo/Documents/ros2_ws/install/turtlesim/include/turtlesim/turtlesim/msg/color.h
[17.745s] -- Installing: /home/neo/Documents/ros2_ws/install/turtlesim/include/turtlesim/turtlesim/msg/rosidl_generator_c__visibility_control.h
[17.746s] -- Installing: /home/neo/Documents/ros2_ws/install/turtlesim/include/turtlesim/turtlesim/msg/detail
[17.746s] -- Installing: /home/neo/Documents/ros2_ws/install/turtlesim/include/turtlesim/turtlesim/msg/detail/pose__functions.c
[17.746s] -- Installing: /home/neo/Documents/ros2_ws/install/turtlesim/include/turtlesim/turtlesim/msg/detail/pose__functions.h
[17.746s] -- Installing: /home/neo/Documents/ros2_ws/install/turtlesim/include/turtlesim/turtlesim/msg/detail/color__functions.h
[17.746s] -- Installing: /home/neo/Documents/ros2_ws/install/turtlesim/include/turtlesim/turtlesim/msg/detail/color__type_support.h
[17.746s] -- Installing: /home/neo/Documents/ros2_ws/install/turtlesim/include/turtlesim/turtlesim/msg/detail/color__functions.c
[17.746s] -- Installing: /home/neo/Documents/ros2_ws/install/turtlesim/include/turtlesim/turtlesim/msg/detail/pose__struct.h
[17.746s] -- Installing: /home/neo/Documents/ros2_ws/install/turtlesim/include/turtlesim/turtlesim/msg/detail/color__struct.h
[17.746s] -- Installing: /home/neo/Documents/ros2_ws/install/turtlesim/include/turtlesim/turtlesim/msg/detail/pose__type_support.h
[17.746s] -- Installing: /home/neo/Documents/ros2_ws/install/turtlesim/include/turtlesim/turtlesim/msg/pose.h
[17.746s] -- Installing: /home/neo/Documents/ros2_ws/install/turtlesim/share/turtlesim/environment/library_path.sh
[17.746s] -- Installing: /home/neo/Documents/ros2_ws/install/turtlesim/share/turtlesim/environment/library_path.dsv
[17.747s] -- Installing: /home/neo/Documents/ros2_ws/install/turtlesim/lib/libturtlesim__rosidl_generator_c.so
[17.747s] -- Set runtime path of "/home/neo/Documents/ros2_ws/install/turtlesim/lib/libturtlesim__rosidl_generator_c.so" to ""
[17.747s] -- Up-to-date: /home/neo/Documents/ros2_ws/install/turtlesim/include/turtlesim/turtlesim
[17.747s] -- Up-to-date: /home/neo/Documents/ros2_ws/install/turtlesim/include/turtlesim/turtlesim/action
[17.747s] -- Up-to-date: /home/neo/Documents/ros2_ws/install/turtlesim/include/turtlesim/turtlesim/action/detail
[17.748s] -- Installing: /home/neo/Documents/ros2_ws/install/turtlesim/include/turtlesim/turtlesim/action/detail/rotate_absolute__rosidl_typesupport_fastrtps_c.h
[17.748s] -- Up-to-date: /home/neo/Documents/ros2_ws/install/turtlesim/include/turtlesim/turtlesim/srv
[17.748s] -- Up-to-date: /home/neo/Documents/ros2_ws/install/turtlesim/include/turtlesim/turtlesim/srv/detail
[17.748s] -- Installing: /home/neo/Documents/ros2_ws/install/turtlesim/include/turtlesim/turtlesim/srv/detail/teleport_absolute__rosidl_typesupport_fastrtps_c.h
[17.748s] -- Installing: /home/neo/Documents/ros2_ws/install/turtlesim/include/turtlesim/turtlesim/srv/detail/teleport_relative__rosidl_typesupport_fastrtps_c.h
[17.748s] -- Installing: /home/neo/Documents/ros2_ws/install/turtlesim/include/turtlesim/turtlesim/srv/detail/spawn__rosidl_typesupport_fastrtps_c.h
[17.748s] -- Installing: /home/neo/Documents/ros2_ws/install/turtlesim/include/turtlesim/turtlesim/srv/detail/kill__rosidl_typesupport_fastrtps_c.h
[17.748s] -- Installing: /home/neo/Documents/ros2_ws/install/turtlesim/include/turtlesim/turtlesim/srv/detail/set_pen__rosidl_typesupport_fastrtps_c.h
[17.748s] -- Up-to-date: /home/neo/Documents/ros2_ws/install/turtlesim/include/turtlesim/turtlesim/msg
[17.748s] -- Installing: /home/neo/Documents/ros2_ws/install/turtlesim/include/turtlesim/turtlesim/msg/rosidl_typesupport_fastrtps_c__visibility_control.h
[17.748s] -- Up-to-date: /home/neo/Documents/ros2_ws/install/turtlesim/include/turtlesim/turtlesim/msg/detail
[17.748s] -- Installing: /home/neo/Documents/ros2_ws/install/turtlesim/include/turtlesim/turtlesim/msg/detail/pose__rosidl_typesupport_fastrtps_c.h
[17.748s] -- Installing: /home/neo/Documents/ros2_ws/install/turtlesim/include/turtlesim/turtlesim/msg/detail/color__rosidl_typesupport_fastrtps_c.h
[17.749s] -- Installing: /home/neo/Documents/ros2_ws/install/turtlesim/lib/libturtlesim__rosidl_typesupport_fastrtps_c.so
[17.749s] -- Set runtime path of "/home/neo/Documents/ros2_ws/install/turtlesim/lib/libturtlesim__rosidl_typesupport_fastrtps_c.so" to ""
[17.749s] -- Up-to-date: /home/neo/Documents/ros2_ws/install/turtlesim/include/turtlesim/turtlesim
[17.749s] -- Up-to-date: /home/neo/Documents/ros2_ws/install/turtlesim/include/turtlesim/turtlesim/action
[17.749s] -- Installing: /home/neo/Documents/ros2_ws/install/turtlesim/include/turtlesim/turtlesim/action/rotate_absolute.hpp
[17.749s] -- Up-to-date: /home/neo/Documents/ros2_ws/install/turtlesim/include/turtlesim/turtlesim/action/detail
[17.749s] -- Installing: /home/neo/Documents/ros2_ws/install/turtlesim/include/turtlesim/turtlesim/action/detail/rotate_absolute__type_support.hpp
[17.749s] -- Installing: /home/neo/Documents/ros2_ws/install/turtlesim/include/turtlesim/turtlesim/action/detail/rotate_absolute__traits.hpp
[17.749s] -- Installing: /home/neo/Documents/ros2_ws/install/turtlesim/include/turtlesim/turtlesim/action/detail/rotate_absolute__builder.hpp
[17.749s] -- Installing: /home/neo/Documents/ros2_ws/install/turtlesim/include/turtlesim/turtlesim/action/detail/rotate_absolute__struct.hpp
[17.749s] -- Up-to-date: /home/neo/Documents/ros2_ws/install/turtlesim/include/turtlesim/turtlesim/srv
[17.750s] -- Installing: /home/neo/Documents/ros2_ws/install/turtlesim/include/turtlesim/turtlesim/srv/teleport_relative.hpp
[17.750s] -- Installing: /home/neo/Documents/ros2_ws/install/turtlesim/include/turtlesim/turtlesim/srv/spawn.hpp
[17.750s] -- Installing: /home/neo/Documents/ros2_ws/install/turtlesim/include/turtlesim/turtlesim/srv/teleport_absolute.hpp
[17.750s] -- Up-to-date: /home/neo/Documents/ros2_ws/install/turtlesim/include/turtlesim/turtlesim/srv/detail
[17.750s] -- Installing: /home/neo/Documents/ros2_ws/install/turtlesim/include/turtlesim/turtlesim/srv/detail/teleport_relative__type_support.hpp
[17.750s] -- Installing: /home/neo/Documents/ros2_ws/install/turtlesim/include/turtlesim/turtlesim/srv/detail/kill__type_support.hpp
[17.750s] -- Installing: /home/neo/Documents/ros2_ws/install/turtlesim/include/turtlesim/turtlesim/srv/detail/teleport_relative__builder.hpp
[17.750s] -- Installing: /home/neo/Documents/ros2_ws/install/turtlesim/include/turtlesim/turtlesim/srv/detail/teleport_relative__struct.hpp
[17.750s] -- Installing: /home/neo/Documents/ros2_ws/install/turtlesim/include/turtlesim/turtlesim/srv/detail/set_pen__traits.hpp
[17.750s] -- Installing: /home/neo/Documents/ros2_ws/install/turtlesim/include/turtlesim/turtlesim/srv/detail/spawn__builder.hpp
[17.750s] -- Installing: /home/neo/Documents/ros2_ws/install/turtlesim/include/turtlesim/turtlesim/srv/detail/kill__traits.hpp
[17.750s] -- Installing: /home/neo/Documents/ros2_ws/install/turtlesim/include/turtlesim/turtlesim/srv/detail/teleport_absolute__traits.hpp
[17.751s] -- Installing: /home/neo/Documents/ros2_ws/install/turtlesim/include/turtlesim/turtlesim/srv/detail/set_pen__builder.hpp
[17.751s] -- Installing: /home/neo/Documents/ros2_ws/install/turtlesim/include/turtlesim/turtlesim/srv/detail/set_pen__struct.hpp
[17.751s] -- Installing: /home/neo/Documents/ros2_ws/install/turtlesim/include/turtlesim/turtlesim/srv/detail/teleport_absolute__builder.hpp
[17.751s] -- Installing: /home/neo/Documents/ros2_ws/install/turtlesim/include/turtlesim/turtlesim/srv/detail/spawn__traits.hpp
[17.751s] -- Installing: /home/neo/Documents/ros2_ws/install/turtlesim/include/turtlesim/turtlesim/srv/detail/spawn__struct.hpp
[17.751s] -- Installing: /home/neo/Documents/ros2_ws/install/turtlesim/include/turtlesim/turtlesim/srv/detail/teleport_absolute__type_support.hpp
[17.751s] -- Installing: /home/neo/Documents/ros2_ws/install/turtlesim/include/turtlesim/turtlesim/srv/detail/teleport_relative__traits.hpp
[17.751s] -- Installing: /home/neo/Documents/ros2_ws/install/turtlesim/include/turtlesim/turtlesim/srv/detail/set_pen__type_support.hpp
[17.751s] -- Installing: /home/neo/Documents/ros2_ws/install/turtlesim/include/turtlesim/turtlesim/srv/detail/kill__struct.hpp
[17.751s] -- Installing: /home/neo/Documents/ros2_ws/install/turtlesim/include/turtlesim/turtlesim/srv/detail/spawn__type_support.hpp
[17.751s] -- Installing: /home/neo/Documents/ros2_ws/install/turtlesim/include/turtlesim/turtlesim/srv/detail/kill__builder.hpp
[17.751s] -- Installing: /home/neo/Documents/ros2_ws/install/turtlesim/include/turtlesim/turtlesim/srv/detail/teleport_absolute__struct.hpp
[17.751s] -- Installing: /home/neo/Documents/ros2_ws/install/turtlesim/include/turtlesim/turtlesim/srv/kill.hpp
[17.752s] -- Installing: /home/neo/Documents/ros2_ws/install/turtlesim/include/turtlesim/turtlesim/srv/set_pen.hpp
[17.752s] -- Up-to-date: /home/neo/Documents/ros2_ws/install/turtlesim/include/turtlesim/turtlesim/msg
[17.752s] -- Installing: /home/neo/Documents/ros2_ws/install/turtlesim/include/turtlesim/turtlesim/msg/rosidl_generator_cpp__visibility_control.hpp
[17.752s] -- Installing: /home/neo/Documents/ros2_ws/install/turtlesim/include/turtlesim/turtlesim/msg/pose.hpp
[17.752s] -- Installing: /home/neo/Documents/ros2_ws/install/turtlesim/include/turtlesim/turtlesim/msg/color.hpp
[17.752s] -- Up-to-date: /home/neo/Documents/ros2_ws/install/turtlesim/include/turtlesim/turtlesim/msg/detail
[17.752s] -- Installing: /home/neo/Documents/ros2_ws/install/turtlesim/include/turtlesim/turtlesim/msg/detail/color__struct.hpp
[17.752s] -- Installing: /home/neo/Documents/ros2_ws/install/turtlesim/include/turtlesim/turtlesim/msg/detail/color__traits.hpp
[17.752s] -- Installing: /home/neo/Documents/ros2_ws/install/turtlesim/include/turtlesim/turtlesim/msg/detail/pose__type_support.hpp
[17.752s] -- Installing: /home/neo/Documents/ros2_ws/install/turtlesim/include/turtlesim/turtlesim/msg/detail/pose__traits.hpp
[17.752s] -- Installing: /home/neo/Documents/ros2_ws/install/turtlesim/include/turtlesim/turtlesim/msg/detail/pose__builder.hpp
[17.753s] -- Installing: /home/neo/Documents/ros2_ws/install/turtlesim/include/turtlesim/turtlesim/msg/detail/color__type_support.hpp
[17.753s] -- Installing: /home/neo/Documents/ros2_ws/install/turtlesim/include/turtlesim/turtlesim/msg/detail/pose__struct.hpp
[17.753s] -- Installing: /home/neo/Documents/ros2_ws/install/turtlesim/include/turtlesim/turtlesim/msg/detail/color__builder.hpp
[17.753s] -- Up-to-date: /home/neo/Documents/ros2_ws/install/turtlesim/include/turtlesim/turtlesim
[17.753s] -- Up-to-date: /home/neo/Documents/ros2_ws/install/turtlesim/include/turtlesim/turtlesim/action
[17.753s] -- Up-to-date: /home/neo/Documents/ros2_ws/install/turtlesim/include/turtlesim/turtlesim/action/detail
[17.753s] -- Installing: /home/neo/Documents/ros2_ws/install/turtlesim/include/turtlesim/turtlesim/action/detail/dds_fastrtps
[17.753s] -- Installing: /home/neo/Documents/ros2_ws/install/turtlesim/include/turtlesim/turtlesim/action/detail/rotate_absolute__rosidl_typesupport_fastrtps_cpp.hpp
[17.753s] -- Up-to-date: /home/neo/Documents/ros2_ws/install/turtlesim/include/turtlesim/turtlesim/srv
[17.753s] -- Up-to-date: /home/neo/Documents/ros2_ws/install/turtlesim/include/turtlesim/turtlesim/srv/detail
[17.754s] -- Installing: /home/neo/Documents/ros2_ws/install/turtlesim/include/turtlesim/turtlesim/srv/detail/dds_fastrtps
[17.754s] -- Installing: /home/neo/Documents/ros2_ws/install/turtlesim/include/turtlesim/turtlesim/srv/detail/set_pen__rosidl_typesupport_fastrtps_cpp.hpp
[17.754s] -- Installing: /home/neo/Documents/ros2_ws/install/turtlesim/include/turtlesim/turtlesim/srv/detail/kill__rosidl_typesupport_fastrtps_cpp.hpp
[17.754s] -- Installing: /home/neo/Documents/ros2_ws/install/turtlesim/include/turtlesim/turtlesim/srv/detail/spawn__rosidl_typesupport_fastrtps_cpp.hpp
[17.754s] -- Installing: /home/neo/Documents/ros2_ws/install/turtlesim/include/turtlesim/turtlesim/srv/detail/teleport_absolute__rosidl_typesupport_fastrtps_cpp.hpp
[17.754s] -- Installing: /home/neo/Documents/ros2_ws/install/turtlesim/include/turtlesim/turtlesim/srv/detail/teleport_relative__rosidl_typesupport_fastrtps_cpp.hpp
[17.754s] -- Up-to-date: /home/neo/Documents/ros2_ws/install/turtlesim/include/turtlesim/turtlesim/msg
[17.754s] -- Installing: /home/neo/Documents/ros2_ws/install/turtlesim/include/turtlesim/turtlesim/msg/rosidl_typesupport_fastrtps_cpp__visibility_control.h
[17.754s] -- Up-to-date: /home/neo/Documents/ros2_ws/install/turtlesim/include/turtlesim/turtlesim/msg/detail
[17.754s] -- Installing: /home/neo/Documents/ros2_ws/install/turtlesim/include/turtlesim/turtlesim/msg/detail/color__rosidl_typesupport_fastrtps_cpp.hpp
[17.754s] -- Installing: /home/neo/Documents/ros2_ws/install/turtlesim/include/turtlesim/turtlesim/msg/detail/dds_fastrtps
[17.754s] -- Installing: /home/neo/Documents/ros2_ws/install/turtlesim/include/turtlesim/turtlesim/msg/detail/pose__rosidl_typesupport_fastrtps_cpp.hpp
[17.754s] -- Installing: /home/neo/Documents/ros2_ws/install/turtlesim/lib/libturtlesim__rosidl_typesupport_fastrtps_cpp.so
[17.755s] -- Set runtime path of "/home/neo/Documents/ros2_ws/install/turtlesim/lib/libturtlesim__rosidl_typesupport_fastrtps_cpp.so" to ""
[17.755s] -- Up-to-date: /home/neo/Documents/ros2_ws/install/turtlesim/include/turtlesim/turtlesim
[17.755s] -- Up-to-date: /home/neo/Documents/ros2_ws/install/turtlesim/include/turtlesim/turtlesim/action
[17.755s] -- Up-to-date: /home/neo/Documents/ros2_ws/install/turtlesim/include/turtlesim/turtlesim/action/detail
[17.755s] -- Installing: /home/neo/Documents/ros2_ws/install/turtlesim/include/turtlesim/turtlesim/action/detail/rotate_absolute__rosidl_typesupport_introspection_c.h
[17.755s] -- Installing: /home/neo/Documents/ros2_ws/install/turtlesim/include/turtlesim/turtlesim/action/detail/rotate_absolute__type_support.c
[17.755s] -- Up-to-date: /home/neo/Documents/ros2_ws/install/turtlesim/include/turtlesim/turtlesim/srv
[17.755s] -- Up-to-date: /home/neo/Documents/ros2_ws/install/turtlesim/include/turtlesim/turtlesim/srv/detail
[17.755s] -- Installing: /home/neo/Documents/ros2_ws/install/turtlesim/include/turtlesim/turtlesim/srv/detail/teleport_absolute__type_support.c
[17.755s] -- Installing: /home/neo/Documents/ros2_ws/install/turtlesim/include/turtlesim/turtlesim/srv/detail/spawn__type_support.c
[17.755s] -- Installing: /home/neo/Documents/ros2_ws/install/turtlesim/include/turtlesim/turtlesim/srv/detail/spawn__rosidl_typesupport_introspection_c.h
[17.756s] -- Installing: /home/neo/Documents/ros2_ws/install/turtlesim/include/turtlesim/turtlesim/srv/detail/kill__type_support.c
[17.756s] -- Installing: /home/neo/Documents/ros2_ws/install/turtlesim/include/turtlesim/turtlesim/srv/detail/kill__rosidl_typesupport_introspection_c.h
[17.756s] -- Installing: /home/neo/Documents/ros2_ws/install/turtlesim/include/turtlesim/turtlesim/srv/detail/teleport_relative__rosidl_typesupport_introspection_c.h
[17.756s] -- Installing: /home/neo/Documents/ros2_ws/install/turtlesim/include/turtlesim/turtlesim/srv/detail/teleport_relative__type_support.c
[17.756s] -- Installing: /home/neo/Documents/ros2_ws/install/turtlesim/include/turtlesim/turtlesim/srv/detail/teleport_absolute__rosidl_typesupport_introspection_c.h
[17.756s] -- Installing: /home/neo/Documents/ros2_ws/install/turtlesim/include/turtlesim/turtlesim/srv/detail/set_pen__type_support.c
[17.756s] -- Installing: /home/neo/Documents/ros2_ws/install/turtlesim/include/turtlesim/turtlesim/srv/detail/set_pen__rosidl_typesupport_introspection_c.h
[17.756s] -- Up-to-date: /home/neo/Documents/ros2_ws/install/turtlesim/include/turtlesim/turtlesim/msg
[17.756s] -- Installing: /home/neo/Documents/ros2_ws/install/turtlesim/include/turtlesim/turtlesim/msg/rosidl_typesupport_introspection_c__visibility_control.h
[17.756s] -- Up-to-date: /home/neo/Documents/ros2_ws/install/turtlesim/include/turtlesim/turtlesim/msg/detail
[17.756s] -- Installing: /home/neo/Documents/ros2_ws/install/turtlesim/include/turtlesim/turtlesim/msg/detail/color__rosidl_typesupport_introspection_c.h
[17.757s] -- Installing: /home/neo/Documents/ros2_ws/install/turtlesim/include/turtlesim/turtlesim/msg/detail/pose__rosidl_typesupport_introspection_c.h
[17.757s] -- Installing: /home/neo/Documents/ros2_ws/install/turtlesim/include/turtlesim/turtlesim/msg/detail/pose__type_support.c
[17.757s] -- Installing: /home/neo/Documents/ros2_ws/install/turtlesim/include/turtlesim/turtlesim/msg/detail/color__type_support.c
[17.757s] -- Installing: /home/neo/Documents/ros2_ws/install/turtlesim/lib/libturtlesim__rosidl_typesupport_introspection_c.so
[17.757s] -- Set runtime path of "/home/neo/Documents/ros2_ws/install/turtlesim/lib/libturtlesim__rosidl_typesupport_introspection_c.so" to ""
[17.757s] -- Installing: /home/neo/Documents/ros2_ws/install/turtlesim/lib/libturtlesim__rosidl_typesupport_c.so
[17.757s] -- Set runtime path of "/home/neo/Documents/ros2_ws/install/turtlesim/lib/libturtlesim__rosidl_typesupport_c.so" to ""
[17.757s] -- Up-to-date: /home/neo/Documents/ros2_ws/install/turtlesim/include/turtlesim/turtlesim
[17.758s] -- Up-to-date: /home/neo/Documents/ros2_ws/install/turtlesim/include/turtlesim/turtlesim/action
[17.758s] -- Up-to-date: /home/neo/Documents/ros2_ws/install/turtlesim/include/turtlesim/turtlesim/action/detail
[17.758s] -- Installing: /home/neo/Documents/ros2_ws/install/turtlesim/include/turtlesim/turtlesim/action/detail/rotate_absolute__type_support.cpp
[17.758s] -- Installing: /home/neo/Documents/ros2_ws/install/turtlesim/include/turtlesim/turtlesim/action/detail/rotate_absolute__rosidl_typesupport_introspection_cpp.hpp
[17.758s] -- Up-to-date: /home/neo/Documents/ros2_ws/install/turtlesim/include/turtlesim/turtlesim/srv
[17.758s] -- Up-to-date: /home/neo/Documents/ros2_ws/install/turtlesim/include/turtlesim/turtlesim/srv/detail
[17.758s] -- Installing: /home/neo/Documents/ros2_ws/install/turtlesim/include/turtlesim/turtlesim/srv/detail/spawn__rosidl_typesupport_introspection_cpp.hpp
[17.758s] -- Installing: /home/neo/Documents/ros2_ws/install/turtlesim/include/turtlesim/turtlesim/srv/detail/set_pen__rosidl_typesupport_introspection_cpp.hpp
[17.758s] -- Installing: /home/neo/Documents/ros2_ws/install/turtlesim/include/turtlesim/turtlesim/srv/detail/teleport_relative__rosidl_typesupport_introspection_cpp.hpp
[17.758s] -- Installing: /home/neo/Documents/ros2_ws/install/turtlesim/include/turtlesim/turtlesim/srv/detail/kill__rosidl_typesupport_introspection_cpp.hpp
[17.758s] -- Installing: /home/neo/Documents/ros2_ws/install/turtlesim/include/turtlesim/turtlesim/srv/detail/teleport_relative__type_support.cpp
[17.759s] -- Installing: /home/neo/Documents/ros2_ws/install/turtlesim/include/turtlesim/turtlesim/srv/detail/teleport_absolute__rosidl_typesupport_introspection_cpp.hpp
[17.759s] -- Installing: /home/neo/Documents/ros2_ws/install/turtlesim/include/turtlesim/turtlesim/srv/detail/spawn__type_support.cpp
[17.759s] -- Installing: /home/neo/Documents/ros2_ws/install/turtlesim/include/turtlesim/turtlesim/srv/detail/set_pen__type_support.cpp
[17.759s] -- Installing: /home/neo/Documents/ros2_ws/install/turtlesim/include/turtlesim/turtlesim/srv/detail/teleport_absolute__type_support.cpp
[17.759s] -- Installing: /home/neo/Documents/ros2_ws/install/turtlesim/include/turtlesim/turtlesim/srv/detail/kill__type_support.cpp
[17.759s] -- Up-to-date: /home/neo/Documents/ros2_ws/install/turtlesim/include/turtlesim/turtlesim/msg
[17.759s] -- Up-to-date: /home/neo/Documents/ros2_ws/install/turtlesim/include/turtlesim/turtlesim/msg/detail
[17.759s] -- Installing: /home/neo/Documents/ros2_ws/install/turtlesim/include/turtlesim/turtlesim/msg/detail/color__type_support.cpp
[17.759s] -- Installing: /home/neo/Documents/ros2_ws/install/turtlesim/include/turtlesim/turtlesim/msg/detail/color__rosidl_typesupport_introspection_cpp.hpp
[17.759s] -- Installing: /home/neo/Documents/ros2_ws/install/turtlesim/include/turtlesim/turtlesim/msg/detail/pose__rosidl_typesupport_introspection_cpp.hpp
[17.759s] -- Installing: /home/neo/Documents/ros2_ws/install/turtlesim/include/turtlesim/turtlesim/msg/detail/pose__type_support.cpp
[17.759s] -- Installing: /home/neo/Documents/ros2_ws/install/turtlesim/lib/libturtlesim__rosidl_typesupport_introspection_cpp.so
[17.760s] -- Set runtime path of "/home/neo/Documents/ros2_ws/install/turtlesim/lib/libturtlesim__rosidl_typesupport_introspection_cpp.so" to ""
[17.760s] -- Installing: /home/neo/Documents/ros2_ws/install/turtlesim/lib/libturtlesim__rosidl_typesupport_cpp.so
[17.760s] -- Set runtime path of "/home/neo/Documents/ros2_ws/install/turtlesim/lib/libturtlesim__rosidl_typesupport_cpp.so" to ""
[17.760s] -- Installing: /home/neo/Documents/ros2_ws/install/turtlesim/share/turtlesim/environment/pythonpath.sh
[17.760s] -- Installing: /home/neo/Documents/ros2_ws/install/turtlesim/share/turtlesim/environment/pythonpath.dsv
[17.761s] -- Installing: /home/neo/Documents/ros2_ws/install/turtlesim/local/lib/python3.10/dist-packages/turtlesim-1.4.2-py3.10.egg-info
[17.761s] -- Installing: /home/neo/Documents/ros2_ws/install/turtlesim/local/lib/python3.10/dist-packages/turtlesim-1.4.2-py3.10.egg-info/PKG-INFO
[17.762s] -- Installing: /home/neo/Documents/ros2_ws/install/turtlesim/local/lib/python3.10/dist-packages/turtlesim-1.4.2-py3.10.egg-info/top_level.txt
[17.762s] -- Installing: /home/neo/Documents/ros2_ws/install/turtlesim/local/lib/python3.10/dist-packages/turtlesim-1.4.2-py3.10.egg-info/SOURCES.txt
[17.762s] -- Installing: /home/neo/Documents/ros2_ws/install/turtlesim/local/lib/python3.10/dist-packages/turtlesim-1.4.2-py3.10.egg-info/dependency_links.txt
[17.762s] -- Installing: /home/neo/Documents/ros2_ws/install/turtlesim/local/lib/python3.10/dist-packages/turtlesim
[17.762s] -- Installing: /home/neo/Documents/ros2_ws/install/turtlesim/local/lib/python3.10/dist-packages/turtlesim/libturtlesim__rosidl_generator_py.so
[17.762s] -- Installing: /home/neo/Documents/ros2_ws/install/turtlesim/local/lib/python3.10/dist-packages/turtlesim/__init__.py
[17.762s] -- Installing: /home/neo/Documents/ros2_ws/install/turtlesim/local/lib/python3.10/dist-packages/turtlesim/_turtlesim_s.ep.rosidl_typesupport_introspection_c.c
[17.763s] -- Installing: /home/neo/Documents/ros2_ws/install/turtlesim/local/lib/python3.10/dist-packages/turtlesim/action
[17.763s] -- Installing: /home/neo/Documents/ros2_ws/install/turtlesim/local/lib/python3.10/dist-packages/turtlesim/action/__init__.py
[17.763s] -- Installing: /home/neo/Documents/ros2_ws/install/turtlesim/local/lib/python3.10/dist-packages/turtlesim/action/_rotate_absolute_s.c
[17.763s] -- Installing: /home/neo/Documents/ros2_ws/install/turtlesim/local/lib/python3.10/dist-packages/turtlesim/action/_rotate_absolute.py
[17.763s] -- Installing: /home/neo/Documents/ros2_ws/install/turtlesim/local/lib/python3.10/dist-packages/turtlesim/_turtlesim_s.ep.rosidl_typesupport_c.c
[17.763s] -- Installing: /home/neo/Documents/ros2_ws/install/turtlesim/local/lib/python3.10/dist-packages/turtlesim/_turtlesim_s.ep.rosidl_typesupport_fastrtps_c.c
[17.764s] -- Installing: /home/neo/Documents/ros2_ws/install/turtlesim/local/lib/python3.10/dist-packages/turtlesim/turtlesim_s__rosidl_typesupport_fastrtps_c.cpython-310-x86_64-linux-gnu.so
[17.764s] -- Installing: /home/neo/Documents/ros2_ws/install/turtlesim/local/lib/python3.10/dist-packages/turtlesim/srv
[17.764s] -- Installing: /home/neo/Documents/ros2_ws/install/turtlesim/local/lib/python3.10/dist-packages/turtlesim/srv/_teleport_absolute_s.c
[17.764s] -- Installing: /home/neo/Documents/ros2_ws/install/turtlesim/local/lib/python3.10/dist-packages/turtlesim/srv/_set_pen.py
[17.764s] -- Installing: /home/neo/Documents/ros2_ws/install/turtlesim/local/lib/python3.10/dist-packages/turtlesim/srv/_set_pen_s.c
[17.764s] -- Installing: /home/neo/Documents/ros2_ws/install/turtlesim/local/lib/python3.10/dist-packages/turtlesim/srv/__init__.py
[17.764s] -- Installing: /home/neo/Documents/ros2_ws/install/turtlesim/local/lib/python3.10/dist-packages/turtlesim/srv/_spawn_s.c
[17.764s] -- Installing: /home/neo/Documents/ros2_ws/install/turtlesim/local/lib/python3.10/dist-packages/turtlesim/srv/_teleport_absolute.py
[17.764s] -- Installing: /home/neo/Documents/ros2_ws/install/turtlesim/local/lib/python3.10/dist-packages/turtlesim/srv/_teleport_relative_s.c
[17.765s] -- Installing: /home/neo/Documents/ros2_ws/install/turtlesim/local/lib/python3.10/dist-packages/turtlesim/srv/_teleport_relative.py
[17.765s] -- Installing: /home/neo/Documents/ros2_ws/install/turtlesim/local/lib/python3.10/dist-packages/turtlesim/srv/_spawn.py
[17.765s] -- Installing: /home/neo/Documents/ros2_ws/install/turtlesim/local/lib/python3.10/dist-packages/turtlesim/srv/_kill_s.c
[17.765s] -- Installing: /home/neo/Documents/ros2_ws/install/turtlesim/local/lib/python3.10/dist-packages/turtlesim/srv/_kill.py
[17.765s] -- Installing: /home/neo/Documents/ros2_ws/install/turtlesim/local/lib/python3.10/dist-packages/turtlesim/msg
[17.765s] -- Installing: /home/neo/Documents/ros2_ws/install/turtlesim/local/lib/python3.10/dist-packages/turtlesim/msg/__init__.py
[17.765s] -- Installing: /home/neo/Documents/ros2_ws/install/turtlesim/local/lib/python3.10/dist-packages/turtlesim/msg/_pose.py
[17.765s] -- Installing: /home/neo/Documents/ros2_ws/install/turtlesim/local/lib/python3.10/dist-packages/turtlesim/msg/_color_s.c
[17.765s] -- Installing: /home/neo/Documents/ros2_ws/install/turtlesim/local/lib/python3.10/dist-packages/turtlesim/msg/_color.py
[17.765s] -- Installing: /home/neo/Documents/ros2_ws/install/turtlesim/local/lib/python3.10/dist-packages/turtlesim/msg/_pose_s.c
[17.765s] -- Installing: /home/neo/Documents/ros2_ws/install/turtlesim/local/lib/python3.10/dist-packages/turtlesim/turtlesim_s__rosidl_typesupport_introspection_c.cpython-310-x86_64-linux-gnu.so
[17.766s] -- Installing: /home/neo/Documents/ros2_ws/install/turtlesim/local/lib/python3.10/dist-packages/turtlesim/turtlesim_s__rosidl_typesupport_c.cpython-310-x86_64-linux-gnu.so
[17.826s] Listing '/home/neo/Documents/ros2_ws/install/turtlesim/local/lib/python3.10/dist-packages/turtlesim'...
[17.826s] Compiling '/home/neo/Documents/ros2_ws/install/turtlesim/local/lib/python3.10/dist-packages/turtlesim/__init__.py'...
[17.826s] Listing '/home/neo/Documents/ros2_ws/install/turtlesim/local/lib/python3.10/dist-packages/turtlesim/action'...
[17.826s] Compiling '/home/neo/Documents/ros2_ws/install/turtlesim/local/lib/python3.10/dist-packages/turtlesim/action/__init__.py'...
[17.827s] Compiling '/home/neo/Documents/ros2_ws/install/turtlesim/local/lib/python3.10/dist-packages/turtlesim/action/_rotate_absolute.py'...
[17.827s] Listing '/home/neo/Documents/ros2_ws/install/turtlesim/local/lib/python3.10/dist-packages/turtlesim/msg'...
[17.827s] Compiling '/home/neo/Documents/ros2_ws/install/turtlesim/local/lib/python3.10/dist-packages/turtlesim/msg/__init__.py'...
[17.827s] Compiling '/home/neo/Documents/ros2_ws/install/turtlesim/local/lib/python3.10/dist-packages/turtlesim/msg/_color.py'...
[17.827s] Compiling '/home/neo/Documents/ros2_ws/install/turtlesim/local/lib/python3.10/dist-packages/turtlesim/msg/_pose.py'...
[17.827s] Listing '/home/neo/Documents/ros2_ws/install/turtlesim/local/lib/python3.10/dist-packages/turtlesim/srv'...
[17.827s] Compiling '/home/neo/Documents/ros2_ws/install/turtlesim/local/lib/python3.10/dist-packages/turtlesim/srv/__init__.py'...
[17.827s] Compiling '/home/neo/Documents/ros2_ws/install/turtlesim/local/lib/python3.10/dist-packages/turtlesim/srv/_kill.py'...
[17.827s] Compiling '/home/neo/Documents/ros2_ws/install/turtlesim/local/lib/python3.10/dist-packages/turtlesim/srv/_set_pen.py'...
[17.827s] Compiling '/home/neo/Documents/ros2_ws/install/turtlesim/local/lib/python3.10/dist-packages/turtlesim/srv/_spawn.py'...
[17.827s] Compiling '/home/neo/Documents/ros2_ws/install/turtlesim/local/lib/python3.10/dist-packages/turtlesim/srv/_teleport_absolute.py'...
[17.827s] Compiling '/home/neo/Documents/ros2_ws/install/turtlesim/local/lib/python3.10/dist-packages/turtlesim/srv/_teleport_relative.py'...
[17.830s] -- Installing: /home/neo/Documents/ros2_ws/install/turtlesim/local/lib/python3.10/dist-packages/turtlesim/turtlesim_s__rosidl_typesupport_fastrtps_c.cpython-310-x86_64-linux-gnu.so
[17.830s] -- Set runtime path of "/home/neo/Documents/ros2_ws/install/turtlesim/local/lib/python3.10/dist-packages/turtlesim/turtlesim_s__rosidl_typesupport_fastrtps_c.cpython-310-x86_64-linux-gnu.so" to ""
[17.831s] -- Installing: /home/neo/Documents/ros2_ws/install/turtlesim/local/lib/python3.10/dist-packages/turtlesim/turtlesim_s__rosidl_typesupport_introspection_c.cpython-310-x86_64-linux-gnu.so
[17.831s] -- Set runtime path of "/home/neo/Documents/ros2_ws/install/turtlesim/local/lib/python3.10/dist-packages/turtlesim/turtlesim_s__rosidl_typesupport_introspection_c.cpython-310-x86_64-linux-gnu.so" to ""
[17.831s] -- Installing: /home/neo/Documents/ros2_ws/install/turtlesim/local/lib/python3.10/dist-packages/turtlesim/turtlesim_s__rosidl_typesupport_c.cpython-310-x86_64-linux-gnu.so
[17.831s] -- Set runtime path of "/home/neo/Documents/ros2_ws/install/turtlesim/local/lib/python3.10/dist-packages/turtlesim/turtlesim_s__rosidl_typesupport_c.cpython-310-x86_64-linux-gnu.so" to ""
[17.831s] -- Installing: /home/neo/Documents/ros2_ws/install/turtlesim/lib/libturtlesim__rosidl_generator_py.so
[17.831s] -- Set runtime path of "/home/neo/Documents/ros2_ws/install/turtlesim/lib/libturtlesim__rosidl_generator_py.so" to ""
[17.831s] -- Installing: /home/neo/Documents/ros2_ws/install/turtlesim/share/turtlesim/action/RotateAbsolute.idl
[17.832s] -- Installing: /home/neo/Documents/ros2_ws/install/turtlesim/share/turtlesim/msg/Color.idl
[17.832s] -- Installing: /home/neo/Documents/ros2_ws/install/turtlesim/share/turtlesim/msg/Pose.idl
[17.832s] -- Installing: /home/neo/Documents/ros2_ws/install/turtlesim/share/turtlesim/srv/Kill.idl
[17.832s] -- Installing: /home/neo/Documents/ros2_ws/install/turtlesim/share/turtlesim/srv/SetPen.idl
[17.832s] -- Installing: /home/neo/Documents/ros2_ws/install/turtlesim/share/turtlesim/srv/Spawn.idl
[17.832s] -- Installing: /home/neo/Documents/ros2_ws/install/turtlesim/share/turtlesim/srv/TeleportAbsolute.idl
[17.832s] -- Installing: /home/neo/Documents/ros2_ws/install/turtlesim/share/turtlesim/srv/TeleportRelative.idl
[17.832s] -- Installing: /home/neo/Documents/ros2_ws/install/turtlesim/share/turtlesim/action/RotateAbsolute.action
[17.832s] -- Installing: /home/neo/Documents/ros2_ws/install/turtlesim/share/turtlesim/msg/Color.msg
[17.832s] -- Installing: /home/neo/Documents/ros2_ws/install/turtlesim/share/turtlesim/msg/Pose.msg
[17.832s] -- Installing: /home/neo/Documents/ros2_ws/install/turtlesim/share/turtlesim/srv/Kill.srv
[17.832s] -- Installing: /home/neo/Documents/ros2_ws/install/turtlesim/share/turtlesim/srv/Kill_Request.msg
[17.832s] -- Installing: /home/neo/Documents/ros2_ws/install/turtlesim/share/turtlesim/srv/Kill_Response.msg
[17.832s] -- Installing: /home/neo/Documents/ros2_ws/install/turtlesim/share/turtlesim/srv/SetPen.srv
[17.833s] -- Installing: /home/neo/Documents/ros2_ws/install/turtlesim/share/turtlesim/srv/SetPen_Request.msg
[17.833s] -- Installing: /home/neo/Documents/ros2_ws/install/turtlesim/share/turtlesim/srv/SetPen_Response.msg
[17.833s] -- Installing: /home/neo/Documents/ros2_ws/install/turtlesim/share/turtlesim/srv/Spawn.srv
[17.833s] -- Installing: /home/neo/Documents/ros2_ws/install/turtlesim/share/turtlesim/srv/Spawn_Request.msg
[17.833s] -- Installing: /home/neo/Documents/ros2_ws/install/turtlesim/share/turtlesim/srv/Spawn_Response.msg
[17.833s] -- Installing: /home/neo/Documents/ros2_ws/install/turtlesim/share/turtlesim/srv/TeleportAbsolute.srv
[17.834s] -- Installing: /home/neo/Documents/ros2_ws/install/turtlesim/share/turtlesim/srv/TeleportAbsolute_Request.msg
[17.834s] -- Installing: /home/neo/Documents/ros2_ws/install/turtlesim/share/turtlesim/srv/TeleportAbsolute_Response.msg
[17.834s] -- Installing: /home/neo/Documents/ros2_ws/install/turtlesim/share/turtlesim/srv/TeleportRelative.srv
[17.834s] -- Installing: /home/neo/Documents/ros2_ws/install/turtlesim/share/turtlesim/srv/TeleportRelative_Request.msg
[17.834s] -- Installing: /home/neo/Documents/ros2_ws/install/turtlesim/share/turtlesim/srv/TeleportRelative_Response.msg
[17.834s] -- Installing: /home/neo/Documents/ros2_ws/install/turtlesim/lib/turtlesim/turtlesim_node
[17.841s] -- Set runtime path of "/home/neo/Documents/ros2_ws/install/turtlesim/lib/turtlesim/turtlesim_node" to ""
[17.841s] -- Installing: /home/neo/Documents/ros2_ws/install/turtlesim/lib/turtlesim/turtle_teleop_key
[17.843s] -- Set runtime path of "/home/neo/Documents/ros2_ws/install/turtlesim/lib/turtlesim/turtle_teleop_key" to ""
[17.843s] -- Installing: /home/neo/Documents/ros2_ws/install/turtlesim/lib/turtlesim/draw_square
[17.846s] -- Set runtime path of "/home/neo/Documents/ros2_ws/install/turtlesim/lib/turtlesim/draw_square" to ""
[17.846s] -- Installing: /home/neo/Documents/ros2_ws/install/turtlesim/lib/turtlesim/mimic
[17.849s] -- Set runtime path of "/home/neo/Documents/ros2_ws/install/turtlesim/lib/turtlesim/mimic" to ""
[17.849s] -- Installing: /home/neo/Documents/ros2_ws/install/turtlesim/share/turtlesim/images
[17.849s] -- Installing: /home/neo/Documents/ros2_ws/install/turtlesim/share/turtlesim/images/humble.png
[17.849s] -- Installing: /home/neo/Documents/ros2_ws/install/turtlesim/share/turtlesim/images/galactic.png
[17.849s] -- Installing: /home/neo/Documents/ros2_ws/install/turtlesim/share/turtlesim/images/dashing.png
[17.850s] -- Installing: /home/neo/Documents/ros2_ws/install/turtlesim/share/turtlesim/images/crystal.png
[17.850s] -- Installing: /home/neo/Documents/ros2_ws/install/turtlesim/share/turtlesim/images/bouncy.png
[17.850s] -- Installing: /home/neo/Documents/ros2_ws/install/turtlesim/share/turtlesim/images/ardent.png
[17.850s] -- Installing: /home/neo/Documents/ros2_ws/install/turtlesim/share/turtlesim/images/foxy.png
[17.850s] -- Installing: /home/neo/Documents/ros2_ws/install/turtlesim/share/turtlesim/images/rolling.png
[17.850s] -- Installing: /home/neo/Documents/ros2_ws/install/turtlesim/share/turtlesim/images/eloquent.png
[17.850s] -- Installing: /home/neo/Documents/ros2_ws/install/turtlesim/share/turtlesim/launch
[17.850s] -- Installing: /home/neo/Documents/ros2_ws/install/turtlesim/share/turtlesim/launch/multisim.launch.py
[17.850s] -- Installing: /home/neo/Documents/ros2_ws/install/turtlesim/share/ament_index/resource_index/package_run_dependencies/turtlesim
[17.851s] -- Installing: /home/neo/Documents/ros2_ws/install/turtlesim/share/ament_index/resource_index/parent_prefix_path/turtlesim
[17.851s] -- Installing: /home/neo/Documents/ros2_ws/install/turtlesim/share/turtlesim/environment/ament_prefix_path.sh
[17.851s] -- Installing: /home/neo/Documents/ros2_ws/install/turtlesim/share/turtlesim/environment/ament_prefix_path.dsv
[17.852s] -- Installing: /home/neo/Documents/ros2_ws/install/turtlesim/share/turtlesim/environment/path.sh
[17.852s] -- Installing: /home/neo/Documents/ros2_ws/install/turtlesim/share/turtlesim/environment/path.dsv
[17.852s] -- Installing: /home/neo/Documents/ros2_ws/install/turtlesim/share/turtlesim/local_setup.bash
[17.852s] -- Installing: /home/neo/Documents/ros2_ws/install/turtlesim/share/turtlesim/local_setup.sh
[17.852s] -- Installing: /home/neo/Documents/ros2_ws/install/turtlesim/share/turtlesim/local_setup.zsh
[17.852s] -- Installing: /home/neo/Documents/ros2_ws/install/turtlesim/share/turtlesim/local_setup.dsv
[17.852s] -- Installing: /home/neo/Documents/ros2_ws/install/turtlesim/share/turtlesim/package.dsv
[17.853s] -- Installing: /home/neo/Documents/ros2_ws/install/turtlesim/share/ament_index/resource_index/packages/turtlesim
[17.853s] -- Installing: /home/neo/Documents/ros2_ws/install/turtlesim/share/turtlesim/cmake/export_turtlesim__rosidl_generator_cExport.cmake
[17.853s] -- Installing: /home/neo/Documents/ros2_ws/install/turtlesim/share/turtlesim/cmake/export_turtlesim__rosidl_generator_cExport-noconfig.cmake
[17.853s] -- Installing: /home/neo/Documents/ros2_ws/install/turtlesim/share/turtlesim/cmake/export_turtlesim__rosidl_typesupport_fastrtps_cExport.cmake
[17.853s] -- Installing: /home/neo/Documents/ros2_ws/install/turtlesim/share/turtlesim/cmake/export_turtlesim__rosidl_typesupport_fastrtps_cExport-noconfig.cmake
[17.853s] -- Installing: /home/neo/Documents/ros2_ws/install/turtlesim/share/turtlesim/cmake/export_turtlesim__rosidl_generator_cppExport.cmake
[17.853s] -- Installing: /home/neo/Documents/ros2_ws/install/turtlesim/share/turtlesim/cmake/export_turtlesim__rosidl_typesupport_fastrtps_cppExport.cmake
[17.854s] -- Installing: /home/neo/Documents/ros2_ws/install/turtlesim/share/turtlesim/cmake/export_turtlesim__rosidl_typesupport_fastrtps_cppExport-noconfig.cmake
[17.854s] -- Installing: /home/neo/Documents/ros2_ws/install/turtlesim/share/turtlesim/cmake/turtlesim__rosidl_typesupport_introspection_cExport.cmake
[17.854s] -- Installing: /home/neo/Documents/ros2_ws/install/turtlesim/share/turtlesim/cmake/turtlesim__rosidl_typesupport_introspection_cExport-noconfig.cmake
[17.854s] -- Installing: /home/neo/Documents/ros2_ws/install/turtlesim/share/turtlesim/cmake/turtlesim__rosidl_typesupport_cExport.cmake
[17.854s] -- Installing: /home/neo/Documents/ros2_ws/install/turtlesim/share/turtlesim/cmake/turtlesim__rosidl_typesupport_cExport-noconfig.cmake
[17.854s] -- Installing: /home/neo/Documents/ros2_ws/install/turtlesim/share/turtlesim/cmake/turtlesim__rosidl_typesupport_introspection_cppExport.cmake
[17.854s] -- Installing: /home/neo/Documents/ros2_ws/install/turtlesim/share/turtlesim/cmake/turtlesim__rosidl_typesupport_introspection_cppExport-noconfig.cmake
[17.854s] -- Installing: /home/neo/Documents/ros2_ws/install/turtlesim/share/turtlesim/cmake/turtlesim__rosidl_typesupport_cppExport.cmake
[17.854s] -- Installing: /home/neo/Documents/ros2_ws/install/turtlesim/share/turtlesim/cmake/turtlesim__rosidl_typesupport_cppExport-noconfig.cmake
[17.855s] -- Installing: /home/neo/Documents/ros2_ws/install/turtlesim/share/turtlesim/cmake/export_turtlesim__rosidl_generator_pyExport.cmake
[17.855s] -- Installing: /home/neo/Documents/ros2_ws/install/turtlesim/share/turtlesim/cmake/export_turtlesim__rosidl_generator_pyExport-noconfig.cmake
[17.855s] -- Installing: /home/neo/Documents/ros2_ws/install/turtlesim/share/turtlesim/cmake/rosidl_cmake-extras.cmake
[17.855s] -- Installing: /home/neo/Documents/ros2_ws/install/turtlesim/share/turtlesim/cmake/ament_cmake_export_dependencies-extras.cmake
[17.855s] -- Installing: /home/neo/Documents/ros2_ws/install/turtlesim/share/turtlesim/cmake/ament_cmake_export_include_directories-extras.cmake
[17.855s] -- Installing: /home/neo/Documents/ros2_ws/install/turtlesim/share/turtlesim/cmake/ament_cmake_export_libraries-extras.cmake
[17.855s] -- Installing: /home/neo/Documents/ros2_ws/install/turtlesim/share/turtlesim/cmake/ament_cmake_export_targets-extras.cmake
[17.855s] -- Installing: /home/neo/Documents/ros2_ws/install/turtlesim/share/turtlesim/cmake/rosidl_cmake_export_typesupport_targets-extras.cmake
[17.856s] -- Installing: /home/neo/Documents/ros2_ws/install/turtlesim/share/turtlesim/cmake/rosidl_cmake_export_typesupport_libraries-extras.cmake
[17.856s] -- Installing: /home/neo/Documents/ros2_ws/install/turtlesim/share/turtlesim/cmake/turtlesimConfig.cmake
[17.856s] -- Installing: /home/neo/Documents/ros2_ws/install/turtlesim/share/turtlesim/cmake/turtlesimConfig-version.cmake
[17.856s] -- Installing: /home/neo/Documents/ros2_ws/install/turtlesim/share/turtlesim/package.xml
[17.859s] Invoked command in '/home/neo/Documents/ros2_ws/build/turtlesim' returned '0': CMAKE_PREFIX_PATH=/opt/ros/humble /usr/bin/cmake --install /home/neo/Documents/ros2_ws/build/turtlesim
