[1.850s] Invoking command in '/home/neo/Documents/ros2_ws/src/map_right_hand': PYTHONPATH=/home/neo/Documents/ros2_ws/build/map_right_hand/prefix_override:/usr/lib/python3/dist-packages/colcon_core/task/python/colcon_distutils_commands:/home/neo/Documents/ros2_ws/install/map_right_hand/lib/python3.10/site-packages:${PYTHONPATH} /usr/bin/python3 -W ignore:setup.py install is deprecated -W ignore:easy_install command is deprecated setup.py egg_info --egg-base ../../build/map_right_hand build --build-base /home/neo/Documents/ros2_ws/build/map_right_hand/build install --record /home/neo/Documents/ros2_ws/build/map_right_hand/install.log --single-version-externally-managed install_data
[2.176s] /home/neo/.local/lib/python3.10/site-packages/setuptools/_distutils/dist.py:289: UserWarning: Unknown distribution option: 'tests_require'
[2.176s]   warnings.warn(msg)
[2.404s] running egg_info
[2.440s] writing ../../build/map_right_hand/map_right_hand.egg-info/PKG-INFO
[2.441s] writing dependency_links to ../../build/map_right_hand/map_right_hand.egg-info/dependency_links.txt
[2.442s] writing entry points to ../../build/map_right_hand/map_right_hand.egg-info/entry_points.txt
[2.442s] writing requirements to ../../build/map_right_hand/map_right_hand.egg-info/requires.txt
[2.442s] writing top-level names to ../../build/map_right_hand/map_right_hand.egg-info/top_level.txt
[2.518s] reading manifest file '../../build/map_right_hand/map_right_hand.egg-info/SOURCES.txt'
[2.519s] adding license file 'LICENSE'
[2.521s] writing manifest file '../../build/map_right_hand/map_right_hand.egg-info/SOURCES.txt'
[2.521s] running build
[2.521s] running build_py
[2.521s] copying map_right_hand/__init__.py -> /home/neo/Documents/ros2_ws/build/map_right_hand/build/lib/map_right_hand
[2.522s] copying map_right_hand/right_hand.py -> /home/neo/Documents/ros2_ws/build/map_right_hand/build/lib/map_right_hand
[2.523s] running install
[2.530s] running install_lib
[2.570s] copying /home/neo/Documents/ros2_ws/build/map_right_hand/build/lib/map_right_hand/right_hand.py -> /home/neo/Documents/ros2_ws/install/map_right_hand/lib/python3.10/site-packages/map_right_hand
[2.571s] byte-compiling /home/neo/Documents/ros2_ws/install/map_right_hand/lib/python3.10/site-packages/map_right_hand/right_hand.py to right_hand.cpython-310.pyc
[2.575s] running install_data
[2.576s] copying resource/map_right_hand -> /home/neo/Documents/ros2_ws/install/map_right_hand/share/ament_index/resource_index/packages
[2.576s] copying package.xml -> /home/neo/Documents/ros2_ws/install/map_right_hand/share/map_right_hand
[2.577s] running install_egg_info
[2.613s] removing '/home/neo/Documents/ros2_ws/install/map_right_hand/lib/python3.10/site-packages/map_right_hand-0.0.0-py3.10.egg-info' (and everything under it)
[2.614s] Copying ../../build/map_right_hand/map_right_hand.egg-info to /home/neo/Documents/ros2_ws/install/map_right_hand/lib/python3.10/site-packages/map_right_hand-0.0.0-py3.10.egg-info
[2.615s] running install_scripts
[2.915s] Installing right_hand script to /home/neo/Documents/ros2_ws/install/map_right_hand/lib/map_right_hand
[2.916s] writing list of installed files to '/home/neo/Documents/ros2_ws/build/map_right_hand/install.log'
[2.974s] Invoked command in '/home/neo/Documents/ros2_ws/src/map_right_hand' returned '0': PYTHONPATH=/home/neo/Documents/ros2_ws/build/map_right_hand/prefix_override:/usr/lib/python3/dist-packages/colcon_core/task/python/colcon_distutils_commands:/home/neo/Documents/ros2_ws/install/map_right_hand/lib/python3.10/site-packages:${PYTHONPATH} /usr/bin/python3 -W ignore:setup.py install is deprecated -W ignore:easy_install command is deprecated setup.py egg_info --egg-base ../../build/map_right_hand build --build-base /home/neo/Documents/ros2_ws/build/map_right_hand/build install --record /home/neo/Documents/ros2_ws/build/map_right_hand/install.log --single-version-externally-managed install_data
