[0.942s] Invoking command in '/home/neo/Documents/ros2_ws/src/my_robot': PYTHONPATH=/home/neo/Documents/ros2_ws/build/my_robot/prefix_override:/usr/lib/python3/dist-packages/colcon_core/task/python/colcon_distutils_commands:/home/neo/Documents/ros2_ws/install/my_robot/lib/python3.10/site-packages:${PYTHONPATH} /usr/bin/python3 -W ignore:setup.py install is deprecated -W ignore:easy_install command is deprecated setup.py egg_info --egg-base ../../build/my_robot build --build-base /home/neo/Documents/ros2_ws/build/my_robot/build install --record /home/neo/Documents/ros2_ws/build/my_robot/install.log --single-version-externally-managed install_data
[1.149s] /home/neo/.local/lib/python3.10/site-packages/setuptools/_distutils/dist.py:289: UserWarning: Unknown distribution option: 'tests_require'
[1.150s]   warnings.warn(msg)
[1.244s] running egg_info
[1.263s] creating ../../build/my_robot/my_robot.egg-info
[1.263s] writing ../../build/my_robot/my_robot.egg-info/PKG-INFO
[1.264s] writing dependency_links to ../../build/my_robot/my_robot.egg-info/dependency_links.txt
[1.264s] writing requirements to ../../build/my_robot/my_robot.egg-info/requires.txt
[1.265s] writing top-level names to ../../build/my_robot/my_robot.egg-info/top_level.txt
[1.265s] writing manifest file '../../build/my_robot/my_robot.egg-info/SOURCES.txt'
[1.301s] reading manifest file '../../build/my_robot/my_robot.egg-info/SOURCES.txt'
[1.302s] writing manifest file '../../build/my_robot/my_robot.egg-info/SOURCES.txt'
[1.302s] running build
[1.302s] running build_py
[1.303s] creating /home/neo/Documents/ros2_ws/build/my_robot/build/lib/my_robot
[1.303s] copying my_robot/__init__.py -> /home/neo/Documents/ros2_ws/build/my_robot/build/lib/my_robot
[1.303s] running install
[1.307s] running install_lib
[1.335s] creating /home/neo/Documents/ros2_ws/install/my_robot/lib/python3.10/site-packages/my_robot
[1.335s] copying /home/neo/Documents/ros2_ws/build/my_robot/build/lib/my_robot/__init__.py -> /home/neo/Documents/ros2_ws/install/my_robot/lib/python3.10/site-packages/my_robot
[1.336s] byte-compiling /home/neo/Documents/ros2_ws/install/my_robot/lib/python3.10/site-packages/my_robot/__init__.py to __init__.cpython-310.pyc
[1.336s] running install_data
[1.336s] creating /home/neo/Documents/ros2_ws/install/my_robot/share/ament_index/resource_index/packages
[1.336s] copying resource/my_robot -> /home/neo/Documents/ros2_ws/install/my_robot/share/ament_index/resource_index/packages
[1.336s] copying package.xml -> /home/neo/Documents/ros2_ws/install/my_robot/share/my_robot
[1.337s] running install_egg_info
[1.373s] Copying ../../build/my_robot/my_robot.egg-info to /home/neo/Documents/ros2_ws/install/my_robot/lib/python3.10/site-packages/my_robot-0.0.0-py3.10.egg-info
[1.374s] running install_scripts
[1.616s] writing list of installed files to '/home/neo/Documents/ros2_ws/build/my_robot/install.log'
[1.665s] Invoked command in '/home/neo/Documents/ros2_ws/src/my_robot' returned '0': PYTHONPATH=/home/neo/Documents/ros2_ws/build/my_robot/prefix_override:/usr/lib/python3/dist-packages/colcon_core/task/python/colcon_distutils_commands:/home/neo/Documents/ros2_ws/install/my_robot/lib/python3.10/site-packages:${PYTHONPATH} /usr/bin/python3 -W ignore:setup.py install is deprecated -W ignore:easy_install command is deprecated setup.py egg_info --egg-base ../../build/my_robot build --build-base /home/neo/Documents/ros2_ws/build/my_robot/build install --record /home/neo/Documents/ros2_ws/build/my_robot/install.log --single-version-externally-managed install_data
